Script started on Dom 03 Jun 2018 19:14:19 -03
]0;max@Ubuntu-Max: ~/NKE/NKE0.8a/Placa[01;32mmax@Ubuntu-Max[00m:[01;34m~/NKE/NKE0.8a/Placa[00m$ exit../terminal64 

Serial terminal/uploader for Linux: Command line:
	terminal64 [-f] [serial_device] [tty_out] [b=baudrate] [file.hex]

PaNKE-Terminal Opened "/dev/ttyUSB0" @ 19200 baud
Ctrl-C to exit
Ctrl-R RESET remote device
 r>>>>> INICIALIZA >>>>>> FREE_PROCESS:3 bytes:13708 alloc_cont:791 free_cont:0 diff:791 menor:12 maior:18 media:14 free: p1:146 p2:236 p3:555
 LIBERACAO ANT:791 FREE_PROCESS:2 bytes:27220 alloc_cont:1584 free_cont:791 diff:793 menor:10 maior:18 media:14 free: p1:176 p2:235 p3:558
 LIBERACAO ANT:793 FREE_PROCESS:2 bytes:40872 alloc_cont:2377 free_cont:1584 diff:793 menor:10 maior:18 media:13 free: p1:158 p2:236 p3:557
 LIBERACAO ANT:793 FREE_PROCESS:3 bytes:54508 alloc_cont:3162 free_cont:2377 diff:785 menor:10 maior:18 media:13 free: p1:140 p2:236 p3:549
 LIBERACAO ANT:785 FREE_PROCESS:1 bytes:68088 alloc_cont:3955 free_cont:3162 diff:793 menor:10 maior:18 media:13 free: p1:168 p2:234 p3:559
 LIBERACAO ANT:793 FREE_PROCESS:3 bytes:81720 alloc_cont:4748 free_cont:3955 diff:793 menor:10 maior:18 media:13 free: p1:157 p2:243 p3:550
 LIBERACAO ANT:793 FREE_PROCESS:3 bytes:95396 alloc_cont:5541 free_cont:4748 diff:793 menor:10 maior:18 media:13 free: p1:149 p2:248 p3:545
 LIBERACAO ANT:793 FREE_PROCESS:2 bytes:109004 alloc_cont:6334 free_cont:5541 diff:793 menor:10 maior:18 media:13 free: p1:155 p2:253 p3:540
 LIBERACAO ANT:793 FREE_PROCESS:1 bytes:122492 alloc_cont:7127 free_cont:6334 diff:793 menor:10 maior:18 media:13 free: p1:182 p2:229 p3:564
 LIBERACAO ANT:793 FREE_PROCESS:3 bytes:136180 alloc_cont:7920 free_cont:7127 diff:793 menor:10 maior:18 media:13 free: p1:152 p2:239 p3:554
 LIBERACAO ANT:793 FREE_PROCESS:1 bytes:149832 alloc_cont:8713 free_cont:7920 diff:793 menor:10 maior:18 media:13 free: p1:166 p2:220 p3:573
 LIBERACAO ANT:793 FREE_PROCESS:1 bytes:163408 alloc_cont:9506 free_cont:8713 diff:793 menor:10 maior:18 media:13 free: p1:153 p2:265 p3:528
 LIBERACAO ANT:793 FREE_PROCESS:3 bytes:176748 alloc_cont:10270 free_cont:9506 diff:764 menor:10 maior:18 media:13 free: p1:130 p2:225 p3:539
 LIBERACAO ANT:764 FREE_PROCESS:2 bytes:190304 alloc_cont:11063 free_cont:10270 diff:793 menor:10 maior:18 media:13 free: p1:174 p2:228 p3:565
 LIBERACAO ANT:793 FREE_PROCESS:2 bytes:203884 alloc_cont:11856 free_cont:11063 diff:793 menor:10 maior:18 media:13 free: p1:156 p2:258 p3:535
 LIBERACAO ANT:793 FREE_PROCESS:3 bytes:217492 alloc_cont:12649 free_cont:11856 diff:793 menor:10 maior:18 media:13 free: p1:168 p2:227 p3:566
 LIBERACAO ANT:793 FREE_PROCESS:2 bytes:230948 alloc_cont:13442 free_cont:12649 diff:793 menor:10 maior:18 media:13 free: p1:167 p2:267 p3:526
 LIBERACAO ANT:793 FREE_PROCESS:2 bytes:244712 alloc_cont:14235 free_cont:13442 diff:793 menor:10 maior:18 media:13 free: p1:133 p2:258 p3:535
 LIBERACAO ANT:793 FREE_PROCESS:2 bytes:258244 alloc_cont:15028 free_cont:14235 diff:793 menor:10 maior:18 media:13 free: p1:169 p2:244 p3:549
 LIBERACAO ANT:793 FREE_PROCESS:2 bytes:271816 alloc_cont:15821 free_cont:15028 diff:793 menor:10 maior:18 media:13 free: p1:178 p2:216 p3:577
 LIBERACAO ANT:793 FREE_PROCESS:3 bytes:285216 alloc_cont:16589 free_cont:15821 diff:768 menor:10 maior:18 media:13 free: p1:131 p2:228 p3:540
 LIBERACAO ANT:768 FREE_PROCESS:3 bytes:298856 alloc_cont:17382 free_cont:16589 diff:793 menor:10 maior:18 media:13 free: p1:153 p2:249 p3:544
 LIBERACAO ANT:793 FREE_PROCESS:3 bytes:311816 alloc_cont:18119 free_cont:17382 diff:737 menor:10 maior:18 media:13 free: p1:117 p2:211 p3:526
 LIBERACAO ANT:737 FREE_PROCESS:3 bytes:325428 alloc_cont:18912 free_cont:18119 diff:793 menor:10 maior:18 media:13 free: p1:157 p2:248 p3:545
 LIBERACAO ANT:793 FREE_PROCESS:3 bytes:338952 alloc_cont:19705 free_cont:18912 diff:793 menor:10 maior:18 media:13 free: p1:164 p2:256 p3:537
 LIBERACAO ANT:793 FREE_PROCESS:1 bytes:352568 alloc_cont:20498 free_cont:19705 diff:793 menor:10 maior:18 media:13 free: p1:159 p2:243 p3:550
 LIBERACAO ANT:793 FREE_PROCESS:1 bytes:366196 alloc_cont:21291 free_cont:20498 diff:793 menor:10 maior:18 media:13 free: p1:159 p2:240 p3:553
 LIBERACAO ANT:793 FREE_PROCESS:3 bytes:379640 alloc_cont:22084 free_cont:21291 diff:793 menor:10 maior:18 media:13 free: p1:180 p2:244 p3:549
 LIBERACAO ANT:793 FREE_PROCESS:2 bytes:393260 alloc_cont:22877 free_cont:22084 diff:793 menor:10 maior:18 media:13 free: p1:168 p2:224 p3:569
 LIBERACAO ANT:793 FREE_PROCESS:1 bytes:407008 alloc_cont:23670 free_cont:22877 diff:793 menor:10 maior:18 media:13 free: p1:144 p2:240 p3:553
 LIBERACAO ANT:793 FREE_PROCESS:3 bytes:420604 alloc_cont:24463 free_cont:23670 diff:793 menor:10 maior:18 media:13 free: p1:155 p2:256 p3:537
 LIBERACAO ANT:793 FREE_PROCESS:3 bytes:434240 alloc_cont:25249 free_cont:24463 diff:786 menor:10 maior:18 media:13 free: p1:144 p2:233 p3:553
 LIBERACAO ANT:786 FREE_PROCESS:3 bytes:447952 alloc_cont:26042 free_cont:25249 diff:793 menor:10 maior:18 media:13 free: p1:136 p2:265 p3:528
 LIBERACAO ANT:793 FREE_PROCESS:2 bytes:461576 alloc_cont:26835 free_cont:26042 diff:793 menor:10 maior:18 media:13 free: p1:154 p2:251 p3:542
 LIBERACAO ANT:793 FREE_PROCESS:3 bytes:475128 alloc_cont:27628 free_cont:26835 diff:793 menor:10 maior:18 media:13 free: p1:161 p2:255 p3:538
 LIBERACAO ANT:793 FREE_PROCESS:3 bytes:488504 alloc_cont:28398 free_cont:27628 diff:770 menor:10 maior:18 media:13 free: p1:145 p2:216 p3:554
 LIBERACAO ANT:770 FREE_PROCESS:3 bytes:502160 alloc_cont:29191 free_cont:28398 diff:793 menor:10 maior:18 media:13 free: p1:148 p2:255 p3:538
 LIBERACAO ANT:793 FREE_PROCESS:3 bytes:515872 alloc_cont:29984 free_cont:29191 diff:793 menor:10 maior:18 media:13 free: p1:141 p2:255 p3:538
 LIBERACAO ANT:793 FREE_PROCESS:3 bytes:529588 alloc_cont:30777 free_cont:29984 diff:793 menor:10 maior:18 media:13 free: p1:149 p2:238 p3:555
 LIBERACAO ANT:793 FREE_PROCESS:3 bytes:543264 alloc_cont:31570 free_cont:30777 diff:793 menor:10 maior:18 media:13 free: p1:154 p2:238 p3:555
 LIBERACAO ANT:793 FREE_PROCESS:3 bytes:556840 alloc_cont:32363 free_cont:31570 diff:793 menor:10 maior:18 media:13 free: p1:158 p2:255 p3:538
 LIBERACAO ANT:793 FREE_PROCESS:2 bytes:570416 alloc_cont:33156 free_cont:32363 diff:793 menor:10 maior:18 media:13 free: p1:160 p2:251 p3:542
 LIBERACAO ANT:793 FREE_PROCESS:1 bytes:583820 alloc_cont:33949 free_cont:33156 diff:793 menor:10 maior:18 media:13 free: p1:184 p2:246 p3:547
 LIBERACAO ANT:793 FREE_PROCESS:3 bytes:597516 alloc_cont:34742 free_cont:33949 diff:793 menor:10 maior:18 media:13 free: p1:153 p2:235 p3:558
 LIBERACAO ANT:793 FREE_PROCESS:2 bytes:611048 alloc_cont:35535 free_cont:34742 diff:793 menor:10 maior:18 media:13 free: p1:180 p2:222 p3:571
 LIBERACAO ANT:793 FREE_PROCESS:2 bytes:624608 alloc_cont:36328 free_cont:35535 diff:793 menor:10 maior:18 media:13 free: p1:172 p2:231 p3:562
 LIBERACAO ANT:793 FREE_PROCESS:3 bytes:638324 alloc_cont:37121 free_cont:36328 diff:793 menor:10 maior:18 media:13 free: p1:139 p2:258 p3:535
 LIBERACAO ANT:793 FREE_PROCESS:3 bytes:651620 alloc_cont:37887 free_cont:37121 diff:766 menor:10 maior:18 media:13 free: p1:149 p2:208 p3:558
 LIBERACAO ANT:766 FREE_PROCESS:3 bytes:665260 alloc_cont:38680 free_cont:37887 diff:793 menor:10 maior:18 media:13 free: p1:166 p2:223 p3:570
 LIBERACAO ANT:793 FREE_PROCESS:2 bytes:678832 alloc_cont:39473 free_cont:38680 diff:793 menor:10 maior:18 media:13 free: p1:172 p2:228 p3:565
 LIBERACAO ANT:793 FREE_PROCESS:3 bytes:692500 alloc_cont:40266 free_cont:39473 diff:793 menor:10 maior:18 media:13 free: p1:159 p2:230 p3:563
 LIBERACAO ANT:793 FREE_PROCESS:2 bytes:706228 alloc_cont:41059 free_cont:40266 diff:793 menor:10 maior:18 media:13 free: p1:145 p2:243 p3:550
 LIBERACAO ANT:793 FREE_PROCESS:3 bytes:719936 alloc_cont:41852 free_cont:41059 diff:793 menor:10 maior:18 media:13 free: p1:140 p2:258 p3:535
 LIBERACAO ANT:793 FREE_PROCESS:3 bytes:733500 alloc_cont:42645 free_cont:41852 diff:793 menor:10 maior:18 media:13 free: p1:173 p2:228 p3:565
 LIBERACAO ANT:793 FREE_PROCESS:2 bytes:747028 alloc_cont:43438 free_cont:42645 diff:793 menor:10 maior:18 media:13 free: p1:172 p2:239 p3:554
 LIBERACAO ANT:793 FREE_PROCESS:1 bytes:760640 alloc_cont:44231 free_cont:43438 diff:793 menor:10 maior:18 media:13 free: p1:168 p2:226 p3:567
 LIBERACAO ANT:793 FREE_PROCESS:2 bytes:774280 alloc_cont:45024 free_cont:44231 diff:793 menor:10 maior:18 media:13 free: p1:156 p2:243 p3:550
 LIBERACAO ANT:793 FREE_PROCESS:3 bytes:787916 alloc_cont:45817 free_cont:45024 diff:793 menor:10 maior:18 media:13 free: p1:164 p2:228 p3:565
 LIBERACAO ANT:793 FREE_PROCESS:1 bytes:801488 alloc_cont:46610 free_cont:45817 diff:793 menor:10 maior:18 media:13 free: p1:166 p2:240 p3:553
 LIBERACAO ANT:793 FREE_PROCESS:3 bytes:814864 alloc_cont:47381 free_cont:46610 diff:771 menor:10 maior:18 media:13 free: p1:149 p2:213 p3:558
 LIBERACAO ANT:771 FREE_PROCESS:1 bytes:828560 alloc_cont:48174 free_cont:47381 diff:793 menor:10 maior:18 media:13 free: p1:147 p2:247 p3:546
 LIBERACAO ANT:793 FREE_PROCESS:3 bytes:842188 alloc_cont:48967 free_cont:48174 diff:793 menor:10 maior:18 media:13 free: p1:166 p2:226 p3:567
 LIBERACAO ANT:793 FREE_PROCESS:1 bytes:855756 alloc_cont:49760 free_cont:48967 diff:793 menor:10 maior:18 media:13 free: p1:150 p2:273 p3:520
 LIBERACAO ANT:793 FREE_PROCESS:3 bytes:869396 alloc_cont:50553 free_cont:49760 diff:793 menor:10 maior:18 media:13 free: p1:156 p2:243 p3:550
 LIBERACAO ANT:793 FREE_PROCESS:1 bytes:882932 alloc_cont:51346 free_cont:50553 diff:793 menor:10 maior:18 media:13 free: p1:173 p2:235 p3:558
 LIBERACAO ANT:793 FREE_PROCESS:3 bytes:896544 alloc_cont:52139 free_cont:51346 diff:793 menor:10 maior:18 media:13 free: p1:167 p2:228 p3:565
 LIBERACAO ANT:793 FREE_PROCESS:3 bytes:910108 alloc_cont:52923 free_cont:52139 diff:784 menor:10 maior:18 media:13 free: p1:154 p2:221 p3:563
 LIBERACAO ANT:784 FREE_PROCESS:3 bytes:923748 alloc_cont:53716 free_cont:52923 diff:793 menor:10 maior:18 media:13 free: p1:143 p2:269 p3:524
 LIBERACAO ANT:793 FREE_PROCESS:3 bytes:937392 alloc_cont:54509 free_cont:53716 diff:793 menor:10 maior:18 media:13 free: p1:168 p2:218 p3:575
 LIBERACAO ANT:793 FREE_PROCESS:3 bytes:951000 alloc_cont:55302 free_cont:54509 diff:793 menor:10 maior:18 media:13 free: p1:156 p2:251 p3:542
 LIBERACAO ANT:793 FREE_PROCESS:2 bytes:964608 alloc_cont:56095 free_cont:55302 diff:793 menor:10 maior:18 media:13 free: p1:167 p2:229 p3:564
 LIBERACAO ANT:793 FREE_PROCESS:3 bytes:978176 alloc_cont:56888 free_cont:56095 diff:793 menor:10 maior:18 media:13 free: p1:167 p2:239 p3:554
 LIBERACAO ANT:793 FREE_PROCESS:3 bytes:991848 alloc_cont:57681 free_cont:56888 diff:793 menor:10 maior:18 media:13 free: p1:161 p2:225 p3:568
 LIBERACAO ANT:793 FREE_PROCESS:3 bytes:1005540 alloc_cont:58474 free_cont:57681 diff:793 menor:10 maior:18 media:13 free: p1:146 p2:250 p3:543
 LIBERACAO ANT:793 FREE_PROCESS:3 bytes:1019104 alloc_cont:59257 free_cont:58474 diff:783 menor:10 maior:18 media:13 free: p1:150 p2:224 p3:559
 LIBERACAO ANT:783 FREE_PROCESS:3 bytes:1032524 alloc_cont:60027 free_cont:59257 diff:770 menor:10 maior:18 media:13 free: p1:134 p2:227 p3:543
 LIBERACAO ANT:770 FREE_PROCESS:2 bytes:1045980 alloc_cont:60820 free_cont:60027 diff:793 menor:10 maior:18 media:13 free: p1:186 p2:229 p3:564
 LIBERACAO ANT:793 FREE_PROCESS:2 bytes:1059640 alloc_cont:61613 free_cont:60820 diff:793 menor:10 maior:18 media:13 free: p1:161 p2:228 p3:565
 LIBERACAO ANT:793 FREE_PROCESS:2 bytes:1073356 alloc_cont:62406 free_cont:61613 diff:793 menor:10 maior:18 media:13 free: p1:152 p2:232 p3:561
 LIBERACAO ANT:793 FREE_PROCESS:3 bytes:1087016 alloc_cont:63196 free_cont:62406 diff:790 menor:10 maior:18 media:13 free: p1:154 p2:227 p3:563
 LIBERACAO ANT:790 FREE_PROCESS:3 bytes:1100740 alloc_cont:63989 free_cont:63196 diff:793 menor:10 maior:18 media:13 free: p1:148 p2:238 p3:555
 LIBERACAO ANT:793 FREE_PROCESS:3 bytes:1114280 alloc_cont:64782 free_cont:63989 diff:793 menor:10 maior:18 media:13 free: p1:167 p2:246 p3:547
 LIBERACAO ANT:793 FREE_PROCESS:2 bytes:1127912 alloc_cont:65575 free_cont:64782 diff:793 menor:10 maior:18 media:13 free: p1:162 p2:233 p3:560
 LIBERACAO ANT:793 FREE_PROCESS:3 bytes:1141392 alloc_cont:66368 free_cont:65575 diff:793 menor:10 maior:18 media:13 free: p1:184 p2:227 p3:566
 LIBERACAO ANT:793 FREE_PROCESS:3 bytes:1155024 alloc_cont:67161 free_cont:66368 diff:793 menor:10 maior:18 media:13 free: p1:153 p2:251 p3:542
 LIBERACAO ANT:793 FREE_PROCESS:2 bytes:1168680 alloc_cont:67954 free_cont:67161 diff:793 menor:10 maior:18 media:13 free: p1:161 p2:229 p3:564
 LIBERACAO ANT:793 FREE_PROCESS:1 bytes:1182364 alloc_cont:68747 free_cont:67954 diff:793 menor:10 maior:18 media:13 free: p1:159 p2:226 p3:567
 LIBERACAO ANT:793 FREE_PROCESS:3 bytes:1195788 alloc_cont:69518 free_cont:68747 diff:771 menor:10 maior:18 media:13 free: p1:137 p2:225 p3:546
 LIBERACAO ANT:771 FREE_PROCESS:1 bytes:1209468 alloc_cont:70311 free_cont:69518 diff:793 menor:10 maior:18 media:13 free: p1:156 p2:233 p3:560
 LIBERACAO ANT:793 FREE_PROCESS:2 bytes:1223140 alloc_cont:71104 free_cont:70311 diff:793 menor:10 maior:18 media:13 free: p1:145 p2:257 p3:536
 LIBERACAO ANT:793 FREE_PROCESS:3 bytes:1236772 alloc_cont:71895 free_cont:71104 diff:791 menor:10 maior:18 media:13 free: p1:165 p2:217 p3:574
 LIBERACAO ANT:791 FREE_PROCESS:3 bytes:1250400 alloc_cont:72688 free_cont:71895 diff:793 menor:10 maior:18 media:13 free: p1:160 p2:238 p3:555
 LIBERACAO ANT:793 FREE_PROCESS:2 bytes:1263888 alloc_cont:73481 free_cont:72688 diff:793 menor:10 maior:18 media:13 free: p1:179 p2:235 p3:558
 LIBERACAO ANT:793 FREE_PROCESS:3 bytes:1277348 alloc_cont:74274 free_cont:73481 diff:793 menor:10 maior:18 media:13 free: p1:185 p2:230 p3:563
 LIBERACAO ANT:793 FREE_PROCESS:3 bytes:1290988 alloc_cont:75067 free_cont:74274 diff:793 menor:10 maior:18 media:13 free: p1:151 p2:253 p3:540
 LIBERACAO ANT:793 FREE_PROCESS:3 bytes:1304488 alloc_cont:75860 free_cont:75067 diff:793 menor:10 maior:18 media:13 free: p1:169 p2:252 p3:541
 LIBERACAO ANT:793 FREE_PROCESS:2 bytes:1318096 alloc_cont:76653 free_cont:75860 diff:793 menor:10 maior:18 media:13 free: p1:157 p2:249 p3:544
 LIBERACAO ANT:793 FREE_PROCESS:2 bytes:1331724 alloc_cont:77446 free_cont:76653 diff:793 menor:10 maior:18 media:13 free: p1:167 p2:224 p3:569
 LIBERACAO ANT:793 FREE_PROCESS:3 bytes:1345316 alloc_cont:78239 free_cont:77446 diff:793 menor:10 maior:18 media:13 free: p1:160 p2:247 p3:546
 LIBERACAO ANT:793 FREE_PROCESS:3 bytes:1358876 alloc_cont:79024 free_cont:78239 diff:785 menor:10 maior:18 media:13 free: p1:159 p2:217 p3:568
 LIBERACAO ANT:785 FREE_PROCESS:2 bytes:1372500 alloc_cont:79817 free_cont:79024 diff:793 menor:10 maior:18 media:13 free: p1:170 p2:219 p3:574
 LIBERACAO ANT:793 FREE_PROCESS:2 bytes:1386196 alloc_cont:80610 free_cont:79817 diff:793 menor:10 maior:18 media:13 free: p1:146 p2:249 p3:544
 LIBERACAO ANT:793 FREE_PROCESS:1 bytes:1399884 alloc_cont:81403 free_cont:80610 diff:793 menor:10 maior:18 media:13 free: p1:149 p2:245 p3:548
 LIBERACAO ANT:793 FREE_PROCESS:3 bytes:1413556 alloc_cont:82192 free_cont:81403 diff:789 menor:10 maior:18 media:13 free: p1:147 p2:233 p3:556
 LIBERACAO ANT:789 FREE_PROCESS:3 bytes:1427232 alloc_cont:82979 free_cont:82192 diff:787 menor:10 maior:18 media:13 free: p1:138 p2:240 p3:547
 LIBERACAO ANT:787 FREE_PROCESS:3 bytes:1440676 alloc_cont:83755 free_cont:82979 diff:776 menor:10 maior:18 media:13 free: p1:152 p2:215 p3:561
 LIBERACAO ANT:776 FREE_PROCESS:3 bytes:1454304 alloc_cont:84548 free_cont:83755 diff:793 menor:10 maior:18 media:13 free: p1:148 p2:262 p3:531
 LIBERACAO ANT:793 FREE_PROCESS:2 bytes:1467876 alloc_cont:85341 free_cont:84548 diff:793 menor:10 maior:18 media:13 free: p1:174 p2:224 p3:569
 LIBERACAO ANT:793 FREE_PROCESS:1 bytes:1481404 alloc_cont:86134 free_cont:85341 diff:793 menor:10 maior:18 media:13 free: p1:174 p2:235 p3:558
 LIBERACAO ANT:793 FREE_PROCESS:3 bytes:1494980 alloc_cont:86920 free_cont:86134 diff:786 menor:10 maior:18 media:13 free: p1:159 p2:218 p3:568
 LIBERACAO ANT:786 FREE_PROCESS:2 bytes:1508680 alloc_cont:87713 free_cont:86920 diff:793 menor:10 maior:18 media:13 free: p1:143 p2:254 p3:539
 LIBERACAO ANT:793 FREE_PROCESS:2 bytes:1522292 alloc_cont:88506 free_cont:87713 diff:793 menor:10 maior:18 media:13 free: p1:152 p2:258 p3:535
 LIBERACAO ANT:793 FREE_PROCESS:2 bytes:1535948 alloc_cont:89299 free_cont:88506 diff:793 menor:10 maior:18 media:13 free: p1:164 p2:223 p3:570
 LIBERACAO ANT:793 FREE_PROCESS:3 bytes:1549520 alloc_cont:90083 free_cont:89299 diff:784 menor:10 maior:18 media:13 free: p1:152 p2:223 p3:561
 LIBERACAO ANT:784 FREE_PROCESS:2 bytes:1563100 alloc_cont:90876 free_cont:90083 diff:793 menor:10 maior:18 media:13 free: p1:167 p2:236 p3:557
 LIBERACAO ANT:793 FREE_PROCESS:1 bytes:1576832 alloc_cont:91669 free_cont:90876 diff:793 menor:10 maior:18 media:13 free: p1:145 p2:242 p3:551
 LIBERACAO ANT:793 FREE_PROCESS:3 bytes:1589992 alloc_cont:92424 free_cont:91669 diff:755 menor:10 maior:18 media:13 free: p1:139 p2:207 p3:548
 LIBERACAO ANT:755 FREE_PROCESS:3 bytes:1603588 alloc_cont:93217 free_cont:92424 diff:793 menor:10 maior:18 media:13 free: p1:172 p2:222 p3:571
 LIBERACAO ANT:793 FREE_PROCESS:3 bytes:1616884 alloc_cont:93987 free_cont:93217 diff:770 menor:10 maior:18 media:13 free: p1:165 p2:196 p3:574
 LIBERACAO ANT:770 FREE_PROCESS:3 bytes:1630556 alloc_cont:94780 free_cont:93987 diff:793 menor:10 maior:18 media:13 free: p1:156 p2:235 p3:558
 LIBERACAO ANT:793 FREE_PROCESS:2 bytes:1644172 alloc_cont:95573 free_cont:94780 diff:793 menor:10 maior:18 media:13 free: p1:150 p2:261 p3:532
 LIBERACAO ANT:793 FREE_PROCESS:1 bytes:1657876 alloc_cont:96366 free_cont:95573 diff:793 menor:10 maior:18 media:13 free: p1:150 p2:239 p3:554
 LIBERACAO ANT:793 FREE_PROCESS:3 bytes:1671612 alloc_cont:97159 free_cont:96366 diff:793 menor:10 maior:18 media:13 free: p1:139 p2:253 p3:540
 LIBERACAO ANT:793 FREE_PROCESS:1 bytes:1685104 alloc_cont:97952 free_cont:97159 diff:793 menor:10 maior:18 media:13 free: p1:177 p2:238 p3:555
 LIBERACAO ANT:793 FREE_PROCESS:3 bytes:1698668 alloc_cont:98740 free_cont:97952 diff:788 menor:10 maior:18 media:13 free: p1:170 p2:209 p3:579
 LIBERACAO ANT:788 FREE_PROCESS:2 bytes:1712328 alloc_cont:99533 free_cont:98740 diff:793 menor:10 maior:18 media:13 free: p1:161 p2:228 p3:565
 LIBERACAO ANT:793 FREE_PROCESS:2 bytes:1725984 alloc_cont:100326 free_cont:99533 diff:793 menor:10 maior:18 media:13 free: p1:143 p2:265 p3:528
 LIBERACAO ANT:793 FREE_PROCESS:2 bytes:1739604 alloc_cont:101119 free_cont:100326 diff:793 menor:10 maior:18 media:13 free: p1:156 p2:248 p3:545
 LIBERACAO ANT:793 FREE_PROCESS:3 bytes:1753348 alloc_cont:101912 free_cont:101119 diff:793 menor:10 maior:18 media:13 free: p1:145 p2:239 p3:554
 LIBERACAO ANT:793 FREE_PROCESS:2 bytes:1766996 alloc_cont:102705 free_cont:101912 diff:793 menor:10 maior:18 media:13 free: p1:154 p2:245 p3:548
 LIBERACAO ANT:793 FREE_PROCESS:3 bytes:1780548 alloc_cont:103485 free_cont:102705 diff:780 menor:10 maior:18 media:13 free: p1:141 p2:230 p3:550
 LIBERACAO ANT:780 FREE_PROCESS:3 bytes:1794004 alloc_cont:104259 free_cont:103485 diff:774 menor:10 maior:18 media:13 free: p1:141 p2:224 p3:550
 LIBERACAO ANT:774 FREE_PROCESS:1 bytes:1807688 alloc_cont:105052 free_cont:104259 diff:793 menor:10 maior:18 media:13 free: p1:153 p2:238 p3:555
 LIBERACAO ANT:793 FREE_PROCESS:3 bytes:1821172 alloc_cont:105831 free_cont:105052 diff:779 menor:10 maior:18 media:13 free: p1:154 p2:216 p3:563
 LIBERACAO ANT:779 FREE_PROCESS:3 bytes:1834704 alloc_cont:106613 free_cont:105831 diff:782 menor:10 maior:18 media:13 free: p1:154 p2:219 p3:563
 LIBERACAO ANT:782 FREE_PROCESS:3 bytes:1848304 alloc_cont:107406 free_cont:106613 diff:793 menor:10 maior:18 media:13 free: p1:164 p2:237 p3:556
 LIBERACAO ANT:793 FREE_PROCESS:2 bytes:1861860 alloc_cont:108199 free_cont:107406 diff:793 menor:10 maior:18 media:13 free: p1:152 p2:272 p3:521
 LIBERACAO ANT:793 FREE_PROCESS:1 bytes:1875500 alloc_cont:108992 free_cont:108199 diff:793 menor:10 maior:18 media:13 free: p1:164 p2:227 p3:566
 LIBERACAO ANT:793 FREE_PROCESS:3 bytes:1889180 alloc_cont:109785 free_cont:108992 diff:793 menor:10 maior:18 media:13 free: p1:158 p2:229 p3:564
 LIBERACAO ANT:793 FREE_PROCESS:1 bytes:1902760 alloc_cont:110578 free_cont:109785 diff:793 menor:10 maior:18 media:13 free: p1:160 p2:250 p3:543
 LIBERACAO ANT:793 FREE_PROCESS:1 bytes:1916348 alloc_cont:111371 free_cont:110578 diff:793 menor:10 maior:18 media:13 free: p1:156 p2:256 p3:537
 LIBERACAO ANT:793 FREE_PROCESS:3 bytes:1929988 alloc_cont:112157 free_cont:111371 diff:786 menor:10 maior:18 media:13 free: p1:143 p2:234 p3:552
 LIBERACAO ANT:786 FREE_PROCESS:3 bytes:1943480 alloc_cont:112950 free_cont:112157 diff:793 menor:10 maior:18 media:13 free: p1:175 p2:242 p3:551
 LIBERACAO ANT:793 FREE_PROCESS:3 bytes:1957100 alloc_cont:113743 free_cont:112950 diff:793 menor:10 maior:18 media:13 free: p1:162 p2:236 p3:557
 LIBERACAO ANT:793 FREE_PROCESS:3 bytes:1970760 alloc_cont:114536 free_cont:113743 diff:793 menor:10 maior:18 media:13 free: p1:163 p2:224 p3:569
 LIBERACAO ANT:793 FREE_PROCESS:3 bytes:1984328 alloc_cont:115329 free_cont:114536 diff:793 menor:10 maior:18 media:13 free: p1:172 p2:229 p3:564
 LIBERACAO ANT:793 FREE_PROCESS:1 bytes:1997948 alloc_cont:116122 free_cont:115329 diff:793 menor:10 maior:18 media:13 free: p1:157 p2:246 p3:547
 LIBERACAO ANT:793 FREE_PROCESS:3 bytes:2011604 alloc_cont:116915 free_cont:116122 diff:793 menor:10 maior:18 media:13 free: p1:161 p2:229 p3:564
 LIBERACAO ANT:793 FREE_PROCESS:3 bytes:2025328 alloc_cont:117704 free_cont:116915 diff:789 menor:10 maior:18 media:13 free: p1:134 p2:246 p3:543
 LIBERACAO ANT:789 FREE_PROCESS:3 bytes:2038920 alloc_cont:118497 free_cont:117704 diff:793 menor:10 maior:18 media:13 free: p1:170 p2:227 p3:566
 LIBERACAO ANT:793 FREE_PROCESS:2 bytes:2052424 alloc_cont:119290 free_cont:118497 diff:793 menor:10 maior:18 media:13 free: p1:176 p2:237 p3:556
 LIBERACAO ANT:793 FREE_PROCESS:3 bytes:2066128 alloc_cont:120083 free_cont:119290 diff:793 menor:10 maior:18 media:13 free: p1:138 p2:263 p3:530
 LIBERACAO ANT:793 FREE_PROCESS:2 bytes:2079852 alloc_cont:120876 free_cont:120083 diff:793 menor:10 maior:18 media:13 free: p1:141 p2:252 p3:541
 LIBERACAO ANT:793 FREE_PROCESS:2 bytes:2093480 alloc_cont:121669 free_cont:120876 diff:793 menor:10 maior:18 media:13 free: p1:169 p2:220 p3:573
 LIBERACAO ANT:793 FREE_PROCESS:3 bytes:2107152 alloc_cont:122461 free_cont:121669 diff:792 menor:10 maior:18 media:13 free: p1:159 p2:224 p3:568
 LIBERACAO ANT:792 FREE_PROCESS:3 bytes:2120780 alloc_cont:123254 free_cont:122461 diff:793 menor:10 maior:18 media:13 free: p1:153 p2:252 p3:541
 LIBERACAO ANT:793 FREE_PROCESS:3 bytes:2134392 alloc_cont:124040 free_cont:123254 diff:786 menor:10 maior:18 media:13 free: p1:150 p2:227 p3:559
 LIBERACAO ANT:786 FREE_PROCESS:2 bytes:2147988 alloc_cont:124833 free_cont:124040 diff:793 menor:10 maior:18 media:13 free: p1:164 p2:238 p3:555
 LIBERACAO ANT:793 FREE_PROCESS:1 bytes:2161684 alloc_cont:125626 free_cont:124833 diff:793 menor:10 maior:18 media:13 free: p1:150 p2:241 p3:552
 LIBERACAO ANT:793 FREE_PROCESS:2 bytes:2175332 alloc_cont:126419 free_cont:125626 diff:793 menor:10 maior:18 media:13 free: p1:167 p2:219 p3:574
 LIBERACAO ANT:793 FREE_PROCESS:2 bytes:2189040 alloc_cont:127212 free_cont:126419 diff:793 menor:10 maior:18 media:13 free: p1:146 p2:246 p3:547
 LIBERACAO ANT:793 FREE_PROCESS:2 bytes:2202776 alloc_cont:128005 free_cont:127212 diff:793 menor:10 maior:18 media:13 free: p1:140 p2:251 p3:542
 LIBERACAO ANT:793 FREE_PROCESS:3 bytes:2216428 alloc_cont:128798 free_cont:128005 diff:793 menor:10 maior:18 media:13 free: p1:142 p2:268 p3:525
 LIBERACAO ANT:793 FREE_PROCESS:2 bytes:2230112 alloc_cont:129591 free_cont:128798 diff:793 menor:10 maior:18 media:13 free: p1:142 p2:260 p3:533
 LIBERACAO ANT:793 FREE_PROCESS:3 bytes:2243816 alloc_cont:130384 free_cont:129591 diff:793 menor:10 maior:18 media:13 free: p1:146 p2:247 p3:546
 LIBERACAO ANT:793 FREE_PROCESS:3 bytes:2257516 alloc_cont:131177 free_cont:130384 diff:793 menor:10 maior:18 media:13 free: p1:155 p2:230 p3:563
 LIBERACAO ANT:793 FREE_PROCESS:3 bytes:2271052 alloc_cont:131970 free_cont:131177 diff:793 menor:10 maior:18 media:13 free: p1:178 p2:225 p3:568
 LIBERACAO ANT:793 FREE_PROCESS:2 bytes:2284600 alloc_cont:132763 free_cont:131970 diff:793 menor:10 maior:18 media:13 free: p1:168 p2:242 p3:551
 LIBERACAO ANT:793 FREE_PROCESS:2 bytes:2298200 alloc_cont:133556 free_cont:132763 diff:793 menor:10 maior:18 media:13 free: p1:173 p2:219 p3:574
 LIBERACAO ANT:793 FREE_PROCESS:3 bytes:2311676 alloc_cont:134336 free_cont:133556 diff:780 menor:10 maior:18 media:13 free: p1:160 p2:211 p3:569
 LIBERACAO ANT:780 FREE_PROCESS:2 bytes:2325324 alloc_cont:135129 free_cont:134336 diff:793 menor:10 maior:18 media:13 free: p1:154 p2:245 p3:548
 LIBERACAO ANT:793 FREE_PROCESS:2 bytes:2339000 alloc_cont:135922 free_cont:135129 diff:793 menor:10 maior:18 media:13 free: p1:153 p2:240 p3:553
 LIBERACAO ANT:793 FREE_PROCESS:3 bytes:2352656 alloc_cont:136715 free_cont:135922 diff:793 menor:10 maior:18 media:13 free: p1:149 p2:253 p3:540
 LIBERACAO ANT:793 FREE_PROCESS:3 bytes:2366236 alloc_cont:137498 free_cont:136715 diff:783 menor:10 maior:18 media:13 free: p1:146 p2:228 p3:555
 LIBERACAO ANT:783 FREE_PROCESS:1 bytes:2379744 alloc_cont:138291 free_cont:137498 diff:793 menor:10 maior:18 media:13 free: p1:166 p2:256 p3:537
 LIBERACAO ANT:793 FREE_PROCESS:2 bytes:2393388 alloc_cont:139084 free_cont:138291 diff:793 menor:10 maior:18 media:13 free: p1:153 p2:248 p3:545
 LIBERACAO ANT:793 FREE_PROCESS:3 bytes:2407044 alloc_cont:139877 free_cont:139084 diff:793 menor:10 maior:18 media:13 free: p1:155 p2:241 p3:552
 LIBERACAO ANT:793 FREE_PROCESS:2 bytes:2420600 alloc_cont:140670 free_cont:139877 diff:793 menor:10 maior:18 media:13 free: p1:163 p2:250 p3:543
 LIBERACAO ANT:793 FREE_PROCESS:1 bytes:2434328 alloc_cont:141463 free_cont:140670 diff:793 menor:10 maior:18 media:13 free: p1:144 p2:245 p3:548
 LIBERACAO ANT:793 FREE_PROCESS:3 bytes:2447940 alloc_cont:142256 free_cont:141463 diff:793 menor:10 maior:18 media:13 free: p1:167 p2:228 p3:565
 LIBERACAO ANT:793 FREE_PROCESS:2 bytes:2461524 alloc_cont:143049 free_cont:142256 diff:793 menor:10 maior:18 media:13 free: p1:154 p2:261 p3:532
 LIBERACAO ANT:793 FREE_PROCESS:3 bytes:2474984 alloc_cont:143826 free_cont:143049 diff:777 menor:10 maior:18 media:13 free: p1:152 p2:216 p3:561
 LIBERACAO ANT:777 FREE_PROCESS:2 bytes:2488588 alloc_cont:144619 free_cont:143826 diff:793 menor:10 maior:18 media:13 free: p1:173 p2:218 p3:575
 LIBERACAO ANT:793 FREE_PROCESS:3 bytes:2502188 alloc_cont:145412 free_cont:144619 diff:793 menor:10 maior:18 media:13 free: p1:160 p2:245 p3:548
 LIBERACAO ANT:793 FREE_PROCESS:3 bytes:2515820 alloc_cont:146205 free_cont:145412 diff:793 menor:10 maior:18 media:13 free: p1:170 p2:217 p3:576
 LIBERACAO ANT:793 FREE_PROCESS:1 bytes:2529328 alloc_cont:146998 free_cont:146205 diff:793 menor:10 maior:18 media:13 free: p1:164 p2:260 p3:533
 LIBERACAO ANT:793 FREE_PROCESS:3 bytes:2542936 alloc_cont:147791 free_cont:146998 diff:793 menor:10 maior:18 media:13 free: p1:157 p2:249 p3:544
 LIBERACAO ANT:793 FREE_PROCESS:1 bytes:2556556 alloc_cont:148584 free_cont:147791 diff:793 menor:10 maior:18 media:13 free: p1:163 p2:234 p3:559
 LIBERACAO ANT:793 FREE_PROCESS:3 bytes:2570188 alloc_cont:149374 free_cont:148584 diff:790 menor:10 maior:18 media:13 free: p1:161 p2:220 p3:570
 LIBERACAO ANT:790 FREE_PROCESS:3 bytes:2583628 alloc_cont:150149 free_cont:149374 diff:775 menor:10 maior:18 media:13 free: p1:149 p2:217 p3:558
 LIBERACAO ANT:775 FREE_PROCESS:1 bytes:2597228 alloc_cont:150942 free_cont:150149 diff:793 menor:10 maior:18 media:13 free: p1:165 p2:235 p3:558
 LIBERACAO ANT:793 FREE_PROCESS:3 bytes:2610908 alloc_cont:151735 free_cont:150942 diff:793 menor:10 maior:18 media:13 free: p1:153 p2:239 p3:554
 LIBERACAO ANT:793 FREE_PROCESS:3 bytes:2624628 alloc_cont:152527 free_cont:151735 diff:792 menor:10 maior:18 media:13 free: p1:147 p2:236 p3:556
 LIBERACAO ANT:792 FREE_PROCESS:2 bytes:2638192 alloc_cont:153320 free_cont:152527 diff:793 menor:10 maior:18 media:13 free: p1:183 p2:208 p3:585
 LIBERACAO ANT:793 FREE_PROCESS:3 bytes:2651944 alloc_cont:154113 free_cont:153320 diff:793 menor:10 maior:18 media:13 free: p1:143 p2:241 p3:552
 LIBERACAO ANT:793 FREE_PROCESS:1 bytes:2665704 alloc_cont:154906 free_cont:154113 diff:793 menor:10 maior:18 media:13 free: p1:140 p2:245 p3:548
 LIBERACAO ANT:793 FREE_PROCESS:2 bytes:2679196 alloc_cont:155699 free_cont:154906 diff:793 menor:10 maior:18 media:13 free: p1:174 p2:244 p3:549
 LIBERACAO ANT:793 FREE_PROCESS:3 bytes:2692812 alloc_cont:156492 free_cont:155699 diff:793 menor:10 maior:18 media:13 free: p1:169 p2:223 p3:570
 LIBERACAO ANT:793 FREE_PROCESS:3 bytes:2706408 alloc_cont:157272 free_cont:156492 diff:780 menor:10 maior:18 media:13 free: p1:130 p2:241 p3:539
 LIBERACAO ANT:780 FREE_PROCESS:2 bytes:2719964 alloc_cont:158065 free_cont:157272 diff:793 menor:10 maior:18 media:13 free: p1:166 p2:244 p3:549
 LIBERACAO ANT:793 FREE_PROCESS:3 bytes:2733400 alloc_cont:158858 free_cont:158065 diff:793 menor:10 maior:18 media:13 free: p1:173 p2:260 p3:533
 LIBERACAO ANT:793 FREE_PROCESS:3 bytes:2746468 alloc_cont:159610 free_cont:158858 diff:752 menor:10 maior:18 media:13 free: p1:150 p2:193 p3:559
 LIBERACAO ANT:752 FREE_PROCESS:2 bytes:2760016 alloc_cont:160403 free_cont:159610 diff:793 menor:10 maior:18 media:13 free: p1:170 p2:238 p3:555
 LIBERACAO ANT:793 FREE_PROCESS:2 bytes:2773680 alloc_cont:161196 free_cont:160403 diff:793 menor:10 maior:18 media:13 free: p1:150 p2:249 p3:544
 LIBERACAO ANT:793 FREE_PROCESS:2 bytes:2787320 alloc_cont:161989 free_cont:161196 diff:793 menor:10 maior:18 media:13 free: p1:156 p2:243 p3:550
 LIBERACAO ANT:793 FREE_PROCESS:3 bytes:2800976 alloc_cont:162782 free_cont:161989 diff:793 menor:10 maior:18 media:13 free: p1:156 p2:239 p3:554
 LIBERACAO ANT:793 FREE_PROCESS:2 bytes:2814460 alloc_cont:163575 free_cont:162782 diff:793 menor:10 maior:18 media:13 free: p1:172 p2:250 p3:543
 LIBERACAO ANT:793 FREE_PROCESS:3 bytes:2827892 alloc_cont:164352 free_cont:163575 diff:777 menor:10 maior:18 media:13 free: p1:159 p2:209 p3:568
 LIBERACAO ANT:777 FREE_PROCESS:3 bytes:2841176 alloc_cont:165120 free_cont:164352 diff:768 menor:10 maior:18 media:13 free: p1:160 p2:199 p3:569
 LIBERACAO ANT:768 FREE_PROCESS:2 bytes:2854680 alloc_cont:165913 free_cont:165120 diff:793 menor:10 maior:18 media:13 free: p1:183 p2:223 p3:570
 LIBERACAO ANT:793 FREE_PROCESS:1 bytes:2868252 alloc_cont:166706 free_cont:165913 diff:793 menor:10 maior:18 media:13 free: p1:162 p2:248 p3:545
 LIBERACAO ANT:793 FREE_PROCESS:3 bytes:2881656 alloc_cont:167478 free_cont:166706 diff:772 menor:10 maior:18 media:13 free: p1:146 p2:217 p3:555
 LIBERACAO ANT:772 FREE_PROCESS:3 bytes:2895348 alloc_cont:168271 free_cont:167478 diff:793 menor:10 maior:18 media:13 free: p1:147 p2:248 p3:545
 LIBERACAO ANT:793 FREE_PROCESS:1 bytes:2909048 alloc_cont:169064 free_cont:168271 diff:793 menor:10 maior:18 media:13 free: p1:143 p2:254 p3:539
 LIBERACAO ANT:793 FREE_PROCESS:3 bytes:2922612 alloc_cont:169857 free_cont:169064 diff:793 menor:10 maior:18 media:13 free: p1:170 p2:234 p3:559
 LIBERACAO ANT:793 FREE_PROCESS:3 bytes:2936188 alloc_cont:170650 free_cont:169857 diff:793 menor:10 maior:18 media:13 free: p1:156 p2:259 p3:534
 LIBERACAO ANT:793 FREE_PROCESS:2 bytes:2949936 alloc_cont:171443 free_cont:170650 diff:793 menor:10 maior:18 media:13 free: p1:141 p2:246 p3:547
 LIBERACAO ANT:793 FREE_PROCESS:2 bytes:2963520 alloc_cont:172236 free_cont:171443 diff:793 menor:10 maior:18 media:13 free: p1:167 p2:235 p3:558
 LIBERACAO ANT:793 FREE_PROCESS:2 bytes:2977240 alloc_cont:173029 free_cont:172236 diff:793 menor:10 maior:18 media:13 free: p1:148 p2:239 p3:554
 LIBERACAO ANT:793 FREE_PROCESS:3 bytes:2990612 alloc_cont:173798 free_cont:173029 diff:769 menor:10 maior:18 media:13 free: p1:142 p2:218 p3:551
 LIBERACAO ANT:769 FREE_PROCESS:3 bytes:3004292 alloc_cont:174591 free_cont:173798 diff:793 menor:10 maior:18 media:13 free: p1:149 p2:247 p3:546
 LIBERACAO ANT:793 FREE_PROCESS:1 bytes:3017912 alloc_cont:175384 free_cont:174591 diff:793 menor:10 maior:18 media:13 free: p1:150 p2:260 p3:533
 LIBERACAO ANT:793 FREE_PROCESS:3 bytes:3031400 alloc_cont:176160 free_cont:175384 diff:776 menor:10 maior:18 media:13 free: p1:141 p2:226 p3:550
 LIBERACAO ANT:776 FREE_PROCESS:3 bytes:3044960 alloc_cont:176953 free_cont:176160 diff:793 menor:10 maior:18 media:13 free: p1:168 p2:239 p3:554
 LIBERACAO ANT:793 FREE_PROCESS:2 bytes:3058644 alloc_cont:177746 free_cont:176953 diff:793 menor:10 maior:18 media:13 free: p1:143 p2:258 p3:535
 LIBERACAO ANT:793 FREE_PROCESS:2 bytes:3072176 alloc_cont:178539 free_cont:177746 diff:793 menor:10 maior:18 media:13 free: p1:158 p2:266 p3:527
 LIBERACAO ANT:793 FREE_PROCESS:3 bytes:3085860 alloc_cont:179332 free_cont:178539 diff:793 menor:10 maior:18 media:13 free: p1:155 p2:234 p3:559
 LIBERACAO ANT:793 FREE_PROCESS:3 bytes:3099420 alloc_cont:180125 free_cont:179332 diff:793 menor:10 maior:18 media:13 free: p1:166 p2:243 p3:550
 LIBERACAO ANT:793 FREE_PROCESS:3 bytes:3113160 alloc_cont:180918 free_cont:180125 diff:793 menor:10 maior:18 media:13 free: p1:141 p2:248 p3:545
 LIBERACAO ANT:793 FREE_PROCESS:2 bytes:3126628 alloc_cont:181711 free_cont:180918 diff:793 menor:10 maior:18 media:13 free: p1:179 p2:240 p3:553
 LIBERACAO ANT:793 FREE_PROCESS:2 bytes:3140224 alloc_cont:182504 free_cont:181711 diff:793 menor:10 maior:18 media:13 free: p1:176 p2:214 p3:579
 LIBERACAO ANT:793 FREE_PROCESS:1 bytes:3153888 alloc_cont:183297 free_cont:182504 diff:793 menor:10 maior:18 media:13 free: p1:159 p2:231 p3:562
 LIBERACAO ANT:793 FREE_PROCESS:3 bytes:3167464 alloc_cont:184090 free_cont:183297 diff:793 menor:10 maior:18 media:13 free: p1:169 p2:233 p3:560
 LIBERACAO ANT:793 FREE_PROCESS:2 bytes:3181180 alloc_cont:184883 free_cont:184090 diff:793 menor:10 maior:18 media:13 free: p1:146 p2:244 p3:549
 LIBERACAO ANT:793 FREE_PROCESS:2 bytes:3194784 alloc_cont:185676 free_cont:184883 diff:793 menor:10 maior:18 media:13 free: p1:159 p2:246 p3:547
 LIBERACAO ANT:793 FREE_PROCESS:1 bytes:3208372 alloc_cont:186469 free_cont:185676 diff:793 menor:10 maior:18 media:13 free: p1:162 p2:244 p3:549
 LIBERACAO ANT:793 FREE_PROCESS:1 bytes:3221920 alloc_cont:187262 free_cont:186469 diff:793 menor:10 maior:18 media:13 free: p1:159 p2:260 p3:533
 LIBERACAO ANT:793 FREE_PROCESS:3 bytes:3235612 alloc_cont:188055 free_cont:187262 diff:793 menor:10 maior:18 media:13 free: p1:156 p2:230 p3:563
 LIBERACAO ANT:793 FREE_PROCESS:3 bytes:3249112 alloc_cont:188848 free_cont:188055 diff:793 menor:10 maior:18 media:13 free: p1:196 p2:198 p3:595
 LIBERACAO ANT:793 FREE_PROCESS:3 bytes:3262652 alloc_cont:189624 free_cont:188848 diff:776 menor:10 maior:18 media:13 free: p1:128 p2:239 p3:537
 LIBERACAO ANT:776 FREE_PROCESS:2 bytes:3276272 alloc_cont:190417 free_cont:189624 diff:793 menor:10 maior:18 media:13 free: p1:157 p2:246 p3:547
 LIBERACAO ANT:793 FREE_PROCESS:3 bytes:3289980 alloc_cont:191210 free_cont:190417 diff:793 menor:10 maior:18 media:13 free: p1:144 p2:250 p3:543
 LIBERACAO ANT:793 FREE_PROCESS:3 bytes:3303248 alloc_cont:191971 free_cont:191210 diff:761 menor:10 maior:18 media:13 free: p1:136 p2:216 p3:545
 LIBERACAO ANT:761 FREE_PROCESS:2 bytes:3316916 alloc_cont:192764 free_cont:191971 diff:793 menor:10 maior:18 media:13 free: p1:156 p2:236 p3:557
 LIBERACAO ANT:793 FREE_PROCESS:3 bytes:3330076 alloc_cont:193523 free_cont:192764 diff:759 menor:10 maior:18 media:13 free: p1:155 p2:195 p3:564
 LIBERACAO ANT:759 FREE_PROCESS:3 bytes:3343716 alloc_cont:194311 free_cont:193523 diff:788 menor:10 maior:18 media:13 free: p1:151 p2:228 p3:560
 LIBERACAO ANT:788 FREE_PROCESS:3 bytes:3357404 alloc_cont:195104 free_cont:194311 diff:793 menor:10 maior:18 media:13 free: p1:148 p2:247 p3:546
 LIBERACAO ANT:793 FREE_PROCESS:1 bytes:3371028 alloc_cont:195897 free_cont:195104 diff:793 menor:10 maior:18 media:13 free: p1:160 p2:239 p3:554
 LIBERACAO ANT:793 FREE_PROCESS:2 bytes:3384708 alloc_cont:196690 free_cont:195897 diff:793 menor:10 maior:18 media:13 free: p1:144 p2:257 p3:536
 LIBERACAO ANT:793 FREE_PROCESS:2 bytes:3398252 alloc_cont:197483 free_cont:196690 diff:793 menor:10 maior:18 media:13 free: p1:163 p2:253 p3:540
 LIBERACAO ANT:793 FREE_PROCESS:3 bytes:3411856 alloc_cont:198276 free_cont:197483 diff:793 menor:10 maior:18 media:13 free: p1:167 p2:230 p3:563
 LIBERACAO ANT:793 FREE_PROCESS:3 bytes:3425484 alloc_cont:199069 free_cont:198276 diff:793 menor:10 maior:18 media:13 free: p1:165 p2:228 p3:565
 LIBERACAO ANT:793 FREE_PROCESS:3 bytes:3439020 alloc_cont:199862 free_cont:199069 diff:793 menor:10 maior:18 media:13 free: p1:171 p2:239 p3:554
 LIBERACAO ANT:793 FREE_PROCESS:3 bytes:3452568 alloc_cont:200655 free_cont:199862 diff:793 menor:10 maior:18 media:13 free: p1:166 p2:246 p3:547
 LIBERACAO ANT:793 FREE_PROCESS:1 bytes:3466124 alloc_cont:201448 free_cont:200655 diff:793 menor:10 maior:18 media:13 free: p1:172 p2:232 p3:561
 LIBERACAO ANT:793 FREE_PROCESS:3 bytes:3479304 alloc_cont:202206 free_cont:201448 diff:758 menor:10 maior:18 media:13 free: p1:146 p2:203 p3:555
 LIBERACAO ANT:758 FREE_PROCESS:1 bytes:3492796 alloc_cont:202999 free_cont:202206 diff:793 menor:10 maior:18 media:13 free: p1:175 p2:242 p3:551
 LIBERACAO ANT:793 FREE_PROCESS:2 bytes:3506420 alloc_cont:203792 free_cont:202999 diff:793 menor:10 maior:18 media:13 free: p1:154 p2:251 p3:542
 LIBERACAO ANT:793 FREE_PROCESS:3 bytes:3520052 alloc_cont:204585 free_cont:203792 diff:793 menor:10 maior:18 media:13 free: p1:168 p2:221 p3:572
 LIBERACAO ANT:793 FREE_PROCESS:1 bytes:3533752 alloc_cont:205378 free_cont:204585 diff:793 menor:10 maior:18 media:13 free: p1:151 p2:238 p3:555
 LIBERACAO ANT:793 FREE_PROCESS:3 bytes:3547332 alloc_cont:206159 free_cont:205378 diff:781 menor:10 maior:18 media:13 free: p1:138 p2:234 p3:547
 LIBERACAO ANT:781 FREE_PROCESS:3 bytes:3560460 alloc_cont:206908 free_cont:206159 diff:749 menor:10 maior:18 media:13 free: p1:123 p2:217 p3:532
 LIBERACAO ANT:749 FREE_PROCESS:1 bytes:3574032 alloc_cont:207701 free_cont:206908 diff:793 menor:10 maior:18 media:13 free: p1:171 p2:230 p3:563
 LIBERACAO ANT:793 FREE_PROCESS:3 bytes:3587640 alloc_cont:208494 free_cont:207701 diff:793 menor:10 maior:18 media:13 free: p1:161 p2:241 p3:552
 LIBERACAO ANT:793 FREE_PROCESS:2 bytes:3601364 alloc_cont:209287 free_cont:208494 diff:793 menor:10 maior:18 media:13 free: p1:143 p2:248 p3:545
 LIBERACAO ANT:793 FREE_PROCESS:3 bytes:3614752 alloc_cont:210055 free_cont:209287 diff:768 menor:10 maior:18 media:13 free: p1:134 p2:225 p3:543
 LIBERACAO ANT:768 FREE_PROCESS:3 bytes:3628472 alloc_cont:210847 free_cont:210055 diff:792 menor:10 maior:18 media:13 free: p1:147 p2:236 p3:556
 LIBERACAO ANT:792 FREE_PROCESS:3 bytes:3642136 alloc_cont:211640 free_cont:210847 diff:793 menor:10 maior:18 media:13 free: p1:158 p2:233 p3:560
 LIBERACAO ANT:793 FREE_PROCESS:3 bytes:3655684 alloc_cont:212433 free_cont:211640 diff:793 menor:10 maior:18 media:13 free: p1:170 p2:238 p3:555
 LIBERACAO ANT:793 FREE_PROCESS:2 bytes:3669428 alloc_cont:213226 free_cont:212433 diff:793 menor:10 maior:18 media:13 free: p1:140 p2:249 p3:544
 LIBERACAO ANT:793 FREE_PROCESS:2 bytes:3683008 alloc_cont:214019 free_cont:213226 diff:793 menor:10 maior:18 media:13 free: p1:154 p2:262 p3:531
 LIBERACAO ANT:793 FREE_PROCESS:1 bytes:3696668 alloc_cont:214812 free_cont:214019 diff:793 menor:10 maior:18 media:13 free: p1:164 p2:222 p3:571
 LIBERACAO ANT:793 FREE_PROCESS:2 bytes:3710408 alloc_cont:215605 free_cont:214812 diff:793 menor:10 maior:18 media:13 free: p1:142 p2:246 p3:547
 LIBERACAO ANT:793 FREE_PROCESS:3 bytes:3724124 alloc_cont:216394 free_cont:215605 diff:789 menor:10 maior:18 media:13 free: p1:136 p2:244 p3:545
 LIBERACAO ANT:789 FREE_PROCESS:1 bytes:3737784 alloc_cont:217187 free_cont:216394 diff:793 menor:10 maior:18 media:13 free: p1:153 p2:244 p3:549
 LIBERACAO ANT:793 FREE_PROCESS:1 bytes:3751432 alloc_cont:217980 free_cont:217187 diff:793 menor:10 maior:18 media:13 free: p1:164 p2:225 p3:568
 LIBERACAO ANT:793 FREE_PROCESS:3 bytes:3765084 alloc_cont:218773 free_cont:217980 diff:793 menor:10 maior:18 media:13 free: p1:157 p2:238 p3:555
 LIBERACAO ANT:793 FREE_PROCESS:3 bytes:3778784 alloc_cont:219566 free_cont:218773 diff:793 menor:10 maior:18 media:13 free: p1:150 p2:240 p3:553
 LIBERACAO ANT:793 FREE_PROCESS:1 bytes:3792500 alloc_cont:220359 free_cont:219566 diff:793 menor:10 maior:18 media:13 free: p1:151 p2:234 p3:559
 LIBERACAO ANT:793 FREE_PROCESS:2 bytes:3806104 alloc_cont:221152 free_cont:220359 diff:793 menor:10 maior:18 media:13 free: p1:162 p2:240 p3:553
 LIBERACAO ANT:793 FREE_PROCESS:3 bytes:3819628 alloc_cont:221937 free_cont:221152 diff:785 menor:10 maior:18 media:13 free: p1:168 p2:208 p3:577
 LIBERACAO ANT:785 FREE_PROCESS:3 bytes:3833084 alloc_cont:222730 free_cont:221937 diff:793 menor:10 maior:18 media:13 free: p1:168 p2:265 p3:528
 LIBERACAO ANT:793 FREE_PROCESS:1 bytes:3846792 alloc_cont:223523 free_cont:222730 diff:793 menor:10 maior:18 media:13 free: p1:153 p2:232 p3:561
 LIBERACAO ANT:793 FREE_PROCESS:3 bytes:3860420 alloc_cont:224311 free_cont:223523 diff:788 menor:10 maior:18 media:13 free: p1:154 p2:225 p3:563
 LIBERACAO ANT:788 FREE_PROCESS:2 bytes:3873972 alloc_cont:225104 free_cont:224311 diff:793 menor:10 maior:18 media:13 free: p1:161 p2:255 p3:538
 LIBERACAO ANT:793 FREE_PROCESS:2 bytes:3887588 alloc_cont:225897 free_cont:225104 diff:793 menor:10 maior:18 media:13 free: p1:165 p2:231 p3:562
 LIBERACAO ANT:793 FREE_PROCESS:3 bytes:3901232 alloc_cont:226681 free_cont:225897 diff:784 menor:10 maior:18 media:13 free: p1:134 p2:241 p3:543
 LIBERACAO ANT:784 FREE_PROCESS:2 bytes:3914768 alloc_cont:227474 free_cont:226681 diff:793 menor:10 maior:18 media:13 free: p1:170 p2:241 p3:552
 LIBERACAO ANT:793 FREE_PROCESS:3 bytes:3928416 alloc_cont:228259 free_cont:227474 diff:785 menor:10 maior:18 media:13 free: p1:137 p2:239 p3:546
 LIBERACAO ANT:785 FREE_PROCESS:2 bytes:3942036 alloc_cont:229052 free_cont:228259 diff:793 menor:10 maior:18 media:13 free: p1:154 p2:252 p3:541
 LIBERACAO ANT:793 FREE_PROCESS:1 bytes:3955676 alloc_cont:229845 free_cont:229052 diff:793 menor:10 maior:18 media:13 free: p1:171 p2:213 p3:580
 LIBERACAO ANT:793 FREE_PROCESS:1 bytes:3969332 alloc_cont:230638 free_cont:229845 diff:793 menor:10 maior:18 media:13 free: p1:167 p2:217 p3:576
 LIBERACAO ANT:793 FREE_PROCESS:2 bytes:3982952 alloc_cont:231431 free_cont:230638 diff:793 menor:10 maior:18 media:13 free: p1:166 p2:228 p3:565
 LIBERACAO ANT:793 FREE_PROCESS:3 bytes:3996620 alloc_cont:232224 free_cont:231431 diff:793 menor:10 maior:18 media:13 free: p1:153 p2:242 p3:551
 LIBERACAO ANT:793 FREE_PROCESS:3 bytes:4010300 alloc_cont:233017 free_cont:232224 diff:793 menor:10 maior:18 media:13 free: p1:151 p2:243 p3:550
 LIBERACAO ANT:793 FREE_PROCESS:1 bytes:4024012 alloc_cont:233810 free_cont:233017 diff:793 menor:10 maior:18 media:13 free: p1:153 p2:231 p3:562
 LIBERACAO ANT:793 FREE_PROCESS:2 bytes:4037532 alloc_cont:234603 free_cont:233810 diff:793 menor:10 maior:18 media:13 free: p1:159 p2:267 p3:526
 LIBERACAO ANT:793 FREE_PROCESS:3 bytes:4051184 alloc_cont:235392 free_cont:234603 diff:789 menor:10 maior:18 media:13 free: p1:152 p2:228 p3:561
 LIBERACAO ANT:789 FREE_PROCESS:3 bytes:4064892 alloc_cont:236185 free_cont:235392 diff:793 menor:10 maior:18 media:13 free: p1:152 p2:234 p3:559
 LIBERACAO ANT:793 FREE_PROCESS:3 bytes:4078488 alloc_cont:236978 free_cont:236185 diff:793 menor:10 maior:18 media:13 free: p1:168 p2:230 p3:563
 LIBERACAO ANT:793 FREE_PROCESS:3 bytes:4092176 alloc_cont:237771 free_cont:236978 diff:793 menor:10 maior:18 media:13 free: p1:149 p2:245 p3:548
 LIBERACAO ANT:793 FREE_PROCESS:2 bytes:4105720 alloc_cont:238564 free_cont:237771 diff:793 menor:10 maior:18 media:13 free: p1:171 p2:237 p3:556
 LIBERACAO ANT:793 FREE_PROCESS:2 bytes:4119400 alloc_cont:239357 free_cont:238564 diff:793 menor:10 maior:18 media:13 free: p1:158 p2:229 p3:564
 LIBERACAO ANT:793 FREE_PROCESS:3 bytes:4133016 alloc_cont:240150 free_cont:239357 diff:793 menor:10 maior:18 media:13 free: p1:155 p2:251 p3:542
 LIBERACAO ANT:793 FREE_PROCESS:3 bytes:4146604 alloc_cont:240943 free_cont:240150 diff:793 menor:10 maior:18 media:13 free: p1:168 p2:232 p3:561
 LIBERACAO ANT:793 FREE_PROCESS:2 bytes:4160180 alloc_cont:241736 free_cont:240943 diff:793 menor:10 maior:18 media:13 free: p1:163 p2:245 p3:548
 LIBERACAO ANT:793 FREE_PROCESS:2 bytes:4173800 alloc_cont:242529 free_cont:241736 diff:793 menor:10 maior:18 media:13 free: p1:151 p2:258 p3:535
 LIBERACAO ANT:793 FREE_PROCESS:3 bytes:4187416 alloc_cont:243322 free_cont:242529 diff:793 menor:10 maior:18 media:13 free: p1:154 p2:253 p3:540
 LIBERACAO ANT:793 FREE_PROCESS:3 bytes:4200980 alloc_cont:244115 free_cont:243322 diff:793 menor:10 maior:18 media:13 free: p1:168 p2:238 p3:555
 LIBERACAO ANT:793 FREE_PROCESS:1 bytes:4214572 alloc_cont:244908 free_cont:244115 diff:793 menor:10 maior:18 media:13 free: p1:163 p2:241 p3:552
 LIBERACAO ANT:793 FREE_PROCESS:2 bytes:4228008 alloc_cont:245701 free_cont:244908 diff:793 menor:10 maior:18 media:13 free: p1:182 p2:242 p3:551
 LIBERACAO ANT:793 FREE_PROCESS:1 bytes:4241564 alloc_cont:246494 free_cont:245701 diff:793 menor:10 maior:18 media:13 free: p1:166 p2:244 p3:549
 LIBERACAO ANT:793 FREE_PROCESS:1 bytes:4255000 alloc_cont:247287 free_cont:246494 diff:793 menor:10 maior:18 media:13 free: p1:179 p2:248 p3:545
 LIBERACAO ANT:793 FREE_PROCESS:3 bytes:4268660 alloc_cont:248080 free_cont:247287 diff:793 menor:10 maior:18 media:13 free: p1:153 p2:244 p3:549
 LIBERACAO ANT:793 FREE_PROCESS:3 bytes:4282256 alloc_cont:248873 free_cont:248080 diff:793 menor:10 maior:18 media:13 free: p1:171 p2:224 p3:569
 LIBERACAO ANT:793 FREE_PROCESS:3 bytes:4295996 alloc_cont:249666 free_cont:248873 diff:793 menor:10 maior:18 media:13 free: p1:139 p2:252 p3:541
 LIBERACAO ANT:793 FREE_PROCESS:2 bytes:4309680 alloc_cont:250459 free_cont:249666 diff:793 menor:10 maior:18 media:13 free: p1:160 p2:224 p3:569
 LIBERACAO ANT:793 FREE_PROCESS:1 bytes:4323324 alloc_cont:251252 free_cont:250459 diff:793 menor:10 maior:18 media:13 free: p1:156 p2:242 p3:551
 LIBERACAO ANT:793 FREE_PROCESS:3 bytes:4337016 alloc_cont:252045 free_cont:251252 diff:793 menor:10 maior:18 media:13 free: p1:153 p2:236 p3:557
 LIBERACAO ANT:793 FREE_PROCESS:1 bytes:4350628 alloc_cont:252838 free_cont:252045 diff:793 menor:10 maior:18 media:13 free: p1:154 p2:254 p3:539
 LIBERACAO ANT:793 FREE_PROCESS:2 bytes:4364232 alloc_cont:253631 free_cont:252838 diff:793 menor:10 maior:18 media:13 free: p1:157 p2:250 p3:543
 LIBERACAO ANT:793 FREE_PROCESS:2 bytes:4377932 alloc_cont:254424 free_cont:253631 diff:793 menor:10 maior:18 media:13 free: p1:148 p2:244 p3:549
 LIBERACAO ANT:793 FREE_PROCESS:3 bytes:4391512 alloc_cont:255217 free_cont:254424 diff:793 menor:10 maior:18 media:13 free: p1:165 p2:240 p3:553
 LIBERACAO ANT:793 FREE_PROCESS:2 bytes:4405008 alloc_cont:256010 free_cont:255217 diff:793 menor:10 maior:18 media:13 free: p1:178 p2:235 p3:558
 LIBERACAO ANT:793 FREE_PROCESS:1 bytes:4418556 alloc_cont:256803 free_cont:256010 diff:793 menor:10 maior:18 media:13 free: p1:162 p2:254 p3:539
 LIBERACAO ANT:793 FREE_PROCESS:3 bytes:4432216 alloc_cont:257596 free_cont:256803 diff:793 menor:10 maior:18 media:13 free: p1:156 p2:238 p3:555
 LIBERACAO ANT:793 FREE_PROCESS:3 bytes:4445760 alloc_cont:258389 free_cont:257596 diff:793 menor:10 maior:18 media:13 free: p1:167 p2:245 p3:548
 LIBERACAO ANT:793 FREE_PROCESS:2 bytes:4459324 alloc_cont:259182 free_cont:258389 diff:793 menor:10 maior:18 media:13 free: p1:164 p2:246 p3:547
 LIBERACAO ANT:793 FREE_PROCESS:1 bytes:4472832 alloc_cont:259975 free_cont:259182 diff:793 menor:10 maior:18 media:13 free: p1:173 p2:242 p3:551
 LIBERACAO ANT:793 FREE_PROCESS:3 bytes:4486440 alloc_cont:260768 free_cont:259975 diff:793 menor:10 maior:18 media:13 free: p1:164 p2:235 p3:558
 LIBERACAO ANT:793 FREE_PROCESS:3 bytes:4500068 alloc_cont:261554 free_cont:260768 diff:786 menor:10 maior:18 media:13 free: p1:146 p2:231 p3:555
 LIBERACAO ANT:786 FREE_PROCESS:3 bytes:4513784 alloc_cont:262347 free_cont:261554 diff:793 menor:10 maior:18 media:13 free: p1:152 p2:232 p3:561
 LIBERACAO ANT:793 FREE_PROCESS:3 bytes:4527472 alloc_cont:263140 free_cont:262347 diff:793 menor:10 maior:18 media:13 free: p1:158 p2:227 p3:566
 LIBERACAO ANT:793 FREE_PROCESS:2 bytes:4541100 alloc_cont:263933 free_cont:263140 diff:793 menor:10 maior:18 media:13 free: p1:144 p2:270 p3:523
 LIBERACAO ANT:793 FREE_PROCESS:3 bytes:4554596 alloc_cont:264709 free_cont:263933 diff:776 menor:10 maior:18 media:13 free: p1:139 p2:228 p3:548
 LIBERACAO ANT:776 FREE_PROCESS:3 bytes:4568148 alloc_cont:265502 free_cont:264709 diff:793 menor:10 maior:18 media:13 free: p1:162 p2:253 p3:540
 LIBERACAO ANT:793 FREE_PROCESS:3 bytes:4581636 alloc_cont:266295 free_cont:265502 diff:793 menor:10 maior:18 media:13 free: p1:172 p2:249 p3:544
 LIBERACAO ANT:793 FREE_PROCESS:3 bytes:4595208 alloc_cont:267078 free_cont:266295 diff:783 menor:10 maior:18 media:13 free: p1:148 p2:226 p3:557
 LIBERACAO ANT:783 FREE_PROCESS:2 bytes:4608712 alloc_cont:267871 free_cont:267078 diff:793 menor:10 maior:18 media:13 free: p1:175 p2:239 p3:554
 LIBERACAO ANT:793 FREE_PROCESS:3 bytes:4622268 alloc_cont:268664 free_cont:267871 diff:793 menor:10 maior:18 media:13 free: p1:167 p2:242 p3:551
 LIBERACAO ANT:793 FREE_PROCESS:2 bytes:4635968 alloc_cont:269457 free_cont:268664 diff:793 menor:10 maior:18 media:13 free: p1:152 p2:236 p3:557
 LIBERACAO ANT:793 FREE_PROCESS:3 bytes:4649564 alloc_cont:270250 free_cont:269457 diff:793 menor:10 maior:18 media:13 free: p1:172 p2:222 p3:571
 LIBERACAO ANT:793 FREE_PROCESS:3 bytes:4663316 alloc_cont:271043 free_cont:270250 diff:793 menor:10 maior:18 media:13 free: p1:141 p2:245 p3:548
 LIBERACAO ANT:793 FREE_PROCESS:3 bytes:4677020 alloc_cont:271832 free_cont:271043 diff:789 menor:10 maior:18 media:13 free: p1:139 p2:241 p3:548
 LIBERACAO ANT:789 FREE_PROCESS:2 bytes:4690688 alloc_cont:272625 free_cont:271832 diff:793 menor:10 maior:18 media:13 free: p1:153 p2:242 p3:551
 LIBERACAO ANT:793 FREE_PROCESS:3 bytes:4704360 alloc_cont:273411 free_cont:272625 diff:786 menor:10 maior:18 media:13 free: p1:135 p2:242 p3:544
 LIBERACAO ANT:786 FREE_PROCESS:3 bytes:4718012 alloc_cont:274197 free_cont:273411 diff:786 menor:10 maior:18 media:13 free: p1:140 p2:237 p3:549
 LIBERACAO ANT:786 FREE_PROCESS:2 bytes:4731596 alloc_cont:274990 free_cont:274197 diff:793 menor:10 maior:18 media:13 free: p1:165 p2:239 p3:554
 LIBERACAO ANT:793 FREE_PROCESS:2 bytes:4745268 alloc_cont:275783 free_cont:274990 diff:793 menor:10 maior:18 media:13 free: p1:163 p2:221 p3:572
 LIBERACAO ANT:793 FREE_PROCESS:3 bytes:4758900 alloc_cont:276576 free_cont:275783 diff:793 menor:10 maior:18 media:13 free: p1:171 p2:215 p3:578
 LIBERACAO ANT:793 FREE_PROCESS:3 bytes:4772528 alloc_cont:277369 free_cont:276576 diff:793 menor:10 maior:18 media:13 free: p1:169 p2:220 p3:573
 LIBERACAO ANT:793 FREE_PROCESS:2 bytes:4786180 alloc_cont:278162 free_cont:277369 diff:793 menor:10 maior:18 media:13 free: p1:166 p2:220 p3:573
 LIBERACAO ANT:793 FREE_PROCESS:2 bytes:4799828 alloc_cont:278955 free_cont:278162 diff:793 menor:10 maior:18 media:13 free: p1:147 p2:259 p3:534
 LIBERACAO ANT:793 FREE_PROCESS:2 bytes:4813476 alloc_cont:279748 free_cont:278955 diff:793 menor:10 maior:18 media:13 free: p1:163 p2:227 p3:566
 LIBERACAO ANT:793]0;max@Ubuntu-Max: ~/NKE/NKE0.8a/Placa[01;32mmax@Ubuntu-Max[00m:[01;34m~/NKE/NKE0.8a/Placa[00m$ ^C
]0;max@Ubuntu-Max: ~/NKE/NKE0.8a/Placa[01;32mmax@Ubuntu-Max[00m:[01;34m~/NKE/NKE0.8a/Placa[00m$ exit
exit

Script done on Dom 03 Jun 2018 19:15:17 -03
