Script started on Dom 03 Jun 2018 23:04:16 -03
]0;max@Ubuntu-Max: ~/NKE/NKE0.8a/Placa[01;32mmax@Ubuntu-Max[00m:[01;34m~/NKE/NKE0.8a/Placa[00m$ exit../terminal64 

Serial terminal/uploader for Linux: Command line:
	terminal64 [-f] [serial_device] [tty_out] [b=baudrate] [file.hex]

PaNKE-Terminal Opened "/dev/ttyUSB0" @ 19200 baud
Ctrl-C to exit
Ctrl-R RESET remote device
teó>>>>> INICIALIZA >>>>>> FREE_PROCESS:2 bytes:13856 alloc_cont:800 free_cont:0 diff:800 menor:12 maior:20 media:16 bytes:13856 free: p1:149 p2:238 p3:562
 LIBERACAO ANT:800 FREE_PROCESS:1 bytes:27528 alloc_cont:1600 free_cont:800 diff:800 menor:10 maior:20 media:15 bytes:13672 free: p1:173 p2:236 p3:564
 LIBERACAO ANT:800 FREE_PROCESS:3 bytes:41268 alloc_cont:2400 free_cont:1600 diff:800 menor:10 maior:20 media:15 bytes:13740 free: p1:162 p2:241 p3:559
 LIBERACAO ANT:800 FREE_PROCESS:3 bytes:55144 alloc_cont:3200 free_cont:2400 diff:800 menor:10 maior:20 media:15 bytes:13876 free: p1:147 p2:237 p3:563
 LIBERACAO ANT:800 FREE_PROCESS:3 bytes:68836 alloc_cont:4000 free_cont:3200 diff:800 menor:10 maior:20 media:15 bytes:13692 free: p1:170 p2:237 p3:563
 LIBERACAO ANT:800 FREE_PROCESS:1 bytes:82604 alloc_cont:4800 free_cont:4000 diff:800 menor:10 maior:20 media:15 bytes:13768 free: p1:157 p2:244 p3:556
 LIBERACAO ANT:800 FREE_PROCESS:3 bytes:96376 alloc_cont:5600 free_cont:4800 diff:800 menor:10 maior:20 media:14 bytes:13772 free: p1:151 p2:255 p3:545
 LIBERACAO ANT:800 FREE_PROCESS:2 bytes:110108 alloc_cont:6400 free_cont:5600 diff:800 menor:10 maior:20 media:14 bytes:13732 free: p1:157 p2:253 p3:547
 LIBERACAO ANT:800 FREE_PROCESS:2 bytes:123720 alloc_cont:7200 free_cont:6400 diff:800 menor:10 maior:20 media:14 bytes:13612 free: p1:180 p2:237 p3:563
 LIBERACAO ANT:800 FREE_PROCESS:1 bytes:137572 alloc_cont:8000 free_cont:7200 diff:800 menor:10 maior:20 media:14 bytes:13852 free: p1:154 p2:229 p3:571
 LIBERACAO ANT:800 FREE_PROCESS:3 bytes:151340 alloc_cont:8800 free_cont:8000 diff:800 menor:10 maior:20 media:14 bytes:13768 free: p1:164 p2:230 p3:570
 LIBERACAO ANT:800 FREE_PROCESS:3 bytes:165044 alloc_cont:9600 free_cont:8800 diff:800 menor:10 maior:20 media:14 bytes:13704 free: p1:155 p2:264 p3:536
 LIBERACAO ANT:800 FREE_PROCESS:3 bytes:178928 alloc_cont:10400 free_cont:9600 diff:800 menor:10 maior:20 media:14 bytes:13884 free: p1:148 p2:233 p3:567
 LIBERACAO ANT:800 FREE_PROCESS:3 bytes:192720 alloc_cont:11200 free_cont:10400 diff:800 menor:10 maior:20 media:14 bytes:13792 free: p1:156 p2:240 p3:560
 LIBERACAO ANT:800 FREE_PROCESS:3 bytes:206376 alloc_cont:12000 free_cont:11200 diff:800 menor:10 maior:20 media:14 bytes:13656 free: p1:170 p2:246 p3:554
 LIBERACAO ANT:800 FREE_PROCESS:2 bytes:220060 alloc_cont:12800 free_cont:12000 diff:800 menor:10 maior:20 media:14 bytes:13684 free: p1:168 p2:243 p3:557
 LIBERACAO ANT:800 FREE_PROCESS:3 bytes:233632 alloc_cont:13600 free_cont:12800 diff:800 menor:10 maior:20 media:14 bytes:13572 free: p1:170 p2:267 p3:533
 LIBERACAO ANT:800 FREE_PROCESS:3 bytes:247504 alloc_cont:14400 free_cont:13600 diff:800 menor:10 maior:20 media:14 bytes:13872 free: p1:135 p2:262 p3:538
 LIBERACAO ANT:800 FREE_PROCESS:3 bytes:261108 alloc_cont:15200 free_cont:14400 diff:800 menor:10 maior:20 media:14 bytes:13604 free: p1:177 p2:245 p3:555
 LIBERACAO ANT:800 FREE_PROCESS:3 bytes:274904 alloc_cont:16000 free_cont:15200 diff:800 menor:10 maior:20 media:14 bytes:13796 free: p1:164 p2:223 p3:577
 LIBERACAO ANT:800 FREE_PROCESS:3 bytes:288788 alloc_cont:16800 free_cont:16000 diff:800 menor:10 maior:20 media:14 bytes:13884 free: p1:145 p2:239 p3:561
 LIBERACAO ANT:800 FREE_PROCESS:3 bytes:302652 alloc_cont:17600 free_cont:16800 diff:800 menor:10 maior:20 media:14 bytes:13864 free: p1:145 p2:244 p3:556
 LIBERACAO ANT:800 FREE_PROCESS:3 bytes:316648 alloc_cont:18400 free_cont:17600 diff:800 menor:10 maior:20 media:14 bytes:13996 free: p1:131 p2:239 p3:561
 LIBERACAO ANT:800 FREE_PROCESS:3 bytes:330352 alloc_cont:19200 free_cont:18400 diff:800 menor:10 maior:20 media:14 bytes:13704 free: p1:169 p2:236 p3:564
 LIBERACAO ANT:800 FREE_PROCESS:2 bytes:343948 alloc_cont:20000 free_cont:19200 diff:800 menor:10 maior:20 media:14 bytes:13596 free: p1:163 p2:275 p3:525
 LIBERACAO ANT:800 FREE_PROCESS:2 bytes:357752 alloc_cont:20800 free_cont:20000 diff:800 menor:10 maior:20 media:14 bytes:13804 free: p1:159 p2:231 p3:569
 LIBERACAO ANT:800 FREE_PROCESS:3 bytes:371472 alloc_cont:21600 free_cont:20800 diff:800 menor:10 maior:20 media:14 bytes:13720 free: p1:166 p2:238 p3:562
 LIBERACAO ANT:800 FREE_PROCESS:2 bytes:385100 alloc_cont:22400 free_cont:21600 diff:800 menor:10 maior:20 media:14 bytes:13628 free: p1:172 p2:249 p3:551
 LIBERACAO ANT:800 FREE_PROCESS:2 bytes:398916 alloc_cont:23200 free_cont:22400 diff:800 menor:10 maior:20 media:14 bytes:13816 free: p1:163 p2:220 p3:580
 LIBERACAO ANT:800 FREE_PROCESS:3 bytes:412740 alloc_cont:24000 free_cont:23200 diff:800 menor:10 maior:20 media:14 bytes:13824 free: p1:144 p2:256 p3:544
 LIBERACAO ANT:800 FREE_PROCESS:3 bytes:426436 alloc_cont:24800 free_cont:24000 diff:800 menor:10 maior:20 media:14 bytes:13696 free: p1:163 p2:250 p3:550
 LIBERACAO ANT:800 FREE_PROCESS:2 bytes:440284 alloc_cont:25600 free_cont:24800 diff:800 menor:10 maior:20 media:14 bytes:13848 free: p1:149 p2:240 p3:560
 LIBERACAO ANT:800 FREE_PROCESS:3 bytes:454124 alloc_cont:26400 free_cont:25600 diff:800 menor:10 maior:20 media:14 bytes:13840 free: p1:133 p2:274 p3:526
 LIBERACAO ANT:800 FREE_PROCESS:2 bytes:467768 alloc_cont:27200 free_cont:26400 diff:800 menor:10 maior:20 media:14 bytes:13644 free: p1:173 p2:243 p3:557
 LIBERACAO ANT:800 FREE_PROCESS:2 bytes:481572 alloc_cont:28000 free_cont:27200 diff:800 menor:10 maior:20 media:14 bytes:13804 free: p1:151 p2:247 p3:553
 LIBERACAO ANT:800 FREE_PROCESS:2 bytes:495432 alloc_cont:28800 free_cont:28000 diff:800 menor:10 maior:20 media:14 bytes:13860 free: p1:143 p2:249 p3:551
 LIBERACAO ANT:800 FREE_PROCESS:3 bytes:509240 alloc_cont:29600 free_cont:28800 diff:800 menor:10 maior:20 media:14 bytes:13808 free: p1:147 p2:254 p3:546
 LIBERACAO ANT:800 FREE_PROCESS:2 bytes:523052 alloc_cont:30400 free_cont:29600 diff:800 menor:10 maior:20 media:14 bytes:13812 free: p1:156 p2:235 p3:565
 LIBERACAO ANT:800 FREE_PROCESS:1 bytes:536856 alloc_cont:31200 free_cont:30400 diff:800 menor:10 maior:20 media:14 bytes:13804 free: p1:148 p2:253 p3:547
 LIBERACAO ANT:800 FREE_PROCESS:1 bytes:550656 alloc_cont:32000 free_cont:31200 diff:800 menor:10 maior:20 media:14 bytes:13800 free: p1:160 p2:230 p3:570
 LIBERACAO ANT:800 FREE_PROCESS:2 bytes:564360 alloc_cont:32800 free_cont:32000 diff:800 menor:10 maior:20 media:14 bytes:13704 free: p1:151 p2:272 p3:528
 LIBERACAO ANT:800 FREE_PROCESS:2 bytes:577884 alloc_cont:33600 free_cont:32800 diff:800 menor:10 maior:20 media:14 bytes:13524 free: p1:190 p2:239 p3:561
 LIBERACAO ANT:800 FREE_PROCESS:2 bytes:591632 alloc_cont:34400 free_cont:33600 diff:800 menor:10 maior:20 media:14 bytes:13748 free: p1:155 p2:253 p3:547
 LIBERACAO ANT:800 FREE_PROCESS:3 bytes:605288 alloc_cont:35200 free_cont:34400 diff:800 menor:10 maior:20 media:14 bytes:13656 free: p1:181 p2:224 p3:576
 LIBERACAO ANT:800 FREE_PROCESS:3 bytes:619040 alloc_cont:36000 free_cont:35200 diff:800 menor:10 maior:20 media:14 bytes:13752 free: p1:170 p2:222 p3:578
 LIBERACAO ANT:800 FREE_PROCESS:3 bytes:632696 alloc_cont:36800 free_cont:36000 diff:800 menor:10 maior:20 media:14 bytes:13656 free: p1:162 p2:262 p3:538
 LIBERACAO ANT:800 FREE_PROCESS:3 bytes:646600 alloc_cont:37600 free_cont:36800 diff:800 menor:10 maior:20 media:14 bytes:13904 free: p1:148 p2:228 p3:572
 LIBERACAO ANT:800 FREE_PROCESS:1 bytes:660440 alloc_cont:38400 free_cont:37600 diff:800 menor:10 maior:20 media:14 bytes:13840 free: p1:155 p2:230 p3:570
 LIBERACAO ANT:800 FREE_PROCESS:3 bytes:674180 alloc_cont:39200 free_cont:38400 diff:800 menor:10 maior:20 media:14 bytes:13740 free: p1:171 p2:223 p3:577
 LIBERACAO ANT:800 FREE_PROCESS:3 bytes:687924 alloc_cont:40000 free_cont:39200 diff:800 menor:10 maior:20 media:14 bytes:13744 free: p1:164 p2:236 p3:564
 LIBERACAO ANT:800 FREE_PROCESS:3 bytes:701712 alloc_cont:40800 free_cont:40000 diff:800 menor:10 maior:20 media:14 bytes:13788 free: p1:156 p2:241 p3:559
 LIBERACAO ANT:800 FREE_PROCESS:3 bytes:715576 alloc_cont:41600 free_cont:40800 diff:800 menor:10 maior:20 media:14 bytes:13864 free: p1:133 p2:268 p3:532
 LIBERACAO ANT:800 FREE_PROCESS:1 bytes:729296 alloc_cont:42400 free_cont:41600 diff:800 menor:10 maior:20 media:14 bytes:13720 free: p1:170 p2:230 p3:570
 LIBERACAO ANT:800 FREE_PROCESS:2 bytes:742952 alloc_cont:43200 free_cont:42400 diff:800 menor:10 maior:20 media:14 bytes:13656 free: p1:173 p2:240 p3:560
 LIBERACAO ANT:800 FREE_PROCESS:3 bytes:756684 alloc_cont:44000 free_cont:43200 diff:800 menor:10 maior:20 media:14 bytes:13732 free: p1:170 p2:227 p3:573
 LIBERACAO ANT:800 FREE_PROCESS:3 bytes:770424 alloc_cont:44800 free_cont:44000 diff:800 menor:10 maior:20 media:14 bytes:13740 free: p1:170 p2:225 p3:575
 LIBERACAO ANT:800 FREE_PROCESS:3 bytes:784112 alloc_cont:45600 free_cont:44800 diff:800 menor:10 maior:20 media:14 bytes:13688 free: p1:159 p2:260 p3:540
 LIBERACAO ANT:800 FREE_PROCESS:1 bytes:797900 alloc_cont:46400 free_cont:45600 diff:800 menor:10 maior:20 media:14 bytes:13788 free: p1:165 p2:223 p3:577
 LIBERACAO ANT:800 FREE_PROCESS:3 bytes:811680 alloc_cont:47200 free_cont:46400 diff:800 menor:10 maior:20 media:14 bytes:13780 free: p1:158 p2:239 p3:561
 LIBERACAO ANT:800 FREE_PROCESS:2 bytes:825568 alloc_cont:48000 free_cont:47200 diff:800 menor:10 maior:20 media:14 bytes:13888 free: p1:150 p2:228 p3:572
 LIBERACAO ANT:800 FREE_PROCESS:1 bytes:839348 alloc_cont:48800 free_cont:48000 diff:800 menor:10 maior:20 media:14 bytes:13780 free: p1:157 p2:241 p3:559
 LIBERACAO ANT:800 FREE_PROCESS:3 bytes:853052 alloc_cont:49600 free_cont:48800 diff:800 menor:10 maior:20 media:14 bytes:13704 free: p1:163 p2:248 p3:552
 LIBERACAO ANT:800 FREE_PROCESS:2 bytes:866760 alloc_cont:50400 free_cont:49600 diff:800 menor:10 maior:20 media:14 bytes:13708 free: p1:149 p2:275 p3:525
 LIBERACAO ANT:800 FREE_PROCESS:2 bytes:880464 alloc_cont:51200 free_cont:50400 diff:800 menor:10 maior:20 media:14 bytes:13704 free: p1:175 p2:224 p3:576
 LIBERACAO ANT:800 FREE_PROCESS:3 bytes:894156 alloc_cont:52000 free_cont:51200 diff:800 menor:10 maior:20 media:14 bytes:13692 free: p1:172 p2:233 p3:567
 LIBERACAO ANT:800 FREE_PROCESS:1 bytes:908016 alloc_cont:52800 free_cont:52000 diff:800 menor:10 maior:20 media:14 bytes:13860 free: p1:150 p2:235 p3:565
 LIBERACAO ANT:800 FREE_PROCESS:1 bytes:921752 alloc_cont:53600 free_cont:52800 diff:800 menor:10 maior:20 media:14 bytes:13736 free: p1:153 p2:260 p3:540
 LIBERACAO ANT:800 FREE_PROCESS:2 bytes:935544 alloc_cont:54400 free_cont:53600 diff:800 menor:10 maior:20 media:14 bytes:13792 free: p1:166 p2:220 p3:580
 LIBERACAO ANT:800 FREE_PROCESS:2 bytes:949284 alloc_cont:55200 free_cont:54400 diff:800 menor:10 maior:20 media:14 bytes:13740 free: p1:159 p2:247 p3:553
 LIBERACAO ANT:800 FREE_PROCESS:3 bytes:963020 alloc_cont:56000 free_cont:55200 diff:800 menor:10 maior:20 media:14 bytes:13736 free: p1:165 p2:236 p3:564
 LIBERACAO ANT:800 FREE_PROCESS:3 bytes:976768 alloc_cont:56800 free_cont:56000 diff:800 menor:10 maior:20 media:14 bytes:13748 free: p1:159 p2:245 p3:555
 LIBERACAO ANT:800 FREE_PROCESS:1 bytes:990492 alloc_cont:57600 free_cont:56800 diff:800 menor:10 maior:20 media:14 bytes:13724 free: p1:173 p2:223 p3:577
 LIBERACAO ANT:800 FREE_PROCESS:2 bytes:1004280 alloc_cont:58400 free_cont:57600 diff:800 menor:10 maior:20 media:14 bytes:13788 free: p1:150 p2:253 p3:547
 LIBERACAO ANT:800 FREE_PROCESS:3 bytes:1018128 alloc_cont:59200 free_cont:58400 diff:800 menor:10 maior:20 media:14 bytes:13848 free: p1:154 p2:230 p3:570
 LIBERACAO ANT:800 FREE_PROCESS:3 bytes:1032088 alloc_cont:60000 free_cont:59200 diff:800 menor:10 maior:20 media:14 bytes:13960 free: p1:137 p2:236 p3:564
 LIBERACAO ANT:800 FREE_PROCESS:1 bytes:1045668 alloc_cont:60800 free_cont:60000 diff:800 menor:10 maior:20 media:14 bytes:13580 free: p1:187 p2:231 p3:569
 LIBERACAO ANT:800 FREE_PROCESS:3 bytes:1059444 alloc_cont:61600 free_cont:60800 diff:800 menor:10 maior:20 media:14 bytes:13776 free: p1:162 p2:232 p3:568
 LIBERACAO ANT:800 FREE_PROCESS:3 bytes:1073272 alloc_cont:62400 free_cont:61600 diff:800 menor:10 maior:20 media:14 bytes:13828 free: p1:154 p2:235 p3:565
 LIBERACAO ANT:800 FREE_PROCESS:3 bytes:1087100 alloc_cont:63200 free_cont:62400 diff:800 menor:10 maior:20 media:14 bytes:13828 free: p1:157 p2:229 p3:571
 LIBERACAO ANT:800 FREE_PROCESS:2 bytes:1100956 alloc_cont:64000 free_cont:63200 diff:800 menor:10 maior:20 media:14 bytes:13856 free: p1:148 p2:240 p3:560
 LIBERACAO ANT:800 FREE_PROCESS:3 bytes:1114592 alloc_cont:64800 free_cont:64000 diff:800 menor:10 maior:20 media:14 bytes:13636 free: p1:170 p2:251 p3:549
 LIBERACAO ANT:800 FREE_PROCESS:3 bytes:1128352 alloc_cont:65600 free_cont:64800 diff:800 menor:10 maior:20 media:14 bytes:13760 free: p1:166 p2:228 p3:572
 LIBERACAO ANT:800 FREE_PROCESS:3 bytes:1141964 alloc_cont:66400 free_cont:65600 diff:800 menor:10 maior:20 media:14 bytes:13612 free: p1:181 p2:235 p3:565
 LIBERACAO ANT:800 FREE_PROCESS:3 bytes:1155712 alloc_cont:67200 free_cont:66400 diff:800 menor:10 maior:20 media:14 bytes:13748 free: p1:155 p2:253 p3:547
 LIBERACAO ANT:800 FREE_PROCESS:2 bytes:1169504 alloc_cont:68000 free_cont:67200 diff:800 menor:10 maior:20 media:14 bytes:13792 free: p1:163 p2:226 p3:574
 LIBERACAO ANT:800 FREE_PROCESS:1 bytes:1183288 alloc_cont:68800 free_cont:68000 diff:800 menor:10 maior:20 media:14 bytes:13784 free: p1:162 p2:230 p3:570
 LIBERACAO ANT:800 FREE_PROCESS:3 bytes:1197184 alloc_cont:69600 free_cont:68800 diff:800 menor:10 maior:20 media:14 bytes:13896 free: p1:144 p2:238 p3:562
 LIBERACAO ANT:800 FREE_PROCESS:3 bytes:1211040 alloc_cont:70400 free_cont:69600 diff:800 menor:10 maior:20 media:14 bytes:13856 free: p1:151 p2:234 p3:566
 LIBERACAO ANT:800 FREE_PROCESS:3 bytes:1224840 alloc_cont:71200 free_cont:70400 diff:800 menor:10 maior:20 media:14 bytes:13800 free: p1:148 p2:254 p3:546
 LIBERACAO ANT:800 FREE_PROCESS:1 bytes:1238576 alloc_cont:72000 free_cont:71200 diff:800 menor:10 maior:20 media:14 bytes:13736 free: p1:170 p2:226 p3:574
 LIBERACAO ANT:800 FREE_PROCESS:3 bytes:1252384 alloc_cont:72800 free_cont:72000 diff:800 menor:10 maior:20 media:14 bytes:13808 free: p1:152 p2:244 p3:556
 LIBERACAO ANT:800 FREE_PROCESS:3 bytes:1265852 alloc_cont:73600 free_cont:72800 diff:800 menor:10 maior:20 media:14 bytes:13468 free: p1:201 p2:231 p3:569
 LIBERACAO ANT:800 FREE_PROCESS:1 bytes:1279536 alloc_cont:74400 free_cont:73600 diff:800 menor:10 maior:20 media:14 bytes:13684 free: p1:173 p2:233 p3:567
 LIBERACAO ANT:800 FREE_PROCESS:3 bytes:1293236 alloc_cont:75200 free_cont:74400 diff:800 menor:10 maior:20 media:14 bytes:13700 free: p1:164 p2:247 p3:553
 LIBERACAO ANT:800 FREE_PROCESS:2 bytes:1306944 alloc_cont:76000 free_cont:75200 diff:800 menor:10 maior:20 media:14 bytes:13708 free: p1:156 p2:261 p3:539
 LIBERACAO ANT:800 FREE_PROCESS:3 bytes:1320668 alloc_cont:76800 free_cont:76000 diff:800 menor:10 maior:20 media:14 bytes:13724 free: p1:157 p2:255 p3:545
 LIBERACAO ANT:800 FREE_PROCESS:2 bytes:1334488 alloc_cont:77600 free_cont:76800 diff:800 menor:10 maior:20 media:14 bytes:13820 free: p1:165 p2:215 p3:585
 LIBERACAO ANT:800 FREE_PROCESS:2 bytes:1348140 alloc_cont:78400 free_cont:77600 diff:800 menor:10 maior:20 media:14 bytes:13652 free: p1:169 p2:249 p3:551
 LIBERACAO ANT:800 FREE_PROCESS:2 bytes:1362004 alloc_cont:79200 free_cont:78400 diff:800 menor:10 maior:20 media:14 bytes:13864 free: p1:155 p2:224 p3:576
 LIBERACAO ANT:800 FREE_PROCESS:2 bytes:1375740 alloc_cont:80000 free_cont:79200 diff:800 menor:10 maior:20 media:14 bytes:13736 free: p1:170 p2:226 p3:574
 LIBERACAO ANT:800 FREE_PROCESS:3 bytes:1389560 alloc_cont:80800 free_cont:80000 diff:800 menor:10 maior:20 media:14 bytes:13820 free: p1:144 p2:257 p3:543
 LIBERACAO ANT:800 FREE_PROCESS:3 bytes:1403376 alloc_cont:81600 free_cont:80800 diff:800 menor:10 maior:20 media:14 bytes:13816 free: p1:158 p2:230 p3:570
 LIBERACAO ANT:800 FREE_PROCESS:3 bytes:1417188 alloc_cont:82400 free_cont:81600 diff:800 menor:10 maior:20 media:14 bytes:13812 free: p1:152 p2:243 p3:557
 LIBERACAO ANT:800 FREE_PROCESS:3 bytes:1431200 alloc_cont:83200 free_cont:82400 diff:800 menor:10 maior:20 media:14 bytes:14012 free: p1:129 p2:239 p3:561
 LIBERACAO ANT:800 FREE_PROCESS:1 bytes:1444968 alloc_cont:84000 free_cont:83200 diff:800 menor:10 maior:20 media:14 bytes:13768 free: p1:163 p2:232 p3:568
 LIBERACAO ANT:800 FREE_PROCESS:1 bytes:1458732 alloc_cont:84800 free_cont:84000 diff:800 menor:10 maior:20 media:14 bytes:13764 free: p1:155 p2:249 p3:551
 LIBERACAO ANT:800 FREE_PROCESS:1 bytes:1472412 alloc_cont:85600 free_cont:84800 diff:800 menor:10 maior:20 media:14 bytes:13680 free: p1:169 p2:242 p3:558
 LIBERACAO ANT:800 FREE_PROCESS:3 bytes:1486140 alloc_cont:86400 free_cont:85600 diff:800 menor:10 maior:20 media:14 bytes:13728 free: p1:171 p2:226 p3:574
 LIBERACAO ANT:800 FREE_PROCESS:3 bytes:1499904 alloc_cont:87200 free_cont:86400 diff:800 menor:10 maior:20 media:14 bytes:13764 free: p1:155 p2:249 p3:551
 LIBERACAO ANT:800 FREE_PROCESS:2 bytes:1513680 alloc_cont:88000 free_cont:87200 diff:800 menor:10 maior:20 media:14 bytes:13776 free: p1:156 p2:244 p3:556
 LIBERACAO ANT:800 FREE_PROCESS:2 bytes:1527408 alloc_cont:88800 free_cont:88000 diff:800 menor:10 maior:20 media:14 bytes:13728 free: p1:159 p2:250 p3:550
 LIBERACAO ANT:800 FREE_PROCESS:3 bytes:1541236 alloc_cont:89600 free_cont:88800 diff:800 menor:10 maior:20 media:14 bytes:13828 free: p1:155 p2:233 p3:567
 LIBERACAO ANT:800 FREE_PROCESS:2 bytes:1555020 alloc_cont:90400 free_cont:89600 diff:800 menor:10 maior:20 media:14 bytes:13784 free: p1:167 p2:220 p3:580
 LIBERACAO ANT:800 FREE_PROCESS:1 bytes:1568728 alloc_cont:91200 free_cont:90400 diff:800 menor:10 maior:20 media:14 bytes:13708 free: p1:161 p2:251 p3:549
 LIBERACAO ANT:800 FREE_PROCESS:1 bytes:1582684 alloc_cont:92000 free_cont:91200 diff:800 menor:10 maior:20 media:14 bytes:13956 free: p1:141 p2:229 p3:571
 LIBERACAO ANT:800 FREE_PROCESS:1 bytes:1596448 alloc_cont:92800 free_cont:92000 diff:800 menor:10 maior:20 media:14 bytes:13764 free: p1:169 p2:221 p3:579
 LIBERACAO ANT:800 FREE_PROCESS:3 bytes:1610348 alloc_cont:93600 free_cont:92800 diff:800 menor:10 maior:20 media:14 bytes:13900 free: p1:153 p2:219 p3:581
 LIBERACAO ANT:800 FREE_PROCESS:3 bytes:1624060 alloc_cont:94400 free_cont:93600 diff:800 menor:10 maior:20 media:14 bytes:13712 free: p1:176 p2:220 p3:580
 LIBERACAO ANT:800 FREE_PROCESS:2 bytes:1637896 alloc_cont:95200 free_cont:94400 diff:800 menor:10 maior:20 media:14 bytes:13836 free: p1:146 p2:249 p3:551
 LIBERACAO ANT:800 FREE_PROCESS:2 bytes:1651652 alloc_cont:96000 free_cont:95200 diff:800 menor:10 maior:20 media:14 bytes:13756 free: p1:152 p2:257 p3:543
 LIBERACAO ANT:800 FREE_PROCESS:3 bytes:1665464 alloc_cont:96800 free_cont:96000 diff:800 menor:10 maior:20 media:14 bytes:13812 free: p1:153 p2:241 p3:559
 LIBERACAO ANT:800 FREE_PROCESS:3 bytes:1679180 alloc_cont:97600 free_cont:96800 diff:800 menor:10 maior:20 media:14 bytes:13716 free: p1:159 p2:253 p3:547
 LIBERACAO ANT:800 FREE_PROCESS:2 bytes:1692804 alloc_cont:98400 free_cont:97600 diff:800 menor:10 maior:20 media:14 bytes:13624 free: p1:185 p2:224 p3:576
 LIBERACAO ANT:800 FREE_PROCESS:2 bytes:1706596 alloc_cont:99200 free_cont:98400 diff:800 menor:10 maior:20 media:14 bytes:13792 free: p1:168 p2:216 p3:584
 LIBERACAO ANT:800 FREE_PROCESS:3 bytes:1720440 alloc_cont:100000 free_cont:99200 diff:800 menor:10 maior:20 media:14 bytes:13844 free: p1:146 p2:247 p3:553
 LIBERACAO ANT:800 FREE_PROCESS:2 bytes:1734116 alloc_cont:100800 free_cont:100000 diff:800 menor:10 maior:20 media:14 bytes:13676 free: p1:148 p2:285 p3:515
 LIBERACAO ANT:800 FREE_PROCESS:1 bytes:1747924 alloc_cont:101600 free_cont:100800 diff:800 menor:10 maior:20 media:14 bytes:13808 free: p1:160 p2:228 p3:572
 LIBERACAO ANT:800 FREE_PROCESS:3 bytes:1761824 alloc_cont:102400 free_cont:101600 diff:800 menor:10 maior:20 media:14 bytes:13900 free: p1:143 p2:239 p3:561
 LIBERACAO ANT:800 FREE_PROCESS:1 bytes:1775640 alloc_cont:103200 free_cont:102400 diff:800 menor:10 maior:20 media:14 bytes:13816 free: p1:149 p2:248 p3:552
 LIBERACAO ANT:800 FREE_PROCESS:3 bytes:1789564 alloc_cont:104000 free_cont:103200 diff:800 menor:10 maior:20 media:14 bytes:13924 free: p1:149 p2:221 p3:579
 LIBERACAO ANT:800 FREE_PROCESS:3 bytes:1803352 alloc_cont:104800 free_cont:104000 diff:800 menor:10 maior:20 media:14 bytes:13788 free: p1:153 p2:247 p3:553
 LIBERACAO ANT:800 FREE_PROCESS:2 bytes:1817132 alloc_cont:105600 free_cont:104800 diff:800 menor:10 maior:20 media:14 bytes:13780 free: p1:163 p2:229 p3:571
 LIBERACAO ANT:800 FREE_PROCESS:3 bytes:1831052 alloc_cont:106400 free_cont:105600 diff:800 menor:10 maior:20 media:14 bytes:13920 free: p1:151 p2:218 p3:582
 LIBERACAO ANT:800 FREE_PROCESS:3 bytes:1844772 alloc_cont:107200 free_cont:106400 diff:800 menor:10 maior:20 media:14 bytes:13720 free: p1:169 p2:232 p3:568
 LIBERACAO ANT:800 FREE_PROCESS:3 bytes:1858456 alloc_cont:108000 free_cont:107200 diff:800 menor:10 maior:20 media:14 bytes:13684 free: p1:153 p2:273 p3:527
 LIBERACAO ANT:800 FREE_PROCESS:2 bytes:1872232 alloc_cont:108800 free_cont:108000 diff:800 menor:10 maior:20 media:14 bytes:13776 free: p1:160 p2:236 p3:564
 LIBERACAO ANT:800 FREE_PROCESS:2 bytes:1885988 alloc_cont:109600 free_cont:108800 diff:800 menor:10 maior:20 media:14 bytes:13756 free: p1:169 p2:223 p3:577
 LIBERACAO ANT:800 FREE_PROCESS:2 bytes:1899724 alloc_cont:110400 free_cont:109600 diff:800 menor:10 maior:20 media:14 bytes:13736 free: p1:161 p2:244 p3:556
 LIBERACAO ANT:800 FREE_PROCESS:3 bytes:1913460 alloc_cont:111200 free_cont:110400 diff:800 menor:10 maior:20 media:14 bytes:13736 free: p1:153 p2:260 p3:540
 LIBERACAO ANT:800 FREE_PROCESS:1 bytes:1927272 alloc_cont:112000 free_cont:111200 diff:800 menor:10 maior:20 media:14 bytes:13812 free: p1:148 p2:251 p3:549
 LIBERACAO ANT:800 FREE_PROCESS:1 bytes:1940968 alloc_cont:112800 free_cont:112000 diff:800 menor:10 maior:20 media:14 bytes:13696 free: p1:164 p2:248 p3:552
 LIBERACAO ANT:800 FREE_PROCESS:2 bytes:1954616 alloc_cont:113600 free_cont:112800 diff:800 menor:10 maior:20 media:14 bytes:13648 free: p1:175 p2:238 p3:562
 LIBERACAO ANT:800 FREE_PROCESS:2 bytes:1968424 alloc_cont:114400 free_cont:113600 diff:800 menor:10 maior:20 media:14 bytes:13808 free: p1:161 p2:226 p3:574
 LIBERACAO ANT:800 FREE_PROCESS:2 bytes:1982108 alloc_cont:115200 free_cont:114400 diff:800 menor:10 maior:20 media:14 bytes:13684 free: p1:177 p2:225 p3:575
 LIBERACAO ANT:800 FREE_PROCESS:3 bytes:1995888 alloc_cont:116000 free_cont:115200 diff:800 menor:10 maior:20 media:14 bytes:13780 free: p1:154 p2:247 p3:553
 LIBERACAO ANT:800 FREE_PROCESS:2 bytes:2009632 alloc_cont:116800 free_cont:116000 diff:800 menor:10 maior:20 media:14 bytes:13744 free: p1:169 p2:226 p3:574
 LIBERACAO ANT:800 FREE_PROCESS:3 bytes:2023540 alloc_cont:117600 free_cont:116800 diff:800 menor:10 maior:20 media:14 bytes:13908 free: p1:140 p2:243 p3:557
 LIBERACAO ANT:800 FREE_PROCESS:2 bytes:2037324 alloc_cont:118400 free_cont:117600 diff:800 menor:10 maior:20 media:14 bytes:13784 free: p1:157 p2:240 p3:560
 LIBERACAO ANT:800 FREE_PROCESS:2 bytes:2050964 alloc_cont:119200 free_cont:118400 diff:800 menor:10 maior:20 media:14 bytes:13640 free: p1:179 p2:232 p3:568
 LIBERACAO ANT:800 FREE_PROCESS:3 bytes:2064716 alloc_cont:120000 free_cont:119200 diff:800 menor:10 maior:20 media:14 bytes:13752 free: p1:147 p2:268 p3:532
 LIBERACAO ANT:800 FREE_PROCESS:2 bytes:2078552 alloc_cont:120800 free_cont:120000 diff:800 menor:10 maior:20 media:14 bytes:13836 free: p1:143 p2:255 p3:545
 LIBERACAO ANT:800 FREE_PROCESS:2 bytes:2092304 alloc_cont:121600 free_cont:120800 diff:800 menor:10 maior:20 media:14 bytes:13752 free: p1:169 p2:224 p3:576
 LIBERACAO ANT:800 FREE_PROCESS:3 bytes:2106128 alloc_cont:122400 free_cont:121600 diff:800 menor:10 maior:20 media:14 bytes:13824 free: p1:160 p2:224 p3:576
 LIBERACAO ANT:800 FREE_PROCESS:2 bytes:2119932 alloc_cont:123200 free_cont:122400 diff:800 menor:10 maior:20 media:14 bytes:13804 free: p1:148 p2:253 p3:547
 LIBERACAO ANT:800 FREE_PROCESS:1 bytes:2133732 alloc_cont:124000 free_cont:123200 diff:800 menor:10 maior:20 media:14 bytes:13800 free: p1:157 p2:236 p3:564
 LIBERACAO ANT:800 FREE_PROCESS:3 bytes:2147480 alloc_cont:124800 free_cont:124000 diff:800 menor:10 maior:20 media:14 bytes:13748 free: p1:162 p2:239 p3:561
 LIBERACAO ANT:800 FREE_PROCESS:3 bytes:2161316 alloc_cont:125600 free_cont:124800 diff:800 menor:10 maior:20 media:14 bytes:13836 free: p1:150 p2:241 p3:559
 LIBERACAO ANT:800 FREE_PROCESS:2 bytes:2175016 alloc_cont:126400 free_cont:125600 diff:800 menor:10 maior:20 media:14 bytes:13700 free: p1:177 p2:221 p3:579
 LIBERACAO ANT:800 FREE_PROCESS:3 bytes:2188860 alloc_cont:127200 free_cont:126400 diff:800 menor:10 maior:20 media:14 bytes:13844 free: p1:146 p2:247 p3:553
 LIBERACAO ANT:800 FREE_PROCESS:1 bytes:2202736 alloc_cont:128000 free_cont:127200 diff:800 menor:10 maior:20 media:14 bytes:13876 free: p1:138 p2:255 p3:545
 LIBERACAO ANT:800 FREE_PROCESS:3 bytes:2216504 alloc_cont:128800 free_cont:128000 diff:800 menor:10 maior:20 media:14 bytes:13768 free: p1:143 p2:272 p3:528
 LIBERACAO ANT:800 FREE_PROCESS:2 bytes:2230320 alloc_cont:129600 free_cont:128800 diff:800 menor:10 maior:20 media:14 bytes:13816 free: p1:142 p2:262 p3:538
 LIBERACAO ANT:800 FREE_PROCESS:2 bytes:2244152 alloc_cont:130400 free_cont:129600 diff:800 menor:10 maior:20 media:14 bytes:13832 free: p1:146 p2:250 p3:550
 LIBERACAO ANT:800 FREE_PROCESS:2 bytes:2257956 alloc_cont:131200 free_cont:130400 diff:800 menor:10 maior:20 media:14 bytes:13804 free: p1:159 p2:231 p3:569
 LIBERACAO ANT:800 FREE_PROCESS:1 bytes:2271632 alloc_cont:132000 free_cont:131200 diff:800 menor:10 maior:20 media:14 bytes:13676 free: p1:176 p2:229 p3:571
 LIBERACAO ANT:800 FREE_PROCESS:3 bytes:2285316 alloc_cont:132800 free_cont:132000 diff:800 menor:10 maior:20 media:14 bytes:13684 free: p1:168 p2:243 p3:557
 LIBERACAO ANT:800 FREE_PROCESS:3 bytes:2299040 alloc_cont:133600 free_cont:132800 diff:800 menor:10 maior:20 media:14 bytes:13724 free: p1:176 p2:217 p3:583
 LIBERACAO ANT:800 FREE_PROCESS:2 bytes:2312888 alloc_cont:134400 free_cont:133600 diff:800 menor:10 maior:20 media:14 bytes:13848 free: p1:158 p2:222 p3:578
 LIBERACAO ANT:800 FREE_PROCESS:3 bytes:2326664 alloc_cont:135200 free_cont:134400 diff:800 menor:10 maior:20 media:14 bytes:13776 free: p1:154 p2:248 p3:552
 LIBERACAO ANT:800 FREE_PROCESS:1 bytes:2340432 alloc_cont:136000 free_cont:135200 diff:800 menor:10 maior:20 media:14 bytes:13768 free: p1:159 p2:240 p3:560
 LIBERACAO ANT:800 FREE_PROCESS:2 bytes:2354180 alloc_cont:136800 free_cont:136000 diff:800 menor:10 maior:20 media:14 bytes:13748 free: p1:154 p2:255 p3:545
 LIBERACAO ANT:800 FREE_PROCESS:2 bytes:2368068 alloc_cont:137600 free_cont:136800 diff:800 menor:10 maior:20 media:14 bytes:13888 free: p1:146 p2:236 p3:564
 LIBERACAO ANT:800 FREE_PROCESS:1 bytes:2381676 alloc_cont:138400 free_cont:137600 diff:800 menor:10 maior:20 media:14 bytes:13608 free: p1:167 p2:264 p3:536
 LIBERACAO ANT:800 FREE_PROCESS:3 bytes:2395560 alloc_cont:139200 free_cont:138400 diff:800 menor:10 maior:20 media:14 bytes:13884 free: p1:142 p2:245 p3:555
 LIBERACAO ANT:800 FREE_PROCESS:2 bytes:2409212 alloc_cont:140000 free_cont:139200 diff:800 menor:10 maior:20 media:14 bytes:13652 free: p1:169 p2:249 p3:551
 LIBERACAO ANT:800 FREE_PROCESS:1 bytes:2422936 alloc_cont:140800 free_cont:140000 diff:800 menor:10 maior:20 media:14 bytes:13724 free: p1:163 p2:243 p3:557
 LIBERACAO ANT:800 FREE_PROCESS:3 bytes:2436720 alloc_cont:141600 free_cont:140800 diff:800 menor:10 maior:20 media:14 bytes:13784 free: p1:155 p2:244 p3:556
 LIBERACAO ANT:800 FREE_PROCESS:1 bytes:2450520 alloc_cont:142400 free_cont:141600 diff:800 menor:10 maior:20 media:14 bytes:13800 free: p1:156 p2:238 p3:562
 LIBERACAO ANT:800 FREE_PROCESS:3 bytes:2464208 alloc_cont:143200 free_cont:142400 diff:800 menor:10 maior:20 media:14 bytes:13688 free: p1:160 p2:258 p3:542
 LIBERACAO ANT:800 FREE_PROCESS:3 bytes:2478036 alloc_cont:144000 free_cont:143200 diff:800 menor:10 maior:20 media:14 bytes:13828 free: p1:158 p2:227 p3:573
 LIBERACAO ANT:800 FREE_PROCESS:2 bytes:2491780 alloc_cont:144800 free_cont:144000 diff:800 menor:10 maior:20 media:14 bytes:13744 free: p1:175 p2:214 p3:586
 LIBERACAO ANT:800 FREE_PROCESS:3 bytes:2505496 alloc_cont:145600 free_cont:144800 diff:800 menor:10 maior:20 media:14 bytes:13716 free: p1:160 p2:251 p3:549
 LIBERACAO ANT:800 FREE_PROCESS:3 bytes:2519268 alloc_cont:146400 free_cont:145600 diff:800 menor:10 maior:20 media:14 bytes:13772 free: p1:167 p2:223 p3:577
 LIBERACAO ANT:800 FREE_PROCESS:2 bytes:2532848 alloc_cont:147200 free_cont:146400 diff:800 menor:10 maior:20 media:14 bytes:13580 free: p1:171 p2:263 p3:537
 LIBERACAO ANT:800 FREE_PROCESS:3 bytes:2546660 alloc_cont:148000 free_cont:147200 diff:800 menor:10 maior:20 media:14 bytes:13812 free: p1:150 p2:247 p3:553
 LIBERACAO ANT:800 FREE_PROCESS:1 bytes:2560320 alloc_cont:148800 free_cont:148000 diff:800 menor:10 maior:20 media:14 bytes:13660 free: p1:181 p2:223 p3:577
 LIBERACAO ANT:800 FREE_PROCESS:2 bytes:2574236 alloc_cont:149600 free_cont:148800 diff:800 menor:10 maior:20 media:14 bytes:13916 free: p1:151 p2:219 p3:581
 LIBERACAO ANT:800 FREE_PROCESS:3 bytes:2588024 alloc_cont:150400 free_cont:149600 diff:800 menor:10 maior:20 media:14 bytes:13788 free: p1:157 p2:239 p3:561
 LIBERACAO ANT:800 FREE_PROCESS:1 bytes:2601732 alloc_cont:151200 free_cont:150400 diff:800 menor:10 maior:20 media:14 bytes:13708 free: p1:166 p2:241 p3:559
 LIBERACAO ANT:800 FREE_PROCESS:1 bytes:2615668 alloc_cont:152000 free_cont:151200 diff:800 menor:10 maior:20 media:14 bytes:13936 free: p1:142 p2:232 p3:568
 LIBERACAO ANT:800 FREE_PROCESS:2 bytes:2629420 alloc_cont:152800 free_cont:152000 diff:800 menor:10 maior:20 media:14 bytes:13752 free: p1:166 p2:230 p3:570
 LIBERACAO ANT:800 FREE_PROCESS:1 bytes:2643132 alloc_cont:153600 free_cont:152800 diff:800 menor:10 maior:20 media:14 bytes:13712 free: p1:174 p2:224 p3:576
 LIBERACAO ANT:800 FREE_PROCESS:1 bytes:2657116 alloc_cont:154400 free_cont:153600 diff:800 menor:10 maior:20 media:14 bytes:13984 free: p1:133 p2:238 p3:562
 LIBERACAO ANT:800 FREE_PROCESS:1 bytes:2670860 alloc_cont:155200 free_cont:154400 diff:800 menor:10 maior:20 media:14 bytes:13744 free: p1:158 p2:248 p3:552
 LIBERACAO ANT:800 FREE_PROCESS:3 bytes:2684492 alloc_cont:156000 free_cont:155200 diff:800 menor:10 maior:20 media:14 bytes:13632 free: p1:173 p2:246 p3:554
 LIBERACAO ANT:800 FREE_PROCESS:2 bytes:2698280 alloc_cont:156800 free_cont:156000 diff:800 menor:10 maior:20 media:14 bytes:13788 free: p1:164 p2:225 p3:575
 LIBERACAO ANT:800 FREE_PROCESS:1 bytes:2712148 alloc_cont:157600 free_cont:156800 diff:800 menor:10 maior:20 media:14 bytes:13868 free: p1:143 p2:247 p3:553
 LIBERACAO ANT:800 FREE_PROCESS:3 bytes:2725764 alloc_cont:158400 free_cont:157600 diff:800 menor:10 maior:20 media:14 bytes:13616 free: p1:171 p2:254 p3:546
 LIBERACAO ANT:800 FREE_PROCESS:3 bytes:2739452 alloc_cont:159200 free_cont:158400 diff:800 menor:10 maior:20 media:14 bytes:13688 free: p1:165 p2:248 p3:552
 LIBERACAO ANT:800 FREE_PROCESS:3 bytes:2753244 alloc_cont:160000 free_cont:159200 diff:800 menor:10 maior:20 media:14 bytes:13792 free: p1:166 p2:220 p3:580
 LIBERACAO ANT:800 FREE_PROCESS:1 bytes:2766924 alloc_cont:160800 free_cont:160000 diff:800 menor:10 maior:20 media:14 bytes:13680 free: p1:170 p2:240 p3:560
 LIBERACAO ANT:800 FREE_PROCESS:2 bytes:2780708 alloc_cont:161600 free_cont:160800 diff:800 menor:10 maior:20 media:14 bytes:13784 free: p1:154 p2:246 p3:554
 LIBERACAO ANT:800 FREE_PROCESS:3 bytes:2794520 alloc_cont:162400 free_cont:161600 diff:800 menor:10 maior:20 media:14 bytes:13812 free: p1:154 p2:239 p3:561
 LIBERACAO ANT:800 FREE_PROCESS:1 bytes:2808172 alloc_cont:163200 free_cont:162400 diff:800 menor:10 maior:20 media:14 bytes:13652 free: p1:168 p2:251 p3:549
 LIBERACAO ANT:800 FREE_PROCESS:1 bytes:2822004 alloc_cont:164000 free_cont:163200 diff:800 menor:10 maior:20 media:14 bytes:13832 free: p1:152 p2:238 p3:562
 LIBERACAO ANT:800 FREE_PROCESS:2 bytes:2835832 alloc_cont:164800 free_cont:164000 diff:800 menor:10 maior:20 media:14 bytes:13828 free: p1:166 p2:211 p3:589
 LIBERACAO ANT:800 FREE_PROCESS:1 bytes:2849376 alloc_cont:165600 free_cont:164800 diff:800 menor:10 maior:20 media:14 bytes:13544 free: p1:195 p2:224 p3:576
 LIBERACAO ANT:800 FREE_PROCESS:3 bytes:2863080 alloc_cont:166400 free_cont:165600 diff:800 menor:10 maior:20 media:14 bytes:13704 free: p1:169 p2:236 p3:564
 LIBERACAO ANT:800 FREE_PROCESS:3 bytes:2877020 alloc_cont:167200 free_cont:166400 diff:800 menor:10 maior:20 media:14 bytes:13940 free: p1:144 p2:227 p3:573
 LIBERACAO ANT:800 FREE_PROCESS:2 bytes:2890832 alloc_cont:168000 free_cont:167200 diff:800 menor:10 maior:20 media:14 bytes:13812 free: p1:153 p2:241 p3:559
 LIBERACAO ANT:800 FREE_PROCESS:1 bytes:2904632 alloc_cont:168800 free_cont:168000 diff:800 menor:10 maior:20 media:14 bytes:13800 free: p1:142 p2:266 p3:534
 LIBERACAO ANT:800 FREE_PROCESS:3 bytes:2918320 alloc_cont:169600 free_cont:168800 diff:800 menor:10 maior:20 media:14 bytes:13688 free: p1:170 p2:238 p3:562
 LIBERACAO ANT:800 FREE_PROCESS:2 bytes:2932048 alloc_cont:170400 free_cont:169600 diff:800 menor:10 maior:20 media:14 bytes:13728 free: p1:159 p2:250 p3:550
 LIBERACAO ANT:800 FREE_PROCESS:2 bytes:2945884 alloc_cont:171200 free_cont:170400 diff:800 menor:10 maior:20 media:14 bytes:13836 free: p1:145 p2:251 p3:549
 LIBERACAO ANT:800 FREE_PROCESS:3 bytes:2959656 alloc_cont:172000 free_cont:171200 diff:800 menor:10 maior:20 media:14 bytes:13772 free: p1:162 p2:233 p3:567
 LIBERACAO ANT:800 FREE_PROCESS:3 bytes:2973388 alloc_cont:172800 free_cont:172000 diff:800 menor:10 maior:20 media:14 bytes:13732 free: p1:164 p2:239 p3:561
 LIBERACAO ANT:800 FREE_PROCESS:3 bytes:2987320 alloc_cont:173600 free_cont:172800 diff:800 menor:10 maior:20 media:14 bytes:13932 free: p1:133 p2:251 p3:549
 LIBERACAO ANT:800 FREE_PROCESS:2 bytes:3001108 alloc_cont:174400 free_cont:173600 diff:800 menor:10 maior:20 media:14 bytes:13788 free: p1:158 p2:237 p3:563
 LIBERACAO ANT:800 FREE_PROCESS:2 bytes:3014868 alloc_cont:175200 free_cont:174400 diff:800 menor:10 maior:20 media:14 bytes:13760 free: p1:149 p2:262 p3:538
 LIBERACAO ANT:800 FREE_PROCESS:2 bytes:3028772 alloc_cont:176000 free_cont:175200 diff:800 menor:10 maior:20 media:14 bytes:13904 free: p1:146 p2:232 p3:568
 LIBERACAO ANT:800 FREE_PROCESS:3 bytes:3042484 alloc_cont:176800 free_cont:176000 diff:800 menor:10 maior:20 media:14 bytes:13712 free: p1:170 p2:232 p3:568
 LIBERACAO ANT:800 FREE_PROCESS:2 bytes:3056288 alloc_cont:177600 free_cont:176800 diff:800 menor:10 maior:20 media:14 bytes:13804 free: p1:141 p2:267 p3:533
 LIBERACAO ANT:800 FREE_PROCESS:2 bytes:3070000 alloc_cont:178400 free_cont:177600 diff:800 menor:10 maior:20 media:14 bytes:13712 free: p1:154 p2:264 p3:536
 LIBERACAO ANT:800 FREE_PROCESS:1 bytes:3083748 alloc_cont:179200 free_cont:178400 diff:800 menor:10 maior:20 media:14 bytes:13748 free: p1:163 p2:237 p3:563
 LIBERACAO ANT:800 FREE_PROCESS:3 bytes:3097388 alloc_cont:180000 free_cont:179200 diff:800 menor:10 maior:20 media:14 bytes:13640 free: p1:172 p2:246 p3:554
 LIBERACAO ANT:800 FREE_PROCESS:2 bytes:3111264 alloc_cont:180800 free_cont:180000 diff:800 menor:10 maior:20 media:14 bytes:13876 free: p1:138 p2:255 p3:545
 LIBERACAO ANT:800 FREE_PROCESS:3 bytes:3124844 alloc_cont:181600 free_cont:180800 diff:800 menor:10 maior:20 media:14 bytes:13580 free: p1:180 p2:245 p3:555
 LIBERACAO ANT:800 FREE_PROCESS:3 bytes:3138644 alloc_cont:182400 free_cont:181600 diff:800 menor:10 maior:20 media:14 bytes:13800 free: p1:166 p2:218 p3:582
 LIBERACAO ANT:800 FREE_PROCESS:3 bytes:3152356 alloc_cont:183200 free_cont:182400 diff:800 menor:10 maior:20 media:14 bytes:13712 free: p1:174 p2:224 p3:576
 LIBERACAO ANT:800 FREE_PROCESS:2 bytes:3166088 alloc_cont:184000 free_cont:183200 diff:800 menor:10 maior:20 media:14 bytes:13732 free: p1:159 p2:249 p3:551
 LIBERACAO ANT:800 FREE_PROCESS:2 bytes:3179936 alloc_cont:184800 free_cont:184000 diff:800 menor:10 maior:20 media:14 bytes:13848 free: p1:151 p2:236 p3:564
 LIBERACAO ANT:800 FREE_PROCESS:3 bytes:3193588 alloc_cont:185600 free_cont:184800 diff:800 menor:10 maior:20 media:14 bytes:13652 free: p1:171 p2:245 p3:555
 LIBERACAO ANT:800 FREE_PROCESS:2 bytes:3207364 alloc_cont:186400 free_cont:185600 diff:800 menor:10 maior:20 media:14 bytes:13776 free: p1:153 p2:250 p3:550
 LIBERACAO ANT:800 FREE_PROCESS:3 bytes:3220988 alloc_cont:187200 free_cont:186400 diff:800 menor:10 maior:20 media:14 bytes:13624 free: p1:162 p2:270 p3:530
 LIBERACAO ANT:800 FREE_PROCESS:3 bytes:3234820 alloc_cont:188000 free_cont:187200 diff:800 menor:10 maior:20 media:14 bytes:13832 free: p1:158 p2:226 p3:574
 LIBERACAO ANT:800 FREE_PROCESS:3 bytes:3248404 alloc_cont:188800 free_cont:188000 diff:800 menor:10 maior:20 media:14 bytes:13584 free: p1:202 p2:200 p3:600
 LIBERACAO ANT:800 FREE_PROCESS:3 bytes:3262360 alloc_cont:189600 free_cont:188800 diff:800 menor:10 maior:20 media:14 bytes:13956 free: p1:131 p2:249 p3:551
 LIBERACAO ANT:800 FREE_PROCESS:3 bytes:3276136 alloc_cont:190400 free_cont:189600 diff:800 menor:10 maior:20 media:14 bytes:13776 free: p1:156 p2:244 p3:556
 LIBERACAO ANT:800 FREE_PROCESS:3 bytes:3289932 alloc_cont:191200 free_cont:190400 diff:800 menor:10 maior:20 media:14 bytes:13796 free: p1:148 p2:255 p3:545
 LIBERACAO ANT:800 FREE_PROCESS:3 bytes:3303900 alloc_cont:192000 free_cont:191200 diff:800 menor:10 maior:20 media:14 bytes:13968 free: p1:140 p2:228 p3:572
 LIBERACAO ANT:800 FREE_PROCESS:1 bytes:3317684 alloc_cont:192800 free_cont:192000 diff:800 menor:10 maior:20 media:14 bytes:13784 free: p1:157 p2:240 p3:560
 LIBERACAO ANT:800 FREE_PROCESS:2 bytes:3331532 alloc_cont:193600 free_cont:192800 diff:800 menor:10 maior:20 media:14 bytes:13848 free: p1:165 p2:208 p3:592
 LIBERACAO ANT:800 FREE_PROCESS:3 bytes:3345416 alloc_cont:194400 free_cont:193600 diff:800 menor:10 maior:20 media:14 bytes:13884 free: p1:150 p2:229 p3:571
 LIBERACAO ANT:800 FREE_PROCESS:2 bytes:3359180 alloc_cont:195200 free_cont:194400 diff:800 menor:10 maior:20 media:14 bytes:13764 free: p1:152 p2:255 p3:545
 LIBERACAO ANT:800 FREE_PROCESS:1 bytes:3372912 alloc_cont:196000 free_cont:195200 diff:800 menor:10 maior:20 media:14 bytes:13732 free: p1:166 p2:235 p3:565
 LIBERACAO ANT:800 FREE_PROCESS:2 bytes:3386692 alloc_cont:196800 free_cont:196000 diff:800 menor:10 maior:20 media:14 bytes:13780 free: p1:149 p2:257 p3:543
 LIBERACAO ANT:800 FREE_PROCESS:3 bytes:3400392 alloc_cont:197600 free_cont:196800 diff:800 menor:10 maior:20 media:14 bytes:13700 free: p1:159 p2:257 p3:543
 LIBERACAO ANT:800 FREE_PROCESS:1 bytes:3414152 alloc_cont:198400 free_cont:197600 diff:800 menor:10 maior:20 media:14 bytes:13760 free: p1:167 p2:226 p3:574
 LIBERACAO ANT:800 FREE_PROCESS:2 bytes:3427908 alloc_cont:199200 free_cont:198400 diff:800 menor:10 maior:20 media:14 bytes:13756 free: p1:163 p2:235 p3:565
 LIBERACAO ANT:800 FREE_PROCESS:3 bytes:3441552 alloc_cont:200000 free_cont:199200 diff:800 menor:10 maior:20 media:14 bytes:13644 free: p1:172 p2:245 p3:555
 LIBERACAO ANT:800 FREE_PROCESS:3 bytes:3455184 alloc_cont:200800 free_cont:200000 diff:800 menor:10 maior:20 media:14 bytes:13632 free: p1:177 p2:238 p3:562
 LIBERACAO ANT:800 FREE_PROCESS:2 bytes:3468960 alloc_cont:201600 free_cont:200800 diff:800 menor:10 maior:20 media:14 bytes:13776 free: p1:161 p2:234 p3:566
 LIBERACAO ANT:800 FREE_PROCESS:1 bytes:3482812 alloc_cont:202400 free_cont:201600 diff:800 menor:10 maior:20 media:14 bytes:13852 free: p1:156 p2:225 p3:575
 LIBERACAO ANT:800 FREE_PROCESS:2 bytes:3496400 alloc_cont:203200 free_cont:202400 diff:800 menor:10 maior:20 media:14 bytes:13588 free: p1:176 p2:251 p3:549
 LIBERACAO ANT:800 FREE_PROCESS:3 bytes:3510196 alloc_cont:204000 free_cont:203200 diff:800 menor:10 maior:20 media:14 bytes:13796 free: p1:159 p2:233 p3:567
 LIBERACAO ANT:800 FREE_PROCESS:3 bytes:3523960 alloc_cont:204800 free_cont:204000 diff:800 menor:10 maior:20 media:14 bytes:13764 free: p1:164 p2:231 p3:569
 LIBERACAO ANT:800 FREE_PROCESS:1 bytes:3537820 alloc_cont:205600 free_cont:204800 diff:800 menor:10 maior:20 media:14 bytes:13860 free: p1:149 p2:237 p3:563
 LIBERACAO ANT:800 FREE_PROCESS:3 bytes:3551748 alloc_cont:206400 free_cont:205600 diff:800 menor:10 maior:20 media:14 bytes:13928 free: p1:137 p2:244 p3:556
 LIBERACAO ANT:800 FREE_PROCESS:3 bytes:3565632 alloc_cont:207200 free_cont:206400 diff:800 menor:10 maior:20 media:14 bytes:13884 free: p1:146 p2:237 p3:563
 LIBERACAO ANT:800 FREE_PROCESS:3 bytes:3579328 alloc_cont:208000 free_cont:207200 diff:800 menor:10 maior:20 media:14 bytes:13696 free: p1:171 p2:234 p3:566
 LIBERACAO ANT:800 FREE_PROCESS:2 bytes:3593068 alloc_cont:208800 free_cont:208000 diff:800 menor:10 maior:20 media:14 bytes:13740 free: p1:165 p2:235 p3:565
 LIBERACAO ANT:800 FREE_PROCESS:3 bytes:3607024 alloc_cont:209600 free_cont:208800 diff:800 menor:10 maior:20 media:14 bytes:13956 free: p1:135 p2:241 p3:559
 LIBERACAO ANT:800 FREE_PROCESS:3 bytes:3620956 alloc_cont:210400 free_cont:209600 diff:800 menor:10 maior:20 media:14 bytes:13932 free: p1:140 p2:237 p3:563
 LIBERACAO ANT:800 FREE_PROCESS:2 bytes:3634684 alloc_cont:211200 free_cont:210400 diff:800 menor:10 maior:20 media:14 bytes:13728 free: p1:166 p2:236 p3:564
 LIBERACAO ANT:800 FREE_PROCESS:3 bytes:3648484 alloc_cont:212000 free_cont:211200 diff:800 menor:10 maior:20 media:14 bytes:13800 free: p1:148 p2:254 p3:546
 LIBERACAO ANT:800 FREE_PROCESS:3 bytes:3662188 alloc_cont:212800 free_cont:212000 diff:800 menor:10 maior:20 media:14 bytes:13704 free: p1:167 p2:240 p3:560
 LIBERACAO ANT:800 FREE_PROCESS:3 bytes:3675992 alloc_cont:213600 free_cont:212800 diff:800 menor:10 maior:20 media:14 bytes:13804 free: p1:145 p2:259 p3:541
 LIBERACAO ANT:800 FREE_PROCESS:2 bytes:3689696 alloc_cont:214400 free_cont:213600 diff:800 menor:10 maior:20 media:14 bytes:13704 free: p1:159 p2:256 p3:544
 LIBERACAO ANT:800 FREE_PROCESS:2 bytes:3703576 alloc_cont:215200 free_cont:214400 diff:800 menor:10 maior:20 media:14 bytes:13880 free: p1:156 p2:218 p3:582
 LIBERACAO ANT:800 FREE_PROCESS:1 bytes:3717408 alloc_cont:216000 free_cont:215200 diff:800 menor:10 maior:20 media:14 bytes:13832 free: p1:150 p2:242 p3:558
 LIBERACAO ANT:800 FREE_PROCESS:3 bytes:3731328 alloc_cont:216800 free_cont:216000 diff:800 menor:10 maior:20 media:14 bytes:13920 free: p1:134 p2:252 p3:548
 LIBERACAO ANT:800 FREE_PROCESS:2 bytes:3745108 alloc_cont:217600 free_cont:216800 diff:800 menor:10 maior:20 media:14 bytes:13780 free: p1:156 p2:243 p3:557
 LIBERACAO ANT:800 FREE_PROCESS:2 bytes:3758816 alloc_cont:218400 free_cont:217600 diff:800 menor:10 maior:20 media:14 bytes:13708 free: p1:176 p2:221 p3:579
 LIBERACAO ANT:800 FREE_PROCESS:3 bytes:3772600 alloc_cont:219200 free_cont:218400 diff:800 menor:10 maior:20 media:14 bytes:13784 free: p1:155 p2:244 p3:556
 LIBERACAO ANT:800 FREE_PROCESS:3 bytes:3786396 alloc_cont:220000 free_cont:219200 diff:800 menor:10 maior:20 media:14 bytes:13796 free: p1:152 p2:247 p3:553
 LIBERACAO ANT:800 FREE_PROCESS:3 bytes:3800208 alloc_cont:220800 free_cont:220000 diff:800 menor:10 maior:20 media:14 bytes:13812 free: p1:152 p2:243 p3:557
 LIBERACAO ANT:800 FREE_PROCESS:3 bytes:3813980 alloc_cont:221600 free_cont:220800 diff:800 menor:10 maior:20 media:14 bytes:13772 free: p1:166 p2:225 p3:575
 LIBERACAO ANT:800 FREE_PROCESS:2 bytes:3827528 alloc_cont:222400 free_cont:221600 diff:800 menor:10 maior:20 media:14 bytes:13548 free: p1:185 p2:243 p3:557
 LIBERACAO ANT:800 FREE_PROCESS:3 bytes:3841340 alloc_cont:223200 free_cont:222400 diff:800 menor:10 maior:20 media:14 bytes:13812 free: p1:150 p2:247 p3:553
 LIBERACAO ANT:800 FREE_PROCESS:3 bytes:3855152 alloc_cont:224000 free_cont:223200 diff:800 menor:10 maior:20 media:14 bytes:13812 free: p1:154 p2:239 p3:561
 LIBERACAO ANT:800 FREE_PROCESS:3 bytes:3868948 alloc_cont:224800 free_cont:224000 diff:800 menor:10 maior:20 media:14 bytes:13796 free: p1:157 p2:237 p3:563
 LIBERACAO ANT:800 FREE_PROCESS:3 bytes:3882644 alloc_cont:225600 free_cont:224800 diff:800 menor:10 maior:20 media:14 bytes:13696 free: p1:165 p2:246 p3:554
 LIBERACAO ANT:800 FREE_PROCESS:3 bytes:3896508 alloc_cont:226400 free_cont:225600 diff:800 menor:10 maior:20 media:14 bytes:13864 free: p1:156 p2:222 p3:578
 LIBERACAO ANT:800 FREE_PROCESS:1 bytes:3910280 alloc_cont:227200 free_cont:226400 diff:800 menor:10 maior:20 media:14 bytes:13772 free: p1:149 p2:259 p3:541
 LIBERACAO ANT:800 FREE_PROCESS:3 bytes:3924020 alloc_cont:228000 free_cont:227200 diff:800 menor:10 maior:20 media:14 bytes:13740 free: p1:160 p2:245 p3:555
 LIBERACAO ANT:800 FREE_PROCESS:1 bytes:3937844 alloc_cont:228800 free_cont:228000 diff:800 menor:10 maior:20 media:14 bytes:13824 free: p1:149 p2:246 p3:554
 LIBERACAO ANT:800 FREE_PROCESS:3 bytes:3951576 alloc_cont:229600 free_cont:228800 diff:800 menor:10 maior:20 media:14 bytes:13732 free: p1:167 p2:233 p3:567
 LIBERACAO ANT:800 FREE_PROCESS:3 bytes:3965348 alloc_cont:230400 free_cont:229600 diff:800 menor:10 maior:20 media:14 bytes:13772 free: p1:169 p2:219 p3:581
 LIBERACAO ANT:800 FREE_PROCESS:3 bytes:3979068 alloc_cont:231200 free_cont:230400 diff:800 menor:10 maior:20 media:14 bytes:13720 free: p1:168 p2:234 p3:566
 LIBERACAO ANT:800 FREE_PROCESS:3 bytes:3992884 alloc_cont:232000 free_cont:231200 diff:800 menor:10 maior:20 media:14 bytes:13816 free: p1:156 p2:234 p3:566
 LIBERACAO ANT:800 FREE_PROCESS:2 bytes:4006720 alloc_cont:232800 free_cont:232000 diff:800 menor:10 maior:20 media:14 bytes:13836 free: p1:147 p2:247 p3:553
 LIBERACAO ANT:800 FREE_PROCESS:3 bytes:4020528 alloc_cont:233600 free_cont:232800 diff:800 menor:10 maior:20 media:14 bytes:13808 free: p1:162 p2:224 p3:576
 LIBERACAO ANT:800 FREE_PROCESS:2 bytes:4034112 alloc_cont:234400 free_cont:233600 diff:800 menor:10 maior:20 media:14 bytes:13584 free: p1:169 p2:266 p3:534
 LIBERACAO ANT:800 FREE_PROCESS:3 bytes:4048020 alloc_cont:235200 free_cont:234400 diff:800 menor:10 maior:20 media:14 bytes:13908 free: p1:143 p2:237 p3:563
 LIBERACAO ANT:800 FREE_PROCESS:2 bytes:4061796 alloc_cont:236000 free_cont:235200 diff:800 menor:10 maior:20 media:14 bytes:13776 free: p1:161 p2:234 p3:566
 LIBERACAO ANT:800 FREE_PROCESS:3 bytes:4075560 alloc_cont:236800 free_cont:236000 diff:800 menor:10 maior:20 media:14 bytes:13764 free: p1:160 p2:239 p3:561
 LIBERACAO ANT:800 FREE_PROCESS:1 bytes:4089380 alloc_cont:237600 free_cont:236800 diff:800 menor:10 maior:20 media:14 bytes:13820 free: p1:153 p2:239 p3:561
 LIBERACAO ANT:800 FREE_PROCESS:3 bytes:4102964 alloc_cont:238400 free_cont:237600 diff:800 menor:10 maior:20 media:14 bytes:13584 free: p1:176 p2:252 p3:548
 LIBERACAO ANT:800 FREE_PROCESS:3 bytes:4116796 alloc_cont:239200 free_cont:238400 diff:800 menor:10 maior:20 media:14 bytes:13832 free: p1:161 p2:220 p3:580
 LIBERACAO ANT:800 FREE_PROCESS:1 bytes:4130544 alloc_cont:240000 free_cont:239200 diff:800 menor:10 maior:20 media:14 bytes:13748 free: p1:152 p2:259 p3:541
 LIBERACAO ANT:800 FREE_PROCESS:2 bytes:4144292 alloc_cont:240800 free_cont:240000 diff:800 menor:10 maior:20 media:14 bytes:13748 free: p1:167 p2:229 p3:571
 LIBERACAO ANT:800 FREE_PROCESS:3 bytes:4157980 alloc_cont:241600 free_cont:240800 diff:800 menor:10 maior:20 media:14 bytes:13688 free: p1:164 p2:250 p3:550
 LIBERACAO ANT:800 FREE_PROCESS:1 bytes:4171744 alloc_cont:242400 free_cont:241600 diff:800 menor:10 maior:20 media:14 bytes:13764 free: p1:154 p2:251 p3:549
 LIBERACAO ANT:800 FREE_PROCESS:3 bytes:4185432 alloc_cont:243200 free_cont:242400 diff:800 menor:10 maior:20 media:14 bytes:13688 free: p1:156 p2:266 p3:534
 LIBERACAO ANT:800 FREE_PROCESS:3 bytes:4199168 alloc_cont:244000 free_cont:243200 diff:800 menor:10 maior:20 media:14 bytes:13736 free: p1:163 p2:240 p3:560
 LIBERACAO ANT:800 FREE_PROCESS:2 bytes:4212892 alloc_cont:244800 free_cont:244000 diff:800 menor:10 maior:20 media:14 bytes:13724 free: p1:168 p2:233 p3:567
 LIBERACAO ANT:800 FREE_PROCESS:3 bytes:4226412 alloc_cont:245600 free_cont:244800 diff:800 menor:10 maior:20 media:14 bytes:13520 free: p1:189 p2:242 p3:558
 LIBERACAO ANT:800 FREE_PROCESS:2 bytes:4240128 alloc_cont:246400 free_cont:245600 diff:800 menor:10 maior:20 media:14 bytes:13716 free: p1:158 p2:255 p3:545
 LIBERACAO ANT:800 FREE_PROCESS:2 bytes:4253576 alloc_cont:247200 free_cont:246400 diff:800 menor:10 maior:20 media:14 bytes:13448 free: p1:195 p2:248 p3:552
 LIBERACAO ANT:800 FREE_PROCESS:2 bytes:4267392 alloc_cont:248000 free_cont:247200 diff:800 menor:10 maior:20 media:14 bytes:13816 free: p1:151 p2:244 p3:556
 LIBERACAO ANT:800 FREE_PROCESS:2 bytes:4281112 alloc_cont:248800 free_cont:248000 diff:800 menor:10 maior:20 media:14 bytes:13720 free: p1:170 p2:230 p3:570
 LIBERACAO ANT:800 FREE_PROCESS:2 bytes:4294936 alloc_cont:249600 free_cont:248800 diff:800 menor:10 maior:20 media:14 bytes:13824 free: p1:146 p2:252 p3:548
 LIBERACAO ANT:800 FREE_PROCESS:1 bytes:4308780 alloc_cont:250400 free_cont:249600 diff:800 menor:10 maior:20 media:14 bytes:13844 free: p1:158 p2:223 p3:577
 LIBERACAO ANT:800 FREE_PROCESS:2 bytes:4322528 alloc_cont:251200 free_cont:250400 diff:800 menor:10 maior:20 media:14 bytes:13748 free: p1:160 p2:243 p3:557
 LIBERACAO ANT:800 FREE_PROCESS:1 bytes:4336332 alloc_cont:252000 free_cont:251200 diff:800 menor:10 maior:20 media:14 bytes:13804 free: p1:158 p2:233 p3:567
 LIBERACAO ANT:800 FREE_PROCESS:2 bytes:4350088 alloc_cont:252800 free_cont:252000 diff:800 menor:10 maior:20 media:14 bytes:13756 free: p1:151 p2:259 p3:541
 LIBERACAO ANT:800 FREE_PROCESS:2 bytes:4363848 alloc_cont:253600 free_cont:252800 diff:800 menor:10 maior:20 media:14 bytes:13760 free: p1:157 p2:246 p3:554
 LIBERACAO ANT:800 FREE_PROCESS:3 bytes:4377620 alloc_cont:254400 free_cont:253600 diff:800 menor:10 maior:20 media:14 bytes:13772 free: p1:152 p2:253 p3:547
 LIBERACAO ANT:800 FREE_PROCESS:2 bytes:4391352 alloc_cont:255200 free_cont:254400 diff:800 menor:10 maior:20 media:14 bytes:13732 free: p1:163 p2:241 p3:559
 LIBERACAO ANT:800 FREE_PROCESS:3 bytes:4404972 alloc_cont:256000 free_cont:255200 diff:800 menor:10 maior:20 media:14 bytes:13620 free: p1:180 p2:235 p3:565
 LIBERACAO ANT:800 FREE_PROCESS:3 bytes:4418620 alloc_cont:256800 free_cont:256000 diff:800 menor:10 maior:20 media:14 bytes:13648 free: p1:165 p2:258 p3:542
 LIBERACAO ANT:800 FREE_PROCESS:3 bytes:4432392 alloc_cont:257600 free_cont:256800 diff:800 menor:10 maior:20 media:14 bytes:13772 free: p1:158 p2:241 p3:559
 LIBERACAO ANT:800 FREE_PROCESS:3 bytes:4446060 alloc_cont:258400 free_cont:257600 diff:800 menor:10 maior:20 media:14 bytes:13668 free: p1:168 p2:247 p3:553
 LIBERACAO ANT:800 FREE_PROCESS:3 bytes:4459736 alloc_cont:259200 free_cont:258400 diff:800 menor:10 maior:20 media:14 bytes:13676 free: p1:167 p2:247 p3:553
 LIBERACAO ANT:800 FREE_PROCESS:1 bytes:4473376 alloc_cont:260000 free_cont:259200 diff:800 menor:10 maior:20 media:14 bytes:13640 free: p1:172 p2:246 p3:554
 LIBERACAO ANT:800 FREE_PROCESS:1 bytes:4487104 alloc_cont:260800 free_cont:260000 diff:800 menor:10 maior:20 media:14 bytes:13728 free: p1:164 p2:240 p3:560
 LIBERACAO ANT:800 FREE_PROCESS:1 bytes:4500988 alloc_cont:261600 free_cont:260800 diff:800 menor:10 maior:20 media:14 bytes:13884 free: p1:149 p2:231 p3:569
 LIBERACAO ANT:800 FREE_PROCESS:3 bytes:4514852 alloc_cont:262400 free_cont:261600 diff:800 menor:10 maior:20 media:14 bytes:13864 free: p1:150 p2:234 p3:566
 LIBERACAO ANT:800 FREE_PROCESS:2 bytes:4528628 alloc_cont:263200 free_cont:262400 diff:800 menor:10 maior:20 media:14 bytes:13776 free: p1:160 p2:236 p3:564
 LIBERACAO ANT:800 FREE_PROCESS:2 bytes:4542396 alloc_cont:264000 free_cont:263200 diff:800 menor:10 maior:20 media:14 bytes:13768 free: p1:146 p2:266 p3:534
 LIBERACAO ANT:800 FREE_PROCESS:3 bytes:4556272 alloc_cont:264800 free_cont:264000 diff:800 menor:10 maior:20 media:14 bytes:13876 free: p1:145 p2:241 p3:559
 LIBERACAO ANT:800 FREE_PROCESS:3 bytes:4569948 alloc_cont:265600 free_cont:264800 diff:800 menor:10 maior:20 media:14 bytes:13676 free: p1:168 p2:245 p3:555
 LIBERACAO ANT:800 FREE_PROCESS:3 bytes:4583640 alloc_cont:266400 free_cont:265600 diff:800 menor:10 maior:20 media:14 bytes:13692 free: p1:159 p2:259 p3:541
 LIBERACAO ANT:800 FREE_PROCESS:1 bytes:4597436 alloc_cont:267200 free_cont:266400 diff:800 menor:10 maior:20 media:14 bytes:13796 free: p1:164 p2:223 p3:577
 LIBERACAO ANT:800 FREE_PROCESS:1 bytes:4611088 alloc_cont:268000 free_cont:267200 diff:800 menor:10 maior:20 media:14 bytes:13652 free: p1:169 p2:249 p3:551
 LIBERACAO ANT:800 FREE_PROCESS:3 bytes:4624768 alloc_cont:268800 free_cont:268000 diff:800 menor:10 maior:20 media:14 bytes:13680 free: p1:170 p2:240 p3:560
 LIBERACAO ANT:800 FREE_PROCESS:2 bytes:4638516 alloc_cont:269600 free_cont:268800 diff:800 menor:10 maior:20 media:14 bytes:13748 free: p1:159 p2:245 p3:555
 LIBERACAO ANT:800 FREE_PROCESS:3 bytes:4652308 alloc_cont:270400 free_cont:269600 diff:800 menor:10 maior:20 media:14 bytes:13792 free: p1:166 p2:220 p3:580
 LIBERACAO ANT:800 FREE_PROCESS:3 bytes:4666228 alloc_cont:271200 free_cont:270400 diff:800 menor:10 maior:20 media:14 bytes:13920 free: p1:138 p2:244 p3:556
 LIBERACAO ANT:800 FREE_PROCESS:3 bytes:4680076 alloc_cont:272000 free_cont:271200 diff:800 menor:10 maior:20 media:14 bytes:13848 free: p1:146 p2:246 p3:554
 LIBERACAO ANT:800 FREE_PROCESS:1 bytes:4693892 alloc_cont:272800 free_cont:272000 diff:800 menor:10 maior:20 media:14 bytes:13816 free: p1:152 p2:242 p3:558
 LIBERACAO ANT:800 FREE_PROCESS:2 bytes:4707804 alloc_cont:273600 free_cont:272800 diff:800 menor:10 maior:20 media:14 bytes:13912 free: p1:138 p2:246 p3:554
 LIBERACAO ANT:800 FREE_PROCESS:2 bytes:4721652 alloc_cont:274400 free_cont:273600 diff:800 menor:10 maior:20 media:14 bytes:13848 free: p1:146 p2:246 p3:554
 LIBERACAO ANT:800 FREE_PROCESS:3 bytes:4735420 alloc_cont:275200 free_cont:274400 diff:800 menor:10 maior:20 media:14 bytes:13768 free: p1:166 p2:226 p3:574
 LIBERACAO ANT:800 FREE_PROCESS:1 bytes:4749112 alloc_cont:276000 free_cont:275200 diff:800 menor:10 maior:20 media:14 bytes:13692 free: p1:175 p2:227 p3:573
 LIBERACAO ANT:800 FREE_PROCESS:3 bytes:4762872 alloc_cont:276800 free_cont:276000 diff:800 menor:10 maior:20 media:14 bytes:13760 free: p1:171 p2:218 p3:582
 LIBERACAO ANT:800 FREE_PROCESS:2 bytes:4776700 alloc_cont:277600 free_cont:276800 diff:800 menor:10 maior:20 media:14 bytes:13828 free: p1:160 p2:223 p3:577
 LIBERACAO ANT:800 FREE_PROCESS:2 bytes:4790364 alloc_cont:278400 free_cont:277600 diff:800 menor:10 maior:20 media:14 bytes:13664 free: p1:173 p2:238 p3:562
 LIBERACAO ANT:800 FREE_PROCESS:2 bytes:4804224 alloc_cont:279200 free_cont:278400 diff:800 menor:10 maior:20 media:14 bytes:13860 free: p1:141 p2:253 p3:547
 LIBERACAO ANT:800 FREE_PROCESS:2 bytes:4818008 alloc_cont:280000 free_cont:279200 diff:800 menor:10 maior:20 media:14 bytes:13784 free: p1:167 p2:220 p3:580
 LIBERACAO ANT:800 FREE_PROCESS:3 bytes:4831788 alloc_cont:280800 free_cont:280000 diff:800 menor:10 maior:20 media:14 bytes:13780 free: p1:155 p2:245 p3:555
 LIBERACAO ANT:800 FREE_PROCESS:3 bytes:4845500 alloc_cont:281600 free_cont:280800 diff:800 menor:10 maior:20 media:14 bytes:13712 free: p1:161 p2:250 p3:550
 LIBERACAO ANT:800 FREE_PROCESS:2 bytes:4859368 alloc_cont:282400 free_cont:281600 diff:800 menor:10 maior:20 media:14 bytes:13868 free: p1:158 p2:217 p3:583
 LIBERACAO ANT:800 FREE_PROCESS:3 bytes:4873144 alloc_cont:283200 free_cont:282400 diff:800 menor:10 maior:20 media:14 bytes:13776 free: p1:151 p2:254 p3:546
 LIBERACAO ANT:800 FREE_PROCESS:1 bytes:4886884 alloc_cont:284000 free_cont:283200 diff:800 menor:10 maior:20 media:14 bytes:13740 free: p1:156 p2:253 p3:547
 LIBERACAO ANT:800]0;max@Ubuntu-Max: ~/NKE/NKE0.8a/Placa[01;32mmax@Ubuntu-Max[00m:[01;34m~/NKE/NKE0.8a/Placa[00m$ ^C
]0;max@Ubuntu-Max: ~/NKE/NKE0.8a/Placa[01;32mmax@Ubuntu-Max[00m:[01;34m~/NKE/NKE0.8a/Placa[00m$ exit
exit

Script done on Dom 03 Jun 2018 23:05:17 -03
