Script started on Dom 03 Jun 2018 23:02:01 -03
]0;max@Ubuntu-Max: ~/NKE/NKE0.8a/Placa[01;32mmax@Ubuntu-Max[00m:[01;34m~/NKE/NKE0.8a/Placa[00m$ exit../terminal64 

Serial terminal/uploader for Linux: Command line:
	terminal64 [-f] [serial_device] [tty_out] [b=baudrate] [file.hex]

PaNKE-Terminal Opened "/dev/ttyUSB0" @ 19200 baud
Ctrl-C to exit
Ctrl-R RESET remote device
 pÿ>>>>> INICIALIZA >>>>>> FREE_PROCESS:3 bytes:14304 alloc_cont:826 free_cont:0 diff:826 menor:12 maior:18 media:16 bytes:14304 free: p1:153 p2:248 p3:578
 LIBERACAO ANT:826 FREE_PROCESS:2 bytes:28376 alloc_cont:1652 free_cont:826 diff:826 menor:10 maior:18 media:15 bytes:14072 free: p1:183 p2:246 p3:580
 LIBERACAO ANT:826 FREE_PROCESS:1 bytes:42592 alloc_cont:2478 free_cont:1652 diff:826 menor:10 maior:18 media:15 bytes:14216 free: p1:166 p2:244 p3:582
 LIBERACAO ANT:826 FREE_PROCESS:3 bytes:56920 alloc_cont:3304 free_cont:2478 diff:826 menor:10 maior:18 media:15 bytes:14328 free: p1:152 p2:244 p3:582
 LIBERACAO ANT:826 FREE_PROCESS:2 bytes:71056 alloc_cont:4130 free_cont:3304 diff:826 menor:10 maior:18 media:15 bytes:14136 free: p1:174 p2:248 p3:578
 LIBERACAO ANT:826 FREE_PROCESS:3 bytes:85272 alloc_cont:4956 free_cont:4130 diff:826 menor:10 maior:18 media:15 bytes:14216 free: p1:158 p2:260 p3:566
 LIBERACAO ANT:826 FREE_PROCESS:1 bytes:99572 alloc_cont:5782 free_cont:4956 diff:826 menor:10 maior:18 media:15 bytes:14300 free: p1:150 p2:255 p3:571
 LIBERACAO ANT:826 FREE_PROCESS:1 bytes:113652 alloc_cont:6608 free_cont:5782 diff:826 menor:10 maior:18 media:15 bytes:14080 free: p1:180 p2:250 p3:576
 LIBERACAO ANT:826 FREE_PROCESS:3 bytes:127796 alloc_cont:7434 free_cont:6608 diff:826 menor:10 maior:18 media:15 bytes:14144 free: p1:169 p2:256 p3:570
 LIBERACAO ANT:826 FREE_PROCESS:3 bytes:142072 alloc_cont:8260 free_cont:7434 diff:826 menor:10 maior:18 media:15 bytes:14276 free: p1:170 p2:221 p3:605
 LIBERACAO ANT:826 FREE_PROCESS:1 bytes:156240 alloc_cont:9086 free_cont:8260 diff:826 menor:10 maior:18 media:15 bytes:14168 free: p1:166 p2:256 p3:570
 LIBERACAO ANT:826 FREE_PROCESS:2 bytes:170508 alloc_cont:9912 free_cont:9086 diff:826 menor:10 maior:18 media:15 bytes:14268 free: p1:154 p2:255 p3:571
 LIBERACAO ANT:826 FREE_PROCESS:3 bytes:184748 alloc_cont:10738 free_cont:9912 diff:826 menor:10 maior:18 media:15 bytes:14240 free: p1:161 p2:248 p3:578
 LIBERACAO ANT:826 FREE_PROCESS:1 bytes:198908 alloc_cont:11564 free_cont:10738 diff:826 menor:10 maior:18 media:15 bytes:14160 free: p1:167 p2:256 p3:570
 LIBERACAO ANT:826 FREE_PROCESS:1 bytes:213084 alloc_cont:12390 free_cont:11564 diff:826 menor:10 maior:18 media:15 bytes:14176 free: p1:169 p2:248 p3:578
 LIBERACAO ANT:826 FREE_PROCESS:3 bytes:227132 alloc_cont:13216 free_cont:12390 diff:826 menor:10 maior:18 media:15 bytes:14048 free: p1:172 p2:274 p3:552
 LIBERACAO ANT:826 FREE_PROCESS:2 bytes:241332 alloc_cont:14042 free_cont:13216 diff:826 menor:10 maior:18 media:15 bytes:14200 free: p1:157 p2:266 p3:560
 LIBERACAO ANT:826 FREE_PROCESS:3 bytes:255480 alloc_cont:14868 free_cont:14042 diff:826 menor:10 maior:18 media:15 bytes:14148 free: p1:168 p2:257 p3:569
 LIBERACAO ANT:826 FREE_PROCESS:3 bytes:269596 alloc_cont:15694 free_cont:14868 diff:826 menor:10 maior:18 media:15 bytes:14116 free: p1:181 p2:239 p3:587
 LIBERACAO ANT:826 FREE_PROCESS:3 bytes:284040 alloc_cont:16520 free_cont:15694 diff:826 menor:10 maior:18 media:15 bytes:14444 free: p1:144 p2:231 p3:595
 LIBERACAO ANT:826 FREE_PROCESS:3 bytes:298208 alloc_cont:17346 free_cont:16520 diff:826 menor:10 maior:18 media:15 bytes:14168 free: p1:162 p2:264 p3:562
 LIBERACAO ANT:826 FREE_PROCESS:3 bytes:312748 alloc_cont:18172 free_cont:17346 diff:826 menor:10 maior:18 media:15 bytes:14540 free: p1:130 p2:235 p3:591
 LIBERACAO ANT:826 FREE_PROCESS:3 bytes:326892 alloc_cont:18998 free_cont:18172 diff:826 menor:10 maior:18 media:15 bytes:14144 free: p1:167 p2:260 p3:566
 LIBERACAO ANT:826 FREE_PROCESS:3 bytes:340944 alloc_cont:19824 free_cont:18998 diff:826 menor:10 maior:18 media:15 bytes:14052 free: p1:170 p2:277 p3:549
 LIBERACAO ANT:826 FREE_PROCESS:2 bytes:355228 alloc_cont:20650 free_cont:19824 diff:826 menor:10 maior:18 media:15 bytes:14284 free: p1:163 p2:233 p3:593
 LIBERACAO ANT:826 FREE_PROCESS:2 bytes:369324 alloc_cont:21476 free_cont:20650 diff:826 menor:10 maior:18 media:14 bytes:14096 free: p1:173 p2:260 p3:566
 LIBERACAO ANT:826 FREE_PROCESS:2 bytes:383384 alloc_cont:22302 free_cont:21476 diff:826 menor:10 maior:18 media:14 bytes:14060 free: p1:181 p2:253 p3:573
 LIBERACAO ANT:826 FREE_PROCESS:2 bytes:397644 alloc_cont:23128 free_cont:22302 diff:826 menor:10 maior:18 media:14 bytes:14260 free: p1:173 p2:219 p3:607
 LIBERACAO ANT:826 FREE_PROCESS:2 bytes:411900 alloc_cont:23954 free_cont:23128 diff:826 menor:10 maior:18 media:14 bytes:14256 free: p1:146 p2:274 p3:552
 LIBERACAO ANT:826 FREE_PROCESS:2 bytes:426104 alloc_cont:24780 free_cont:23954 diff:826 menor:10 maior:18 media:14 bytes:14204 free: p1:162 p2:255 p3:571
 LIBERACAO ANT:826 FREE_PROCESS:3 bytes:440412 alloc_cont:25606 free_cont:24780 diff:826 menor:10 maior:18 media:14 bytes:14308 free: p1:153 p2:247 p3:579
 LIBERACAO ANT:826 FREE_PROCESS:2 bytes:454696 alloc_cont:26432 free_cont:25606 diff:826 menor:10 maior:18 media:14 bytes:14284 free: p1:136 p2:287 p3:539
 LIBERACAO ANT:826 FREE_PROCESS:3 bytes:468756 alloc_cont:27258 free_cont:26432 diff:826 menor:10 maior:18 media:14 bytes:14060 free: p1:184 p2:247 p3:579
 LIBERACAO ANT:826 FREE_PROCESS:3 bytes:483084 alloc_cont:28084 free_cont:27258 diff:826 menor:10 maior:18 media:14 bytes:14328 free: p1:144 p2:260 p3:566
 LIBERACAO ANT:826 FREE_PROCESS:3 bytes:497364 alloc_cont:28910 free_cont:28084 diff:826 menor:10 maior:18 media:14 bytes:14280 free: p1:155 p2:250 p3:576
 LIBERACAO ANT:826 FREE_PROCESS:1 bytes:511600 alloc_cont:29736 free_cont:28910 diff:826 menor:10 maior:18 media:14 bytes:14236 free: p1:151 p2:269 p3:557
 LIBERACAO ANT:826 FREE_PROCESS:1 bytes:525892 alloc_cont:30562 free_cont:29736 diff:826 menor:10 maior:18 media:14 bytes:14292 free: p1:156 p2:245 p3:581
 LIBERACAO ANT:826 FREE_PROCESS:1 bytes:540100 alloc_cont:31388 free_cont:30562 diff:826 menor:10 maior:18 media:14 bytes:14208 free: p1:162 p2:254 p3:572
 LIBERACAO ANT:826 FREE_PROCESS:3 bytes:554332 alloc_cont:32214 free_cont:31388 diff:826 menor:10 maior:18 media:14 bytes:14232 free: p1:164 p2:244 p3:582
 LIBERACAO ANT:826 FREE_PROCESS:1 bytes:568480 alloc_cont:33040 free_cont:32214 diff:826 menor:10 maior:18 media:14 bytes:14148 free: p1:158 p2:277 p3:549
 LIBERACAO ANT:826 FREE_PROCESS:3 bytes:582448 alloc_cont:33866 free_cont:33040 diff:826 menor:10 maior:18 media:14 bytes:13968 free: p1:193 p2:252 p3:574
 LIBERACAO ANT:826 FREE_PROCESS:1 bytes:596680 alloc_cont:34692 free_cont:33866 diff:826 menor:10 maior:18 media:14 bytes:14232 free: p1:158 p2:256 p3:570
 LIBERACAO ANT:826 FREE_PROCESS:3 bytes:610764 alloc_cont:35518 free_cont:34692 diff:826 menor:10 maior:18 media:14 bytes:14084 free: p1:192 p2:225 p3:601
 LIBERACAO ANT:826 FREE_PROCESS:3 bytes:624880 alloc_cont:36344 free_cont:35518 diff:826 menor:10 maior:18 media:14 bytes:14116 free: p1:179 p2:243 p3:583
 LIBERACAO ANT:826 FREE_PROCESS:3 bytes:639196 alloc_cont:37170 free_cont:36344 diff:826 menor:10 maior:18 media:14 bytes:14316 free: p1:144 p2:263 p3:563
 LIBERACAO ANT:826 FREE_PROCESS:2 bytes:653504 alloc_cont:37996 free_cont:37170 diff:826 menor:10 maior:18 media:14 bytes:14308 free: p1:159 p2:235 p3:591
 LIBERACAO ANT:826 FREE_PROCESS:2 bytes:667692 alloc_cont:38822 free_cont:37996 diff:826 menor:10 maior:18 media:14 bytes:14188 free: p1:177 p2:229 p3:597
 LIBERACAO ANT:826 FREE_PROCESS:3 bytes:681864 alloc_cont:39648 free_cont:38822 diff:826 menor:10 maior:18 media:14 bytes:14172 free: p1:178 p2:231 p3:595
 LIBERACAO ANT:826 FREE_PROCESS:3 bytes:696056 alloc_cont:40474 free_cont:39648 diff:826 menor:10 maior:18 media:14 bytes:14192 free: p1:164 p2:254 p3:572
 LIBERACAO ANT:826 FREE_PROCESS:2 bytes:710400 alloc_cont:41300 free_cont:40474 diff:826 menor:10 maior:18 media:14 bytes:14344 free: p1:144 p2:256 p3:570
 LIBERACAO ANT:826 FREE_PROCESS:3 bytes:724628 alloc_cont:42126 free_cont:41300 diff:826 menor:10 maior:18 media:14 bytes:14228 free: p1:157 p2:259 p3:567
 LIBERACAO ANT:826 FREE_PROCESS:2 bytes:738772 alloc_cont:42952 free_cont:42126 diff:826 menor:10 maior:18 media:14 bytes:14144 free: p1:177 p2:240 p3:586
 LIBERACAO ANT:826 FREE_PROCESS:2 bytes:752904 alloc_cont:43778 free_cont:42952 diff:826 menor:10 maior:18 media:14 bytes:14132 free: p1:181 p2:235 p3:591
 LIBERACAO ANT:826 FREE_PROCESS:1 bytes:767012 alloc_cont:44604 free_cont:43778 diff:826 menor:10 maior:18 media:14 bytes:14108 free: p1:175 p2:253 p3:573
 LIBERACAO ANT:826 FREE_PROCESS:3 bytes:781188 alloc_cont:45430 free_cont:44604 diff:826 menor:10 maior:18 media:14 bytes:14176 free: p1:168 p2:250 p3:576
 LIBERACAO ANT:826 FREE_PROCESS:2 bytes:795448 alloc_cont:46256 free_cont:45430 diff:826 menor:10 maior:18 media:14 bytes:14260 free: p1:167 p2:231 p3:595
 LIBERACAO ANT:826 FREE_PROCESS:3 bytes:809708 alloc_cont:47082 free_cont:46256 diff:826 menor:10 maior:18 media:14 bytes:14260 free: p1:159 p2:247 p3:579
 LIBERACAO ANT:826 FREE_PROCESS:2 bytes:823984 alloc_cont:47908 free_cont:47082 diff:826 menor:10 maior:18 media:14 bytes:14276 free: p1:170 p2:221 p3:605
 LIBERACAO ANT:826 FREE_PROCESS:1 bytes:838268 alloc_cont:48734 free_cont:47908 diff:826 menor:10 maior:18 media:14 bytes:14284 free: p1:149 p2:261 p3:565
 LIBERACAO ANT:826 FREE_PROCESS:3 bytes:852384 alloc_cont:49560 free_cont:48734 diff:826 menor:10 maior:18 media:14 bytes:14116 free: p1:173 p2:255 p3:571
 LIBERACAO ANT:826 FREE_PROCESS:3 bytes:866548 alloc_cont:50386 free_cont:49560 diff:826 menor:10 maior:18 media:14 bytes:14164 free: p1:155 p2:279 p3:547
 LIBERACAO ANT:826 FREE_PROCESS:1 bytes:880692 alloc_cont:51212 free_cont:50386 diff:826 menor:10 maior:18 media:14 bytes:14144 free: p1:179 p2:236 p3:590
 LIBERACAO ANT:826 FREE_PROCESS:2 bytes:894844 alloc_cont:52038 free_cont:51212 diff:826 menor:10 maior:18 media:14 bytes:14152 free: p1:175 p2:242 p3:584
 LIBERACAO ANT:826 FREE_PROCESS:1 bytes:909120 alloc_cont:52864 free_cont:52038 diff:826 menor:10 maior:18 media:14 bytes:14276 free: p1:162 p2:237 p3:589
 LIBERACAO ANT:826 FREE_PROCESS:2 bytes:923308 alloc_cont:53690 free_cont:52864 diff:826 menor:10 maior:18 media:14 bytes:14188 free: p1:154 p2:275 p3:551
 LIBERACAO ANT:826 FREE_PROCESS:3 bytes:937560 alloc_cont:54516 free_cont:53690 diff:826 menor:10 maior:18 media:14 bytes:14252 free: p1:171 p2:225 p3:601
 LIBERACAO ANT:826 FREE_PROCESS:3 bytes:951756 alloc_cont:55342 free_cont:54516 diff:826 menor:10 maior:18 media:14 bytes:14196 free: p1:162 p2:257 p3:569
 LIBERACAO ANT:826 FREE_PROCESS:2 bytes:965896 alloc_cont:56168 free_cont:55342 diff:826 menor:10 maior:18 media:14 bytes:14140 free: p1:177 p2:241 p3:585
 LIBERACAO ANT:826 FREE_PROCESS:3 bytes:980052 alloc_cont:56994 free_cont:56168 diff:826 menor:10 maior:18 media:14 bytes:14156 free: p1:173 p2:245 p3:581
 LIBERACAO ANT:826 FREE_PROCESS:1 bytes:994288 alloc_cont:57820 free_cont:56994 diff:826 menor:10 maior:18 media:14 bytes:14236 free: p1:163 p2:245 p3:581
 LIBERACAO ANT:826 FREE_PROCESS:1 bytes:1008572 alloc_cont:58646 free_cont:57820 diff:826 menor:10 maior:18 media:14 bytes:14284 free: p1:152 p2:255 p3:571
 LIBERACAO ANT:826 FREE_PROCESS:1 bytes:1022892 alloc_cont:59472 free_cont:58646 diff:826 menor:10 maior:18 media:14 bytes:14320 free: p1:151 p2:248 p3:578
 LIBERACAO ANT:826 FREE_PROCESS:3 bytes:1037172 alloc_cont:60298 free_cont:59472 diff:826 menor:10 maior:18 media:14 bytes:14280 free: p1:163 p2:234 p3:592
 LIBERACAO ANT:826 FREE_PROCESS:3 bytes:1051284 alloc_cont:61124 free_cont:60298 diff:826 menor:10 maior:18 media:14 bytes:14112 free: p1:182 p2:238 p3:588
 LIBERACAO ANT:826 FREE_PROCESS:1 bytes:1065576 alloc_cont:61950 free_cont:61124 diff:826 menor:10 maior:18 media:14 bytes:14292 free: p1:160 p2:237 p3:589
 LIBERACAO ANT:826 FREE_PROCESS:3 bytes:1079764 alloc_cont:62776 free_cont:61950 diff:826 menor:10 maior:18 media:14 bytes:14188 free: p1:173 p2:237 p3:589
 LIBERACAO ANT:826 FREE_PROCESS:1 bytes:1094112 alloc_cont:63602 free_cont:62776 diff:826 menor:10 maior:18 media:14 bytes:14348 free: p1:148 p2:247 p3:579
 LIBERACAO ANT:826 FREE_PROCESS:2 bytes:1108260 alloc_cont:64428 free_cont:63602 diff:826 menor:10 maior:18 media:14 bytes:14148 free: p1:173 p2:247 p3:579
 LIBERACAO ANT:826 FREE_PROCESS:3 bytes:1122400 alloc_cont:65254 free_cont:64428 diff:826 menor:10 maior:18 media:14 bytes:14140 free: p1:170 p2:255 p3:571
 LIBERACAO ANT:826 FREE_PROCESS:3 bytes:1136596 alloc_cont:66080 free_cont:65254 diff:826 menor:10 maior:18 media:14 bytes:14196 free: p1:169 p2:243 p3:583
 LIBERACAO ANT:826 FREE_PROCESS:3 bytes:1150708 alloc_cont:66906 free_cont:66080 diff:826 menor:10 maior:18 media:14 bytes:14112 free: p1:184 p2:234 p3:592
 LIBERACAO ANT:826 FREE_PROCESS:3 bytes:1164936 alloc_cont:67732 free_cont:66906 diff:826 menor:10 maior:18 media:14 bytes:14228 free: p1:160 p2:253 p3:573
 LIBERACAO ANT:826 FREE_PROCESS:3 bytes:1179184 alloc_cont:68558 free_cont:67732 diff:826 menor:10 maior:18 media:14 bytes:14248 free: p1:162 p2:244 p3:582
 LIBERACAO ANT:826 FREE_PROCESS:2 bytes:1193488 alloc_cont:69384 free_cont:68558 diff:826 menor:10 maior:18 media:14 bytes:14304 free: p1:158 p2:238 p3:588
 LIBERACAO ANT:826 FREE_PROCESS:3 bytes:1207796 alloc_cont:70210 free_cont:69384 diff:826 menor:10 maior:18 media:14 bytes:14308 free: p1:155 p2:243 p3:583
 LIBERACAO ANT:826 FREE_PROCESS:2 bytes:1222056 alloc_cont:71036 free_cont:70210 diff:826 menor:10 maior:18 media:14 bytes:14260 free: p1:150 p2:265 p3:561
 LIBERACAO ANT:826 FREE_PROCESS:3 bytes:1236256 alloc_cont:71862 free_cont:71036 diff:826 menor:10 maior:18 media:14 bytes:14200 free: p1:176 p2:228 p3:598
 LIBERACAO ANT:826 FREE_PROCESS:3 bytes:1250420 alloc_cont:72688 free_cont:71862 diff:826 menor:10 maior:18 media:14 bytes:14164 free: p1:171 p2:247 p3:579
 LIBERACAO ANT:826 FREE_PROCESS:1 bytes:1264468 alloc_cont:73514 free_cont:72688 diff:826 menor:10 maior:18 media:14 bytes:14048 free: p1:189 p2:240 p3:586
 LIBERACAO ANT:826 FREE_PROCESS:3 bytes:1278508 alloc_cont:74340 free_cont:73514 diff:826 menor:10 maior:18 media:14 bytes:14040 free: p1:188 p2:244 p3:582
 LIBERACAO ANT:826 FREE_PROCESS:3 bytes:1292672 alloc_cont:75166 free_cont:74340 diff:826 menor:10 maior:18 media:14 bytes:14164 free: p1:165 p2:259 p3:567
 LIBERACAO ANT:826 FREE_PROCESS:3 bytes:1306836 alloc_cont:75992 free_cont:75166 diff:826 menor:10 maior:18 media:14 bytes:14164 free: p1:162 p2:265 p3:561
 LIBERACAO ANT:826 FREE_PROCESS:2 bytes:1321004 alloc_cont:76818 free_cont:75992 diff:826 menor:10 maior:18 media:14 bytes:14168 free: p1:162 p2:264 p3:562
 LIBERACAO ANT:826 FREE_PROCESS:2 bytes:1335224 alloc_cont:77644 free_cont:76818 diff:826 menor:10 maior:18 media:14 bytes:14220 free: p1:176 p2:223 p3:603
 LIBERACAO ANT:826 FREE_PROCESS:2 bytes:1349340 alloc_cont:78470 free_cont:77644 diff:826 menor:10 maior:18 media:14 bytes:14116 free: p1:172 p2:257 p3:569
 LIBERACAO ANT:826 FREE_PROCESS:3 bytes:1363636 alloc_cont:79296 free_cont:78470 diff:826 menor:10 maior:18 media:14 bytes:14296 free: p1:162 p2:232 p3:594
 LIBERACAO ANT:826 FREE_PROCESS:3 bytes:1377856 alloc_cont:80122 free_cont:79296 diff:826 menor:10 maior:18 media:14 bytes:14220 free: p1:172 p2:231 p3:595
 LIBERACAO ANT:826 FREE_PROCESS:3 bytes:1392104 alloc_cont:80948 free_cont:80122 diff:826 menor:10 maior:18 media:14 bytes:14248 free: p1:154 p2:260 p3:566
 LIBERACAO ANT:826 FREE_PROCESS:1 bytes:1406372 alloc_cont:81774 free_cont:80948 diff:826 menor:10 maior:18 media:14 bytes:14268 free: p1:156 p2:251 p3:575
 LIBERACAO ANT:826 FREE_PROCESS:1 bytes:1420708 alloc_cont:82600 free_cont:81774 diff:826 menor:10 maior:18 media:14 bytes:14336 free: p1:151 p2:244 p3:582
 LIBERACAO ANT:826 FREE_PROCESS:3 bytes:1435060 alloc_cont:83426 free_cont:82600 diff:826 menor:10 maior:18 media:14 bytes:14352 free: p1:150 p2:242 p3:584
 LIBERACAO ANT:826 FREE_PROCESS:1 bytes:1449352 alloc_cont:84252 free_cont:83426 diff:826 menor:10 maior:18 media:14 bytes:14292 free: p1:150 p2:257 p3:569
 LIBERACAO ANT:826 FREE_PROCESS:3 bytes:1463456 alloc_cont:85078 free_cont:84252 diff:826 menor:10 maior:18 media:14 bytes:14104 free: p1:185 p2:234 p3:592
 LIBERACAO ANT:826 FREE_PROCESS:1 bytes:1477552 alloc_cont:85904 free_cont:85078 diff:826 menor:10 maior:18 media:14 bytes:14096 free: p1:173 p2:260 p3:566
 LIBERACAO ANT:826 FREE_PROCESS:3 bytes:1491820 alloc_cont:86730 free_cont:85904 diff:826 menor:10 maior:18 media:14 bytes:14268 free: p1:165 p2:233 p3:593
 LIBERACAO ANT:826 FREE_PROCESS:2 bytes:1506064 alloc_cont:87556 free_cont:86730 diff:826 menor:10 maior:18 media:14 bytes:14244 free: p1:153 p2:263 p3:563
 LIBERACAO ANT:826 FREE_PROCESS:2 bytes:1520240 alloc_cont:88382 free_cont:87556 diff:826 menor:10 maior:18 media:14 bytes:14176 free: p1:164 p2:258 p3:568
 LIBERACAO ANT:826 FREE_PROCESS:2 bytes:1534400 alloc_cont:89208 free_cont:88382 diff:826 menor:10 maior:18 media:14 bytes:14160 free: p1:176 p2:238 p3:588
 LIBERACAO ANT:826 FREE_PROCESS:1 bytes:1548716 alloc_cont:90034 free_cont:89208 diff:826 menor:10 maior:18 media:14 bytes:14316 free: p1:153 p2:245 p3:581
 LIBERACAO ANT:826 FREE_PROCESS:3 bytes:1562856 alloc_cont:90860 free_cont:90034 diff:826 menor:10 maior:18 media:14 bytes:14140 free: p1:179 p2:237 p3:589
 LIBERACAO ANT:826 FREE_PROCESS:3 bytes:1577152 alloc_cont:91686 free_cont:90860 diff:826 menor:10 maior:18 media:14 bytes:14296 free: p1:151 p2:254 p3:572
 LIBERACAO ANT:826 FREE_PROCESS:3 bytes:1591492 alloc_cont:92512 free_cont:91686 diff:826 menor:10 maior:18 media:14 bytes:14340 free: p1:155 p2:235 p3:591
 LIBERACAO ANT:826 FREE_PROCESS:2 bytes:1605720 alloc_cont:93338 free_cont:92512 diff:826 menor:10 maior:18 media:14 bytes:14228 free: p1:171 p2:231 p3:595
 LIBERACAO ANT:826 FREE_PROCESS:3 bytes:1619976 alloc_cont:94164 free_cont:93338 diff:826 menor:10 maior:18 media:14 bytes:14256 free: p1:178 p2:210 p3:616
 LIBERACAO ANT:826 FREE_PROCESS:1 bytes:1634216 alloc_cont:94990 free_cont:94164 diff:826 menor:10 maior:18 media:14 bytes:14240 free: p1:161 p2:248 p3:578
 LIBERACAO ANT:826 FREE_PROCESS:3 bytes:1648380 alloc_cont:95816 free_cont:94990 diff:826 menor:10 maior:18 media:14 bytes:14164 free: p1:158 p2:273 p3:553
 LIBERACAO ANT:826 FREE_PROCESS:2 bytes:1662672 alloc_cont:96642 free_cont:95816 diff:826 menor:10 maior:18 media:14 bytes:14292 free: p1:159 p2:239 p3:587
 LIBERACAO ANT:826 FREE_PROCESS:3 bytes:1676860 alloc_cont:97468 free_cont:96642 diff:826 menor:10 maior:18 media:14 bytes:14188 free: p1:159 p2:265 p3:561
 LIBERACAO ANT:826 FREE_PROCESS:3 bytes:1690960 alloc_cont:98294 free_cont:97468 diff:826 menor:10 maior:18 media:14 bytes:14100 free: p1:183 p2:239 p3:587
 LIBERACAO ANT:826 FREE_PROCESS:2 bytes:1705212 alloc_cont:99120 free_cont:98294 diff:826 menor:10 maior:18 media:14 bytes:14252 free: p1:172 p2:223 p3:603
 LIBERACAO ANT:826 FREE_PROCESS:3 bytes:1719448 alloc_cont:99946 free_cont:99120 diff:826 menor:10 maior:18 media:14 bytes:14236 free: p1:159 p2:253 p3:573
 LIBERACAO ANT:826 FREE_PROCESS:2 bytes:1733604 alloc_cont:100772 free_cont:99946 diff:826 menor:10 maior:18 media:14 bytes:14156 free: p1:152 p2:287 p3:539
 LIBERACAO ANT:826 FREE_PROCESS:3 bytes:1747848 alloc_cont:101598 free_cont:100772 diff:826 menor:10 maior:18 media:14 bytes:14244 free: p1:161 p2:247 p3:579
 LIBERACAO ANT:826 FREE_PROCESS:2 bytes:1762184 alloc_cont:102424 free_cont:101598 diff:826 menor:10 maior:18 media:14 bytes:14336 free: p1:149 p2:248 p3:578
 LIBERACAO ANT:826 FREE_PROCESS:1 bytes:1776480 alloc_cont:103250 free_cont:102424 diff:826 menor:10 maior:18 media:14 bytes:14296 free: p1:154 p2:248 p3:578
 LIBERACAO ANT:826 FREE_PROCESS:3 bytes:1790800 alloc_cont:104076 free_cont:103250 diff:826 menor:10 maior:18 media:14 bytes:14320 free: p1:158 p2:234 p3:592
 LIBERACAO ANT:826 FREE_PROCESS:2 bytes:1805028 alloc_cont:104902 free_cont:104076 diff:826 menor:10 maior:18 media:14 bytes:14228 free: p1:159 p2:255 p3:571
 LIBERACAO ANT:826 FREE_PROCESS:3 bytes:1819356 alloc_cont:105728 free_cont:104902 diff:826 menor:10 maior:18 media:14 bytes:14328 free: p1:164 p2:220 p3:606
 LIBERACAO ANT:826 FREE_PROCESS:1 bytes:1833668 alloc_cont:106554 free_cont:105728 diff:826 menor:10 maior:18 media:14 bytes:14312 free: p1:157 p2:238 p3:588
 LIBERACAO ANT:826 FREE_PROCESS:1 bytes:1847848 alloc_cont:107380 free_cont:106554 diff:826 menor:10 maior:18 media:14 bytes:14180 free: p1:171 p2:243 p3:583
 LIBERACAO ANT:826 FREE_PROCESS:1 bytes:1861976 alloc_cont:108206 free_cont:107380 diff:826 menor:10 maior:18 media:14 bytes:14128 free: p1:156 p2:286 p3:540
 LIBERACAO ANT:826 FREE_PROCESS:1 bytes:1876208 alloc_cont:109032 free_cont:108206 diff:826 menor:10 maior:18 media:14 bytes:14232 free: p1:169 p2:234 p3:592
 LIBERACAO ANT:826 FREE_PROCESS:3 bytes:1890432 alloc_cont:109858 free_cont:109032 diff:826 menor:10 maior:18 media:14 bytes:14224 free: p1:168 p2:238 p3:588
 LIBERACAO ANT:826 FREE_PROCESS:2 bytes:1904560 alloc_cont:110684 free_cont:109858 diff:826 menor:10 maior:18 media:14 bytes:14128 free: p1:168 p2:262 p3:564
 LIBERACAO ANT:826 FREE_PROCESS:1 bytes:1918772 alloc_cont:111510 free_cont:110684 diff:826 menor:10 maior:18 media:14 bytes:14212 free: p1:151 p2:275 p3:551
 LIBERACAO ANT:826 FREE_PROCESS:2 bytes:1933052 alloc_cont:112336 free_cont:111510 diff:826 menor:10 maior:18 media:14 bytes:14280 free: p1:163 p2:234 p3:592
 LIBERACAO ANT:826 FREE_PROCESS:3 bytes:1947120 alloc_cont:113162 free_cont:112336 diff:826 menor:10 maior:18 media:14 bytes:14068 free: p1:178 p2:257 p3:569
 LIBERACAO ANT:826 FREE_PROCESS:3 bytes:1961340 alloc_cont:113988 free_cont:113162 diff:826 menor:10 maior:18 media:14 bytes:14220 free: p1:164 p2:247 p3:579
 LIBERACAO ANT:826 FREE_PROCESS:1 bytes:1975456 alloc_cont:114814 free_cont:113988 diff:826 menor:10 maior:18 media:14 bytes:14116 free: p1:184 p2:233 p3:593
 LIBERACAO ANT:826 FREE_PROCESS:2 bytes:1989668 alloc_cont:115640 free_cont:114814 diff:826 menor:10 maior:18 media:14 bytes:14212 free: p1:168 p2:241 p3:585
 LIBERACAO ANT:826 FREE_PROCESS:3 bytes:2003880 alloc_cont:116466 free_cont:115640 diff:826 menor:10 maior:18 media:14 bytes:14212 free: p1:167 p2:243 p3:583
 LIBERACAO ANT:826 FREE_PROCESS:3 bytes:2018156 alloc_cont:117292 free_cont:116466 diff:826 menor:10 maior:18 media:14 bytes:14276 free: p1:157 p2:247 p3:579
 LIBERACAO ANT:826 FREE_PROCESS:3 bytes:2032496 alloc_cont:118118 free_cont:117292 diff:826 menor:10 maior:18 media:14 bytes:14340 free: p1:150 p2:245 p3:581
 LIBERACAO ANT:826 FREE_PROCESS:2 bytes:2046528 alloc_cont:118944 free_cont:118118 diff:826 menor:10 maior:18 media:14 bytes:14032 free: p1:184 p2:254 p3:572
 LIBERACAO ANT:826 FREE_PROCESS:1 bytes:2060784 alloc_cont:119770 free_cont:118944 diff:826 menor:10 maior:18 media:14 bytes:14256 free: p1:147 p2:272 p3:554
 LIBERACAO ANT:826 FREE_PROCESS:2 bytes:2075016 alloc_cont:120596 free_cont:119770 diff:826 menor:10 maior:18 media:14 bytes:14232 free: p1:156 p2:260 p3:566
 LIBERACAO ANT:826 FREE_PROCESS:3 bytes:2089180 alloc_cont:121422 free_cont:120596 diff:826 menor:10 maior:18 media:14 bytes:14164 free: p1:181 p2:227 p3:599
 LIBERACAO ANT:826 FREE_PROCESS:1 bytes:2103452 alloc_cont:122248 free_cont:121422 diff:826 menor:10 maior:18 media:14 bytes:14272 free: p1:161 p2:240 p3:586
 LIBERACAO ANT:826 FREE_PROCESS:2 bytes:2117744 alloc_cont:123074 free_cont:122248 diff:826 menor:10 maior:18 media:14 bytes:14292 free: p1:153 p2:251 p3:575
 LIBERACAO ANT:826 FREE_PROCESS:3 bytes:2131972 alloc_cont:123900 free_cont:123074 diff:826 menor:10 maior:18 media:14 bytes:14228 free: p1:162 p2:249 p3:577
 LIBERACAO ANT:826 FREE_PROCESS:3 bytes:2146124 alloc_cont:124726 free_cont:123900 diff:826 menor:10 maior:18 media:14 bytes:14152 free: p1:173 p2:246 p3:580
 LIBERACAO ANT:826 FREE_PROCESS:2 bytes:2160400 alloc_cont:125552 free_cont:124726 diff:826 menor:10 maior:18 media:14 bytes:14276 free: p1:157 p2:247 p3:579
 LIBERACAO ANT:826 FREE_PROCESS:3 bytes:2174584 alloc_cont:126378 free_cont:125552 diff:826 menor:10 maior:18 media:14 bytes:14184 free: p1:175 p2:234 p3:592
 LIBERACAO ANT:826 FREE_PROCESS:2 bytes:2188880 alloc_cont:127204 free_cont:126378 diff:826 menor:10 maior:18 media:14 bytes:14296 free: p1:150 p2:256 p3:570
 LIBERACAO ANT:826 FREE_PROCESS:2 bytes:2203216 alloc_cont:128030 free_cont:127204 diff:826 menor:10 maior:18 media:14 bytes:14336 free: p1:142 p2:262 p3:564
 LIBERACAO ANT:826 FREE_PROCESS:2 bytes:2217424 alloc_cont:128856 free_cont:128030 diff:826 menor:10 maior:18 media:14 bytes:14208 free: p1:152 p2:274 p3:552
 LIBERACAO ANT:826 FREE_PROCESS:2 bytes:2231672 alloc_cont:129682 free_cont:128856 diff:826 menor:10 maior:18 media:14 bytes:14248 free: p1:147 p2:274 p3:552
 LIBERACAO ANT:826 FREE_PROCESS:3 bytes:2245932 alloc_cont:130508 free_cont:129682 diff:826 menor:10 maior:18 media:14 bytes:14260 free: p1:152 p2:261 p3:565
 LIBERACAO ANT:826 FREE_PROCESS:3 bytes:2260216 alloc_cont:131334 free_cont:130508 diff:826 menor:10 maior:18 media:14 bytes:14284 free: p1:163 p2:233 p3:593
 LIBERACAO ANT:826 FREE_PROCESS:3 bytes:2274280 alloc_cont:132160 free_cont:131334 diff:826 menor:10 maior:18 media:14 bytes:14064 free: p1:187 p2:240 p3:586
 LIBERACAO ANT:826 FREE_PROCESS:2 bytes:2288472 alloc_cont:132986 free_cont:132160 diff:826 menor:10 maior:18 media:14 bytes:14192 free: p1:174 p2:234 p3:592
 LIBERACAO ANT:826 FREE_PROCESS:2 bytes:2302656 alloc_cont:133812 free_cont:132986 diff:826 menor:10 maior:18 media:14 bytes:14184 free: p1:179 p2:226 p3:600
 LIBERACAO ANT:826 FREE_PROCESS:3 bytes:2316884 alloc_cont:134638 free_cont:133812 diff:826 menor:10 maior:18 media:14 bytes:14228 free: p1:165 p2:243 p3:583
 LIBERACAO ANT:826 FREE_PROCESS:3 bytes:2331120 alloc_cont:135464 free_cont:134638 diff:826 menor:10 maior:18 media:14 bytes:14236 free: p1:154 p2:263 p3:563
 LIBERACAO ANT:826 FREE_PROCESS:2 bytes:2345360 alloc_cont:136290 free_cont:135464 diff:826 menor:10 maior:18 media:14 bytes:14240 free: p1:164 p2:242 p3:584
 LIBERACAO ANT:826 FREE_PROCESS:3 bytes:2359660 alloc_cont:137116 free_cont:136290 diff:826 menor:10 maior:18 media:14 bytes:14300 free: p1:147 p2:261 p3:565
 LIBERACAO ANT:826 FREE_PROCESS:3 bytes:2373796 alloc_cont:137942 free_cont:137116 diff:826 menor:10 maior:18 media:14 bytes:14136 free: p1:171 p2:254 p3:572
 LIBERACAO ANT:826 FREE_PROCESS:2 bytes:2387808 alloc_cont:138768 free_cont:137942 diff:826 menor:10 maior:18 media:14 bytes:14012 free: p1:176 p2:275 p3:551
 LIBERACAO ANT:826 FREE_PROCESS:3 bytes:2402252 alloc_cont:139594 free_cont:138768 diff:826 menor:10 maior:18 media:14 bytes:14444 free: p1:138 p2:243 p3:583
 LIBERACAO ANT:826 FREE_PROCESS:1 bytes:2416368 alloc_cont:140420 free_cont:139594 diff:826 menor:10 maior:18 media:14 bytes:14116 free: p1:172 p2:257 p3:569
 LIBERACAO ANT:826 FREE_PROCESS:2 bytes:2430632 alloc_cont:141246 free_cont:140420 diff:826 menor:10 maior:18 media:14 bytes:14264 free: p1:150 p2:264 p3:562
 LIBERACAO ANT:826 FREE_PROCESS:3 bytes:2444708 alloc_cont:142072 free_cont:141246 diff:826 menor:10 maior:18 media:14 bytes:14076 free: p1:191 p2:229 p3:597
 LIBERACAO ANT:826 FREE_PROCESS:3 bytes:2458936 alloc_cont:142898 free_cont:142072 diff:826 menor:10 maior:18 media:14 bytes:14228 free: p1:155 p2:263 p3:563
 LIBERACAO ANT:826 FREE_PROCESS:2 bytes:2473192 alloc_cont:143724 free_cont:142898 diff:826 menor:10 maior:18 media:14 bytes:14256 free: p1:159 p2:248 p3:578
 LIBERACAO ANT:826 FREE_PROCESS:3 bytes:2487400 alloc_cont:144550 free_cont:143724 diff:826 menor:10 maior:18 media:14 bytes:14208 free: p1:181 p2:216 p3:610
 LIBERACAO ANT:826 FREE_PROCESS:3 bytes:2501552 alloc_cont:145376 free_cont:144550 diff:826 menor:10 maior:18 media:14 bytes:14152 free: p1:165 p2:262 p3:564
 LIBERACAO ANT:826 FREE_PROCESS:2 bytes:2515736 alloc_cont:146202 free_cont:145376 diff:826 menor:10 maior:18 media:14 bytes:14184 free: p1:180 p2:224 p3:602
 LIBERACAO ANT:826 FREE_PROCESS:2 bytes:2529816 alloc_cont:147028 free_cont:146202 diff:826 menor:10 maior:18 media:14 bytes:14080 free: p1:168 p2:274 p3:552
 LIBERACAO ANT:826 FREE_PROCESS:3 bytes:2544028 alloc_cont:147854 free_cont:147028 diff:826 menor:10 maior:18 media:14 bytes:14212 free: p1:162 p2:253 p3:573
 LIBERACAO ANT:826 FREE_PROCESS:3 bytes:2558160 alloc_cont:148680 free_cont:147854 diff:826 menor:10 maior:18 media:14 bytes:14132 free: p1:178 p2:241 p3:585
 LIBERACAO ANT:826 FREE_PROCESS:1 bytes:2572444 alloc_cont:149506 free_cont:148680 diff:826 menor:10 maior:18 media:14 bytes:14284 free: p1:166 p2:227 p3:599
 LIBERACAO ANT:826 FREE_PROCESS:2 bytes:2586736 alloc_cont:150332 free_cont:149506 diff:826 menor:10 maior:18 media:14 bytes:14292 free: p1:162 p2:233 p3:593
 LIBERACAO ANT:826 FREE_PROCESS:3 bytes:2600920 alloc_cont:151158 free_cont:150332 diff:826 menor:10 maior:18 media:14 bytes:14184 free: p1:166 p2:252 p3:574
 LIBERACAO ANT:826 FREE_PROCESS:2 bytes:2615264 alloc_cont:151984 free_cont:151158 diff:826 menor:10 maior:18 media:14 bytes:14344 free: p1:153 p2:238 p3:588
 LIBERACAO ANT:826 FREE_PROCESS:2 bytes:2629488 alloc_cont:152810 free_cont:151984 diff:826 menor:10 maior:18 media:14 bytes:14224 free: p1:167 p2:240 p3:586
 LIBERACAO ANT:826 FREE_PROCESS:3 bytes:2643628 alloc_cont:153636 free_cont:152810 diff:826 menor:10 maior:18 media:14 bytes:14140 free: p1:182 p2:231 p3:595
 LIBERACAO ANT:826 FREE_PROCESS:2 bytes:2658068 alloc_cont:154462 free_cont:153636 diff:826 menor:10 maior:18 media:14 bytes:14440 free: p1:134 p2:252 p3:574
 LIBERACAO ANT:826 FREE_PROCESS:3 bytes:2672256 alloc_cont:155288 free_cont:154462 diff:826 menor:10 maior:18 media:14 bytes:14188 free: p1:167 p2:249 p3:577
 LIBERACAO ANT:826 FREE_PROCESS:3 bytes:2686340 alloc_cont:156114 free_cont:155288 diff:826 menor:10 maior:18 media:14 bytes:14084 free: p1:172 p2:265 p3:561
 LIBERACAO ANT:826 FREE_PROCESS:3 bytes:2700596 alloc_cont:156940 free_cont:156114 diff:826 menor:10 maior:18 media:14 bytes:14256 free: p1:166 p2:234 p3:592
 LIBERACAO ANT:826 FREE_PROCESS:3 bytes:2714796 alloc_cont:157766 free_cont:156940 diff:826 menor:10 maior:18 media:14 bytes:14200 free: p1:163 p2:254 p3:572
 LIBERACAO ANT:826 FREE_PROCESS:2 bytes:2728860 alloc_cont:158592 free_cont:157766 diff:826 menor:10 maior:18 media:14 bytes:14064 free: p1:175 p2:264 p3:562
 LIBERACAO ANT:826 FREE_PROCESS:3 bytes:2743060 alloc_cont:159418 free_cont:158592 diff:826 menor:10 maior:18 media:14 bytes:14200 free: p1:167 p2:246 p3:580
 LIBERACAO ANT:826 FREE_PROCESS:1 bytes:2757208 alloc_cont:160244 free_cont:159418 diff:826 menor:10 maior:18 media:14 bytes:14148 free: p1:182 p2:229 p3:597
 LIBERACAO ANT:826 FREE_PROCESS:3 bytes:2771480 alloc_cont:161070 free_cont:160244 diff:826 menor:10 maior:18 media:14 bytes:14272 free: p1:160 p2:242 p3:584
 LIBERACAO ANT:826 FREE_PROCESS:3 bytes:2785648 alloc_cont:161896 free_cont:161070 diff:826 menor:10 maior:18 media:14 bytes:14168 free: p1:164 p2:260 p3:566
 LIBERACAO ANT:826 FREE_PROCESS:2 bytes:2799868 alloc_cont:162722 free_cont:161896 diff:826 menor:10 maior:18 media:14 bytes:14220 free: p1:157 p2:261 p3:565
 LIBERACAO ANT:826 FREE_PROCESS:3 bytes:2813968 alloc_cont:163548 free_cont:162722 diff:826 menor:10 maior:18 media:14 bytes:14100 free: p1:176 p2:253 p3:573
 LIBERACAO ANT:826 FREE_PROCESS:2 bytes:2828228 alloc_cont:164374 free_cont:163548 diff:826 menor:10 maior:18 media:14 bytes:14260 free: p1:169 p2:227 p3:599
 LIBERACAO ANT:826 FREE_PROCESS:3 bytes:2842488 alloc_cont:165200 free_cont:164374 diff:826 menor:10 maior:18 media:14 bytes:14260 free: p1:176 p2:213 p3:613
 LIBERACAO ANT:826 FREE_PROCESS:1 bytes:2856564 alloc_cont:166026 free_cont:165200 diff:826 menor:10 maior:18 media:14 bytes:14076 free: p1:187 p2:237 p3:589
 LIBERACAO ANT:826 FREE_PROCESS:3 bytes:2870824 alloc_cont:166852 free_cont:166026 diff:826 menor:10 maior:18 media:14 bytes:14260 free: p1:155 p2:255 p3:571
 LIBERACAO ANT:826 FREE_PROCESS:1 bytes:2885028 alloc_cont:167678 free_cont:166852 diff:826 menor:10 maior:18 media:14 bytes:14204 free: p1:168 p2:243 p3:583
 LIBERACAO ANT:826 FREE_PROCESS:3 bytes:2899348 alloc_cont:168504 free_cont:167678 diff:826 menor:10 maior:18 media:14 bytes:14320 free: p1:146 p2:258 p3:568
 LIBERACAO ANT:826 FREE_PROCESS:3 bytes:2913612 alloc_cont:169330 free_cont:168504 diff:826 menor:10 maior:18 media:14 bytes:14264 free: p1:158 p2:248 p3:578
 LIBERACAO ANT:826 FREE_PROCESS:2 bytes:2927648 alloc_cont:170156 free_cont:169330 diff:826 menor:10 maior:18 media:14 bytes:14036 free: p1:176 p2:269 p3:557
 LIBERACAO ANT:826 FREE_PROCESS:2 bytes:2942000 alloc_cont:170982 free_cont:170156 diff:826 menor:10 maior:18 media:14 bytes:14352 free: p1:149 p2:244 p3:582
 LIBERACAO ANT:826 FREE_PROCESS:3 bytes:2956212 alloc_cont:171808 free_cont:170982 diff:826 menor:10 maior:18 media:14 bytes:14212 free: p1:160 p2:257 p3:569
 LIBERACAO ANT:826 FREE_PROCESS:3 bytes:2970376 alloc_cont:172634 free_cont:171808 diff:826 menor:10 maior:18 media:14 bytes:14164 free: p1:172 p2:245 p3:581
 LIBERACAO ANT:826 FREE_PROCESS:1 bytes:2984708 alloc_cont:173460 free_cont:172634 diff:826 menor:10 maior:18 media:14 bytes:14332 free: p1:148 p2:251 p3:575
 LIBERACAO ANT:826 FREE_PROCESS:3 bytes:2998976 alloc_cont:174286 free_cont:173460 diff:826 menor:10 maior:18 media:14 bytes:14268 free: p1:155 p2:253 p3:573
 LIBERACAO ANT:826 FREE_PROCESS:3 bytes:3013164 alloc_cont:175112 free_cont:174286 diff:826 menor:10 maior:18 media:14 bytes:14188 free: p1:158 p2:267 p3:559
 LIBERACAO ANT:826 FREE_PROCESS:3 bytes:3027512 alloc_cont:175938 free_cont:175112 diff:826 menor:10 maior:18 media:14 bytes:14348 free: p1:151 p2:241 p3:585
 LIBERACAO ANT:826 FREE_PROCESS:3 bytes:3041648 alloc_cont:176764 free_cont:175938 diff:826 menor:10 maior:18 media:14 bytes:14136 free: p1:175 p2:246 p3:580
 LIBERACAO ANT:826 FREE_PROCESS:2 bytes:3055908 alloc_cont:177590 free_cont:176764 diff:826 menor:10 maior:18 media:14 bytes:14260 free: p1:145 p2:275 p3:551
 LIBERACAO ANT:826 FREE_PROCESS:3 bytes:3070084 alloc_cont:178416 free_cont:177590 diff:826 menor:10 maior:18 media:14 bytes:14176 free: p1:157 p2:272 p3:554
 LIBERACAO ANT:826 FREE_PROCESS:3 bytes:3084272 alloc_cont:179242 free_cont:178416 diff:826 menor:10 maior:18 media:14 bytes:14188 free: p1:168 p2:247 p3:579
 LIBERACAO ANT:826 FREE_PROCESS:3 bytes:3098384 alloc_cont:180068 free_cont:179242 diff:826 menor:10 maior:18 media:14 bytes:14112 free: p1:172 p2:258 p3:568
 LIBERACAO ANT:826 FREE_PROCESS:3 bytes:3112708 alloc_cont:180894 free_cont:180068 diff:826 menor:10 maior:18 media:14 bytes:14324 free: p1:146 p2:257 p3:569
 LIBERACAO ANT:826 FREE_PROCESS:3 bytes:3126748 alloc_cont:181720 free_cont:180894 diff:826 menor:10 maior:18 media:14 bytes:14040 free: p1:185 p2:250 p3:576
 LIBERACAO ANT:826 FREE_PROCESS:3 bytes:3140908 alloc_cont:182546 free_cont:181720 diff:826 menor:10 maior:18 media:14 bytes:14160 free: p1:183 p2:224 p3:602
 LIBERACAO ANT:826 FREE_PROCESS:1 bytes:3155156 alloc_cont:183372 free_cont:182546 diff:826 menor:10 maior:18 media:14 bytes:14248 free: p1:164 p2:240 p3:586
 LIBERACAO ANT:826 FREE_PROCESS:3 bytes:3169320 alloc_cont:184198 free_cont:183372 diff:826 menor:10 maior:18 media:14 bytes:14164 free: p1:172 p2:245 p3:581
 LIBERACAO ANT:826 FREE_PROCESS:3 bytes:3183548 alloc_cont:185024 free_cont:184198 diff:826 menor:10 maior:18 media:14 bytes:14228 free: p1:160 p2:253 p3:573
 LIBERACAO ANT:826 FREE_PROCESS:3 bytes:3197712 alloc_cont:185850 free_cont:185024 diff:826 menor:10 maior:18 media:14 bytes:14164 free: p1:163 p2:263 p3:563
 LIBERACAO ANT:826 FREE_PROCESS:2 bytes:3211776 alloc_cont:186676 free_cont:185850 diff:826 menor:10 maior:18 media:14 bytes:14064 free: p1:180 p2:254 p3:572
 LIBERACAO ANT:826 FREE_PROCESS:1 bytes:3225988 alloc_cont:187502 free_cont:186676 diff:826 menor:10 maior:18 media:14 bytes:14212 free: p1:157 p2:263 p3:563
 LIBERACAO ANT:826 FREE_PROCESS:2 bytes:3240216 alloc_cont:188328 free_cont:187502 diff:826 menor:10 maior:18 media:14 bytes:14228 free: p1:170 p2:233 p3:593
 LIBERACAO ANT:826 FREE_PROCESS:3 bytes:3254372 alloc_cont:189154 free_cont:188328 diff:826 menor:10 maior:18 media:14 bytes:14156 free: p1:188 p2:215 p3:611
 LIBERACAO ANT:826 FREE_PROCESS:3 bytes:3268700 alloc_cont:189980 free_cont:189154 diff:826 menor:10 maior:18 media:14 bytes:14328 free: p1:144 p2:260 p3:566
 LIBERACAO ANT:826 FREE_PROCESS:2 bytes:3282984 alloc_cont:190806 free_cont:189980 diff:826 menor:10 maior:18 media:14 bytes:14284 free: p1:154 p2:251 p3:575
 LIBERACAO ANT:826 FREE_PROCESS:3 bytes:3297288 alloc_cont:191632 free_cont:190806 diff:826 menor:10 maior:18 media:14 bytes:14304 free: p1:153 p2:248 p3:578
 LIBERACAO ANT:826 FREE_PROCESS:3 bytes:3311580 alloc_cont:192458 free_cont:191632 diff:826 menor:10 maior:18 media:14 bytes:14292 free: p1:161 p2:235 p3:591
 LIBERACAO ANT:826 FREE_PROCESS:3 bytes:3325984 alloc_cont:193284 free_cont:192458 diff:826 menor:10 maior:18 media:14 bytes:14404 free: p1:145 p2:239 p3:587
 LIBERACAO ANT:826 FREE_PROCESS:1 bytes:3340264 alloc_cont:194110 free_cont:193284 diff:826 menor:10 maior:18 media:14 bytes:14280 free: p1:169 p2:222 p3:604
 LIBERACAO ANT:826 FREE_PROCESS:2 bytes:3354480 alloc_cont:194936 free_cont:194110 diff:826 menor:10 maior:18 media:14 bytes:14216 free: p1:157 p2:262 p3:564
 LIBERACAO ANT:826 FREE_PROCESS:3 bytes:3368660 alloc_cont:195762 free_cont:194936 diff:826 menor:10 maior:18 media:14 bytes:14180 free: p1:173 p2:239 p3:587
 LIBERACAO ANT:826 FREE_PROCESS:2 bytes:3382876 alloc_cont:196588 free_cont:195762 diff:826 menor:10 maior:18 media:14 bytes:14216 free: p1:152 p2:272 p3:554
 LIBERACAO ANT:826 FREE_PROCESS:3 bytes:3397004 alloc_cont:197414 free_cont:196588 diff:826 menor:10 maior:18 media:14 bytes:14128 free: p1:166 p2:266 p3:560
 LIBERACAO ANT:826 FREE_PROCESS:3 bytes:3411144 alloc_cont:198240 free_cont:197414 diff:826 menor:10 maior:18 media:14 bytes:14140 free: p1:177 p2:241 p3:585
 LIBERACAO ANT:826 FREE_PROCESS:3 bytes:3425364 alloc_cont:199066 free_cont:198240 diff:826 menor:10 maior:18 media:14 bytes:14220 free: p1:168 p2:239 p3:587
 LIBERACAO ANT:826 FREE_PROCESS:3 bytes:3439484 alloc_cont:199892 free_cont:199066 diff:826 menor:10 maior:18 media:14 bytes:14120 free: p1:176 p2:248 p3:578
 LIBERACAO ANT:826 FREE_PROCESS:2 bytes:3453588 alloc_cont:200718 free_cont:199892 diff:826 menor:10 maior:18 media:14 bytes:14104 free: p1:177 p2:250 p3:576
 LIBERACAO ANT:826 FREE_PROCESS:2 bytes:3467764 alloc_cont:201544 free_cont:200718 diff:826 menor:10 maior:18 media:14 bytes:14176 free: p1:176 p2:234 p3:592
 LIBERACAO ANT:826 FREE_PROCESS:2 bytes:3482132 alloc_cont:202370 free_cont:201544 diff:826 menor:10 maior:18 media:14 bytes:14368 free: p1:153 p2:232 p3:594
 LIBERACAO ANT:826 FREE_PROCESS:3 bytes:3496128 alloc_cont:203196 free_cont:202370 diff:826 menor:10 maior:18 media:14 bytes:13996 free: p1:184 p2:263 p3:563
 LIBERACAO ANT:826 FREE_PROCESS:3 bytes:3510352 alloc_cont:204022 free_cont:203196 diff:826 menor:10 maior:18 media:14 bytes:14224 free: p1:166 p2:242 p3:584
 LIBERACAO ANT:826 FREE_PROCESS:3 bytes:3524568 alloc_cont:204848 free_cont:204022 diff:826 menor:10 maior:18 media:14 bytes:14216 free: p1:169 p2:238 p3:588
 LIBERACAO ANT:826 FREE_PROCESS:1 bytes:3538860 alloc_cont:205674 free_cont:204848 diff:826 menor:10 maior:18 media:14 bytes:14292 free: p1:154 p2:249 p3:577
 LIBERACAO ANT:826 FREE_PROCESS:3 bytes:3553300 alloc_cont:206500 free_cont:205674 diff:826 menor:10 maior:18 media:14 bytes:14440 free: p1:138 p2:244 p3:582
 LIBERACAO ANT:826 FREE_PROCESS:2 bytes:3567564 alloc_cont:207326 free_cont:206500 diff:826 menor:10 maior:18 media:14 bytes:14264 free: p1:157 p2:250 p3:576
 LIBERACAO ANT:826 FREE_PROCESS:2 bytes:3581724 alloc_cont:208152 free_cont:207326 diff:826 menor:10 maior:18 media:14 bytes:14160 free: p1:174 p2:242 p3:584
 LIBERACAO ANT:826 FREE_PROCESS:3 bytes:3595972 alloc_cont:208978 free_cont:208152 diff:826 menor:10 maior:18 media:14 bytes:14248 free: p1:163 p2:242 p3:584
 LIBERACAO ANT:826 FREE_PROCESS:3 bytes:3610348 alloc_cont:209804 free_cont:208978 diff:826 menor:10 maior:18 media:14 bytes:14376 free: p1:144 p2:248 p3:578
 LIBERACAO ANT:826 FREE_PROCESS:3 bytes:3624724 alloc_cont:210630 free_cont:209804 diff:826 menor:10 maior:18 media:14 bytes:14376 free: p1:148 p2:240 p3:586
 LIBERACAO ANT:826 FREE_PROCESS:3 bytes:3638944 alloc_cont:211456 free_cont:210630 diff:826 menor:10 maior:18 media:14 bytes:14220 free: p1:161 p2:253 p3:573
 LIBERACAO ANT:826 FREE_PROCESS:2 bytes:3653028 alloc_cont:212282 free_cont:211456 diff:826 menor:10 maior:18 media:14 bytes:14084 free: p1:181 p2:247 p3:579
 LIBERACAO ANT:826 FREE_PROCESS:2 bytes:3667336 alloc_cont:213108 free_cont:212282 diff:826 menor:10 maior:18 media:14 bytes:14308 free: p1:146 p2:261 p3:565
 LIBERACAO ANT:826 FREE_PROCESS:3 bytes:3681528 alloc_cont:213934 free_cont:213108 diff:826 menor:10 maior:18 media:14 bytes:14192 free: p1:157 p2:268 p3:558
 LIBERACAO ANT:826 FREE_PROCESS:2 bytes:3695784 alloc_cont:214760 free_cont:213934 diff:826 menor:10 maior:18 media:14 bytes:14256 free: p1:164 p2:238 p3:588
 LIBERACAO ANT:826 FREE_PROCESS:3 bytes:3710036 alloc_cont:215586 free_cont:214760 diff:826 menor:10 maior:18 media:14 bytes:14252 free: p1:158 p2:251 p3:575
 LIBERACAO ANT:826 FREE_PROCESS:3 bytes:3724372 alloc_cont:216412 free_cont:215586 diff:826 menor:10 maior:18 media:14 bytes:14336 free: p1:144 p2:258 p3:568
 LIBERACAO ANT:826 FREE_PROCESS:1 bytes:3738612 alloc_cont:217238 free_cont:216412 diff:826 menor:10 maior:18 media:14 bytes:14240 free: p1:158 p2:254 p3:572
 LIBERACAO ANT:826 FREE_PROCESS:1 bytes:3752832 alloc_cont:218064 free_cont:217238 diff:826 menor:10 maior:18 media:14 bytes:14220 free: p1:170 p2:235 p3:591
 LIBERACAO ANT:826 FREE_PROCESS:3 bytes:3767048 alloc_cont:218890 free_cont:218064 diff:826 menor:10 maior:18 media:14 bytes:14216 free: p1:163 p2:250 p3:576
 LIBERACAO ANT:826 FREE_PROCESS:1 bytes:3781312 alloc_cont:219716 free_cont:218890 diff:826 menor:10 maior:18 media:14 bytes:14264 free: p1:159 p2:246 p3:580
 LIBERACAO ANT:826 FREE_PROCESS:3 bytes:3795568 alloc_cont:220542 free_cont:219716 diff:826 menor:10 maior:18 media:14 bytes:14256 free: p1:156 p2:254 p3:572
 LIBERACAO ANT:826 FREE_PROCESS:1 bytes:3809820 alloc_cont:221368 free_cont:220542 diff:826 menor:10 maior:18 media:14 bytes:14252 free: p1:167 p2:233 p3:593
 LIBERACAO ANT:826 FREE_PROCESS:3 bytes:3823924 alloc_cont:222194 free_cont:221368 diff:826 menor:10 maior:18 media:14 bytes:14104 free: p1:184 p2:236 p3:590
 LIBERACAO ANT:826 FREE_PROCESS:3 bytes:3838064 alloc_cont:223020 free_cont:222194 diff:826 menor:10 maior:18 media:14 bytes:14140 free: p1:162 p2:271 p3:555
 LIBERACAO ANT:826 FREE_PROCESS:2 bytes:3852316 alloc_cont:223846 free_cont:223020 diff:826 menor:10 maior:18 media:14 bytes:14252 free: p1:166 p2:235 p3:591
 LIBERACAO ANT:826 FREE_PROCESS:2 bytes:3866544 alloc_cont:224672 free_cont:223846 diff:826 menor:10 maior:18 media:14 bytes:14228 free: p1:163 p2:247 p3:579
 LIBERACAO ANT:826 FREE_PROCESS:3 bytes:3880656 alloc_cont:225498 free_cont:224672 diff:826 menor:10 maior:18 media:14 bytes:14112 free: p1:170 p2:262 p3:564
 LIBERACAO ANT:826 FREE_PROCESS:3 bytes:3894948 alloc_cont:226324 free_cont:225498 diff:826 menor:10 maior:18 media:14 bytes:14292 free: p1:163 p2:231 p3:595
 LIBERACAO ANT:826 FREE_PROCESS:2 bytes:3909228 alloc_cont:227150 free_cont:226324 diff:826 menor:10 maior:18 media:14 bytes:14280 free: p1:148 p2:264 p3:562
 LIBERACAO ANT:826 FREE_PROCESS:3 bytes:3923412 alloc_cont:227976 free_cont:227150 diff:826 menor:10 maior:18 media:14 bytes:14184 free: p1:166 p2:252 p3:574
 LIBERACAO ANT:826 FREE_PROCESS:3 bytes:3937672 alloc_cont:228802 free_cont:227976 diff:826 menor:10 maior:18 media:14 bytes:14260 free: p1:155 p2:255 p3:571
 LIBERACAO ANT:826 FREE_PROCESS:1 bytes:3951880 alloc_cont:229628 free_cont:228802 diff:826 menor:10 maior:18 media:14 bytes:14208 free: p1:170 p2:238 p3:588
 LIBERACAO ANT:826 FREE_PROCESS:2 bytes:3966080 alloc_cont:230454 free_cont:229628 diff:826 menor:10 maior:18 media:14 bytes:14200 free: p1:175 p2:230 p3:596
 LIBERACAO ANT:826 FREE_PROCESS:2 bytes:3980300 alloc_cont:231280 free_cont:230454 diff:826 menor:10 maior:18 media:14 bytes:14220 free: p1:170 p2:235 p3:591
 LIBERACAO ANT:826 FREE_PROCESS:1 bytes:3994556 alloc_cont:232106 free_cont:231280 diff:826 menor:10 maior:18 media:14 bytes:14256 free: p1:159 p2:248 p3:578
 LIBERACAO ANT:826 FREE_PROCESS:1 bytes:4008844 alloc_cont:232932 free_cont:232106 diff:826 menor:10 maior:18 media:14 bytes:14288 free: p1:153 p2:252 p3:574
 LIBERACAO ANT:826 FREE_PROCESS:3 bytes:4023104 alloc_cont:233758 free_cont:232932 diff:826 menor:10 maior:18 media:14 bytes:14260 free: p1:168 p2:229 p3:597
 LIBERACAO ANT:826 FREE_PROCESS:3 bytes:4037168 alloc_cont:234584 free_cont:233758 diff:826 menor:10 maior:18 media:14 bytes:14064 free: p1:165 p2:284 p3:542
 LIBERACAO ANT:826 FREE_PROCESS:2 bytes:4051440 alloc_cont:235410 free_cont:234584 diff:826 menor:10 maior:18 media:14 bytes:14272 free: p1:161 p2:240 p3:586
 LIBERACAO ANT:826 FREE_PROCESS:1 bytes:4065744 alloc_cont:236236 free_cont:235410 diff:826 menor:10 maior:18 media:14 bytes:14304 free: p1:157 p2:240 p3:586
 LIBERACAO ANT:826 FREE_PROCESS:3 bytes:4079916 alloc_cont:237062 free_cont:236236 diff:826 menor:10 maior:18 media:14 bytes:14172 free: p1:173 p2:241 p3:585
 LIBERACAO ANT:826 FREE_PROCESS:1 bytes:4094136 alloc_cont:237888 free_cont:237062 diff:826 menor:10 maior:18 media:14 bytes:14220 free: p1:161 p2:253 p3:573
 LIBERACAO ANT:826 FREE_PROCESS:3 bytes:4108304 alloc_cont:238714 free_cont:237888 diff:826 menor:10 maior:18 media:14 bytes:14168 free: p1:170 p2:248 p3:578
 LIBERACAO ANT:826 FREE_PROCESS:3 bytes:4122508 alloc_cont:239540 free_cont:238714 diff:826 menor:10 maior:18 media:14 bytes:14204 free: p1:163 p2:253 p3:573
 LIBERACAO ANT:826 FREE_PROCESS:3 bytes:4136720 alloc_cont:240366 free_cont:239540 diff:826 menor:10 maior:18 media:14 bytes:14212 free: p1:162 p2:253 p3:573
 LIBERACAO ANT:826 FREE_PROCESS:2 bytes:4150820 alloc_cont:241192 free_cont:240366 diff:826 menor:10 maior:18 media:14 bytes:14100 free: p1:182 p2:241 p3:585
 LIBERACAO ANT:826 FREE_PROCESS:3 bytes:4164976 alloc_cont:242018 free_cont:241192 diff:826 menor:10 maior:18 media:14 bytes:14156 free: p1:169 p2:253 p3:573
 LIBERACAO ANT:826 FREE_PROCESS:2 bytes:4179140 alloc_cont:242844 free_cont:242018 diff:826 menor:10 maior:18 media:14 bytes:14164 free: p1:161 p2:267 p3:559
 LIBERACAO ANT:826 FREE_PROCESS:2 bytes:4193364 alloc_cont:243670 free_cont:242844 diff:826 menor:10 maior:18 media:14 bytes:14224 free: p1:158 p2:258 p3:568
 LIBERACAO ANT:826 FREE_PROCESS:1 bytes:4207588 alloc_cont:244496 free_cont:243670 diff:826 menor:10 maior:18 media:14 bytes:14224 free: p1:164 p2:246 p3:580
 LIBERACAO ANT:826 FREE_PROCESS:2 bytes:4221624 alloc_cont:245322 free_cont:244496 diff:826 menor:10 maior:18 media:14 bytes:14036 free: p1:184 p2:253 p3:573
 LIBERACAO ANT:826 FREE_PROCESS:3 bytes:4235684 alloc_cont:246148 free_cont:245322 diff:826 menor:10 maior:18 media:14 bytes:14060 free: p1:183 p2:249 p3:577
 LIBERACAO ANT:826 FREE_PROCESS:2 bytes:4249580 alloc_cont:246974 free_cont:246148 diff:826 menor:10 maior:18 media:14 bytes:13896 free: p1:196 p2:264 p3:562
 LIBERACAO ANT:826 FREE_PROCESS:3 bytes:4263808 alloc_cont:247800 free_cont:246974 diff:826 menor:10 maior:18 media:14 bytes:14228 free: p1:159 p2:255 p3:571
 LIBERACAO ANT:826 FREE_PROCESS:2 bytes:4277964 alloc_cont:248626 free_cont:247800 diff:826 menor:10 maior:18 media:14 bytes:14156 free: p1:172 p2:247 p3:579
 LIBERACAO ANT:826 FREE_PROCESS:3 bytes:4292228 alloc_cont:249452 free_cont:248626 diff:826 menor:10 maior:18 media:14 bytes:14264 free: p1:157 p2:250 p3:576
 LIBERACAO ANT:826 FREE_PROCESS:1 bytes:4306544 alloc_cont:250278 free_cont:249452 diff:826 menor:10 maior:18 media:14 bytes:14316 free: p1:159 p2:233 p3:593
 LIBERACAO ANT:826 FREE_PROCESS:1 bytes:4320712 alloc_cont:251104 free_cont:250278 diff:826 menor:10 maior:18 media:14 bytes:14168 free: p1:167 p2:254 p3:572
 LIBERACAO ANT:826 FREE_PROCESS:2 bytes:4334956 alloc_cont:251930 free_cont:251104 diff:826 menor:10 maior:18 media:14 bytes:14244 free: p1:165 p2:239 p3:587
 LIBERACAO ANT:826 FREE_PROCESS:2 bytes:4349184 alloc_cont:252756 free_cont:251930 diff:826 menor:10 maior:18 media:14 bytes:14228 free: p1:155 p2:263 p3:563
 LIBERACAO ANT:826 FREE_PROCESS:2 bytes:4363344 alloc_cont:253582 free_cont:252756 diff:826 menor:10 maior:18 media:14 bytes:14160 free: p1:167 p2:256 p3:570
 LIBERACAO ANT:826 FREE_PROCESS:2 bytes:4377592 alloc_cont:254408 free_cont:253582 diff:826 menor:10 maior:18 media:14 bytes:14248 free: p1:153 p2:262 p3:564
 LIBERACAO ANT:826 FREE_PROCESS:1 bytes:4391764 alloc_cont:255234 free_cont:254408 diff:826 menor:10 maior:18 media:14 bytes:14172 free: p1:168 p2:251 p3:575
 LIBERACAO ANT:826 FREE_PROCESS:3 bytes:4405816 alloc_cont:256060 free_cont:255234 diff:826 menor:10 maior:18 media:14 bytes:14052 free: p1:187 p2:243 p3:583
 LIBERACAO ANT:826 FREE_PROCESS:2 bytes:4419948 alloc_cont:256886 free_cont:256060 diff:826 menor:10 maior:18 media:14 bytes:14132 free: p1:164 p2:269 p3:557
 LIBERACAO ANT:826 FREE_PROCESS:3 bytes:4434112 alloc_cont:257712 free_cont:256886 diff:826 menor:10 maior:18 media:14 bytes:14164 free: p1:171 p2:247 p3:579
 LIBERACAO ANT:826 FREE_PROCESS:3 bytes:4448308 alloc_cont:258538 free_cont:257712 diff:826 menor:10 maior:18 media:14 bytes:14196 free: p1:163 p2:255 p3:571
 LIBERACAO ANT:826 FREE_PROCESS:3 bytes:4462372 alloc_cont:259364 free_cont:258538 diff:826 menor:10 maior:18 media:14 bytes:14064 free: p1:181 p2:252 p3:574
 LIBERACAO ANT:826 FREE_PROCESS:1 bytes:4476476 alloc_cont:260190 free_cont:259364 diff:826 menor:10 maior:18 media:14 bytes:14104 free: p1:176 p2:252 p3:574
 LIBERACAO ANT:826 FREE_PROCESS:3 bytes:4490736 alloc_cont:261016 free_cont:260190 diff:826 menor:10 maior:18 media:14 bytes:14260 free: p1:156 p2:253 p3:573
 LIBERACAO ANT:826 FREE_PROCESS:3 bytes:4505044 alloc_cont:261842 free_cont:261016 diff:826 menor:10 maior:18 media:14 bytes:14308 free: p1:161 p2:231 p3:595
 LIBERACAO ANT:826 FREE_PROCESS:2 bytes:4519284 alloc_cont:262668 free_cont:261842 diff:826 menor:10 maior:18 media:14 bytes:14240 free: p1:159 p2:252 p3:574
 LIBERACAO ANT:826 FREE_PROCESS:2 bytes:4533528 alloc_cont:263494 free_cont:262668 diff:826 menor:10 maior:18 media:14 bytes:14244 free: p1:169 p2:231 p3:595
 LIBERACAO ANT:826 FREE_PROCESS:3 bytes:4547820 alloc_cont:264320 free_cont:263494 diff:826 menor:10 maior:18 media:14 bytes:14292 free: p1:144 p2:269 p3:557
 LIBERACAO ANT:826 FREE_PROCESS:2 bytes:4562104 alloc_cont:265146 free_cont:264320 diff:826 menor:10 maior:18 media:14 bytes:14284 free: p1:150 p2:259 p3:567
 LIBERACAO ANT:826 FREE_PROCESS:3 bytes:4576004 alloc_cont:265972 free_cont:265146 diff:826 menor:10 maior:18 media:14 bytes:13900 free: p1:194 p2:267 p3:559
 LIBERACAO ANT:826 FREE_PROCESS:1 bytes:4590252 alloc_cont:266798 free_cont:265972 diff:826 menor:10 maior:18 media:14 bytes:14248 free: p1:160 p2:248 p3:578
 LIBERACAO ANT:826 FREE_PROCESS:2 bytes:4604464 alloc_cont:267624 free_cont:266798 diff:826 menor:10 maior:18 media:14 bytes:14212 free: p1:171 p2:235 p3:591
 LIBERACAO ANT:826 FREE_PROCESS:3 bytes:4618628 alloc_cont:268450 free_cont:267624 diff:826 menor:10 maior:18 media:14 bytes:14164 free: p1:169 p2:251 p3:575
 LIBERACAO ANT:826 FREE_PROCESS:1 bytes:4632784 alloc_cont:269276 free_cont:268450 diff:826 menor:10 maior:18 media:14 bytes:14156 free: p1:167 p2:257 p3:569
 LIBERACAO ANT:826 FREE_PROCESS:2 bytes:4646956 alloc_cont:270102 free_cont:269276 diff:826 menor:10 maior:18 media:14 bytes:14172 free: p1:174 p2:239 p3:587
 LIBERACAO ANT:826 FREE_PROCESS:1 bytes:4661328 alloc_cont:270928 free_cont:270102 diff:826 menor:10 maior:18 media:14 bytes:14372 free: p1:140 p2:257 p3:569
 LIBERACAO ANT:826 FREE_PROCESS:2 bytes:4675668 alloc_cont:271754 free_cont:270928 diff:826 menor:10 maior:18 media:14 bytes:14340 free: p1:154 p2:237 p3:589
 LIBERACAO ANT:826 FREE_PROCESS:3 bytes:4689892 alloc_cont:272580 free_cont:271754 diff:826 menor:10 maior:18 media:14 bytes:14224 free: p1:159 p2:256 p3:570
 LIBERACAO ANT:826 FREE_PROCESS:3 bytes:4704232 alloc_cont:273406 free_cont:272580 diff:826 menor:10 maior:18 media:14 bytes:14340 free: p1:146 p2:253 p3:573
 LIBERACAO ANT:826 FREE_PROCESS:2 bytes:4718596 alloc_cont:274232 free_cont:273406 diff:826 menor:10 maior:18 media:14 bytes:14364 free: p1:145 p2:249 p3:577
 LIBERACAO ANT:826 FREE_PROCESS:1 bytes:4732736 alloc_cont:275058 free_cont:274232 diff:826 menor:10 maior:18 media:14 bytes:14140 free: p1:173 p2:249 p3:577
 LIBERACAO ANT:826 FREE_PROCESS:3 bytes:4746948 alloc_cont:275884 free_cont:275058 diff:826 menor:10 maior:18 media:14 bytes:14212 free: p1:174 p2:229 p3:597
 LIBERACAO ANT:826 FREE_PROCESS:1 bytes:4761132 alloc_cont:276710 free_cont:275884 diff:826 menor:10 maior:18 media:14 bytes:14184 free: p1:183 p2:218 p3:608
 LIBERACAO ANT:826 FREE_PROCESS:3 bytes:4775436 alloc_cont:277536 free_cont:276710 diff:826 menor:10 maior:18 media:14 bytes:14304 free: p1:159 p2:236 p3:590
 LIBERACAO ANT:826 FREE_PROCESS:3 bytes:4789556 alloc_cont:278362 free_cont:277536 diff:826 menor:10 maior:18 media:14 bytes:14120 free: p1:182 p2:236 p3:590
 LIBERACAO ANT:826 FREE_PROCESS:3 bytes:4803832 alloc_cont:279188 free_cont:278362 diff:826 menor:10 maior:18 media:14 bytes:14276 free: p1:145 p2:271 p3:555
 LIBERACAO ANT:826 FREE_PROCESS:2 bytes:4818056 alloc_cont:280014 free_cont:279188 diff:826 menor:10 maior:18 media:14 bytes:14224 free: p1:173 p2:228 p3:598
 LIBERACAO ANT:826 FREE_PROCESS:2 bytes:4832268 alloc_cont:280840 free_cont:280014 diff:826 menor:10 maior:18 media:14 bytes:14212 free: p1:161 p2:255 p3:571
 LIBERACAO ANT:826 FREE_PROCESS:1 bytes:4846412 alloc_cont:281666 free_cont:280840 diff:826 menor:10 maior:18 media:14 bytes:14144 free: p1:171 p2:252 p3:574
 LIBERACAO ANT:826 FREE_PROCESS:1 bytes:4860780 alloc_cont:282492 free_cont:281666 diff:826 menor:10 maior:18 media:14 bytes:14368 free: p1:151 p2:236 p3:590
 LIBERACAO ANT:826 FREE_PROCESS:3 bytes:4874968 alloc_cont:283318 free_cont:282492 diff:826 menor:10 maior:18 media:14 bytes:14188 free: p1:164 p2:255 p3:571
 LIBERACAO ANT:826 FREE_PROCESS:3 bytes:4889180 alloc_cont:284144 free_cont:283318 diff:826 menor:10 maior:18 media:14 bytes:14212 free: p1:160 p2:257 p3:569
 LIBERACAO ANT:826 FREE_PROCESS:3 bytes:4903428 alloc_cont:284970 free_cont:284144 diff:826 menor:10 maior:18 media:14 bytes:14248 free: p1:156 p2:256 p3:570
 LIBERACAO ANT:826 FREE_PROCESS:1 bytes:4917604 alloc_cont:285796 free_cont:284970 diff:826 menor:10 maior:18 media:14 bytes:14176 free: p1:173 p2:240 p3:586
 LIBERACAO ANT:826 FREE_PROCESS:2 bytes:4931816 alloc_cont:286622 free_cont:285796 diff:826 menor:10 maior:18 media:14 bytes:14212 free: p1:162 p2:253 p3:573
 LIBERACAO ANT:826 FREE_PROCESS:1 bytes:4946112 alloc_cont:287448 free_cont:286622 diff:826 menor:10 maior:18 media:14 bytes:14296 free: p1:163 p2:230 p3:596
 LIBERACAO ANT:826 FREE_PROCESS:3 bytes:4960228 alloc_cont:288274 free_cont:287448 diff:826 menor:10 maior:18 media:14 bytes:14116 free: p1:177 p2:247 p3:579
 LIBERACAO ANT:826 FREE_PROCESS:2 bytes:4974468 alloc_cont:289100 free_cont:288274 diff:826 menor:10 maior:18 media:14 bytes:14240 free: p1:169 p2:232 p3:594
 LIBERACAO ANT:826 FREE_PROCESS:1 bytes:4988748 alloc_cont:289926 free_cont:289100 diff:826 menor:10 maior:18 media:14 bytes:14280 free: p1:155 p2:250 p3:576
 LIBERACAO ANT:826 FREE_PROCESS:3 bytes:5002912 alloc_cont:290752 free_cont:289926 diff:826 menor:10 maior:18 media:14 bytes:14164 free: p1:167 p2:255 p3:571
 LIBERACAO ANT:826 FREE_PROCESS:1 bytes:5017192 alloc_cont:291578 free_cont:290752 diff:826 menor:10 maior:18 media:14 bytes:14280 free: p1:159 p2:242 p3:584
 LIBERACAO ANT:826]0;max@Ubuntu-Max: ~/NKE/NKE0.8a/Placa[01;32mmax@Ubuntu-Max[00m:[01;34m~/NKE/NKE0.8a/Placa[00m$ ^C
]0;max@Ubuntu-Max: ~/NKE/NKE0.8a/Placa[01;32mmax@Ubuntu-Max[00m:[01;34m~/NKE/NKE0.8a/Placa[00m$ exit
exit

Script done on Dom 03 Jun 2018 23:03:03 -03
