Script started on Dom 03 Jun 2018 23:24:50 -03
]0;max@Ubuntu-Max: ~/NKE/NKE0.8a/Placa[01;32mmax@Ubuntu-Max[00m:[01;34m~/NKE/NKE0.8a/Placa[00m$ exit../terminal64 

Serial terminal/uploader for Linux: Command line:
	terminal64 [-f] [serial_device] [tty_out] [b=baudrate] [file.hex]

PaNKE-Terminal Opened "/dev/ttyUSB0" @ 19200 baud
Ctrl-C to exit
Ctrl-R RESET remote device
55ÿ>>>>> INICIALIZA >>>>>> FREE_PROCESS:2 bytes:13516 alloc_cont:779 free_cont:0 diff:779 menor:10 maior:18 media:16 bytes:13516 free: p1:143 p2:230 p3:549
 LIBERACAO ANT:779 FREE_PROCESS:2 bytes:26756 alloc_cont:1558 free_cont:779 diff:779 menor:10 maior:18 media:15 bytes:13240 free: p1:175 p2:235 p3:544
 LIBERACAO ANT:779 FREE_PROCESS:2 bytes:40212 alloc_cont:2337 free_cont:1558 diff:779 menor:10 maior:18 media:15 bytes:13456 free: p1:151 p2:229 p3:550
 LIBERACAO ANT:779 FREE_PROCESS:2 bytes:53704 alloc_cont:3116 free_cont:2337 diff:779 menor:10 maior:18 media:14 bytes:13492 free: p1:144 p2:234 p3:545
 LIBERACAO ANT:779 FREE_PROCESS:2 bytes:67076 alloc_cont:3895 free_cont:3116 diff:779 menor:10 maior:18 media:14 bytes:13372 free: p1:160 p2:232 p3:547
 LIBERACAO ANT:779 FREE_PROCESS:2 bytes:80420 alloc_cont:4674 free_cont:3895 diff:779 menor:10 maior:18 media:14 bytes:13344 free: p1:159 p2:241 p3:538
 LIBERACAO ANT:779 FREE_PROCESS:2 bytes:93868 alloc_cont:5453 free_cont:4674 diff:779 menor:10 maior:18 media:14 bytes:13448 free: p1:148 p2:237 p3:542
 LIBERACAO ANT:779 FREE_PROCESS:3 bytes:107304 alloc_cont:6232 free_cont:5453 diff:779 menor:10 maior:18 media:14 bytes:13436 free: p1:143 p2:250 p3:529
 LIBERACAO ANT:779 FREE_PROCESS:2 bytes:120580 alloc_cont:7011 free_cont:6232 diff:779 menor:10 maior:18 media:14 bytes:13276 free: p1:172 p2:232 p3:547
 LIBERACAO ANT:779 FREE_PROCESS:3 bytes:133932 alloc_cont:7790 free_cont:7011 diff:779 menor:10 maior:18 media:14 bytes:13352 free: p1:163 p2:231 p3:548
 LIBERACAO ANT:779 FREE_PROCESS:3 bytes:147412 alloc_cont:8569 free_cont:7790 diff:779 menor:10 maior:18 media:14 bytes:13480 free: p1:157 p2:211 p3:568
 LIBERACAO ANT:779 FREE_PROCESS:2 bytes:160720 alloc_cont:9348 free_cont:8569 diff:779 menor:10 maior:18 media:14 bytes:13308 free: p1:160 p2:248 p3:531
 LIBERACAO ANT:779 FREE_PROCESS:3 bytes:174228 alloc_cont:10127 free_cont:9348 diff:779 menor:10 maior:18 media:14 bytes:13508 free: p1:142 p2:234 p3:545
 LIBERACAO ANT:779 FREE_PROCESS:3 bytes:187660 alloc_cont:10906 free_cont:10127 diff:779 menor:10 maior:18 media:14 bytes:13432 free: p1:153 p2:231 p3:548
 LIBERACAO ANT:779 FREE_PROCESS:3 bytes:200968 alloc_cont:11685 free_cont:10906 diff:779 menor:10 maior:18 media:14 bytes:13308 free: p1:160 p2:248 p3:531
 LIBERACAO ANT:779 FREE_PROCESS:3 bytes:214360 alloc_cont:12464 free_cont:11685 diff:779 menor:10 maior:18 media:14 bytes:13392 free: p1:156 p2:235 p3:544
 LIBERACAO ANT:779 FREE_PROCESS:2 bytes:227608 alloc_cont:13243 free_cont:12464 diff:779 menor:10 maior:18 media:14 bytes:13248 free: p1:162 p2:259 p3:520
 LIBERACAO ANT:779 FREE_PROCESS:2 bytes:240996 alloc_cont:14022 free_cont:13243 diff:779 menor:10 maior:18 media:14 bytes:13388 free: p1:151 p2:246 p3:533
 LIBERACAO ANT:779 FREE_PROCESS:3 bytes:254328 alloc_cont:14801 free_cont:14022 diff:779 menor:10 maior:18 media:14 bytes:13332 free: p1:160 p2:242 p3:537
 LIBERACAO ANT:779 FREE_PROCESS:3 bytes:267652 alloc_cont:15580 free_cont:14801 diff:779 menor:10 maior:18 media:14 bytes:13324 free: p1:169 p2:226 p3:553
 LIBERACAO ANT:779 FREE_PROCESS:2 bytes:281244 alloc_cont:16359 free_cont:15580 diff:779 menor:10 maior:18 media:14 bytes:13592 free: p1:139 p2:219 p3:560
 LIBERACAO ANT:779 FREE_PROCESS:3 bytes:294548 alloc_cont:17138 free_cont:16359 diff:779 menor:10 maior:18 media:14 bytes:13304 free: p1:163 p2:243 p3:536
 LIBERACAO ANT:779 FREE_PROCESS:3 bytes:308288 alloc_cont:17917 free_cont:17138 diff:779 menor:10 maior:18 media:14 bytes:13740 free: p1:113 p2:234 p3:545
 LIBERACAO ANT:779 FREE_PROCESS:2 bytes:321836 alloc_cont:18696 free_cont:17917 diff:779 menor:10 maior:18 media:14 bytes:13548 free: p1:133 p2:242 p3:537
 LIBERACAO ANT:779 FREE_PROCESS:1 bytes:334932 alloc_cont:19475 free_cont:18696 diff:779 menor:10 maior:18 media:14 bytes:13096 free: p1:190 p2:241 p3:538
 LIBERACAO ANT:779 FREE_PROCESS:1 bytes:348372 alloc_cont:20254 free_cont:19475 diff:779 menor:10 maior:18 media:14 bytes:13440 free: p1:143 p2:249 p3:530
 LIBERACAO ANT:779 FREE_PROCESS:3 bytes:361732 alloc_cont:21033 free_cont:20254 diff:779 menor:10 maior:18 media:14 bytes:13360 free: p1:157 p2:241 p3:538
 LIBERACAO ANT:779 FREE_PROCESS:2 bytes:375016 alloc_cont:21812 free_cont:21033 diff:779 menor:10 maior:18 media:14 bytes:13284 free: p1:178 p2:218 p3:561
 LIBERACAO ANT:779 FREE_PROCESS:3 bytes:388328 alloc_cont:22591 free_cont:21812 diff:779 menor:10 maior:18 media:14 bytes:13312 free: p1:161 p2:245 p3:534
 LIBERACAO ANT:779 FREE_PROCESS:2 bytes:401868 alloc_cont:23370 free_cont:22591 diff:779 menor:10 maior:18 media:14 bytes:13540 free: p1:145 p2:220 p3:559
 LIBERACAO ANT:779 FREE_PROCESS:2 bytes:415300 alloc_cont:24149 free_cont:23370 diff:779 menor:10 maior:18 media:14 bytes:13432 free: p1:143 p2:251 p3:528
 LIBERACAO ANT:779 FREE_PROCESS:3 bytes:428640 alloc_cont:24928 free_cont:24149 diff:779 menor:10 maior:18 media:14 bytes:13340 free: p1:160 p2:240 p3:539
 LIBERACAO ANT:779 FREE_PROCESS:1 bytes:442148 alloc_cont:25707 free_cont:24928 diff:779 menor:10 maior:18 media:14 bytes:13508 free: p1:139 p2:240 p3:539
 LIBERACAO ANT:779 FREE_PROCESS:1 bytes:455632 alloc_cont:26486 free_cont:25707 diff:779 menor:10 maior:18 media:14 bytes:13484 free: p1:131 p2:262 p3:517
 LIBERACAO ANT:779 FREE_PROCESS:3 bytes:468880 alloc_cont:27265 free_cont:26486 diff:779 menor:10 maior:18 media:14 bytes:13248 free: p1:172 p2:239 p3:540
 LIBERACAO ANT:779 FREE_PROCESS:2 bytes:482364 alloc_cont:28044 free_cont:27265 diff:779 menor:10 maior:18 media:14 bytes:13484 free: p1:141 p2:242 p3:537
 LIBERACAO ANT:779 FREE_PROCESS:3 bytes:495848 alloc_cont:28823 free_cont:28044 diff:779 menor:10 maior:18 media:14 bytes:13484 free: p1:143 p2:238 p3:541
 LIBERACAO ANT:779 FREE_PROCESS:3 bytes:509300 alloc_cont:29602 free_cont:28823 diff:779 menor:10 maior:18 media:14 bytes:13452 free: p1:142 p2:248 p3:531
 LIBERACAO ANT:779 FREE_PROCESS:3 bytes:522748 alloc_cont:30381 free_cont:29602 diff:779 menor:10 maior:18 media:14 bytes:13448 free: p1:152 p2:229 p3:550
 LIBERACAO ANT:779 FREE_PROCESS:1 bytes:536192 alloc_cont:31160 free_cont:30381 diff:779 menor:10 maior:18 media:14 bytes:13444 free: p1:145 p2:244 p3:535
 LIBERACAO ANT:779 FREE_PROCESS:2 bytes:549644 alloc_cont:31939 free_cont:31160 diff:779 menor:10 maior:18 media:14 bytes:13452 free: p1:148 p2:236 p3:543
 LIBERACAO ANT:779 FREE_PROCESS:2 bytes:562980 alloc_cont:32718 free_cont:31939 diff:779 menor:10 maior:18 media:14 bytes:13336 free: p1:152 p2:257 p3:522
 LIBERACAO ANT:779 FREE_PROCESS:3 bytes:576168 alloc_cont:33497 free_cont:32718 diff:779 menor:10 maior:18 media:14 bytes:13188 free: p1:178 p2:242 p3:537
 LIBERACAO ANT:779 FREE_PROCESS:3 bytes:589448 alloc_cont:34276 free_cont:33497 diff:779 menor:10 maior:18 media:14 bytes:13280 free: p1:167 p2:241 p3:538
 LIBERACAO ANT:779 FREE_PROCESS:2 bytes:602884 alloc_cont:35055 free_cont:34276 diff:779 menor:10 maior:18 media:14 bytes:13436 free: p1:156 p2:224 p3:555
 LIBERACAO ANT:779 FREE_PROCESS:1 bytes:616228 alloc_cont:35834 free_cont:35055 diff:779 menor:10 maior:18 media:14 bytes:13344 free: p1:172 p2:215 p3:564
 LIBERACAO ANT:779 FREE_PROCESS:3 bytes:629548 alloc_cont:36613 free_cont:35834 diff:779 menor:10 maior:18 media:14 bytes:13320 free: p1:161 p2:243 p3:536
 LIBERACAO ANT:779 FREE_PROCESS:2 bytes:643048 alloc_cont:37392 free_cont:36613 diff:779 menor:10 maior:18 media:14 bytes:13500 free: p1:147 p2:226 p3:553
 LIBERACAO ANT:779 FREE_PROCESS:3 bytes:656488 alloc_cont:38171 free_cont:37392 diff:779 menor:10 maior:18 media:14 bytes:13440 free: p1:150 p2:235 p3:544
 LIBERACAO ANT:779 FREE_PROCESS:3 bytes:669856 alloc_cont:38950 free_cont:38171 diff:779 menor:10 maior:18 media:14 bytes:13368 free: p1:172 p2:209 p3:570
 LIBERACAO ANT:779 FREE_PROCESS:3 bytes:683252 alloc_cont:39729 free_cont:38950 diff:779 menor:10 maior:18 media:14 bytes:13396 free: p1:161 p2:224 p3:555
 LIBERACAO ANT:779 FREE_PROCESS:1 bytes:696656 alloc_cont:40508 free_cont:39729 diff:779 menor:10 maior:18 media:14 bytes:13404 free: p1:152 p2:240 p3:539
 LIBERACAO ANT:779 FREE_PROCESS:2 bytes:710188 alloc_cont:41287 free_cont:40508 diff:779 menor:10 maior:18 media:14 bytes:13532 free: p1:135 p2:242 p3:537
 LIBERACAO ANT:779 FREE_PROCESS:3 bytes:723616 alloc_cont:42066 free_cont:41287 diff:779 menor:10 maior:18 media:14 bytes:13428 free: p1:149 p2:240 p3:539
 LIBERACAO ANT:779 FREE_PROCESS:3 bytes:736988 alloc_cont:42845 free_cont:42066 diff:779 menor:10 maior:18 media:14 bytes:13372 free: p1:163 p2:226 p3:553
 LIBERACAO ANT:779 FREE_PROCESS:3 bytes:750272 alloc_cont:43624 free_cont:42845 diff:779 menor:10 maior:18 media:14 bytes:13284 free: p1:173 p2:228 p3:551
 LIBERACAO ANT:779 FREE_PROCESS:2 bytes:763592 alloc_cont:44403 free_cont:43624 diff:779 menor:10 maior:18 media:14 bytes:13320 free: p1:168 p2:229 p3:550
 LIBERACAO ANT:779 FREE_PROCESS:3 bytes:776964 alloc_cont:45182 free_cont:44403 diff:779 menor:10 maior:18 media:14 bytes:13372 free: p1:154 p2:244 p3:535
 LIBERACAO ANT:779 FREE_PROCESS:3 bytes:790408 alloc_cont:45961 free_cont:45182 diff:779 menor:10 maior:18 media:14 bytes:13444 free: p1:156 p2:222 p3:557
 LIBERACAO ANT:779 FREE_PROCESS:3 bytes:803720 alloc_cont:46740 free_cont:45961 diff:779 menor:10 maior:18 media:14 bytes:13312 free: p1:174 p2:219 p3:560
 LIBERACAO ANT:779 FREE_PROCESS:1 bytes:817292 alloc_cont:47519 free_cont:46740 diff:779 menor:10 maior:18 media:14 bytes:13572 free: p1:139 p2:224 p3:555
 LIBERACAO ANT:779 FREE_PROCESS:3 bytes:830712 alloc_cont:48298 free_cont:47519 diff:779 menor:10 maior:18 media:14 bytes:13420 free: p1:150 p2:240 p3:539
 LIBERACAO ANT:779 FREE_PROCESS:2 bytes:844072 alloc_cont:49077 free_cont:48298 diff:779 menor:10 maior:18 media:14 bytes:13360 free: p1:160 p2:235 p3:544
 LIBERACAO ANT:779 FREE_PROCESS:3 bytes:857368 alloc_cont:49856 free_cont:49077 diff:779 menor:10 maior:18 media:14 bytes:13296 free: p1:156 p2:259 p3:520
 LIBERACAO ANT:779 FREE_PROCESS:3 bytes:870796 alloc_cont:50635 free_cont:49856 diff:779 menor:10 maior:18 media:14 bytes:13428 free: p1:153 p2:232 p3:547
 LIBERACAO ANT:779 FREE_PROCESS:2 bytes:884020 alloc_cont:51414 free_cont:50635 diff:779 menor:10 maior:18 media:14 bytes:13224 free: p1:173 p2:243 p3:536
 LIBERACAO ANT:779 FREE_PROCESS:3 bytes:897464 alloc_cont:52193 free_cont:51414 diff:779 menor:10 maior:18 media:14 bytes:13444 free: p1:157 p2:220 p3:559
 LIBERACAO ANT:779 FREE_PROCESS:3 bytes:910972 alloc_cont:52972 free_cont:52193 diff:779 menor:10 maior:18 media:14 bytes:13508 free: p1:146 p2:226 p3:553
 LIBERACAO ANT:779 FREE_PROCESS:2 bytes:924356 alloc_cont:53751 free_cont:52972 diff:779 menor:10 maior:18 media:14 bytes:13384 free: p1:146 p2:257 p3:522
 LIBERACAO ANT:779 FREE_PROCESS:2 bytes:937760 alloc_cont:54530 free_cont:53751 diff:779 menor:10 maior:18 media:14 bytes:13404 free: p1:167 p2:210 p3:569
 LIBERACAO ANT:779 FREE_PROCESS:3 bytes:951144 alloc_cont:55309 free_cont:54530 diff:779 menor:10 maior:18 media:14 bytes:13384 free: p1:152 p2:245 p3:534
 LIBERACAO ANT:779 FREE_PROCESS:1 bytes:964508 alloc_cont:56088 free_cont:55309 diff:779 menor:10 maior:18 media:14 bytes:13364 free: p1:163 p2:228 p3:551
 LIBERACAO ANT:779 FREE_PROCESS:2 bytes:977836 alloc_cont:56867 free_cont:56088 diff:779 menor:10 maior:18 media:14 bytes:13328 free: p1:165 p2:233 p3:546
 LIBERACAO ANT:779 FREE_PROCESS:2 bytes:991284 alloc_cont:57646 free_cont:56867 diff:779 menor:10 maior:18 media:14 bytes:13448 free: p1:158 p2:217 p3:562
 LIBERACAO ANT:779 FREE_PROCESS:1 bytes:1004712 alloc_cont:58425 free_cont:57646 diff:779 menor:10 maior:18 media:14 bytes:13428 free: p1:145 p2:248 p3:531
 LIBERACAO ANT:779 FREE_PROCESS:2 bytes:1018204 alloc_cont:59204 free_cont:58425 diff:779 menor:10 maior:18 media:14 bytes:13492 free: p1:150 p2:222 p3:557
 LIBERACAO ANT:779 FREE_PROCESS:3 bytes:1031796 alloc_cont:59983 free_cont:59204 diff:779 menor:10 maior:18 media:14 bytes:13592 free: p1:133 p2:231 p3:548
 LIBERACAO ANT:779 FREE_PROCESS:2 bytes:1045012 alloc_cont:60762 free_cont:59983 diff:779 menor:10 maior:18 media:14 bytes:13216 free: p1:184 p2:223 p3:556
 LIBERACAO ANT:779 FREE_PROCESS:2 bytes:1058388 alloc_cont:61541 free_cont:60762 diff:779 menor:10 maior:18 media:14 bytes:13376 free: p1:162 p2:227 p3:552
 LIBERACAO ANT:779 FREE_PROCESS:2 bytes:1071956 alloc_cont:62320 free_cont:61541 diff:779 menor:10 maior:18 media:14 bytes:13568 free: p1:139 p2:225 p3:554
 LIBERACAO ANT:779 FREE_PROCESS:3 bytes:1085332 alloc_cont:63099 free_cont:62320 diff:779 menor:10 maior:18 media:14 bytes:13376 free: p1:163 p2:225 p3:554
 LIBERACAO ANT:779 FREE_PROCESS:3 bytes:1098844 alloc_cont:63878 free_cont:63099 diff:779 menor:10 maior:18 media:14 bytes:13512 free: p1:146 p2:225 p3:554
 LIBERACAO ANT:779 FREE_PROCESS:3 bytes:1112144 alloc_cont:64657 free_cont:63878 diff:779 menor:10 maior:18 media:14 bytes:13300 free: p1:160 p2:250 p3:529
 LIBERACAO ANT:779 FREE_PROCESS:3 bytes:1125548 alloc_cont:65436 free_cont:64657 diff:779 menor:10 maior:18 media:14 bytes:13404 free: p1:159 p2:226 p3:553
 LIBERACAO ANT:779 FREE_PROCESS:3 bytes:1138924 alloc_cont:66215 free_cont:65436 diff:779 menor:10 maior:18 media:14 bytes:13376 free: p1:162 p2:227 p3:552
 LIBERACAO ANT:779 FREE_PROCESS:1 bytes:1152176 alloc_cont:66994 free_cont:66215 diff:779 menor:10 maior:18 media:14 bytes:13252 free: p1:173 p2:236 p3:543
 LIBERACAO ANT:779 FREE_PROCESS:2 bytes:1165588 alloc_cont:67773 free_cont:66994 diff:779 menor:10 maior:18 media:14 bytes:13412 free: p1:153 p2:236 p3:543
 LIBERACAO ANT:779 FREE_PROCESS:3 bytes:1179068 alloc_cont:68552 free_cont:67773 diff:779 menor:10 maior:18 media:14 bytes:13480 free: p1:149 p2:227 p3:552
 LIBERACAO ANT:779 FREE_PROCESS:2 bytes:1192556 alloc_cont:69331 free_cont:68552 diff:779 menor:10 maior:18 media:14 bytes:13488 free: p1:150 p2:223 p3:556
 LIBERACAO ANT:779 FREE_PROCESS:3 bytes:1205996 alloc_cont:70110 free_cont:69331 diff:779 menor:10 maior:18 media:14 bytes:13440 free: p1:152 p2:231 p3:548
 LIBERACAO ANT:779 FREE_PROCESS:3 bytes:1219488 alloc_cont:70889 free_cont:70110 diff:779 menor:10 maior:18 media:14 bytes:13492 free: p1:138 p2:246 p3:533
 LIBERACAO ANT:779 FREE_PROCESS:3 bytes:1232816 alloc_cont:71668 free_cont:70889 diff:779 menor:10 maior:18 media:14 bytes:13328 free: p1:169 p2:225 p3:554
 LIBERACAO ANT:779 FREE_PROCESS:2 bytes:1246276 alloc_cont:72447 free_cont:71668 diff:779 menor:10 maior:18 media:14 bytes:13460 free: p1:153 p2:224 p3:555
 LIBERACAO ANT:779 FREE_PROCESS:1 bytes:1259536 alloc_cont:73226 free_cont:72447 diff:779 menor:10 maior:18 media:14 bytes:13260 free: p1:175 p2:230 p3:549
 LIBERACAO ANT:779 FREE_PROCESS:1 bytes:1272848 alloc_cont:74005 free_cont:73226 diff:779 menor:10 maior:18 media:14 bytes:13312 free: p1:166 p2:235 p3:544
 LIBERACAO ANT:779 FREE_PROCESS:2 bytes:1286164 alloc_cont:74784 free_cont:74005 diff:779 menor:10 maior:18 media:14 bytes:13316 free: p1:162 p2:242 p3:537
 LIBERACAO ANT:779 FREE_PROCESS:3 bytes:1299432 alloc_cont:75563 free_cont:74784 diff:779 menor:10 maior:18 media:14 bytes:13268 free: p1:177 p2:224 p3:555
 LIBERACAO ANT:779 FREE_PROCESS:3 bytes:1312788 alloc_cont:76342 free_cont:75563 diff:779 menor:10 maior:18 media:14 bytes:13356 free: p1:143 p2:270 p3:509
 LIBERACAO ANT:779 FREE_PROCESS:3 bytes:1326144 alloc_cont:77121 free_cont:76342 diff:779 menor:10 maior:18 media:14 bytes:13356 free: p1:164 p2:228 p3:551
 LIBERACAO ANT:779 FREE_PROCESS:3 bytes:1339488 alloc_cont:77900 free_cont:77121 diff:779 menor:10 maior:18 media:14 bytes:13344 free: p1:170 p2:219 p3:560
 LIBERACAO ANT:779 FREE_PROCESS:2 bytes:1352964 alloc_cont:78679 free_cont:77900 diff:779 menor:10 maior:18 media:14 bytes:13476 free: p1:147 p2:232 p3:547
 LIBERACAO ANT:779 FREE_PROCESS:3 bytes:1366376 alloc_cont:79458 free_cont:78679 diff:779 menor:10 maior:18 media:14 bytes:13412 free: p1:161 p2:220 p3:559
 LIBERACAO ANT:779 FREE_PROCESS:3 bytes:1379772 alloc_cont:80237 free_cont:79458 diff:779 menor:10 maior:18 media:14 bytes:13396 free: p1:160 p2:226 p3:553
 LIBERACAO ANT:779 FREE_PROCESS:3 bytes:1393232 alloc_cont:81016 free_cont:80237 diff:779 menor:10 maior:18 media:14 bytes:13460 free: p1:142 p2:246 p3:533
 LIBERACAO ANT:779 FREE_PROCESS:3 bytes:1406684 alloc_cont:81795 free_cont:81016 diff:779 menor:10 maior:18 media:14 bytes:13452 free: p1:149 p2:234 p3:545
 LIBERACAO ANT:779 FREE_PROCESS:1 bytes:1420220 alloc_cont:82574 free_cont:81795 diff:779 menor:10 maior:18 media:14 bytes:13536 free: p1:141 p2:229 p3:550
 LIBERACAO ANT:779 FREE_PROCESS:3 bytes:1433768 alloc_cont:83353 free_cont:82574 diff:779 menor:10 maior:18 media:14 bytes:13548 free: p1:138 p2:232 p3:547
 LIBERACAO ANT:779 FREE_PROCESS:3 bytes:1447256 alloc_cont:84132 free_cont:83353 diff:779 menor:10 maior:18 media:14 bytes:13488 free: p1:146 p2:231 p3:548
 LIBERACAO ANT:779 FREE_PROCESS:1 bytes:1460552 alloc_cont:84911 free_cont:84132 diff:779 menor:10 maior:18 media:14 bytes:13296 free: p1:168 p2:235 p3:544
 LIBERACAO ANT:779 FREE_PROCESS:2 bytes:1473824 alloc_cont:85690 free_cont:84911 diff:779 menor:10 maior:18 media:14 bytes:13272 free: p1:168 p2:241 p3:538
 LIBERACAO ANT:779 FREE_PROCESS:2 bytes:1487288 alloc_cont:86469 free_cont:85690 diff:779 menor:10 maior:18 media:14 bytes:13464 free: p1:156 p2:217 p3:562
 LIBERACAO ANT:779 FREE_PROCESS:3 bytes:1500664 alloc_cont:87248 free_cont:86469 diff:779 menor:10 maior:18 media:14 bytes:13376 free: p1:152 p2:247 p3:532
 LIBERACAO ANT:779 FREE_PROCESS:2 bytes:1514112 alloc_cont:88027 free_cont:87248 diff:779 menor:10 maior:18 media:14 bytes:13448 free: p1:150 p2:233 p3:546
 LIBERACAO ANT:779 FREE_PROCESS:2 bytes:1527464 alloc_cont:88806 free_cont:88027 diff:779 menor:10 maior:18 media:14 bytes:13352 free: p1:155 p2:247 p3:532
 LIBERACAO ANT:779 FREE_PROCESS:3 bytes:1540936 alloc_cont:89585 free_cont:88806 diff:779 menor:10 maior:18 media:14 bytes:13472 free: p1:151 p2:225 p3:554
 LIBERACAO ANT:779 FREE_PROCESS:1 bytes:1554400 alloc_cont:90364 free_cont:89585 diff:779 menor:10 maior:18 media:14 bytes:13464 free: p1:159 p2:211 p3:568
 LIBERACAO ANT:779 FREE_PROCESS:3 bytes:1567700 alloc_cont:91143 free_cont:90364 diff:779 menor:10 maior:18 media:14 bytes:13300 free: p1:163 p2:244 p3:535
 LIBERACAO ANT:779 FREE_PROCESS:3 bytes:1581244 alloc_cont:91922 free_cont:91143 diff:779 menor:10 maior:18 media:14 bytes:13544 free: p1:141 p2:227 p3:552
 LIBERACAO ANT:779 FREE_PROCESS:3 bytes:1594672 alloc_cont:92701 free_cont:91922 diff:779 menor:10 maior:18 media:14 bytes:13428 free: p1:163 p2:212 p3:567
 LIBERACAO ANT:779 FREE_PROCESS:2 bytes:1608172 alloc_cont:93480 free_cont:92701 diff:779 menor:10 maior:18 media:14 bytes:13500 free: p1:149 p2:222 p3:557
 LIBERACAO ANT:779 FREE_PROCESS:3 bytes:1621560 alloc_cont:94259 free_cont:93480 diff:779 menor:10 maior:18 media:14 bytes:13388 free: p1:173 p2:202 p3:577
 LIBERACAO ANT:779 FREE_PROCESS:2 bytes:1635020 alloc_cont:95038 free_cont:94259 diff:779 menor:10 maior:18 media:14 bytes:13460 free: p1:146 p2:238 p3:541
 LIBERACAO ANT:779 FREE_PROCESS:1 bytes:1648384 alloc_cont:95817 free_cont:95038 diff:779 menor:10 maior:18 media:14 bytes:13364 free: p1:149 p2:256 p3:523
 LIBERACAO ANT:779 FREE_PROCESS:3 bytes:1661848 alloc_cont:96596 free_cont:95817 diff:779 menor:10 maior:18 media:14 bytes:13464 free: p1:153 p2:223 p3:556
 LIBERACAO ANT:779 FREE_PROCESS:1 bytes:1675240 alloc_cont:97375 free_cont:96596 diff:779 menor:10 maior:18 media:14 bytes:13392 free: p1:145 p2:257 p3:522
 LIBERACAO ANT:779 FREE_PROCESS:2 bytes:1688588 alloc_cont:98154 free_cont:97375 diff:779 menor:10 maior:18 media:14 bytes:13348 free: p1:167 p2:224 p3:555
 LIBERACAO ANT:779 FREE_PROCESS:3 bytes:1702036 alloc_cont:98933 free_cont:98154 diff:779 menor:10 maior:18 media:14 bytes:13448 free: p1:164 p2:205 p3:574
 LIBERACAO ANT:779 FREE_PROCESS:1 bytes:1715384 alloc_cont:99712 free_cont:98933 diff:779 menor:10 maior:18 media:14 bytes:13348 free: p1:161 p2:236 p3:543
 LIBERACAO ANT:779 FREE_PROCESS:2 bytes:1728836 alloc_cont:100491 free_cont:99712 diff:779 menor:10 maior:18 media:14 bytes:13452 free: p1:132 p2:268 p3:511
 LIBERACAO ANT:779 FREE_PROCESS:3 bytes:1742252 alloc_cont:101270 free_cont:100491 diff:779 menor:10 maior:18 media:14 bytes:13416 free: p1:152 p2:237 p3:542
 LIBERACAO ANT:779 FREE_PROCESS:1 bytes:1755684 alloc_cont:102049 free_cont:101270 diff:779 menor:10 maior:18 media:14 bytes:13432 free: p1:150 p2:237 p3:542
 LIBERACAO ANT:779 FREE_PROCESS:3 bytes:1769132 alloc_cont:102828 free_cont:102049 diff:779 menor:10 maior:18 media:14 bytes:13448 free: p1:148 p2:237 p3:542
 LIBERACAO ANT:779 FREE_PROCESS:2 bytes:1782668 alloc_cont:103607 free_cont:102828 diff:779 menor:10 maior:18 media:14 bytes:13536 free: p1:141 p2:229 p3:550
 LIBERACAO ANT:779 FREE_PROCESS:3 bytes:1796160 alloc_cont:104386 free_cont:103607 diff:779 menor:10 maior:18 media:14 bytes:13492 free: p1:148 p2:226 p3:553
 LIBERACAO ANT:779 FREE_PROCESS:2 bytes:1809644 alloc_cont:105165 free_cont:104386 diff:779 menor:10 maior:18 media:14 bytes:13484 free: p1:146 p2:232 p3:547
 LIBERACAO ANT:779 FREE_PROCESS:3 bytes:1823096 alloc_cont:105944 free_cont:105165 diff:779 menor:10 maior:18 media:14 bytes:13452 free: p1:155 p2:222 p3:557
 LIBERACAO ANT:779 FREE_PROCESS:2 bytes:1836552 alloc_cont:106723 free_cont:105944 diff:779 menor:10 maior:18 media:14 bytes:13456 free: p1:160 p2:211 p3:568
 LIBERACAO ANT:779 FREE_PROCESS:3 bytes:1849964 alloc_cont:107502 free_cont:106723 diff:779 menor:10 maior:18 media:14 bytes:13412 free: p1:149 p2:244 p3:535
 LIBERACAO ANT:779 FREE_PROCESS:1 bytes:1863264 alloc_cont:108281 free_cont:107502 diff:779 menor:10 maior:18 media:14 bytes:13300 free: p1:156 p2:258 p3:521
 LIBERACAO ANT:779 FREE_PROCESS:2 bytes:1876696 alloc_cont:109060 free_cont:108281 diff:779 menor:10 maior:18 media:14 bytes:13432 free: p1:159 p2:219 p3:560
 LIBERACAO ANT:779 FREE_PROCESS:1 bytes:1890088 alloc_cont:109839 free_cont:109060 diff:779 menor:10 maior:18 media:14 bytes:13392 free: p1:161 p2:225 p3:554
 LIBERACAO ANT:779 FREE_PROCESS:3 bytes:1903416 alloc_cont:110618 free_cont:109839 diff:779 menor:10 maior:18 media:14 bytes:13328 free: p1:159 p2:245 p3:534
 LIBERACAO ANT:779 FREE_PROCESS:3 bytes:1916760 alloc_cont:111397 free_cont:110618 diff:779 menor:10 maior:18 media:14 bytes:13344 free: p1:147 p2:265 p3:514
 LIBERACAO ANT:779 FREE_PROCESS:1 bytes:1930284 alloc_cont:112176 free_cont:111397 diff:779 menor:10 maior:18 media:14 bytes:13524 free: p1:146 p2:222 p3:557
 LIBERACAO ANT:779 FREE_PROCESS:3 bytes:1943532 alloc_cont:112955 free_cont:112176 diff:779 menor:10 maior:18 media:14 bytes:13248 free: p1:171 p2:241 p3:538
 LIBERACAO ANT:779 FREE_PROCESS:3 bytes:1956912 alloc_cont:113734 free_cont:112955 diff:779 menor:10 maior:18 media:14 bytes:13380 free: p1:160 p2:230 p3:549
 LIBERACAO ANT:779 FREE_PROCESS:3 bytes:1970348 alloc_cont:114513 free_cont:113734 diff:779 menor:10 maior:18 media:14 bytes:13436 free: p1:158 p2:220 p3:559
 LIBERACAO ANT:779 FREE_PROCESS:3 bytes:1983672 alloc_cont:115292 free_cont:114513 diff:779 menor:10 maior:18 media:14 bytes:13324 free: p1:169 p2:226 p3:553
 LIBERACAO ANT:779 FREE_PROCESS:2 bytes:1997028 alloc_cont:116071 free_cont:115292 diff:779 menor:10 maior:18 media:14 bytes:13356 free: p1:157 p2:242 p3:537
 LIBERACAO ANT:779 FREE_PROCESS:3 bytes:2010448 alloc_cont:116850 free_cont:116071 diff:779 menor:10 maior:18 media:14 bytes:13420 free: p1:160 p2:220 p3:559
 LIBERACAO ANT:779 FREE_PROCESS:2 bytes:2024008 alloc_cont:117629 free_cont:116850 diff:779 menor:10 maior:18 media:14 bytes:13560 free: p1:134 p2:237 p3:542
 LIBERACAO ANT:779 FREE_PROCESS:2 bytes:2037392 alloc_cont:118408 free_cont:117629 diff:779 menor:10 maior:18 media:14 bytes:13384 free: p1:158 p2:233 p3:546
 LIBERACAO ANT:779 FREE_PROCESS:3 bytes:2050680 alloc_cont:119187 free_cont:118408 diff:779 menor:10 maior:18 media:14 bytes:13288 free: p1:174 p2:225 p3:554
 LIBERACAO ANT:779 FREE_PROCESS:1 bytes:2064092 alloc_cont:119966 free_cont:119187 diff:779 menor:10 maior:18 media:14 bytes:13412 free: p1:140 p2:262 p3:517
 LIBERACAO ANT:779 FREE_PROCESS:2 bytes:2077556 alloc_cont:120745 free_cont:119966 diff:779 menor:10 maior:18 media:14 bytes:13464 free: p1:140 p2:249 p3:530
 LIBERACAO ANT:779 FREE_PROCESS:3 bytes:2090960 alloc_cont:121524 free_cont:120745 diff:779 menor:10 maior:18 media:14 bytes:13404 free: p1:161 p2:222 p3:557
 LIBERACAO ANT:779 FREE_PROCESS:3 bytes:2104392 alloc_cont:122303 free_cont:121524 diff:779 menor:10 maior:18 media:14 bytes:13432 free: p1:162 p2:213 p3:566
 LIBERACAO ANT:779 FREE_PROCESS:3 bytes:2117824 alloc_cont:123082 free_cont:122303 diff:779 menor:10 maior:18 media:14 bytes:13432 free: p1:146 p2:245 p3:534
 LIBERACAO ANT:779 FREE_PROCESS:3 bytes:2131244 alloc_cont:123861 free_cont:123082 diff:779 menor:10 maior:18 media:14 bytes:13420 free: p1:152 p2:236 p3:543
 LIBERACAO ANT:779 FREE_PROCESS:3 bytes:2144600 alloc_cont:124640 free_cont:123861 diff:779 menor:10 maior:18 media:14 bytes:13356 free: p1:163 p2:230 p3:549
 LIBERACAO ANT:779 FREE_PROCESS:3 bytes:2158052 alloc_cont:125419 free_cont:124640 diff:779 menor:10 maior:18 media:14 bytes:13452 free: p1:148 p2:236 p3:543
 LIBERACAO ANT:779 FREE_PROCESS:2 bytes:2171408 alloc_cont:126198 free_cont:125419 diff:779 menor:10 maior:18 media:14 bytes:13356 free: p1:164 p2:228 p3:551
 LIBERACAO ANT:779 FREE_PROCESS:2 bytes:2184916 alloc_cont:126977 free_cont:126198 diff:779 menor:10 maior:18 media:14 bytes:13508 free: p1:140 p2:238 p3:541
 LIBERACAO ANT:779 FREE_PROCESS:2 bytes:2198408 alloc_cont:127756 free_cont:126977 diff:779 menor:10 maior:18 media:14 bytes:13492 free: p1:140 p2:242 p3:537
 LIBERACAO ANT:779 FREE_PROCESS:3 bytes:2211844 alloc_cont:128535 free_cont:127756 diff:779 menor:10 maior:18 media:14 bytes:13436 free: p1:142 p2:252 p3:527
 LIBERACAO ANT:779 FREE_PROCESS:2 bytes:2225340 alloc_cont:129314 free_cont:128535 diff:779 menor:10 maior:18 media:14 bytes:13496 free: p1:134 p2:253 p3:526
 LIBERACAO ANT:779 FREE_PROCESS:2 bytes:2238728 alloc_cont:130093 free_cont:129314 diff:779 menor:10 maior:18 media:14 bytes:13388 free: p1:145 p2:258 p3:521
 LIBERACAO ANT:779 FREE_PROCESS:2 bytes:2252164 alloc_cont:130872 free_cont:130093 diff:779 menor:10 maior:18 media:14 bytes:13436 free: p1:152 p2:232 p3:547
 LIBERACAO ANT:779 FREE_PROCESS:3 bytes:2265576 alloc_cont:131651 free_cont:130872 diff:779 menor:10 maior:18 media:14 bytes:13412 free: p1:159 p2:224 p3:555
 LIBERACAO ANT:779 FREE_PROCESS:3 bytes:2278880 alloc_cont:132430 free_cont:131651 diff:779 menor:10 maior:18 media:14 bytes:13304 free: p1:172 p2:225 p3:554
 LIBERACAO ANT:779 FREE_PROCESS:3 bytes:2292184 alloc_cont:133209 free_cont:132430 diff:779 menor:10 maior:18 media:14 bytes:13304 free: p1:174 p2:221 p3:558
 LIBERACAO ANT:779 FREE_PROCESS:1 bytes:2305720 alloc_cont:133988 free_cont:133209 diff:779 menor:10 maior:18 media:14 bytes:13536 free: p1:153 p2:205 p3:574
 LIBERACAO ANT:779 FREE_PROCESS:1 bytes:2319028 alloc_cont:134767 free_cont:133988 diff:779 menor:10 maior:18 media:14 bytes:13308 free: p1:163 p2:242 p3:537
 LIBERACAO ANT:779 FREE_PROCESS:3 bytes:2332464 alloc_cont:135546 free_cont:134767 diff:779 menor:10 maior:18 media:14 bytes:13436 free: p1:146 p2:244 p3:535
 LIBERACAO ANT:779 FREE_PROCESS:1 bytes:2345876 alloc_cont:136325 free_cont:135546 diff:779 menor:10 maior:18 media:14 bytes:13412 free: p1:154 p2:234 p3:545
 LIBERACAO ANT:779 FREE_PROCESS:3 bytes:2359428 alloc_cont:137104 free_cont:136325 diff:779 menor:10 maior:18 media:14 bytes:13552 free: p1:133 p2:241 p3:538
 LIBERACAO ANT:779 FREE_PROCESS:2 bytes:2372736 alloc_cont:137883 free_cont:137104 diff:779 menor:10 maior:18 media:14 bytes:13308 free: p1:165 p2:238 p3:541
 LIBERACAO ANT:779 FREE_PROCESS:2 bytes:2386024 alloc_cont:138662 free_cont:137883 diff:779 menor:10 maior:18 media:14 bytes:13288 free: p1:153 p2:267 p3:512
 LIBERACAO ANT:779 FREE_PROCESS:3 bytes:2399584 alloc_cont:139441 free_cont:138662 diff:779 menor:10 maior:18 media:14 bytes:13560 free: p1:143 p2:219 p3:560
 LIBERACAO ANT:779 FREE_PROCESS:3 bytes:2412856 alloc_cont:140220 free_cont:139441 diff:779 menor:10 maior:18 media:14 bytes:13272 free: p1:167 p2:243 p3:536
 LIBERACAO ANT:779 FREE_PROCESS:2 bytes:2426268 alloc_cont:140999 free_cont:140220 diff:779 menor:10 maior:18 media:14 bytes:13412 free: p1:148 p2:246 p3:533
 LIBERACAO ANT:779 FREE_PROCESS:3 bytes:2439608 alloc_cont:141778 free_cont:140999 diff:779 menor:10 maior:18 media:14 bytes:13340 free: p1:167 p2:226 p3:553
 LIBERACAO ANT:779 FREE_PROCESS:3 bytes:2453028 alloc_cont:142557 free_cont:141778 diff:779 menor:10 maior:18 media:14 bytes:13420 free: p1:148 p2:244 p3:535
 LIBERACAO ANT:779 FREE_PROCESS:3 bytes:2466376 alloc_cont:143336 free_cont:142557 diff:779 menor:10 maior:18 media:14 bytes:13348 free: p1:155 p2:248 p3:531
 LIBERACAO ANT:779 FREE_PROCESS:2 bytes:2479908 alloc_cont:144115 free_cont:143336 diff:779 menor:10 maior:18 media:14 bytes:13532 free: p1:150 p2:212 p3:567
 LIBERACAO ANT:779 FREE_PROCESS:3 bytes:2493232 alloc_cont:144894 free_cont:144115 diff:779 menor:10 maior:18 media:14 bytes:13324 free: p1:175 p2:214 p3:565
 LIBERACAO ANT:779 FREE_PROCESS:3 bytes:2506588 alloc_cont:145673 free_cont:144894 diff:779 menor:10 maior:18 media:14 bytes:13356 free: p1:153 p2:250 p3:529
 LIBERACAO ANT:779 FREE_PROCESS:3 bytes:2519984 alloc_cont:146452 free_cont:145673 diff:779 menor:10 maior:18 media:14 bytes:13396 free: p1:168 p2:210 p3:569
 LIBERACAO ANT:779 FREE_PROCESS:3 bytes:2533240 alloc_cont:147231 free_cont:146452 diff:779 menor:10 maior:18 media:14 bytes:13256 free: p1:162 p2:257 p3:522
 LIBERACAO ANT:779 FREE_PROCESS:3 bytes:2546688 alloc_cont:148010 free_cont:147231 diff:779 menor:10 maior:18 media:14 bytes:13448 free: p1:145 p2:243 p3:536
 LIBERACAO ANT:779 FREE_PROCESS:3 bytes:2559984 alloc_cont:148789 free_cont:148010 diff:779 menor:10 maior:18 media:14 bytes:13296 free: p1:177 p2:217 p3:562
 LIBERACAO ANT:779 FREE_PROCESS:3 bytes:2573520 alloc_cont:149568 free_cont:148789 diff:779 menor:10 maior:18 media:14 bytes:13536 free: p1:148 p2:215 p3:564
 LIBERACAO ANT:779 FREE_PROCESS:1 bytes:2586952 alloc_cont:150347 free_cont:149568 diff:779 menor:10 maior:18 media:14 bytes:13432 free: p1:155 p2:227 p3:552
 LIBERACAO ANT:779 FREE_PROCESS:1 bytes:2600340 alloc_cont:151126 free_cont:150347 diff:779 menor:10 maior:18 media:14 bytes:13388 free: p1:155 p2:238 p3:541
 LIBERACAO ANT:779 FREE_PROCESS:2 bytes:2613868 alloc_cont:151905 free_cont:151126 diff:779 menor:10 maior:18 media:14 bytes:13528 free: p1:146 p2:221 p3:558
 LIBERACAO ANT:779 FREE_PROCESS:3 bytes:2627260 alloc_cont:152684 free_cont:151905 diff:779 menor:10 maior:18 media:14 bytes:13392 free: p1:156 p2:235 p3:544
 LIBERACAO ANT:779 FREE_PROCESS:3 bytes:2640600 alloc_cont:153463 free_cont:152684 diff:779 menor:10 maior:18 media:14 bytes:13340 free: p1:171 p2:218 p3:561
 LIBERACAO ANT:779 FREE_PROCESS:3 bytes:2654140 alloc_cont:154242 free_cont:153463 diff:779 menor:10 maior:18 media:14 bytes:13540 free: p1:140 p2:230 p3:549
 LIBERACAO ANT:779 FREE_PROCESS:1 bytes:2667640 alloc_cont:155021 free_cont:154242 diff:779 menor:10 maior:18 media:14 bytes:13500 free: p1:140 p2:240 p3:539
 LIBERACAO ANT:779 FREE_PROCESS:1 bytes:2680864 alloc_cont:155800 free_cont:155021 diff:779 menor:10 maior:18 media:14 bytes:13224 free: p1:173 p2:243 p3:536
 LIBERACAO ANT:779 FREE_PROCESS:3 bytes:2694260 alloc_cont:156579 free_cont:155800 diff:779 menor:10 maior:18 media:14 bytes:13396 free: p1:161 p2:224 p3:555
 LIBERACAO ANT:779 FREE_PROCESS:1 bytes:2707852 alloc_cont:157358 free_cont:156579 diff:779 menor:10 maior:18 media:14 bytes:13592 free: p1:132 p2:233 p3:546
 LIBERACAO ANT:779 FREE_PROCESS:2 bytes:2721084 alloc_cont:158137 free_cont:157358 diff:779 menor:10 maior:18 media:14 bytes:13232 free: p1:170 p2:247 p3:532
 LIBERACAO ANT:779 FREE_PROCESS:2 bytes:2734372 alloc_cont:158916 free_cont:158137 diff:779 menor:10 maior:18 media:14 bytes:13288 free: p1:162 p2:249 p3:530
 LIBERACAO ANT:779 FREE_PROCESS:2 bytes:2747872 alloc_cont:159695 free_cont:158916 diff:779 menor:10 maior:18 media:14 bytes:13500 free: p1:158 p2:204 p3:575
 LIBERACAO ANT:779 FREE_PROCESS:2 bytes:2761184 alloc_cont:160474 free_cont:159695 diff:779 menor:10 maior:18 media:14 bytes:13312 free: p1:168 p2:231 p3:548
 LIBERACAO ANT:779 FREE_PROCESS:2 bytes:2774612 alloc_cont:161253 free_cont:160474 diff:779 menor:10 maior:18 media:14 bytes:13428 free: p1:146 p2:246 p3:533
 LIBERACAO ANT:779 FREE_PROCESS:3 bytes:2788028 alloc_cont:162032 free_cont:161253 diff:779 menor:10 maior:18 media:14 bytes:13416 free: p1:155 p2:231 p3:548
 LIBERACAO ANT:779 FREE_PROCESS:2 bytes:2801412 alloc_cont:162811 free_cont:162032 diff:779 menor:10 maior:18 media:14 bytes:13384 free: p1:151 p2:247 p3:532
 LIBERACAO ANT:779 FREE_PROCESS:2 bytes:2814676 alloc_cont:163590 free_cont:162811 diff:779 menor:10 maior:18 media:14 bytes:13264 free: p1:168 p2:243 p3:536
 LIBERACAO ANT:779 FREE_PROCESS:3 bytes:2828168 alloc_cont:164369 free_cont:163590 diff:779 menor:10 maior:18 media:14 bytes:13492 free: p1:157 p2:208 p3:571
 LIBERACAO ANT:779 FREE_PROCESS:2 bytes:2841604 alloc_cont:165148 free_cont:164369 diff:779 menor:10 maior:18 media:14 bytes:13436 free: p1:166 p2:204 p3:575
 LIBERACAO ANT:779 FREE_PROCESS:1 bytes:2854896 alloc_cont:165927 free_cont:165148 diff:779 menor:10 maior:18 media:14 bytes:13292 free: p1:177 p2:218 p3:561
 LIBERACAO ANT:779 FREE_PROCESS:2 bytes:2868208 alloc_cont:166706 free_cont:165927 diff:779 menor:10 maior:18 media:14 bytes:13312 free: p1:160 p2:247 p3:532
 LIBERACAO ANT:779 FREE_PROCESS:3 bytes:2881724 alloc_cont:167485 free_cont:166706 diff:779 menor:10 maior:18 media:14 bytes:13516 free: p1:149 p2:218 p3:561
 LIBERACAO ANT:779 FREE_PROCESS:1 bytes:2895184 alloc_cont:168264 free_cont:167485 diff:779 menor:10 maior:18 media:14 bytes:13460 free: p1:143 p2:244 p3:535
 LIBERACAO ANT:779 FREE_PROCESS:3 bytes:2908628 alloc_cont:169043 free_cont:168264 diff:779 menor:10 maior:18 media:14 bytes:13444 free: p1:141 p2:252 p3:527
 LIBERACAO ANT:779 FREE_PROCESS:1 bytes:2922000 alloc_cont:169822 free_cont:169043 diff:779 menor:10 maior:18 media:14 bytes:13372 free: p1:161 p2:230 p3:549
 LIBERACAO ANT:779 FREE_PROCESS:1 bytes:2935316 alloc_cont:170601 free_cont:169822 diff:779 menor:10 maior:18 media:14 bytes:13316 free: p1:157 p2:252 p3:527
 LIBERACAO ANT:779 FREE_PROCESS:3 bytes:2948832 alloc_cont:171380 free_cont:170601 diff:779 menor:10 maior:18 media:14 bytes:13516 free: p1:137 p2:242 p3:537
 LIBERACAO ANT:779 FREE_PROCESS:1 bytes:2962192 alloc_cont:172159 free_cont:171380 diff:779 menor:10 maior:18 media:14 bytes:13360 free: p1:161 p2:233 p3:546
 LIBERACAO ANT:779 FREE_PROCESS:2 bytes:2975688 alloc_cont:172938 free_cont:172159 diff:779 menor:10 maior:18 media:14 bytes:13496 free: p1:148 p2:225 p3:554
 LIBERACAO ANT:779 FREE_PROCESS:3 bytes:2989164 alloc_cont:173717 free_cont:172938 diff:779 menor:10 maior:18 media:14 bytes:13476 free: p1:145 p2:236 p3:543
 LIBERACAO ANT:779 FREE_PROCESS:2 bytes:3002624 alloc_cont:174496 free_cont:173717 diff:779 menor:10 maior:18 media:14 bytes:13460 free: p1:147 p2:236 p3:543
 LIBERACAO ANT:779 FREE_PROCESS:3 bytes:3016040 alloc_cont:175275 free_cont:174496 diff:779 menor:10 maior:18 media:14 bytes:13416 free: p1:145 p2:251 p3:528
 LIBERACAO ANT:779 FREE_PROCESS:2 bytes:3029504 alloc_cont:176054 free_cont:175275 diff:779 menor:10 maior:18 media:14 bytes:13464 free: p1:147 p2:235 p3:544
 LIBERACAO ANT:779 FREE_PROCESS:3 bytes:3042912 alloc_cont:176833 free_cont:176054 diff:779 menor:10 maior:18 media:14 bytes:13408 free: p1:160 p2:223 p3:556
 LIBERACAO ANT:779 FREE_PROCESS:2 bytes:3056360 alloc_cont:177612 free_cont:176833 diff:779 menor:10 maior:18 media:14 bytes:13448 free: p1:135 p2:263 p3:516
 LIBERACAO ANT:779 FREE_PROCESS:1 bytes:3069692 alloc_cont:178391 free_cont:177612 diff:779 menor:10 maior:18 media:14 bytes:13332 free: p1:152 p2:258 p3:521
 LIBERACAO ANT:779 FREE_PROCESS:1 bytes:3083100 alloc_cont:179170 free_cont:178391 diff:779 menor:10 maior:18 media:14 bytes:13408 free: p1:156 p2:231 p3:548
 LIBERACAO ANT:779 FREE_PROCESS:2 bytes:3096384 alloc_cont:179949 free_cont:179170 diff:779 menor:10 maior:18 media:14 bytes:13284 free: p1:167 p2:240 p3:539
 LIBERACAO ANT:779 FREE_PROCESS:3 bytes:3109880 alloc_cont:180728 free_cont:179949 diff:779 menor:10 maior:18 media:14 bytes:13496 free: p1:136 p2:249 p3:530
 LIBERACAO ANT:779 FREE_PROCESS:2 bytes:3123120 alloc_cont:181507 free_cont:180728 diff:779 menor:10 maior:18 media:14 bytes:13240 free: p1:176 p2:233 p3:546
 LIBERACAO ANT:779 FREE_PROCESS:3 bytes:3136504 alloc_cont:182286 free_cont:181507 diff:779 menor:10 maior:18 media:14 bytes:13384 free: p1:165 p2:219 p3:560
 LIBERACAO ANT:779 FREE_PROCESS:2 bytes:3149848 alloc_cont:183065 free_cont:182286 diff:779 menor:10 maior:18 media:14 bytes:13344 free: p1:168 p2:223 p3:556
 LIBERACAO ANT:779 FREE_PROCESS:2 bytes:3163276 alloc_cont:183844 free_cont:183065 diff:779 menor:10 maior:18 media:14 bytes:13428 free: p1:155 p2:228 p3:551
 LIBERACAO ANT:779 FREE_PROCESS:3 bytes:3176736 alloc_cont:184623 free_cont:183844 diff:779 menor:10 maior:18 media:14 bytes:13460 free: p1:148 p2:234 p3:545
 LIBERACAO ANT:779 FREE_PROCESS:3 bytes:3190076 alloc_cont:185402 free_cont:184623 diff:779 menor:10 maior:18 media:14 bytes:13340 free: p1:158 p2:244 p3:535
 LIBERACAO ANT:779 FREE_PROCESS:1 bytes:3203440 alloc_cont:186181 free_cont:185402 diff:779 menor:10 maior:18 media:14 bytes:13364 free: p1:157 p2:240 p3:539
 LIBERACAO ANT:779 FREE_PROCESS:2 bytes:3216700 alloc_cont:186960 free_cont:186181 diff:779 menor:10 maior:18 media:14 bytes:13260 free: p1:163 p2:254 p3:525
 LIBERACAO ANT:779 FREE_PROCESS:3 bytes:3230184 alloc_cont:187739 free_cont:186960 diff:779 menor:10 maior:18 media:14 bytes:13484 free: p1:143 p2:238 p3:541
 LIBERACAO ANT:779 FREE_PROCESS:2 bytes:3243476 alloc_cont:188518 free_cont:187739 diff:779 menor:10 maior:18 media:14 bytes:13292 free: p1:187 p2:198 p3:581
 LIBERACAO ANT:779 FREE_PROCESS:2 bytes:3256932 alloc_cont:189297 free_cont:188518 diff:779 menor:10 maior:18 media:14 bytes:13456 free: p1:155 p2:221 p3:558
 LIBERACAO ANT:779 FREE_PROCESS:1 bytes:3270420 alloc_cont:190076 free_cont:189297 diff:779 menor:10 maior:18 media:14 bytes:13488 free: p1:144 p2:235 p3:544
 LIBERACAO ANT:779 FREE_PROCESS:2 bytes:3283864 alloc_cont:190855 free_cont:190076 diff:779 menor:10 maior:18 media:14 bytes:13444 free: p1:146 p2:242 p3:537
 LIBERACAO ANT:779 FREE_PROCESS:2 bytes:3297416 alloc_cont:191634 free_cont:190855 diff:779 menor:10 maior:18 media:14 bytes:13552 free: p1:139 p2:229 p3:550
 LIBERACAO ANT:779 FREE_PROCESS:2 bytes:3310876 alloc_cont:192413 free_cont:191634 diff:779 menor:10 maior:18 media:14 bytes:13460 free: p1:155 p2:220 p3:559
 LIBERACAO ANT:779 FREE_PROCESS:3 bytes:3324408 alloc_cont:193192 free_cont:192413 diff:779 menor:10 maior:18 media:14 bytes:13532 free: p1:141 p2:230 p3:549
 LIBERACAO ANT:779 FREE_PROCESS:3 bytes:3337940 alloc_cont:193971 free_cont:193192 diff:779 menor:10 maior:18 media:14 bytes:13532 free: p1:154 p2:204 p3:575
 LIBERACAO ANT:779 FREE_PROCESS:3 bytes:3351348 alloc_cont:194750 free_cont:193971 diff:779 menor:10 maior:18 media:14 bytes:13408 free: p1:143 p2:257 p3:522
 LIBERACAO ANT:779 FREE_PROCESS:2 bytes:3364744 alloc_cont:195529 free_cont:194750 diff:779 menor:10 maior:18 media:14 bytes:13396 free: p1:162 p2:222 p3:557
 LIBERACAO ANT:779 FREE_PROCESS:3 bytes:3378156 alloc_cont:196308 free_cont:195529 diff:779 menor:10 maior:18 media:14 bytes:13412 free: p1:151 p2:240 p3:539
 LIBERACAO ANT:779 FREE_PROCESS:3 bytes:3391548 alloc_cont:197087 free_cont:196308 diff:779 menor:10 maior:18 media:14 bytes:13392 free: p1:148 p2:251 p3:528
 LIBERACAO ANT:779 FREE_PROCESS:2 bytes:3404900 alloc_cont:197866 free_cont:197087 diff:779 menor:10 maior:18 media:14 bytes:13352 free: p1:159 p2:239 p3:540
 LIBERACAO ANT:779 FREE_PROCESS:3 bytes:3418224 alloc_cont:198645 free_cont:197866 diff:779 menor:10 maior:18 media:14 bytes:13324 free: p1:171 p2:222 p3:557
 LIBERACAO ANT:779 FREE_PROCESS:1 bytes:3431592 alloc_cont:199424 free_cont:198645 diff:779 menor:10 maior:18 media:14 bytes:13368 free: p1:161 p2:231 p3:548
 LIBERACAO ANT:779 FREE_PROCESS:2 bytes:3444948 alloc_cont:200203 free_cont:199424 diff:779 menor:10 maior:18 media:14 bytes:13356 free: p1:160 p2:236 p3:543
 LIBERACAO ANT:779 FREE_PROCESS:3 bytes:3458212 alloc_cont:200982 free_cont:200203 diff:779 menor:10 maior:18 media:14 bytes:13264 free: p1:171 p2:237 p3:542
 LIBERACAO ANT:779 FREE_PROCESS:1 bytes:3471620 alloc_cont:201761 free_cont:200982 diff:779 menor:10 maior:18 media:14 bytes:13408 free: p1:157 p2:229 p3:550
 LIBERACAO ANT:779 FREE_PROCESS:2 bytes:3485048 alloc_cont:202540 free_cont:201761 diff:779 menor:10 maior:18 media:14 bytes:13428 free: p1:159 p2:220 p3:559
 LIBERACAO ANT:779 FREE_PROCESS:3 bytes:3498332 alloc_cont:203319 free_cont:202540 diff:779 menor:10 maior:18 media:14 bytes:13284 free: p1:164 p2:246 p3:533
 LIBERACAO ANT:779 FREE_PROCESS:1 bytes:3511756 alloc_cont:204098 free_cont:203319 diff:779 menor:10 maior:18 media:14 bytes:13424 free: p1:154 p2:231 p3:548
 LIBERACAO ANT:779 FREE_PROCESS:2 bytes:3525168 alloc_cont:204877 free_cont:204098 diff:779 menor:10 maior:18 media:14 bytes:13412 free: p1:158 p2:226 p3:553
 LIBERACAO ANT:779 FREE_PROCESS:1 bytes:3538660 alloc_cont:205656 free_cont:204877 diff:779 menor:10 maior:18 media:14 bytes:13492 free: p1:147 p2:228 p3:551
 LIBERACAO ANT:779 FREE_PROCESS:3 bytes:3552264 alloc_cont:206435 free_cont:205656 diff:779 menor:10 maior:18 media:14 bytes:13604 free: p1:130 p2:234 p3:545
 LIBERACAO ANT:779 FREE_PROCESS:1 bytes:3565744 alloc_cont:207214 free_cont:206435 diff:779 menor:10 maior:18 media:14 bytes:13480 free: p1:148 p2:229 p3:550
 LIBERACAO ANT:779 FREE_PROCESS:3 bytes:3579092 alloc_cont:207993 free_cont:207214 diff:779 menor:10 maior:18 media:14 bytes:13348 free: p1:165 p2:228 p3:551
 LIBERACAO ANT:779 FREE_PROCESS:3 bytes:3592456 alloc_cont:208772 free_cont:207993 diff:779 menor:10 maior:18 media:14 bytes:13364 free: p1:161 p2:232 p3:547
 LIBERACAO ANT:779 FREE_PROCESS:3 bytes:3606020 alloc_cont:209551 free_cont:208772 diff:779 menor:10 maior:18 media:14 bytes:13564 free: p1:134 p2:236 p3:543
 LIBERACAO ANT:779 FREE_PROCESS:2 bytes:3619600 alloc_cont:210330 free_cont:209551 diff:779 menor:10 maior:18 media:14 bytes:13580 free: p1:135 p2:230 p3:549
 LIBERACAO ANT:779 FREE_PROCESS:3 bytes:3633020 alloc_cont:211109 free_cont:210330 diff:779 menor:10 maior:18 media:14 bytes:13420 free: p1:153 p2:234 p3:545
 LIBERACAO ANT:779 FREE_PROCESS:2 bytes:3646452 alloc_cont:211888 free_cont:211109 diff:779 menor:10 maior:18 media:14 bytes:13432 free: p1:149 p2:239 p3:540
 LIBERACAO ANT:779 FREE_PROCESS:1 bytes:3659756 alloc_cont:212667 free_cont:211888 diff:779 menor:10 maior:18 media:14 bytes:13304 free: p1:167 p2:235 p3:544
 LIBERACAO ANT:779 FREE_PROCESS:3 bytes:3673216 alloc_cont:213446 free_cont:212667 diff:779 menor:10 maior:18 media:14 bytes:13460 free: p1:140 p2:250 p3:529
 LIBERACAO ANT:779 FREE_PROCESS:2 bytes:3686604 alloc_cont:214225 free_cont:213446 diff:779 menor:10 maior:18 media:14 bytes:13388 free: p1:147 p2:254 p3:525
 LIBERACAO ANT:779 FREE_PROCESS:3 bytes:3700032 alloc_cont:215004 free_cont:214225 diff:779 menor:10 maior:18 media:14 bytes:13428 free: p1:162 p2:214 p3:565
 LIBERACAO ANT:779 FREE_PROCESS:1 bytes:3713556 alloc_cont:215783 free_cont:215004 diff:779 menor:10 maior:18 media:14 bytes:13524 free: p1:138 p2:238 p3:541
 LIBERACAO ANT:779 FREE_PROCESS:1 bytes:3727152 alloc_cont:216562 free_cont:215783 diff:779 menor:10 maior:18 media:14 bytes:13596 free: p1:126 p2:244 p3:535
 LIBERACAO ANT:779 FREE_PROCESS:3 bytes:3740540 alloc_cont:217341 free_cont:216562 diff:779 menor:10 maior:18 media:14 bytes:13388 free: p1:160 p2:228 p3:551
 LIBERACAO ANT:779 FREE_PROCESS:3 bytes:3753872 alloc_cont:218120 free_cont:217341 diff:779 menor:10 maior:18 media:14 bytes:13332 free: p1:167 p2:228 p3:551
 LIBERACAO ANT:779 FREE_PROCESS:1 bytes:3767300 alloc_cont:218899 free_cont:218120 diff:779 menor:10 maior:18 media:14 bytes:13428 free: p1:151 p2:236 p3:543
 LIBERACAO ANT:779 FREE_PROCESS:2 bytes:3780760 alloc_cont:219678 free_cont:218899 diff:779 menor:10 maior:18 media:14 bytes:13460 free: p1:148 p2:234 p3:545
 LIBERACAO ANT:779 FREE_PROCESS:1 bytes:3794208 alloc_cont:220457 free_cont:219678 diff:779 menor:10 maior:18 media:14 bytes:13448 free: p1:147 p2:239 p3:540
 LIBERACAO ANT:779 FREE_PROCESS:3 bytes:3807656 alloc_cont:221236 free_cont:220457 diff:779 menor:10 maior:18 media:14 bytes:13448 free: p1:153 p2:227 p3:552
 LIBERACAO ANT:779 FREE_PROCESS:1 bytes:3821016 alloc_cont:222015 free_cont:221236 diff:779 menor:10 maior:18 media:14 bytes:13360 free: p1:169 p2:217 p3:562
 LIBERACAO ANT:779 FREE_PROCESS:2 bytes:3834268 alloc_cont:222794 free_cont:222015 diff:779 menor:10 maior:18 media:14 bytes:13252 free: p1:164 p2:254 p3:525
 LIBERACAO ANT:779 FREE_PROCESS:1 bytes:3847716 alloc_cont:223573 free_cont:222794 diff:779 menor:10 maior:18 media:14 bytes:13448 free: p1:153 p2:227 p3:552
 LIBERACAO ANT:779 FREE_PROCESS:1 bytes:3861208 alloc_cont:224352 free_cont:223573 diff:779 menor:10 maior:18 media:14 bytes:13492 free: p1:150 p2:222 p3:557
 LIBERACAO ANT:779 FREE_PROCESS:2 bytes:3874512 alloc_cont:225131 free_cont:224352 diff:779 menor:10 maior:18 media:14 bytes:13304 free: p1:158 p2:253 p3:526
 LIBERACAO ANT:779 FREE_PROCESS:3 bytes:3887888 alloc_cont:225910 free_cont:225131 diff:779 menor:10 maior:18 media:14 bytes:13376 free: p1:161 p2:229 p3:550
 LIBERACAO ANT:779 FREE_PROCESS:3 bytes:3901468 alloc_cont:226689 free_cont:225910 diff:779 menor:10 maior:18 media:14 bytes:13580 free: p1:132 p2:236 p3:543
 LIBERACAO ANT:779 FREE_PROCESS:2 bytes:3914736 alloc_cont:227468 free_cont:226689 diff:779 menor:10 maior:18 media:14 bytes:13268 free: p1:170 p2:238 p3:541
 LIBERACAO ANT:779 FREE_PROCESS:2 bytes:3928276 alloc_cont:228247 free_cont:227468 diff:779 menor:10 maior:18 media:14 bytes:13540 free: p1:137 p2:236 p3:543
 LIBERACAO ANT:779 FREE_PROCESS:3 bytes:3941656 alloc_cont:229026 free_cont:228247 diff:779 menor:10 maior:18 media:14 bytes:13380 free: p1:151 p2:248 p3:531
 LIBERACAO ANT:779 FREE_PROCESS:3 bytes:3955032 alloc_cont:229805 free_cont:229026 diff:779 menor:10 maior:18 media:14 bytes:13376 free: p1:171 p2:209 p3:570
 LIBERACAO ANT:779 FREE_PROCESS:3 bytes:3968416 alloc_cont:230584 free_cont:229805 diff:779 menor:10 maior:18 media:14 bytes:13384 free: p1:164 p2:221 p3:558
 LIBERACAO ANT:779 FREE_PROCESS:3 bytes:3981820 alloc_cont:231363 free_cont:230584 diff:779 menor:10 maior:18 media:14 bytes:13404 free: p1:162 p2:220 p3:559
 LIBERACAO ANT:779 FREE_PROCESS:3 bytes:3995256 alloc_cont:232142 free_cont:231363 diff:779 menor:10 maior:18 media:14 bytes:13436 free: p1:148 p2:240 p3:539
 LIBERACAO ANT:779 FREE_PROCESS:3 bytes:4008704 alloc_cont:232921 free_cont:232142 diff:779 menor:10 maior:18 media:14 bytes:13448 free: p1:148 p2:237 p3:542
 LIBERACAO ANT:779 FREE_PROCESS:2 bytes:4022176 alloc_cont:233700 free_cont:232921 diff:779 menor:10 maior:18 media:14 bytes:13472 free: p1:154 p2:219 p3:560
 LIBERACAO ANT:779 FREE_PROCESS:3 bytes:4035416 alloc_cont:234479 free_cont:233700 diff:779 menor:10 maior:18 media:14 bytes:13240 free: p1:160 p2:265 p3:514
 LIBERACAO ANT:779 FREE_PROCESS:2 bytes:4048932 alloc_cont:235258 free_cont:234479 diff:779 menor:10 maior:18 media:14 bytes:13516 free: p1:144 p2:228 p3:551
 LIBERACAO ANT:779 FREE_PROCESS:2 bytes:4062400 alloc_cont:236037 free_cont:235258 diff:779 menor:10 maior:18 media:14 bytes:13468 free: p1:151 p2:226 p3:553
 LIBERACAO ANT:779 FREE_PROCESS:2 bytes:4075760 alloc_cont:236816 free_cont:236037 diff:779 menor:10 maior:18 media:14 bytes:13360 free: p1:160 p2:235 p3:544
 LIBERACAO ANT:779 FREE_PROCESS:3 bytes:4089220 alloc_cont:237595 free_cont:236816 diff:779 menor:10 maior:18 media:14 bytes:13460 free: p1:149 p2:232 p3:547
 LIBERACAO ANT:779 FREE_PROCESS:1 bytes:4102456 alloc_cont:238374 free_cont:237595 diff:779 menor:10 maior:18 media:14 bytes:13236 free: p1:170 p2:246 p3:533
 LIBERACAO ANT:779 FREE_PROCESS:3 bytes:4115892 alloc_cont:239153 free_cont:238374 diff:779 menor:10 maior:18 media:14 bytes:13436 free: p1:161 p2:214 p3:565
 LIBERACAO ANT:779 FREE_PROCESS:3 bytes:4129336 alloc_cont:239932 free_cont:239153 diff:779 menor:10 maior:18 media:14 bytes:13444 free: p1:143 p2:248 p3:531
 LIBERACAO ANT:779 FREE_PROCESS:3 bytes:4142660 alloc_cont:240711 free_cont:239932 diff:779 menor:10 maior:18 media:14 bytes:13324 free: p1:167 p2:230 p3:549
 LIBERACAO ANT:779 FREE_PROCESS:3 bytes:4156004 alloc_cont:241490 free_cont:240711 diff:779 menor:10 maior:18 media:14 bytes:13344 free: p1:159 p2:241 p3:538
 LIBERACAO ANT:779 FREE_PROCESS:2 bytes:4169404 alloc_cont:242269 free_cont:241490 diff:779 menor:10 maior:18 media:14 bytes:13400 free: p1:155 p2:235 p3:544
 LIBERACAO ANT:779 FREE_PROCESS:3 bytes:4182676 alloc_cont:243048 free_cont:242269 diff:779 menor:10 maior:18 media:14 bytes:13272 free: p1:157 p2:263 p3:516
 LIBERACAO ANT:779 FREE_PROCESS:3 bytes:4196116 alloc_cont:243827 free_cont:243048 diff:779 menor:10 maior:18 media:14 bytes:13440 free: p1:149 p2:237 p3:542
 LIBERACAO ANT:779 FREE_PROCESS:3 bytes:4209512 alloc_cont:244606 free_cont:243827 diff:779 menor:10 maior:18 media:14 bytes:13396 free: p1:160 p2:226 p3:553
 LIBERACAO ANT:779 FREE_PROCESS:2 bytes:4222744 alloc_cont:245385 free_cont:244606 diff:779 menor:10 maior:18 media:14 bytes:13232 free: p1:173 p2:241 p3:538
 LIBERACAO ANT:779 FREE_PROCESS:2 bytes:4236024 alloc_cont:246164 free_cont:245385 diff:779 menor:10 maior:18 media:14 bytes:13280 free: p1:172 p2:231 p3:548
 LIBERACAO ANT:779 FREE_PROCESS:3 bytes:4249124 alloc_cont:246943 free_cont:246164 diff:779 menor:10 maior:18 media:14 bytes:13100 free: p1:184 p2:252 p3:527
 LIBERACAO ANT:779 FREE_PROCESS:2 bytes:4262536 alloc_cont:247722 free_cont:246943 diff:779 menor:10 maior:18 media:14 bytes:13412 free: p1:150 p2:242 p3:537
 LIBERACAO ANT:779 FREE_PROCESS:1 bytes:4275920 alloc_cont:248501 free_cont:247722 diff:779 menor:10 maior:18 media:14 bytes:13384 free: p1:159 p2:231 p3:548
 LIBERACAO ANT:779 FREE_PROCESS:3 bytes:4289340 alloc_cont:249280 free_cont:248501 diff:779 menor:10 maior:18 media:14 bytes:13420 free: p1:154 p2:232 p3:547
 LIBERACAO ANT:779 FREE_PROCESS:3 bytes:4302872 alloc_cont:250059 free_cont:249280 diff:779 menor:10 maior:18 media:14 bytes:13532 free: p1:141 p2:230 p3:549
 LIBERACAO ANT:779 FREE_PROCESS:2 bytes:4316156 alloc_cont:250838 free_cont:250059 diff:779 menor:10 maior:18 media:14 bytes:13284 free: p1:167 p2:240 p3:539
 LIBERACAO ANT:779 FREE_PROCESS:1 bytes:4329660 alloc_cont:251617 free_cont:250838 diff:779 menor:10 maior:18 media:14 bytes:13504 free: p1:145 p2:229 p3:550
 LIBERACAO ANT:779 FREE_PROCESS:1 bytes:4343084 alloc_cont:252396 free_cont:251617 diff:779 menor:10 maior:18 media:14 bytes:13424 free: p1:152 p2:235 p3:544
 LIBERACAO ANT:779 FREE_PROCESS:3 bytes:4356484 alloc_cont:253175 free_cont:252396 diff:779 menor:10 maior:18 media:14 bytes:13400 free: p1:146 p2:253 p3:526
 LIBERACAO ANT:779 FREE_PROCESS:2 bytes:4369836 alloc_cont:253954 free_cont:253175 diff:779 menor:10 maior:18 media:14 bytes:13352 free: p1:155 p2:247 p3:532
 LIBERACAO ANT:779 FREE_PROCESS:2 bytes:4383252 alloc_cont:254733 free_cont:253954 diff:779 menor:10 maior:18 media:14 bytes:13416 free: p1:151 p2:239 p3:540
 LIBERACAO ANT:779 FREE_PROCESS:2 bytes:4396548 alloc_cont:255512 free_cont:254733 diff:779 menor:10 maior:18 media:14 bytes:13296 free: p1:173 p2:225 p3:554
 LIBERACAO ANT:779 FREE_PROCESS:3 bytes:4409884 alloc_cont:25629]0;max@Ubuntu-Max: ~/NKE/NKE0.8a/Placa[01;32mmax@Ubuntu-Max[00m:[01;34m~/NKE/NKE0.8a/Placa[00m$ ^C
]0;max@Ubuntu-Max: ~/NKE/NKE0.8a/Placa[01;32mmax@Ubuntu-Max[00m:[01;34m~/NKE/NKE0.8a/Placa[00m$ exit
exit

Script done on Dom 03 Jun 2018 23:25:47 -03
