Script started on Dom 03 Jun 2018 23:08:04 -03
]0;max@Ubuntu-Max: ~/NKE/NKE0.8a/Placa[01;32mmax@Ubuntu-Max[00m:[01;34m~/NKE/NKE0.8a/Placa[00m$ exit../terminal64 

Serial terminal/uploader for Linux: Command line:
	terminal64 [-f] [serial_device] [tty_out] [b=baudrate] [file.hex]

PaNKE-Terminal Opened "/dev/ttyUSB0" @ 19200 baud
Ctrl-C to exit
Ctrl-R RESET remote device
r:ÿ>>>>> INICIALIZA >>>>>> FREE_PROCESS:3 bytes:13708 alloc_cont:791 free_cont:0 diff:791 menor:12 maior:22 media:16 bytes:13708 free: p1:146 p2:236 p3:555
 LIBERACAO ANT:791 FREE_PROCESS:3 bytes:28180 alloc_cont:1640 free_cont:791 diff:849 menor:10 maior:22 media:16 bytes:14472 free: p1:187 p2:253 p3:596
 LIBERACAO ANT:849 FREE_PROCESS:3 bytes:42204 alloc_cont:2455 free_cont:1640 diff:815 menor:10 maior:22 media:15 bytes:14024 free: p1:163 p2:243 p3:572
 LIBERACAO ANT:815 FREE_PROCESS:3 bytes:55860 alloc_cont:3242 free_cont:2455 diff:787 menor:10 maior:22 media:15 bytes:13656 free: p1:143 p2:235 p3:552
 LIBERACAO ANT:787 FREE_PROCESS:3 bytes:70148 alloc_cont:4078 free_cont:3242 diff:836 menor:10 maior:22 media:15 bytes:14288 free: p1:181 p2:246 p3:590
 LIBERACAO ANT:836 FREE_PROCESS:3 bytes:84332 alloc_cont:4901 free_cont:4078 diff:823 menor:10 maior:22 media:15 bytes:14184 free: p1:155 p2:259 p3:564
 LIBERACAO ANT:823 FREE_PROCESS:3 bytes:98408 alloc_cont:5717 free_cont:4901 diff:816 menor:10 maior:22 media:15 bytes:14076 free: p1:154 p2:253 p3:563
 LIBERACAO ANT:816 FREE_PROCESS:3 bytes:112904 alloc_cont:6565 free_cont:5717 diff:848 menor:10 maior:22 media:15 bytes:14496 free: p1:177 p2:262 p3:586
 LIBERACAO ANT:848 FREE_PROCESS:3 bytes:127336 alloc_cont:7409 free_cont:6565 diff:844 menor:10 maior:22 media:15 bytes:14432 free: p1:177 p2:258 p3:586
 LIBERACAO ANT:844 FREE_PROCESS:3 bytes:141004 alloc_cont:8203 free_cont:7409 diff:794 menor:10 maior:22 media:15 bytes:13668 free: p1:168 p2:217 p3:577
 LIBERACAO ANT:794 FREE_PROCESS:3 bytes:155204 alloc_cont:9029 free_cont:8203 diff:826 menor:10 maior:22 media:15 bytes:14200 free: p1:163 p2:254 p3:572
 LIBERACAO ANT:826 FREE_PROCESS:3 bytes:169204 alloc_cont:9838 free_cont:9029 diff:809 menor:10 maior:22 media:15 bytes:14000 free: p1:145 p2:255 p3:554
 LIBERACAO ANT:809 FREE_PROCESS:3 bytes:182904 alloc_cont:10631 free_cont:9838 diff:793 menor:10 maior:22 media:15 bytes:13700 free: p1:156 p2:228 p3:565
 LIBERACAO ANT:793 FREE_PROCESS:3 bytes:197376 alloc_cont:11476 free_cont:10631 diff:845 menor:10 maior:22 media:15 bytes:14472 free: p1:171 p2:265 p3:580
 LIBERACAO ANT:845 FREE_PROCESS:3 bytes:211892 alloc_cont:12325 free_cont:11476 diff:849 menor:10 maior:22 media:15 bytes:14516 free: p1:176 p2:264 p3:585
 LIBERACAO ANT:849 FREE_PROCESS:3 bytes:226480 alloc_cont:13182 free_cont:12325 diff:857 menor:10 maior:22 media:15 bytes:14588 free: p1:181 p2:276 p3:581
 LIBERACAO ANT:857 FREE_PROCESS:3 bytes:240852 alloc_cont:14018 free_cont:13182 diff:836 menor:10 maior:22 media:15 bytes:14372 free: p1:160 p2:267 p3:569
 LIBERACAO ANT:836 FREE_PROCESS:3 bytes:255404 alloc_cont:14868 free_cont:14018 diff:850 menor:10 maior:22 media:15 bytes:14552 free: p1:171 p2:270 p3:580
 LIBERACAO ANT:850 FREE_PROCESS:3 bytes:269592 alloc_cont:15698 free_cont:14868 diff:830 menor:10 maior:22 media:15 bytes:14188 free: p1:182 p2:239 p3:591
 LIBERACAO ANT:830 FREE_PROCESS:3 bytes:282832 alloc_cont:16457 free_cont:15698 diff:759 menor:10 maior:22 media:15 bytes:13240 free: p1:135 p2:215 p3:544
 LIBERACAO ANT:759 FREE_PROCESS:3 bytes:297056 alloc_cont:17284 free_cont:16457 diff:827 menor:10 maior:22 media:15 bytes:14224 free: p1:161 p2:257 p3:570
 LIBERACAO ANT:827 FREE_PROCESS:3 bytes:310328 alloc_cont:18041 free_cont:17284 diff:757 menor:10 maior:22 media:15 bytes:13272 free: p1:119 p2:229 p3:528
 LIBERACAO ANT:757 FREE_PROCESS:3 bytes:324224 alloc_cont:18845 free_cont:18041 diff:804 menor:10 maior:22 media:15 bytes:13896 free: p1:151 p2:244 p3:560
 LIBERACAO ANT:804 FREE_PROCESS:3 bytes:338812 alloc_cont:19702 free_cont:18845 diff:857 menor:10 maior:22 media:15 bytes:14588 free: p1:182 p2:274 p3:583
 LIBERACAO ANT:857 FREE_PROCESS:3 bytes:352940 alloc_cont:20523 free_cont:19702 diff:821 menor:10 maior:22 media:15 bytes:14128 free: p1:161 p2:251 p3:570
 LIBERACAO ANT:821 FREE_PROCESS:3 bytes:367264 alloc_cont:21360 free_cont:20523 diff:837 menor:10 maior:22 media:15 bytes:14324 free: p1:176 p2:252 p3:585
 LIBERACAO ANT:837 FREE_PROCESS:3 bytes:381832 alloc_cont:22217 free_cont:21360 diff:857 menor:10 maior:22 media:15 bytes:14568 free: p1:190 p2:263 p3:594
 LIBERACAO ANT:857 FREE_PROCESS:3 bytes:395560 alloc_cont:23015 free_cont:22217 diff:798 menor:10 maior:22 media:15 bytes:13728 free: p1:169 p2:220 p3:578
 LIBERACAO ANT:798 FREE_PROCESS:3 bytes:409696 alloc_cont:23833 free_cont:23015 diff:818 menor:10 maior:22 media:15 bytes:14136 free: p1:147 p2:262 p3:556
 LIBERACAO ANT:818 FREE_PROCESS:3 bytes:423792 alloc_cont:24652 free_cont:23833 diff:819 menor:10 maior:22 media:15 bytes:14096 free: p1:161 p2:249 p3:570
 LIBERACAO ANT:819 FREE_PROCESS:3 bytes:437724 alloc_cont:25456 free_cont:24652 diff:804 menor:10 maior:22 media:15 bytes:13932 free: p1:142 p2:253 p3:551
 LIBERACAO ANT:804 FREE_PROCESS:3 bytes:452056 alloc_cont:26287 free_cont:25456 diff:831 menor:10 maior:22 media:15 bytes:14332 free: p1:150 p2:272 p3:559
 LIBERACAO ANT:831 FREE_PROCESS:3 bytes:466584 alloc_cont:27137 free_cont:26287 diff:850 menor:10 maior:22 media:15 bytes:14528 free: p1:177 p2:264 p3:586
 LIBERACAO ANT:850 FREE_PROCESS:3 bytes:480736 alloc_cont:27958 free_cont:27137 diff:821 menor:10 maior:22 media:15 bytes:14152 free: p1:155 p2:257 p3:564
 LIBERACAO ANT:821 FREE_PROCESS:3 bytes:494552 alloc_cont:28754 free_cont:27958 diff:796 menor:10 maior:22 media:15 bytes:13816 free: p1:139 p2:248 p3:548
 LIBERACAO ANT:796 FREE_PROCESS:3 bytes:508708 alloc_cont:29575 free_cont:28754 diff:821 menor:10 maior:22 media:15 bytes:14156 free: p1:154 p2:258 p3:563
 LIBERACAO ANT:821 FREE_PROCESS:3 bytes:522376 alloc_cont:30364 free_cont:29575 diff:789 menor:10 maior:22 media:15 bytes:13668 free: p1:148 p2:232 p3:557
 LIBERACAO ANT:789 FREE_PROCESS:3 bytes:536676 alloc_cont:31195 free_cont:30364 diff:831 menor:10 maior:22 media:15 bytes:14300 free: p1:158 p2:264 p3:567
 LIBERACAO ANT:831 FREE_PROCESS:3 bytes:550496 alloc_cont:31996 free_cont:31195 diff:801 menor:10 maior:22 media:15 bytes:13820 free: p1:158 p2:234 p3:567
 LIBERACAO ANT:801 FREE_PROCESS:2 bytes:565160 alloc_cont:32853 free_cont:31996 diff:857 menor:10 maior:22 media:15 bytes:14664 free: p1:167 p2:285 p3:572
 LIBERACAO ANT:857 FREE_PROCESS:1 bytes:579688 alloc_cont:33710 free_cont:32853 diff:857 menor:10 maior:22 media:15 bytes:14528 free: p1:194 p2:265 p3:592
 LIBERACAO ANT:857 FREE_PROCESS:3 bytes:593856 alloc_cont:34535 free_cont:33710 diff:825 menor:10 maior:22 media:15 bytes:14168 free: p1:167 p2:249 p3:576
 LIBERACAO ANT:825 FREE_PROCESS:3 bytes:607744 alloc_cont:35345 free_cont:34535 diff:810 menor:10 maior:22 media:15 bytes:13888 free: p1:177 p2:224 p3:586
 LIBERACAO ANT:810 FREE_PROCESS:3 bytes:622036 alloc_cont:36183 free_cont:35345 diff:838 menor:10 maior:22 media:15 bytes:14292 free: p1:188 p2:241 p3:597
 LIBERACAO ANT:838 FREE_PROCESS:3 bytes:636392 alloc_cont:37015 free_cont:36183 diff:832 menor:10 maior:22 media:15 bytes:14356 free: p1:148 p2:275 p3:557
 LIBERACAO ANT:832 FREE_PROCESS:3 bytes:649784 alloc_cont:37788 free_cont:37015 diff:773 menor:10 maior:22 media:15 bytes:13392 free: p1:153 p2:211 p3:562
 LIBERACAO ANT:773 FREE_PROCESS:3 bytes:663604 alloc_cont:38590 free_cont:37788 diff:802 menor:10 maior:22 media:15 bytes:13820 free: p1:162 p2:231 p3:571
 LIBERACAO ANT:802 FREE_PROCESS:3 bytes:677528 alloc_cont:39402 free_cont:38590 diff:812 menor:10 maior:22 media:15 bytes:13924 free: p1:176 p2:227 p3:585
 LIBERACAO ANT:812 FREE_PROCESS:3 bytes:691396 alloc_cont:40207 free_cont:39402 diff:805 menor:10 maior:22 media:15 bytes:13868 free: p1:162 p2:234 p3:571
 LIBERACAO ANT:805 FREE_PROCESS:3 bytes:705600 alloc_cont:41031 free_cont:40207 diff:824 menor:10 maior:22 media:15 bytes:14204 free: p1:154 p2:261 p3:563
 LIBERACAO ANT:824 FREE_PROCESS:3 bytes:719740 alloc_cont:41848 free_cont:41031 diff:817 menor:10 maior:22 media:15 bytes:14140 free: p1:142 p2:266 p3:551
 LIBERACAO ANT:817 FREE_PROCESS:3 bytes:733740 alloc_cont:42665 free_cont:41848 diff:817 menor:10 maior:22 media:15 bytes:14000 free: p1:177 p2:231 p3:586
 LIBERACAO ANT:817 FREE_PROCESS:3 bytes:748112 alloc_cont:43507 free_cont:42665 diff:842 menor:10 maior:22 media:15 bytes:14372 free: p1:184 p2:249 p3:593
 LIBERACAO ANT:842 FREE_PROCESS:3 bytes:762224 alloc_cont:44328 free_cont:43507 diff:821 menor:10 maior:22 media:15 bytes:14112 free: p1:165 p2:247 p3:574
 LIBERACAO ANT:821 FREE_PROCESS:3 bytes:776648 alloc_cont:45171 free_cont:44328 diff:843 menor:10 maior:22 media:15 bytes:14424 free: p1:175 p2:259 p3:584
 LIBERACAO ANT:843 FREE_PROCESS:3 bytes:790376 alloc_cont:45967 free_cont:45171 diff:796 menor:10 maior:22 media:15 bytes:13728 free: p1:161 p2:226 p3:570
 LIBERACAO ANT:796 FREE_PROCESS:3 bytes:804508 alloc_cont:46794 free_cont:45967 diff:827 menor:10 maior:22 media:15 bytes:14132 free: p1:184 p2:234 p3:593
 LIBERACAO ANT:827 FREE_PROCESS:3 bytes:817940 alloc_cont:47567 free_cont:46794 diff:773 menor:10 maior:22 media:15 bytes:13432 free: p1:143 p2:221 p3:552
 LIBERACAO ANT:773 FREE_PROCESS:3 bytes:832200 alloc_cont:48395 free_cont:47567 diff:828 menor:10 maior:22 media:15 bytes:14260 free: p1:156 p2:263 p3:565
 LIBERACAO ANT:828 FREE_PROCESS:3 bytes:846180 alloc_cont:49208 free_cont:48395 diff:813 menor:10 maior:22 media:15 bytes:13980 free: p1:166 p2:238 p3:575
 LIBERACAO ANT:813 FREE_PROCESS:1 bytes:860792 alloc_cont:50065 free_cont:49208 diff:857 menor:10 maior:22 media:15 bytes:14612 free: p1:171 p2:290 p3:567
 LIBERACAO ANT:857 FREE_PROCESS:3 bytes:874688 alloc_cont:50871 free_cont:50065 diff:806 menor:10 maior:22 media:15 bytes:13896 free: p1:159 p2:238 p3:568
 LIBERACAO ANT:806 FREE_PROCESS:3 bytes:889152 alloc_cont:51721 free_cont:50871 diff:850 menor:10 maior:22 media:15 bytes:14464 free: p1:193 p2:248 p3:602
 LIBERACAO ANT:850 FREE_PROCESS:3 bytes:902760 alloc_cont:52505 free_cont:51721 diff:784 menor:10 maior:22 media:15 bytes:13608 free: p1:143 p2:232 p3:552
 LIBERACAO ANT:784 FREE_PROCESS:3 bytes:917032 alloc_cont:53334 free_cont:52505 diff:829 menor:10 maior:22 media:15 bytes:14272 free: p1:157 p2:263 p3:566
 LIBERACAO ANT:829 FREE_PROCESS:3 bytes:930860 alloc_cont:54136 free_cont:53334 diff:802 menor:10 maior:22 media:15 bytes:13828 free: p1:160 p2:233 p3:569
 LIBERACAO ANT:802 FREE_PROCESS:3 bytes:944960 alloc_cont:54958 free_cont:54136 diff:822 menor:10 maior:22 media:15 bytes:14100 free: p1:172 p2:241 p3:581
 LIBERACAO ANT:822 FREE_PROCESS:3 bytes:959112 alloc_cont:55782 free_cont:54958 diff:824 menor:10 maior:22 media:15 bytes:14152 free: p1:167 p2:248 p3:576
 LIBERACAO ANT:824 FREE_PROCESS:3 bytes:973332 alloc_cont:56610 free_cont:55782 diff:828 menor:10 maior:22 media:15 bytes:14220 free: p1:166 p2:253 p3:575
 LIBERACAO ANT:828 FREE_PROCESS:3 bytes:987404 alloc_cont:57432 free_cont:56610 diff:822 menor:10 maior:22 media:15 bytes:14072 free: p1:179 p2:234 p3:588
 LIBERACAO ANT:822 FREE_PROCESS:3 bytes:1001372 alloc_cont:58240 free_cont:57432 diff:808 menor:10 maior:22 media:15 bytes:13968 free: p1:149 p2:250 p3:558
 LIBERACAO ANT:808 FREE_PROCESS:3 bytes:1015292 alloc_cont:59046 free_cont:58240 diff:806 menor:10 maior:22 media:15 bytes:13920 free: p1:153 p2:244 p3:562
 LIBERACAO ANT:806 FREE_PROCESS:3 bytes:1028892 alloc_cont:59828 free_cont:59046 diff:782 menor:10 maior:22 media:15 bytes:13600 free: p1:137 p2:236 p3:546
 LIBERACAO ANT:782 FREE_PROCESS:3 bytes:1042816 alloc_cont:60642 free_cont:59828 diff:814 menor:10 maior:22 media:15 bytes:13924 free: p1:184 p2:221 p3:593
 LIBERACAO ANT:814 FREE_PROCESS:3 bytes:1056944 alloc_cont:61467 free_cont:60642 diff:825 menor:10 maior:22 media:15 bytes:14128 free: p1:177 p2:239 p3:586
 LIBERACAO ANT:825 FREE_PROCESS:3 bytes:1070580 alloc_cont:62253 free_cont:61467 diff:786 menor:10 maior:22 media:15 bytes:13636 free: p1:144 p2:233 p3:553
 LIBERACAO ANT:786 FREE_PROCESS:3 bytes:1084632 alloc_cont:63072 free_cont:62253 diff:819 menor:10 maior:22 media:15 bytes:14052 free: p1:172 p2:238 p3:581
 LIBERACAO ANT:819 FREE_PROCESS:3 bytes:1098140 alloc_cont:63851 free_cont:63072 diff:779 menor:10 maior:22 media:15 bytes:13508 free: p1:148 p2:222 p3:557
 LIBERACAO ANT:779 FREE_PROCESS:3 bytes:1112636 alloc_cont:64697 free_cont:63851 diff:846 menor:10 maior:22 media:15 bytes:14496 free: p1:169 p2:268 p3:578
 LIBERACAO ANT:846 FREE_PROCESS:3 bytes:1126760 alloc_cont:65521 free_cont:64697 diff:824 menor:10 maior:22 media:15 bytes:14124 free: p1:174 p2:241 p3:583
 LIBERACAO ANT:824 FREE_PROCESS:3 bytes:1141104 alloc_cont:66362 free_cont:65521 diff:841 menor:10 maior:22 media:15 bytes:14344 free: p1:187 p2:245 p3:596
 LIBERACAO ANT:841 FREE_PROCESS:3 bytes:1155448 alloc_cont:67197 free_cont:66362 diff:835 menor:10 maior:22 media:15 bytes:14344 free: p1:163 p2:263 p3:572
 LIBERACAO ANT:835 FREE_PROCESS:3 bytes:1169244 alloc_cont:67998 free_cont:67197 diff:801 menor:10 maior:22 media:15 bytes:13796 free: p1:164 p2:228 p3:573
 LIBERACAO ANT:801 FREE_PROCESS:3 bytes:1183036 alloc_cont:68798 free_cont:67998 diff:800 menor:10 maior:22 media:15 bytes:13792 free: p1:161 p2:230 p3:570
 LIBERACAO ANT:800 FREE_PROCESS:3 bytes:1196620 alloc_cont:69580 free_cont:68798 diff:782 menor:10 maior:22 media:15 bytes:13584 free: p1:141 p2:232 p3:550
 LIBERACAO ANT:782 FREE_PROCESS:3 bytes:1210372 alloc_cont:70375 free_cont:69580 diff:795 menor:10 maior:22 media:15 bytes:13752 free: p1:151 p2:235 p3:560
 LIBERACAO ANT:795 FREE_PROCESS:3 bytes:1224544 alloc_cont:71197 free_cont:70375 diff:822 menor:10 maior:22 media:15 bytes:14172 free: p1:154 p2:259 p3:563
 LIBERACAO ANT:822 FREE_PROCESS:3 bytes:1238432 alloc_cont:72006 free_cont:71197 diff:809 menor:10 maior:22 media:15 bytes:13888 free: p1:173 p2:227 p3:582
 LIBERACAO ANT:809 FREE_PROCESS:3 bytes:1252504 alloc_cont:72823 free_cont:72006 diff:817 menor:10 maior:22 media:15 bytes:14072 free: p1:159 p2:249 p3:568
 LIBERACAO ANT:817 FREE_PROCESS:3 bytes:1267012 alloc_cont:73680 free_cont:72823 diff:857 menor:10 maior:22 media:15 bytes:14508 free: p1:207 p2:244 p3:613
 LIBERACAO ANT:857 FREE_PROCESS:3 bytes:1281344 alloc_cont:74518 free_cont:73680 diff:838 menor:10 maior:22 media:15 bytes:14332 free: p1:178 p2:251 p3:587
 LIBERACAO ANT:838 FREE_PROCESS:3 bytes:1295816 alloc_cont:75366 free_cont:74518 diff:848 menor:10 maior:22 media:15 bytes:14472 free: p1:183 p2:256 p3:592
 LIBERACAO ANT:848 FREE_PROCESS:1 bytes:1310508 alloc_cont:76223 free_cont:75366 diff:857 menor:10 maior:22 media:15 bytes:14692 free: p1:160 p2:292 p3:565
 LIBERACAO ANT:857 FREE_PROCESS:3 bytes:1324616 alloc_cont:77044 free_cont:76223 diff:821 menor:10 maior:22 media:15 bytes:14108 free: p1:166 p2:246 p3:575
 LIBERACAO ANT:821 FREE_PROCESS:3 bytes:1338692 alloc_cont:77867 free_cont:77044 diff:823 menor:10 maior:22 media:15 bytes:14076 free: p1:182 p2:232 p3:591
 LIBERACAO ANT:823 FREE_PROCESS:3 bytes:1352624 alloc_cont:78674 free_cont:77867 diff:807 menor:10 maior:22 media:15 bytes:13932 free: p1:154 p2:244 p3:563
 LIBERACAO ANT:807 FREE_PROCESS:3 bytes:1366356 alloc_cont:79471 free_cont:78674 diff:797 menor:10 maior:22 media:15 bytes:13732 free: p1:164 p2:224 p3:573
 LIBERACAO ANT:797 FREE_PROCESS:3 bytes:1380304 alloc_cont:80282 free_cont:79471 diff:811 menor:10 maior:22 media:15 bytes:13948 free: p1:166 p2:236 p3:575
 LIBERACAO ANT:811 FREE_PROCESS:3 bytes:1394264 alloc_cont:81089 free_cont:80282 diff:807 menor:10 maior:22 media:15 bytes:13960 free: p1:147 p2:251 p3:556
 LIBERACAO ANT:807 FREE_PROCESS:3 bytes:1408000 alloc_cont:81882 free_cont:81089 diff:793 menor:10 maior:22 media:15 bytes:13736 free: p1:147 p2:237 p3:556
 LIBERACAO ANT:793 FREE_PROCESS:3 bytes:1422028 alloc_cont:82695 free_cont:81882 diff:813 menor:10 maior:22 media:15 bytes:14028 free: p1:154 p2:250 p3:563
 LIBERACAO ANT:813 FREE_PROCESS:3 bytes:1435424 alloc_cont:83464 free_cont:82695 diff:769 menor:10 maior:22 media:15 bytes:13396 free: p1:136 p2:224 p3:545
 LIBERACAO ANT:769 FREE_PROCESS:3 bytes:1449476 alloc_cont:84278 free_cont:83464 diff:814 menor:10 maior:22 media:15 bytes:14052 free: p1:152 p2:253 p3:561
 LIBERACAO ANT:814 FREE_PROCESS:3 bytes:1463452 alloc_cont:85094 free_cont:84278 diff:816 menor:10 maior:22 media:15 bytes:13976 free: p1:179 p2:228 p3:588
 LIBERACAO ANT:816 FREE_PROCESS:3 bytes:1478060 alloc_cont:85951 free_cont:85094 diff:857 menor:10 maior:22 media:15 bytes:14608 free: p1:183 p2:267 p3:590
 LIBERACAO ANT:857 FREE_PROCESS:3 bytes:1491680 alloc_cont:86739 free_cont:85951 diff:788 menor:10 maior:22 media:15 bytes:13620 free: p1:156 p2:223 p3:565
 LIBERACAO ANT:788 FREE_PROCESS:3 bytes:1505984 alloc_cont:87570 free_cont:86739 diff:831 menor:10 maior:22 media:15 bytes:14304 free: p1:157 p2:265 p3:566
 LIBERACAO ANT:831 FREE_PROCESS:3 bytes:1520284 alloc_cont:88402 free_cont:87570 diff:832 menor:10 maior:22 media:15 bytes:14300 free: p1:162 p2:261 p3:571
 LIBERACAO ANT:832 FREE_PROCESS:3 bytes:1534376 alloc_cont:89224 free_cont:88402 diff:822 menor:10 maior:22 media:15 bytes:14092 free: p1:174 p2:239 p3:583
 LIBERACAO ANT:822 FREE_PROCESS:3 bytes:1548148 alloc_cont:90020 free_cont:89224 diff:796 menor:10 maior:22 media:15 bytes:13772 free: p1:150 p2:237 p3:559
 LIBERACAO ANT:796 FREE_PROCESS:3 bytes:1562280 alloc_cont:90846 free_cont:90020 diff:826 menor:10 maior:22 media:15 bytes:14132 free: p1:180 p2:237 p3:589
 LIBERACAO ANT:826 FREE_PROCESS:3 bytes:1576124 alloc_cont:91645 free_cont:90846 diff:799 menor:10 maior:22 media:15 bytes:13844 free: p1:144 p2:246 p3:553
 LIBERACAO ANT:799 FREE_PROCESS:3 bytes:1589376 alloc_cont:92407 free_cont:91645 diff:762 menor:10 maior:22 media:15 bytes:13252 free: p1:144 p2:209 p3:553
 LIBERACAO ANT:762 FREE_PROCESS:3 bytes:1603092 alloc_cont:93204 free_cont:92407 diff:797 menor:10 maior:22 media:15 bytes:13716 free: p1:168 p2:220 p3:577
 LIBERACAO ANT:797 FREE_PROCESS:3 bytes:1616576 alloc_cont:93987 free_cont:93204 diff:783 menor:10 maior:22 media:15 bytes:13484 free: p1:170 p2:204 p3:579
 LIBERACAO ANT:783 FREE_PROCESS:3 bytes:1630444 alloc_cont:94791 free_cont:93987 diff:804 menor:10 maior:22 media:15 bytes:13868 free: p1:158 p2:237 p3:567
 LIBERACAO ANT:804 FREE_PROCESS:3 bytes:1645016 alloc_cont:95640 free_cont:94791 diff:849 menor:10 maior:22 media:15 bytes:14572 free: p1:162 p2:278 p3:571
 LIBERACAO ANT:849 FREE_PROCESS:3 bytes:1658936 alloc_cont:96446 free_cont:95640 diff:806 menor:10 maior:22 media:15 bytes:13920 free: p1:153 p2:244 p3:562
 LIBERACAO ANT:806 FREE_PROCESS:3 bytes:1673056 alloc_cont:97264 free_cont:96446 diff:818 menor:10 maior:22 media:15 bytes:14120 free: p1:151 p2:258 p3:560
 LIBERACAO ANT:818 FREE_PROCESS:3 bytes:1687500 alloc_cont:98110 free_cont:97264 diff:846 menor:10 maior:22 media:15 bytes:14444 free: p1:182 p2:255 p3:591
 LIBERACAO ANT:846 FREE_PROCESS:3 bytes:1700728 alloc_cont:98874 free_cont:98110 diff:764 menor:10 maior:22 media:15 bytes:13228 free: p1:158 p2:197 p3:567
 LIBERACAO ANT:764 FREE_PROCESS:3 bytes:1714912 alloc_cont:99702 free_cont:98874 diff:828 menor:10 maior:22 media:15 bytes:14184 free: p1:175 p2:244 p3:584
 LIBERACAO ANT:828 FREE_PROCESS:3 bytes:1729648 alloc_cont:100558 free_cont:99702 diff:856 menor:10 maior:22 media:15 bytes:14736 free: p1:149 p2:298 p3:558
 LIBERACAO ANT:856 FREE_PROCESS:3 bytes:1743576 alloc_cont:101365 free_cont:100558 diff:807 menor:10 maior:22 media:15 bytes:13928 free: p1:155 p2:243 p3:564
 LIBERACAO ANT:807 FREE_PROCESS:3 bytes:1757668 alloc_cont:102183 free_cont:101365 diff:818 menor:10 maior:22 media:15 bytes:14092 free: p1:158 p2:251 p3:567
 LIBERACAO ANT:818 FREE_PROCESS:3 bytes:1771636 alloc_cont:102990 free_cont:102183 diff:807 menor:10 maior:22 media:15 bytes:13968 free: p1:145 p2:253 p3:554
 LIBERACAO ANT:807 FREE_PROCESS:3 bytes:1785000 alloc_cont:103761 free_cont:102990 diff:771 menor:10 maior:22 media:15 bytes:13364 free: p1:152 p2:210 p3:561
 LIBERACAO ANT:771 FREE_PROCESS:3 bytes:1798948 alloc_cont:104570 free_cont:103761 diff:809 menor:10 maior:22 media:15 bytes:13948 free: p1:158 p2:242 p3:567
 LIBERACAO ANT:809 FREE_PROCESS:3 bytes:1812608 alloc_cont:105358 free_cont:104570 diff:788 menor:10 maior:22 media:15 bytes:13660 free: p1:146 p2:233 p3:555
 LIBERACAO ANT:788 FREE_PROCESS:3 bytes:1826160 alloc_cont:106141 free_cont:105358 diff:783 menor:10 maior:22 media:15 bytes:13552 free: p1:153 p2:221 p3:562
 LIBERACAO ANT:783 FREE_PROCESS:3 bytes:1839964 alloc_cont:106943 free_cont:106141 diff:802 menor:10 maior:22 media:15 bytes:13804 free: p1:166 p2:227 p3:575
 LIBERACAO ANT:802 FREE_PROCESS:3 bytes:1854048 alloc_cont:107758 free_cont:106943 diff:815 menor:10 maior:22 media:15 bytes:14084 free: p1:148 p2:258 p3:557
 LIBERACAO ANT:815 FREE_PROCESS:3 bytes:1868664 alloc_cont:108615 free_cont:107758 diff:857 menor:10 maior:22 media:15 bytes:14616 free: p1:177 p2:277 p3:580
 LIBERACAO ANT:857 FREE_PROCESS:3 bytes:1882352 alloc_cont:109410 free_cont:108615 diff:795 menor:10 maior:22 media:15 bytes:13688 free: p1:167 p2:219 p3:576
 LIBERACAO ANT:795 FREE_PROCESS:3 bytes:1896504 alloc_cont:110234 free_cont:109410 diff:824 menor:10 maior:22 media:15 bytes:14152 free: p1:167 p2:248 p3:576
 LIBERACAO ANT:824 FREE_PROCESS:3 bytes:1910892 alloc_cont:111073 free_cont:110234 diff:839 menor:10 maior:22 media:15 bytes:14388 free: p1:168 p2:262 p3:577
 LIBERACAO ANT:839 FREE_PROCESS:3 bytes:1925240 alloc_cont:111907 free_cont:111073 diff:834 menor:10 maior:22 media:15 bytes:14348 free: p1:158 p2:267 p3:567
 LIBERACAO ANT:834 FREE_PROCESS:3 bytes:1939324 alloc_cont:112725 free_cont:111907 diff:818 menor:10 maior:22 media:15 bytes:14084 free: p1:160 p2:249 p3:569
 LIBERACAO ANT:818 FREE_PROCESS:1 bytes:1953888 alloc_cont:113582 free_cont:112725 diff:857 menor:10 maior:22 media:15 bytes:14564 free: p1:191 p2:262 p3:595
 LIBERACAO ANT:857 FREE_PROCESS:3 bytes:1967500 alloc_cont:114369 free_cont:113582 diff:787 menor:10 maior:22 media:15 bytes:13612 free: p1:154 p2:224 p3:563
 LIBERACAO ANT:787 FREE_PROCESS:3 bytes:1981628 alloc_cont:115196 free_cont:114369 diff:827 menor:10 maior:22 media:15 bytes:14128 free: p1:185 p2:233 p3:594
 LIBERACAO ANT:827 FREE_PROCESS:3 bytes:1995860 alloc_cont:116023 free_cont:115196 diff:827 menor:10 maior:22 media:15 bytes:14232 free: p1:159 p2:259 p3:568
 LIBERACAO ANT:827 FREE_PROCESS:3 bytes:2009724 alloc_cont:116829 free_cont:116023 diff:806 menor:10 maior:22 media:15 bytes:13864 free: p1:167 p2:230 p3:576
 LIBERACAO ANT:806 FREE_PROCESS:3 bytes:2023320 alloc_cont:117611 free_cont:116829 diff:782 menor:10 maior:22 media:15 bytes:13596 free: p1:138 p2:235 p3:547
 LIBERACAO ANT:782 FREE_PROCESS:3 bytes:2037420 alloc_cont:118431 free_cont:117611 diff:820 menor:10 maior:22 media:15 bytes:14100 free: p1:164 p2:247 p3:573
 LIBERACAO ANT:820 FREE_PROCESS:3 bytes:2051964 alloc_cont:119286 free_cont:118431 diff:855 menor:10 maior:22 media:15 bytes:14544 free: p1:193 p2:253 p3:602
 LIBERACAO ANT:855 FREE_PROCESS:3 bytes:2066344 alloc_cont:120120 free_cont:119286 diff:834 menor:10 maior:22 media:15 bytes:14380 free: p1:150 p2:275 p3:559
 LIBERACAO ANT:834 FREE_PROCESS:3 bytes:2080444 alloc_cont:120935 free_cont:120120 diff:815 menor:10 maior:22 media:15 bytes:14100 free: p1:144 p2:262 p3:553
 LIBERACAO ANT:815 FREE_PROCESS:3 bytes:2094020 alloc_cont:121722 free_cont:120935 diff:787 menor:10 maior:22 media:15 bytes:13576 free: p1:163 p2:215 p3:572
 LIBERACAO ANT:787 FREE_PROCESS:3 bytes:2107972 alloc_cont:122533 free_cont:121722 diff:811 menor:10 maior:22 media:15 bytes:13952 free: p1:165 p2:237 p3:574
 LIBERACAO ANT:811 FREE_PROCESS:3 bytes:2122200 alloc_cont:123359 free_cont:122533 diff:826 menor:10 maior:22 media:15 bytes:14228 free: p1:156 p2:261 p3:565
 LIBERACAO ANT:826 FREE_PROCESS:3 bytes:2135904 alloc_cont:124151 free_cont:123359 diff:792 menor:10 maior:22 media:15 bytes:13704 free: p1:151 p2:232 p3:560
 LIBERACAO ANT:792 FREE_PROCESS:3 bytes:2150172 alloc_cont:124985 free_cont:124151 diff:834 menor:10 maior:22 media:15 bytes:14268 free: p1:178 p2:247 p3:587
 LIBERACAO ANT:834 FREE_PROCESS:3 bytes:2164036 alloc_cont:125787 free_cont:124985 diff:802 menor:10 maior:22 media:15 bytes:13864 free: p1:151 p2:242 p3:560
 LIBERACAO ANT:802 FREE_PROCESS:3 bytes:2177832 alloc_cont:126588 free_cont:125787 diff:801 menor:10 maior:22 media:15 bytes:13796 free: p1:164 p2:228 p3:573
 LIBERACAO ANT:801 FREE_PROCESS:3 bytes:2191576 alloc_cont:127381 free_cont:126588 diff:793 menor:10 maior:22 media:15 bytes:13744 free: p1:145 p2:239 p3:554
 LIBERACAO ANT:793 FREE_PROCESS:3 bytes:2206096 alloc_cont:128223 free_cont:127381 diff:842 menor:10 maior:22 media:15 bytes:14520 free: p1:147 p2:286 p3:556
 LIBERACAO ANT:842 FREE_PROCESS:3 bytes:2220496 alloc_cont:129057 free_cont:128223 diff:834 menor:10 maior:22 media:15 bytes:14400 free: p1:145 p2:280 p3:554
 LIBERACAO ANT:834 FREE_PROCESS:3 bytes:2234704 alloc_cont:129880 free_cont:129057 diff:823 menor:10 maior:22 media:15 bytes:14208 free: p1:149 p2:265 p3:558
 LIBERACAO ANT:823 FREE_PROCESS:3 bytes:2248560 alloc_cont:130681 free_cont:129880 diff:801 menor:10 maior:22 media:15 bytes:13856 free: p1:149 p2:243 p3:558
 LIBERACAO ANT:801 FREE_PROCESS:3 bytes:2262596 alloc_cont:131500 free_cont:130681 diff:819 menor:10 maior:22 media:15 bytes:14036 free: p1:176 p2:234 p3:585
 LIBERACAO ANT:819 FREE_PROCESS:3 bytes:2276972 alloc_cont:132343 free_cont:131500 diff:843 menor:10 maior:22 media:15 bytes:14376 free: p1:187 p2:247 p3:596
 LIBERACAO ANT:843 FREE_PROCESS:3 bytes:2290884 alloc_cont:133154 free_cont:132343 diff:811 menor:10 maior:22 media:15 bytes:13912 free: p1:175 p2:227 p3:584
 LIBERACAO ANT:811 FREE_PROCESS:3 bytes:2304432 alloc_cont:133938 free_cont:133154 diff:784 menor:10 maior:22 media:15 bytes:13548 free: p1:158 p2:217 p3:567
 LIBERACAO ANT:784 FREE_PROCESS:3 bytes:2318716 alloc_cont:134772 free_cont:133938 diff:834 menor:10 maior:22 media:15 bytes:14284 free: p1:174 p2:251 p3:583
 LIBERACAO ANT:834 FREE_PROCESS:3 bytes:2332776 alloc_cont:135587 free_cont:134772 diff:815 menor:10 maior:22 media:15 bytes:14060 free: p1:154 p2:252 p3:563
 LIBERACAO ANT:815 FREE_PROCESS:3 bytes:2346840 alloc_cont:136403 free_cont:135587 diff:816 menor:10 maior:22 media:15 bytes:14064 free: p1:157 p2:250 p3:566
 LIBERACAO ANT:816 FREE_PROCESS:3 bytes:2360640 alloc_cont:137199 free_cont:136403 diff:796 menor:10 maior:22 media:15 bytes:13800 free: p1:143 p2:244 p3:552
 LIBERACAO ANT:796 FREE_PROCESS:3 bytes:2375228 alloc_cont:138054 free_cont:137199 diff:855 menor:10 maior:22 media:15 bytes:14588 free: p1:182 p2:264 p3:591
 LIBERACAO ANT:855 FREE_PROCESS:3 bytes:2389844 alloc_cont:138908 free_cont:138054 diff:854 menor:10 maior:22 media:15 bytes:14616 free: p1:171 p2:274 p3:580
 LIBERACAO ANT:854 FREE_PROCESS:3 bytes:2403752 alloc_cont:139712 free_cont:138908 diff:804 menor:10 maior:22 media:15 bytes:13908 free: p1:148 p2:247 p3:557
 LIBERACAO ANT:804 FREE_PROCESS:3 bytes:2418092 alloc_cont:140549 free_cont:139712 diff:837 menor:10 maior:22 media:15 bytes:14340 free: p1:172 p2:256 p3:581
 LIBERACAO ANT:837 FREE_PROCESS:3 bytes:2432276 alloc_cont:141370 free_cont:140549 diff:821 menor:10 maior:22 media:15 bytes:14184 free: p1:147 p2:265 p3:556
 LIBERACAO ANT:821 FREE_PROCESS:3 bytes:2446040 alloc_cont:142172 free_cont:141370 diff:802 menor:10 maior:22 media:15 bytes:13764 free: p1:176 p2:217 p3:585
 LIBERACAO ANT:802 FREE_PROCESS:1 bytes:2460724 alloc_cont:143029 free_cont:142172 diff:857 menor:10 maior:22 media:15 bytes:14684 free: p1:165 p2:284 p3:573
 LIBERACAO ANT:857 FREE_PROCESS:3 bytes:2474400 alloc_cont:143821 free_cont:143029 diff:792 menor:10 maior:22 media:15 bytes:13676 free: p1:158 p2:225 p3:567
 LIBERACAO ANT:792 FREE_PROCESS:3 bytes:2488084 alloc_cont:144617 free_cont:143821 diff:796 menor:10 maior:22 media:15 bytes:13684 free: p1:172 p2:215 p3:581
 LIBERACAO ANT:796 FREE_PROCESS:3 bytes:2502428 alloc_cont:145453 free_cont:144617 diff:836 menor:10 maior:22 media:15 bytes:14344 free: p1:167 p2:260 p3:576
 LIBERACAO ANT:836 FREE_PROCESS:3 bytes:2516152 alloc_cont:146251 free_cont:145453 diff:798 menor:10 maior:22 media:15 bytes:13724 free: p1:170 p2:219 p3:579
 LIBERACAO ANT:798 FREE_PROCESS:3 bytes:2530716 alloc_cont:147108 free_cont:146251 diff:857 menor:10 maior:22 media:15 bytes:14564 free: p1:181 p2:282 p3:575
 LIBERACAO ANT:857 FREE_PROCESS:3 bytes:2544956 alloc_cont:147934 free_cont:147108 diff:826 menor:10 maior:22 media:15 bytes:14240 free: p1:153 p2:264 p3:562
 LIBERACAO ANT:826 FREE_PROCESS:3 bytes:2559044 alloc_cont:148758 free_cont:147934 diff:824 menor:10 maior:22 media:15 bytes:14088 free: p1:183 p2:232 p3:592
 LIBERACAO ANT:824 FREE_PROCESS:3 bytes:2572464 alloc_cont:149533 free_cont:148758 diff:775 menor:10 maior:22 media:15 bytes:13420 free: p1:154 p2:212 p3:563
 LIBERACAO ANT:775 FREE_PROCESS:3 bytes:2586104 alloc_cont:150322 free_cont:149533 diff:789 menor:10 maior:22 media:15 bytes:13640 free: p1:155 p2:225 p3:564
 LIBERACAO ANT:789 FREE_PROCESS:3 bytes:2600336 alloc_cont:151151 free_cont:150322 diff:829 menor:10 maior:22 media:15 bytes:14232 free: p1:167 p2:253 p3:576
 LIBERACAO ANT:829 FREE_PROCESS:3 bytes:2613764 alloc_cont:151924 free_cont:151151 diff:773 menor:10 maior:22 media:15 bytes:13428 free: p1:144 p2:220 p3:553
 LIBERACAO ANT:773 FREE_PROCESS:3 bytes:2627740 alloc_cont:152735 free_cont:151924 diff:811 menor:10 maior:22 media:15 bytes:13976 free: p1:159 p2:243 p3:568
 LIBERACAO ANT:811 FREE_PROCESS:3 bytes:2641692 alloc_cont:153550 free_cont:152735 diff:815 menor:10 maior:22 media:15 bytes:13952 free: p1:181 p2:225 p3:590
 LIBERACAO ANT:815 FREE_PROCESS:3 bytes:2655276 alloc_cont:154331 free_cont:153550 diff:781 menor:10 maior:22 media:15 bytes:13584 free: p1:137 p2:235 p3:546
 LIBERACAO ANT:781 FREE_PROCESS:3 bytes:2669380 alloc_cont:155150 free_cont:154331 diff:819 menor:10 maior:22 media:15 bytes:14104 free: p1:159 p2:251 p3:568
 LIBERACAO ANT:819 FREE_PROCESS:3 bytes:2683992 alloc_cont:156007 free_cont:155150 diff:857 menor:10 maior:22 media:15 bytes:14612 free: p1:183 p2:266 p3:591
 LIBERACAO ANT:857 FREE_PROCESS:3 bytes:2697660 alloc_cont:156799 free_cont:156007 diff:792 menor:10 maior:22 media:15 bytes:13668 free: p1:160 p2:223 p3:569
 LIBERACAO ANT:792 FREE_PROCESS:3 bytes:2711440 alloc_cont:157593 free_cont:156799 diff:794 menor:10 maior:22 media:15 bytes:13780 free: p1:140 p2:245 p3:549
 LIBERACAO ANT:794 FREE_PROCESS:2 bytes:2725996 alloc_cont:158450 free_cont:157593 diff:857 menor:10 maior:22 media:15 bytes:14556 free: p1:185 p2:276 p3:581
 LIBERACAO ANT:857 FREE_PROCESS:3 bytes:2740300 alloc_cont:159285 free_cont:158450 diff:835 menor:10 maior:22 media:15 bytes:14304 free: p1:173 p2:253 p3:582
 LIBERACAO ANT:835 FREE_PROCESS:3 bytes:2754036 alloc_cont:160083 free_cont:159285 diff:798 menor:10 maior:22 media:15 bytes:13736 free: p1:167 p2:222 p3:576
 LIBERACAO ANT:798 FREE_PROCESS:3 bytes:2768116 alloc_cont:160902 free_cont:160083 diff:819 menor:10 maior:22 media:15 bytes:14080 free: p1:165 p2:245 p3:574
 LIBERACAO ANT:819 FREE_PROCESS:3 bytes:2782560 alloc_cont:161745 free_cont:160902 diff:843 menor:10 maior:22 media:15 bytes:14444 free: p1:170 p2:264 p3:579
 LIBERACAO ANT:843 FREE_PROCESS:3 bytes:2796400 alloc_cont:162546 free_cont:161745 diff:801 menor:10 maior:22 media:15 bytes:13840 free: p1:153 p2:239 p3:562
 LIBERACAO ANT:801 FREE_PROCESS:3 bytes:2811028 alloc_cont:163403 free_cont:162546 diff:857 menor:10 maior:22 media:15 bytes:14628 free: p1:180 p2:268 p3:589
 LIBERACAO ANT:857 FREE_PROCESS:3 bytes:2824536 alloc_cont:164182 free_cont:163403 diff:779 menor:10 maior:22 media:15 bytes:13508 free: p1:148 p2:222 p3:557
 LIBERACAO ANT:779 FREE_PROCESS:3 bytes:2837968 alloc_cont:164959 free_cont:164182 diff:777 menor:10 maior:22 media:15 bytes:13432 free: p1:159 p2:209 p3:568
 LIBERACAO ANT:777 FREE_PROCESS:3 bytes:2852476 alloc_cont:165816 free_cont:164959 diff:857 menor:10 maior:22 media:15 bytes:14508 free: p1:209 p2:240 p3:617
 LIBERACAO ANT:857 FREE_PROCESS:3 bytes:2866732 alloc_cont:166649 free_cont:165816 diff:833 menor:10 maior:22 media:15 bytes:14256 free: p1:177 p2:247 p3:586
 LIBERACAO ANT:833 FREE_PROCESS:3 bytes:2879960 alloc_cont:167407 free_cont:166649 diff:758 menor:10 maior:22 media:15 bytes:13228 free: p1:134 p2:215 p3:543
 LIBERACAO ANT:758 FREE_PROCESS:3 bytes:2894160 alloc_cont:168232 free_cont:167407 diff:825 menor:10 maior:22 media:15 bytes:14200 free: p1:159 p2:257 p3:568
 LIBERACAO ANT:825 FREE_PROCESS:3 bytes:2908428 alloc_cont:169059 free_cont:168232 diff:827 menor:10 maior:22 media:15 bytes:14268 free: p1:150 p2:268 p3:559
 LIBERACAO ANT:827 FREE_PROCESS:3 bytes:2922648 alloc_cont:169890 free_cont:169059 diff:831 menor:10 maior:22 media:15 bytes:14220 free: p1:178 p2:244 p3:587
 LIBERACAO ANT:831 FREE_PROCESS:3 bytes:2937232 alloc_cont:170740 free_cont:169890 diff:850 menor:10 maior:22 media:15 bytes:14584 free: p1:163 p2:278 p3:572
 LIBERACAO ANT:850 FREE_PROCESS:3 bytes:2951060 alloc_cont:171539 free_cont:170740 diff:799 menor:10 maior:22 media:15 bytes:13828 free: p1:148 p2:242 p3:557
 LIBERACAO ANT:799 FREE_PROCESS:3 bytes:2965308 alloc_cont:172372 free_cont:171539 diff:833 menor:10 maior:22 media:15 bytes:14248 free: p1:179 p2:245 p3:588
 LIBERACAO ANT:833 FREE_PROCESS:3 bytes:2979224 alloc_cont:173175 free_cont:172372 diff:803 menor:10 maior:22 media:15 bytes:13916 free: p1:142 p2:252 p3:551
 LIBERACAO ANT:803 FREE_PROCESS:3 bytes:2992708 alloc_cont:173949 free_cont:173175 diff:774 menor:10 maior:22 media:15 bytes:13484 free: p1:134 p2:231 p3:543
 LIBERACAO ANT:774 FREE_PROCESS:3 bytes:3006948 alloc_cont:174776 free_cont:173949 diff:827 menor:10 maior:22 media:15 bytes:14240 free: p1:157 p2:261 p3:566
 LIBERACAO ANT:827 FREE_PROCESS:3 bytes:3020872 alloc_cont:175584 free_cont:174776 diff:808 menor:10 maior:22 media:15 bytes:13924 free: p1:160 p2:239 p3:569
 LIBERACAO ANT:808 FREE_PROCESS:3 bytes:3034988 alloc_cont:176404 free_cont:175584 diff:820 menor:10 maior:22 media:15 bytes:14116 free: p1:160 p2:251 p3:569
 LIBERACAO ANT:820 FREE_PROCESS:3 bytes:3049008 alloc_cont:177216 free_cont:176404 diff:812 menor:10 maior:22 media:15 bytes:14020 free: p1:152 p2:251 p3:561
 LIBERACAO ANT:812 FREE_PROCESS:3 bytes:3063504 alloc_cont:178060 free_cont:177216 diff:844 menor:10 maior:22 media:15 bytes:14496 free: p1:161 p2:274 p3:570
 LIBERACAO ANT:844 FREE_PROCESS:3 bytes:3078024 alloc_cont:178907 free_cont:178060 diff:847 menor:10 maior:22 media:15 bytes:14520 free: p1:167 p2:271 p3:576
 LIBERACAO ANT:847 FREE_PROCESS:3 bytes:3092496 alloc_cont:179752 free_cont:178907 diff:845 menor:10 maior:22 media:15 bytes:14472 free: p1:171 p2:265 p3:580
 LIBERACAO ANT:845 FREE_PROCESS:3 bytes:3106552 alloc_cont:180570 free_cont:179752 diff:818 menor:10 maior:22 media:15 bytes:14056 free: p1:167 p2:242 p3:576
 LIBERACAO ANT:818 FREE_PROCESS:3 bytes:3120652 alloc_cont:181391 free_cont:180570 diff:821 menor:10 maior:22 media:15 bytes:14100 free: p1:168 p2:244 p3:577
 LIBERACAO ANT:821 FREE_PROCESS:3 bytes:3135224 alloc_cont:182248 free_cont:181391 diff:857 menor:10 maior:22 media:15 bytes:14572 free: p1:191 p2:260 p3:597
 LIBERACAO ANT:857 FREE_PROCESS:3 bytes:3149100 alloc_cont:183055 free_cont:182248 diff:807 menor:10 maior:22 media:15 bytes:13876 free: p1:168 p2:230 p3:577
 LIBERACAO ANT:807 FREE_PROCESS:3 bytes:3162948 alloc_cont:183858 free_cont:183055 diff:803 menor:10 maior:22 media:15 bytes:13848 free: p1:159 p2:235 p3:568
 LIBERACAO ANT:803 FREE_PROCESS:3 bytes:3176844 alloc_cont:184663 free_cont:183858 diff:805 menor:10 maior:22 media:15 bytes:13896 free: p1:155 p2:241 p3:564
 LIBERACAO ANT:805 FREE_PROCESS:3 bytes:3191096 alloc_cont:185493 free_cont:184663 diff:830 menor:10 maior:22 media:15 bytes:14252 free: p1:166 p2:255 p3:575
 LIBERACAO ANT:830 FREE_PROCESS:3 bytes:3205568 alloc_cont:186337 free_cont:185493 diff:844 menor:10 maior:22 media:15 bytes:14472 free: p1:167 p2:268 p3:576
 LIBERACAO ANT:844 FREE_PROCESS:2 bytes:3220176 alloc_cont:187194 free_cont:186337 diff:857 menor:10 maior:22 media:15 bytes:14608 free: p1:177 p2:279 p3:578
 LIBERACAO ANT:857 FREE_PROCESS:3 bytes:3233800 alloc_cont:187982 free_cont:187194 diff:788 menor:10 maior:22 media:15 bytes:13624 free: p1:155 p2:224 p3:564
 LIBERACAO ANT:788 FREE_PROCESS:3 bytes:3247632 alloc_cont:188795 free_cont:187982 diff:813 menor:10 maior:22 media:15 bytes:13832 free: p1:203 p2:201 p3:612
 LIBERACAO ANT:813 FREE_PROCESS:3 bytes:3261236 alloc_cont:189576 free_cont:188795 diff:781 menor:10 maior:22 media:15 bytes:13604 free: p1:132 p2:240 p3:541
 LIBERACAO ANT:781 FREE_PROCESS:3 bytes:3275408 alloc_cont:190399 free_cont:189576 diff:823 menor:10 maior:22 media:15 bytes:14172 free: p1:158 p2:256 p3:567
 LIBERACAO ANT:823 FREE_PROCESS:3 bytes:3289572 alloc_cont:191220 free_cont:190399 diff:821 menor:10 maior:22 media:15 bytes:14164 free: p1:152 p2:260 p3:561
 LIBERACAO ANT:821 FREE_PROCESS:3 bytes:3302820 alloc_cont:191980 free_cont:191220 diff:760 menor:10 maior:22 media:15 bytes:13248 free: p1:137 p2:214 p3:546
 LIBERACAO ANT:760 FREE_PROCESS:3 bytes:3316832 alloc_cont:192793 free_cont:191980 diff:813 menor:10 maior:22 media:15 bytes:14012 free: p1:158 p2:246 p3:567
 LIBERACAO ANT:813 FREE_PROCESS:3 bytes:3329972 alloc_cont:193551 free_cont:192793 diff:758 menor:10 maior:22 media:15 bytes:13140 free: p1:156 p2:193 p3:565
 LIBERACAO ANT:758 FREE_PROCESS:3 bytes:3343584 alloc_cont:194337 free_cont:193551 diff:786 menor:10 maior:22 media:15 bytes:13612 free: p1:150 p2:227 p3:559
 LIBERACAO ANT:786 FREE_PROCESS:3 bytes:3357808 alloc_cont:195162 free_cont:194337 diff:825 menor:10 maior:22 media:15 bytes:14224 free: p1:153 p2:263 p3:562
 LIBERACAO ANT:825 FREE_PROCESS:3 bytes:3372012 alloc_cont:195991 free_cont:195162 diff:829 menor:10 maior:22 media:15 bytes:14204 free: p1:174 p2:246 p3:583
 LIBERACAO ANT:829 FREE_PROCESS:3 bytes:3386308 alloc_cont:196821 free_cont:195991 diff:830 menor:10 maior:22 media:15 bytes:14296 free: p1:155 p2:266 p3:564
 LIBERACAO ANT:830 FREE_PROCESS:3 bytes:3400748 alloc_cont:197663 free_cont:196821 diff:842 menor:10 maior:22 media:15 bytes:14440 free: p1:167 p2:266 p3:576
 LIBERACAO ANT:842 FREE_PROCESS:3 bytes:3414752 alloc_cont:198479 free_cont:197663 diff:816 menor:10 maior:22 media:15 bytes:14004 free: p1:172 p2:235 p3:581
 LIBERACAO ANT:816 FREE_PROCESS:3 bytes:3428848 alloc_cont:199302 free_cont:198479 diff:823 menor:10 maior:22 media:15 bytes:14096 free: p1:177 p2:237 p3:586
 LIBERACAO ANT:823 FREE_PROCESS:3 bytes:3443380 alloc_cont:200152 free_cont:199302 diff:850 menor:10 maior:22 media:15 bytes:14532 free: p1:176 p2:265 p3:585
 LIBERACAO ANT:850 FREE_PROCESS:3 bytes:3457792 alloc_cont:200997 free_cont:200152 diff:845 menor:10 maior:22 media:15 bytes:14412 free: p1:186 p2:250 p3:595
 LIBERACAO ANT:845 FREE_PROCESS:3 bytes:3471744 alloc_cont:201807 free_cont:200997 diff:810 menor:10 maior:22 media:15 bytes:13952 free: p1:161 p2:240 p3:570
 LIBERACAO ANT:810 FREE_PROCESS:3 bytes:3485620 alloc_cont:202614 free_cont:201807 diff:807 menor:10 maior:22 media:15 bytes:13876 free: p1:168 p2:230 p3:577
 LIBERACAO ANT:807 FREE_PROCESS:3 bytes:3500228 alloc_cont:203471 free_cont:202614 diff:857 menor:10 maior:22 media:15 bytes:14608 free: p1:183 p2:267 p3:590
 LIBERACAO ANT:857 FREE_PROCESS:3 bytes:3514088 alloc_cont:204274 free_cont:203471 diff:803 menor:10 maior:22 media:15 bytes:13860 free: p1:156 p2:238 p3:565
 LIBERACAO ANT:803 FREE_PROCESS:3 bytes:3527728 alloc_cont:205063 free_cont:204274 diff:789 menor:10 maior:22 media:15 bytes:13640 free: p1:155 p2:225 p3:564
 LIBERACAO ANT:789 FREE_PROCESS:3 bytes:3541444 alloc_cont:205858 free_cont:205063 diff:795 menor:10 maior:22 media:15 bytes:13716 free: p1:160 p2:226 p3:569
 LIBERACAO ANT:795 FREE_PROCESS:3 bytes:3554488 alloc_cont:206598 free_cont:205858 diff:740 menor:10 maior:22 media:15 bytes:13044 free: p1:108 p2:223 p3:517
 LIBERACAO ANT:740 FREE_PROCESS:3 bytes:3568964 alloc_cont:207444 free_cont:206598 diff:846 menor:10 maior:22 media:15 bytes:14476 free: p1:174 p2:263 p3:583
 LIBERACAO ANT:846 FREE_PROCESS:3 bytes:3583072 alloc_cont:208268 free_cont:207444 diff:824 menor:10 maior:22 media:15 bytes:14108 free: p1:178 p2:237 p3:587
 LIBERACAO ANT:824 FREE_PROCESS:3 bytes:3596932 alloc_cont:209069 free_cont:208268 diff:801 menor:10 maior:22 media:15 bytes:13860 free: p1:148 p2:244 p3:557
 LIBERACAO ANT:801 FREE_PROCESS:3 bytes:3610380 alloc_cont:209841 free_cont:209069 diff:772 menor:10 maior:22 media:15 bytes:13448 free: p1:135 p2:228 p3:544
 LIBERACAO ANT:772 FREE_PROCESS:3 bytes:3623652 alloc_cont:210602 free_cont:209841 diff:761 menor:10 maior:22 media:15 bytes:13272 free: p1:135 p2:217 p3:544
 LIBERACAO ANT:761 FREE_PROCESS:3 bytes:3637832 alloc_cont:211426 free_cont:210602 diff:824 menor:10 maior:22 media:15 bytes:14180 free: p1:160 p2:255 p3:569
 LIBERACAO ANT:824 FREE_PROCESS:3 bytes:3652308 alloc_cont:212275 free_cont:211426 diff:849 menor:10 maior:22 media:15 bytes:14476 free: p1:186 p2:254 p3:595
 LIBERACAO ANT:849 FREE_PROCESS:3 bytes:3666204 alloc_cont:213077 free_cont:212275 diff:802 menor:10 maior:22 media:15 bytes:13896 free: p1:143 p2:250 p3:552
 LIBERACAO ANT:802 FREE_PROCESS:3 bytes:3680800 alloc_cont:213927 free_cont:213077 diff:850 menor:10 maior:22 media:15 bytes:14596 free: p1:160 p2:281 p3:569
 LIBERACAO ANT:850 FREE_PROCESS:3 bytes:3694624 alloc_cont:214729 free_cont:213927 diff:802 menor:10 maior:22 media:15 bytes:13824 free: p1:161 p2:232 p3:570
 LIBERACAO ANT:802 FREE_PROCESS:3 bytes:3708584 alloc_cont:215538 free_cont:214729 diff:809 menor:10 maior:22 media:15 bytes:13960 free: p1:155 p2:245 p3:564
 LIBERACAO ANT:809 FREE_PROCESS:3 bytes:3722236 alloc_cont:216324 free_cont:215538 diff:786 menor:10 maior:22 media:15 bytes:13652 free: p1:140 p2:237 p3:549
 LIBERACAO ANT:786 FREE_PROCESS:3 bytes:3736664 alloc_cont:217163 free_cont:216324 diff:839 menor:10 maior:22 media:15 bytes:14428 free: p1:158 p2:272 p3:567
 LIBERACAO ANT:839 FREE_PROCESS:3 bytes:3750364 alloc_cont:217959 free_cont:217163 diff:796 menor:10 maior:22 media:15 bytes:13700 free: p1:168 p2:219 p3:577
 LIBERACAO ANT:796 FREE_PROCESS:3 bytes:3764364 alloc_cont:218771 free_cont:217959 diff:812 menor:10 maior:22 media:15 bytes:14000 free: p1:157 p2:246 p3:566
 LIBERACAO ANT:812 FREE_PROCESS:3 bytes:3778212 alloc_cont:219572 free_cont:218771 diff:801 menor:10 maior:22 media:15 bytes:13848 free: p1:151 p2:241 p3:560
 LIBERACAO ANT:801 FREE_PROCESS:3 bytes:3792036 alloc_cont:220372 free_cont:219572 diff:800 menor:10 maior:22 media:15 bytes:13824 free: p1:153 p2:238 p3:562
 LIBERACAO ANT:800 FREE_PROCESS:3 bytes:3806236 alloc_cont:221199 free_cont:220372 diff:827 menor:10 maior:22 media:15 bytes:14200 free: p1:167 p2:251 p3:576
 LIBERACAO ANT:827 FREE_PROCESS:3 bytes:3819788 alloc_cont:221986 free_cont:221199 diff:787 menor:10 maior:22 media:15 bytes:13552 free: p1:169 p2:209 p3:578
 LIBERACAO ANT:787 FREE_PROCESS:3 bytes:3834348 alloc_cont:222843 free_cont:221986 diff:857 menor:10 maior:22 media:15 bytes:14560 free: p1:180 p2:285 p3:572
 LIBERACAO ANT:857 FREE_PROCESS:3 bytes:3847988 alloc_cont:223631 free_cont:222843 diff:788 menor:10 maior:22 media:15 bytes:13640 free: p1:151 p2:228 p3:560
 LIBERACAO ANT:788 FREE_PROCESS:3 bytes:3861640 alloc_cont:224421 free_cont:223631 diff:790 menor:10 maior:22 media:15 bytes:13652 free: p1:156 p2:225 p3:565
 LIBERACAO ANT:790 FREE_PROCESS:2 bytes:3876248 alloc_cont:225278 free_cont:224421 diff:857 menor:10 maior:22 media:15 bytes:14608 free: p1:176 p2:281 p3:576
 LIBERACAO ANT:857 FREE_PROCESS:3 bytes:3890072 alloc_cont:226079 free_cont:225278 diff:801 menor:10 maior:22 media:15 bytes:13824 free: p1:157 p2:235 p3:566
 LIBERACAO ANT:801 FREE_PROCESS:3 bytes:3903676 alloc_cont:226862 free_cont:226079 diff:783 menor:10 maior:22 media:15 bytes:13604 free: p1:140 p2:234 p3:549
 LIBERACAO ANT:783 FREE_PROCESS:3 bytes:3917992 alloc_cont:227698 free_cont:226862 diff:836 menor:10 maior:22 media:15 bytes:14316 free: p1:174 p2:253 p3:583
 LIBERACAO ANT:836 FREE_PROCESS:3 bytes:3932300 alloc_cont:228528 free_cont:227698 diff:830 menor:10 maior:22 media:15 bytes:14308 free: p1:152 p2:269 p3:561
 LIBERACAO ANT:830 FREE_PROCESS:3 bytes:3946348 alloc_cont:229347 free_cont:228528 diff:819 menor:10 maior:22 media:15 bytes:14048 free: p1:173 p2:237 p3:582
 LIBERACAO ANT:819 FREE_PROCESS:3 bytes:3959928 alloc_cont:230134 free_cont:229347 diff:787 menor:10 maior:22 media:15 bytes:13580 free: p1:162 p2:216 p3:571
 LIBERACAO ANT:787 FREE_PROCESS:3 bytes:3973668 alloc_cont:230931 free_cont:230134 diff:797 menor:10 maior:22 media:15 bytes:13740 free: p1:162 p2:226 p3:571
 LIBERACAO ANT:797 FREE_PROCESS:3 bytes:3987976 alloc_cont:231766 free_cont:230931 diff:835 menor:10 maior:22 media:15 bytes:14308 free: p1:172 p2:254 p3:581
 LIBERACAO ANT:835 FREE_PROCESS:3 bytes:4001756 alloc_cont:232563 free_cont:231766 diff:797 menor:10 maior:22 media:15 bytes:13780 free: p1:152 p2:236 p3:561
 LIBERACAO ANT:797 FREE_PROCESS:3 bytes:4015364 alloc_cont:233349 free_cont:232563 diff:786 menor:10 maior:22 media:15 bytes:13608 free: p1:151 p2:226 p3:560
 LIBERACAO ANT:786 FREE_PROCESS:3 bytes:4029640 alloc_cont:234181 free_cont:233349 diff:832 menor:10 maior:22 media:15 bytes:14276 free: p1:168 p2:255 p3:577
 LIBERACAO ANT:832 FREE_PROCESS:3 bytes:4044092 alloc_cont:235023 free_cont:234181 diff:842 menor:10 maior:22 media:15 bytes:14452 free: p1:164 p2:269 p3:573
 LIBERACAO ANT:842 FREE_PROCESS:3 bytes:4057800 alloc_cont:235815 free_cont:235023 diff:792 menor:10 maior:22 media:15 bytes:13708 free: p1:150 p2:233 p3:559
 LIBERACAO ANT:792 FREE_PROCESS:3 bytes:4072184 alloc_cont:236653 free_cont:235815 diff:838 menor:10 maior:22 media:15 bytes:14384 free: p1:165 p2:264 p3:574
 LIBERACAO ANT:838 FREE_PROCESS:3 bytes:4085848 alloc_cont:237444 free_cont:236653 diff:791 menor:10 maior:22 media:15 bytes:13664 free: p1:157 p2:225 p3:566
 LIBERACAO ANT:791 FREE_PROCESS:3 bytes:4100436 alloc_cont:238299 free_cont:237444 diff:855 menor:10 maior:22 media:15 bytes:14588 free: p1:182 p2:264 p3:591
 LIBERACAO ANT:855 FREE_PROCESS:3 bytes:4114200 alloc_cont:239100 free_cont:238299 diff:801 menor:10 maior:22 media:15 bytes:13764 free: p1:172 p2:220 p3:581
 LIBERACAO ANT:801 FREE_PROCESS:3 bytes:4128444 alloc_cont:239926 free_cont:239100 diff:826 menor:10 maior:22 media:15 bytes:14244 free: p1:152 p2:265 p3:561
 LIBERACAO ANT:826 FREE_PROCESS:3 bytes:4142616 alloc_cont:240753 free_cont:239926 diff:827 menor:10 maior:22 media:15 bytes:14172 free: p1:174 p2:244 p3:583
 LIBERACAO ANT:827 FREE_PROCESS:3 bytes:4157104 alloc_cont:241600 free_cont:240753 diff:847 menor:10 maior:22 media:15 bytes:14488 free: p1:175 p2:263 p3:584
 LIBERACAO ANT:847 FREE_PROCESS:3 bytes:4171492 alloc_cont:242437 free_cont:241600 diff:837 menor:10 maior:22 media:15 bytes:14388 free: p1:160 p2:268 p3:569
 LIBERACAO ANT:837 FREE_PROCESS:3 bytes:4186012 alloc_cont:243284 free_cont:242437 diff:847 menor:10 maior:22 media:15 bytes:14520 free: p1:167 p2:271 p3:576
 LIBERACAO ANT:847 FREE_PROCESS:3 bytes:4200320 alloc_cont:244120 free_cont:243284 diff:836 menor:10 maior:22 media:15 bytes:14308 free: p1:176 p2:251 p3:585
 LIBERACAO ANT:836 FREE_PROCESS:3 bytes:4214620 alloc_cont:244955 free_cont:244120 diff:835 menor:10 maior:22 media:15 bytes:14300 free: p1:174 p2:252 p3:583
 LIBERACAO ANT:835 FREE_PROCESS:3 bytes:4229128 alloc_cont:245812 free_cont:244955 diff:857 menor:10 maior:22 media:15 bytes:14508 free: p1:197 p2:264 p3:593
 LIBERACAO ANT:857 FREE_PROCESS:1 bytes:4243708 alloc_cont:246669 free_cont:245812 diff:857 menor:10 maior:22 media:15 bytes:14580 free: p1:188 p2:264 p3:593
 LIBERACAO ANT:857 FREE_PROCESS:1 bytes:4258340 alloc_cont:247526 free_cont:246669 diff:857 menor:10 maior:22 media:15 bytes:14632 free: p1:177 p2:273 p3:584
 LIBERACAO ANT:857 FREE_PROCESS:3 bytes:4272516 alloc_cont:248351 free_cont:247526 diff:825 menor:10 maior:22 media:15 bytes:14176 free: p1:165 p2:251 p3:574
 LIBERACAO ANT:825 FREE_PROCESS:3 bytes:4286360 alloc_cont:249155 free_cont:248351 diff:804 menor:10 maior:22 media:15 bytes:13844 free: p1:164 p2:231 p3:573
 LIBERACAO ANT:804 FREE_PROCESS:3 bytes:4300052 alloc_cont:249944 free_cont:249155 diff:789 menor:10 maior:22 media:15 bytes:13692 free: p1:142 p2:238 p3:551
 LIBERACAO ANT:789 FREE_PROCESS:3 bytes:4314380 alloc_cont:250782 free_cont:249944 diff:838 menor:10 maior:22 media:15 bytes:14328 free: p1:179 p2:250 p3:588
 LIBERACAO ANT:838 FREE_PROCESS:3 bytes:4328028 alloc_cont:251569 free_cont:250782 diff:787 menor:10 maior:22 media:15 bytes:13648 free: p1:145 p2:233 p3:554
 LIBERACAO ANT:787 FREE_PROCESS:3 bytes:4342116 alloc_cont:252389 free_cont:251569 diff:820 menor:10 maior:22 media:15 bytes:14088 free: p1:167 p2:244 p3:576
 LIBERACAO ANT:820 FREE_PROCESS:3 bytes:4356540 alloc_cont:253226 free_cont:252389 diff:837 menor:10 maior:22 media:15 bytes:14424 free: p1:151 p2:277 p3:560
 LIBERACAO ANT:837 FREE_PROCESS:3 bytes:4371060 alloc_cont:254076 free_cont:253226 diff:850 menor:10 maior:22 media:15 bytes:14520 free: p1:179 p2:262 p3:588
 LIBERACAO ANT:850 FREE_PROCESS:3 bytes:4385004 alloc_cont:254880 free_cont:254076 diff:804 menor:10 maior:22 media:15 bytes:13944 free: p1:139 p2:256 p3:548
 LIBERACAO ANT:804 FREE_PROCESS:1 bytes:4399520 alloc_cont:255737 free_cont:254880 diff:857 menor:10 maior:22 media:15 bytes:14516 free: p1:207 p2:242 p3:615
 LIBERACAO ANT:857 FREE_PROCESS:1 bytes:4414168 alloc_cont:256594 free_cont:255737 diff:857 menor:10 maior:22 media:15 bytes:14648 free: p1:173 p2:277 p3:580
 LIBERACAO ANT:857 FREE_PROCESS:3 bytes:4428100 alloc_cont:257402 free_cont:256594 diff:808 menor:10 maior:22 media:15 bytes:13932 free: p1:158 p2:241 p3:567
 LIBERACAO ANT:808 FREE_PROCESS:3 bytes:4442748 alloc_cont:258259 free_cont:257402 diff:857 menor:10 maior:22 media:15 bytes:14648 free: p1:174 p2:275 p3:582
 LIBERACAO ANT:857 FREE_PROCESS:3 bytes:4457028 alloc_cont:259094 free_cont:258259 diff:835 menor:10 maior:22 media:15 bytes:14280 free: p1:179 p2:247 p3:588
 LIBERACAO ANT:835 FREE_PROCESS:3 bytes:4471516 alloc_cont:259942 free_cont:259094 diff:848 menor:10 maior:22 media:15 bytes:14488 free: p1:179 p2:260 p3:588
 LIBERACAO ANT:848 FREE_PROCESS:3 bytes:4485808 alloc_cont:260778 free_cont:259942 diff:836 menor:10 maior:22 media:15 bytes:14292 free: p1:180 p2:247 p3:589
 LIBERACAO ANT:836 FREE_PROCESS:3 bytes:4499396 alloc_cont:261561 free_cont:260778 diff:783 menor:10 maior:22 media:15 bytes:13588 free: p1:144 p2:230 p3:553
 LIBERACAO ANT:783 FREE_PROCESS:3 bytes:4513172 alloc_cont:262358 free_cont:261561 diff:797 menor:10 maior:22 media:15 bytes:13776 free: p1:153 p2:235 p3:562
 LIBERACAO ANT:797 FREE_PROCESS:3 bytes:4526772 alloc_cont:263144 free_cont:262358 diff:786 menor:10 maior:22 media:15 bytes:13600 free: p1:153 p2:224 p3:562
 LIBERACAO ANT:786 FREE_PROCESS:3 bytes:4541472 alloc_cont:264000 free_cont:263144 diff:856 menor:10 maior:22 media:15 bytes:14700 free: p1:158 p2:289 p3:567
 LIBERACAO ANT:856 FREE_PROCESS:3 bytes:4555204 alloc_cont:264792 free_cont:264000 diff:792 menor:10 maior:22 media:15 bytes:13732 free: p1:144 p2:239 p3:553
 LIBERACAO ANT:792 FREE_PROCESS:3 bytes:4569752 alloc_cont:265644 free_cont:264792 diff:852 menor:10 maior:22 media:15 bytes:14548 free: p1:180 p2:263 p3:589
 LIBERACAO ANT:852 FREE_PROCESS:3 bytes:4584312 alloc_cont:266495 free_cont:265644 diff:851 menor:10 maior:22 media:15 bytes:14560 free: p1:173 p2:269 p3:582
 LIBERACAO ANT:851 FREE_PROCESS:3 bytes:4598084 alloc_cont:267294 free_cont:266495 diff:799 menor:10 maior:22 media:15 bytes:13772 free: p1:162 p2:228 p3:571
 LIBERACAO ANT:799 FREE_PROCESS:3 bytes:4612540 alloc_cont:268139 free_cont:267294 diff:845 menor:10 maior:22 media:15 bytes:14456 free: p1:175 p2:261 p3:584
 LIBERACAO ANT:845 FREE_PROCESS:3 bytes:4627160 alloc_cont:268996 free_cont:268139 diff:857 menor:10 maior:22 media:15 bytes:14620 free: p1:182 p2:266 p3:591
 LIBERACAO ANT:857 FREE_PROCESS:3 bytes:4640972 alloc_cont:269796 free_cont:268996 diff:800 menor:10 maior:22 media:15 bytes:13812 free: p1:156 p2:235 p3:565
 LIBERACAO ANT:800 FREE_PROCESS:3 bytes:4654444 alloc_cont:270575 free_cont:269796 diff:779 menor:10 maior:22 media:15 bytes:13472 free: p1:157 p2:213 p3:566
 LIBERACAO ANT:779 FREE_PROCESS:3 bytes:4668172 alloc_cont:271365 free_cont:270575 diff:790 menor:10 maior:22 media:15 bytes:13728 free: p1:137 p2:244 p3:546
 LIBERACAO ANT:790 FREE_PROCESS:3 bytes:4682404 alloc_cont:272192 free_cont:271365 diff:827 menor:10 maior:22 media:15 bytes:14232 free: p1:159 p2:259 p3:568
 LIBERACAO ANT:827 FREE_PROCESS:3 bytes:4696160 alloc_cont:272986 free_cont:272192 diff:794 menor:10 maior:22 media:15 bytes:13756 free: p1:146 p2:239 p3:555
 LIBERACAO ANT:794 FREE_PROCESS:3 bytes:4709720 alloc_cont:273764 free_cont:272986 diff:778 menor:10 maior:22 media:15 bytes:13560 free: p1:131 p2:238 p3:540
 LIBERACAO ANT:778 FREE_PROCESS:3 bytes:4723704 alloc_cont:274575 free_cont:273764 diff:811 menor:10 maior:22 media:15 bytes:13984 free: p1:157 p2:245 p3:566
 LIBERACAO ANT:811 FREE_PROCESS:3 bytes:4737608 alloc_cont:275384 free_cont:274575 diff:809 menor:10 maior:22 media:15 bytes:13904 free: p1:169 p2:231 p3:578
 LIBERACAO ANT:809 FREE_PROCESS:3 bytes:4752164 alloc_cont:276239 free_cont:275384 diff:855 menor:10 maior:22 media:15 bytes:14556 free: p1:190 p2:256 p3:599
 LIBERACAO ANT:855 FREE_PROCESS:3 bytes:4765392 alloc_cont:277003 free_cont:276239 diff:764 menor:10 maior:22 media:15 bytes:13228 free: p1:158 p2:197 p3:567
 LIBERACAO ANT:764 FREE_PROCESS:3 bytes:4779040 alloc_cont:277796 free_cont:277003 diff:793 menor:10 maior:22 media:15 bytes:13648 free: p1:169 p2:215 p3:578
 LIBERACAO ANT:793 FREE_PROCESS:3 bytes:4793416 alloc_cont:278635 free_cont:277796 diff:839 menor:10 maior:22 media:15 bytes:14376 free: p1:171 p2:259 p3:580
 LIBERACAO ANT:839 FREE_PROCESS:3 bytes:4807308 alloc_cont:279439 free_cont:278635 diff:804 menor:10 maior:22 media:15 bytes:13892 free: p1:152 p2:243 p3:561
 LIBERACAO ANT:804 FREE_PROCESS:3 bytes:4821052 alloc_cont:280234 free_cont:279439 diff:795 menor:10 maior:22 media:15 bytes:13744 free: p1:153 p2:233 p3:562
 LIBERACAO ANT:795 FREE_PROCESS:3 bytes:4835320 alloc_cont:281062 free_cont:280234 diff:828 menor:10 maior:22 media:15 bytes:14268 free: p1:154 p2:265 p3:563
 LIBERACAO ANT:828 FREE_PROCESS:3 bytes:4849148 alloc_cont:281870 free_cont:281062 diff:808 menor:10 maior:22 media:15 bytes:13828 free: p1:184 p2:215 p3:593
 LIBERACAO ANT:808 FREE_PROCESS:3 bytes:4862960 alloc_cont:282664 free_cont:281870 diff:794 menor:10 maior:22 media:15 bytes:13812 free: p1:132 p2:253 p3:541
 LIBERACAO ANT:794 FREE_PROCESS:3 bytes:4877324 alloc_cont:283504 free_cont:282664 diff:840 menor:10 maior:22 media:15 bytes:14364 free: p1:178 p2:253 p3:587
 LIBERACAO ANT:840 FREE_PROCESS:3 bytes:4891684 alloc_cont:284338 free_cont:283504 diff:834 menor:10 maior:22 media:15 bytes:14360 free: p1:155 p2:270 p3:564
 LIBERACAO ANT:834 FREE_PROCESS:3 bytes:4905488 alloc_cont:285136 free_cont:284338 diff:798 menor:10 maior:22 media:15 bytes:13804 free: p1:150 p2:239 p3:559
 LIBERACAO ANT:798 FREE_PROCESS:3 bytes:4919588 alloc_cont:285959 free_cont:285136 diff:823 menor:10 maior:22 media:15 bytes:14100 free: p1:176 p2:238 p3:585
 LIBERACAO ANT:823 FREE_PROCESS:3 bytes:4933984 alloc_cont:286801 free_cont:285959 diff:842 menor:10 maior:22 media:15 bytes:14396 free: p1:178 p2:255 p3:587
 LIBERACAO ANT:842 FREE_PROCESS:3 bytes:4947400 alloc_cont:287574 free_cont:286801 diff:773 menor:10 maior:22 media:15 bytes:13416 free: p1:147 p2:217 p3:556
 LIBERACAO ANT:773 FREE_PROCESS:3 bytes:4961360 alloc_cont:288386 free_cont:287574 diff:812 menor:10 maior:22 media:15 bytes:13960 free: p1:167 p2:236 p3:576
 LIBERACAO ANT:812 FREE_PROCESS:3 bytes:4975252 alloc_cont:289193 free_cont:288386 diff:807 menor:10 maior:22 media:15 bytes:13892 free: p1:164 p2:234 p3:573
 LIBERACAO ANT:807 FREE_PROCESS:3 bytes:4989148 alloc_cont:289998 free_cont:289193 diff:805 menor:10 maior:22 media:15 bytes:13896 free: p1:155 p2:241 p3:564
 LIBERACAO ANT:805 FREE_PROCESS:3 bytes:5003624 alloc_cont:290843 free_cont:289998 diff:845 menor:10 maior:22 media:15 bytes:14476 free: p1:170 p2:266 p3:579
 LIBERACAO ANT:845 FREE_PROCESS:3 bytes:5017420 alloc_cont:291643 free_cont:290843 diff:800 menor:10 maior:22 media:15 bytes:13796 free: p1:160 p2:231 p3:569
 LIBERACAO ANT:800 FREE_PROCESS:3 bytes:5030920 alloc_cont:292423 free_cont:291643 diff:780 menor:10 maior:22 media:15 bytes:13500 free: p1:154 p2:217 p3:563
 LIBERACAO ANT:780 FREE_PROCESS:3 bytes:5045232 alloc_cont:293259 free_cont:292423 diff:836 menor:10 maior:22 media:15 bytes:14312 free: p1:175 p2:252 p3:584
 LIBERACAO ANT:836 FREE_PROCESS:3 bytes:5058892 alloc_cont:294050 free_cont:293259 diff:791 menor:10 maior:22 media:15 bytes:13660 free: p1:158 p2:224 p3:567
 LIBERACAO ANT:791 FREE_PROCESS:3 bytes:5072696 alloc_cont:294852 free_cont:294050 diff:802 menor:10 maior:22 media:15 bytes:13804 free: p1:166 p2:227 p3:575
 LIBERACAO ANT:802 FREE_PROCESS:3 bytes:5085936 alloc_cont:295620 free_cont:294852 diff:768 menor:10 maior:22 media:15 bytes:13240 free: p1:171 p2:188 p3:580
 LIBERACAO ANT:768 FREE_PROCESS:3 bytes:5099344 alloc_cont:296390 free_cont:295620 diff:770 menor:10 maior:22 media:15 bytes:13408 free: p1:137 p2:224 p3:546
 LIBERACAO ANT:770 FREE_PROCESS:3 bytes:5113280 alloc_cont:297202 free_cont:296390 diff:812 menor:10 maior:22 media:15 bytes:13936 free: p1:173 p2:230 p3:582
 LIBERACAO ANT:812 FREE_PROCESS:3 bytes:5127780 alloc_cont:298059 free_cont:297202 diff:857 menor:10 maior:22 media:15 bytes:14500 free: p1:210 p2:240 p3:617
 LIBERACAO ANT:857 FREE_PROCESS:3 bytes:5141480 alloc_cont:298851 free_cont:298059 diff:792 menor:10 maior:22 media:15 bytes:13700 free: p1:152 p2:231 p3:561
 LIBERACAO ANT:792 FREE_PROCESS:3 bytes:5155584 alloc_cont:299674 free_cont:298851 diff:823 menor:10 maior:22 media:15 bytes:14104 free: p1:175 p2:239 p3:584
 LIBERACAO ANT:823 FREE_PROCESS:3 bytes:5170200 alloc_cont:300531 free_cont:299674 diff:857 menor:10 maior:22 media:15 bytes:14616 free: p1:180 p2:271 p3:586
 LIBERACAO ANT:857 FREE_PROCESS:3 bytes:5183852 alloc_cont:301323 free_cont:300531 diff:792 menor:10 maior:22 media:15 bytes:13652 free: p1:164 p2:219 p3:573
 LIBERACAO ANT:792 FREE_PROCESS:3 bytes:5198336 alloc_cont:302169 free_cont:301323 diff:846 menor:10 maior:22 media:15 bytes:14484 free: p1:172 p2:265 p3:581
 LIBERACAO ANT:846 FREE_PROCESS:3 bytes:5212644 alloc_cont:303002 free_cont:302169 diff:833 menor:10 maior:22 media:15 bytes:14308 free: p1:164 p2:260 p3:573
 LIBERACAO ANT:833 FREE_PROCESS:3 bytes:5226200 alloc_cont:303787 free_cont:303002 diff:785 menor:10 maior:22 media:15 bytes:13556 free: p1:160 p2:216 p3:569
 LIBERACAO ANT:785 FREE_PROCESS:2 bytes:5240828 alloc_cont:304644 free_cont:303787 diff:857 menor:10 maior:22 media:15 bytes:14628 free: p1:173 p2:282 p3:575
 LIBERACAO ANT:857 FREE_PROCESS:3 bytes:5254860 alloc_cont:305457 free_cont:304644 diff:813 menor:10 maior:22 media:15 bytes:14032 free: p1:153 p2:251 p3:562
 LIBERACAO ANT:813 FREE_PROCESS:3 bytes:5268080 alloc_cont:306217 free_cont:305457 diff:760 menor:10 maior:22 media:15 bytes:13220 free: p1:144 p2:207 p3:553
 LIBERACAO ANT:760 FREE_PROCESS:3 bytes:5282028 alloc_cont:307026 free_cont:306217 diff:809 menor:10 maior:22 media:15 bytes:13948 free: p1:158 p2:242 p3:567
 LIBERACAO ANT:809 FREE_PROCESS:3 bytes:5296100 alloc_cont:307847 free_cont:307026 diff:821 menor:10 maior:22 media:15 bytes:14072 free: p1:175 p2:237 p3:584
 LIBERACAO ANT:821 FREE_PROCESS:3 bytes:5309432 alloc_cont:308617 free_cont:307847 diff:770 menor:10 maior:22 media:15 bytes:13332 free: p1:156 p2:205 p3:565
 LIBERACAO ANT:770 FREE_PROCESS:3 bytes:5324068 alloc_cont:309474 free_cont:308617 diff:857 menor:10 maior:22 media:15 bytes:14636 free: p1:170 p2:286 p3:571
 LIBERACAO ANT:857 FREE_PROCESS:3 bytes:5338032 alloc_cont:310284 free_cont:309474 diff:810 menor:10 maior:22 media:15 bytes:13964 free: p1:158 p2:243 p3:567
 LIBERACAO ANT:810 FREE_PROCESS:3 bytes:5352088 alloc_cont:311102 free_cont:310284 diff:818 menor:10 maior:22 media:15 bytes:14056 free: p1:167 p2:242 p3:576
 LIBERACAO ANT:818 FREE_PROCESS:3 bytes:5366332 alloc_cont:311936 free_cont:311102 diff:834 menor:10 maior:22 media:15 bytes:14244 free: p1:184 p2:241 p3:593
 LIBERACAO ANT:834 FREE_PROCESS:3 bytes:5379768 alloc_cont:312710 free_cont:311936 diff:774 menor:10 maior:22 media:15 bytes:13436 free: p1:146 p2:219 p3:555
 LIBERACAO ANT:774 FREE_PROCESS:3 bytes:5393744 alloc_cont:313530 free_cont:312710 diff:820 menor:10 maior:22 media:15 bytes:13976 free: p1:195 p2:216 p3:604
 LIBERACAO ANT:820 FREE_PROCESS:3 bytes:5407636 alloc_cont:314337 free_cont:313530 diff:807 menor:10 maior:22 media:15 bytes:13892 free: p1:164 p2:234 p3:573
 LIBERACAO ANT:807 FREE_PROCESS:3 bytes:5421108 alloc_cont:315111 free_cont:314337 diff:774 menor:10 maior:22 media:15 bytes:13472 free: p1:137 p2:228 p3:546
 LIBERACAO ANT:774 FREE_PROCESS:3 bytes:5434932 alloc_cont:315913 free_cont:315111 diff:802 menor:10 maior:22 media:15 bytes:13824 free: p1:161 p2:232 p3:570
 LIBERACAO ANT:802 FREE_PROCESS:3 bytes:5448508 alloc_cont:316697 free_cont:315913 diff:784 menor:10 maior:22 media:15 bytes:13576 free: p1:151 p2:224 p3:560
 LIBERACAO ANT:784 FREE_PROCESS:3 bytes:5462316 alloc_cont:317497 free_cont:316697 diff:800 menor:10 maior:22 media:15 bytes:13808 free: p1:157 p2:234 p3:566
 LIBERACAO ANT:800 FREE_PROCESS:3 bytes:5476488 alloc_cont:318321 free_cont:317497 diff:824 menor:10 maior:22 media:15 bytes:14172 free: p1:162 p2:253 p3:571
 LIBERACAO ANT:824 FREE_PROCESS:3 bytes:5489744 alloc_cont:319081 free_cont:318321 diff:760 menor:10 maior:22 media:15 bytes:13256 free: p1:135 p2:216 p3:544
 LIBERACAO ANT:760 FREE_PROCESS:3 bytes:5503400 alloc_cont:319871 free_cont:319081 diff:790 menor:10 maior:22 media:15 bytes:13656 free: p1:155 p2:226 p3:564
 LIBERACAO ANT:790 FREE_PROCESS:3 bytes:5517032 alloc_cont:320659 free_cont:319871 diff:788 menor:10 maior:22 media:15 bytes:13632 free: p1:153 p2:226 p3:562
 LIBERACAO ANT:788 FREE_PROCESS:3 bytes:5531508 alloc_cont:321508 free_cont:320659 diff:849 menor:10 maior:22 media:15 bytes:14476 free: p1:186 p2:254 p3:595
 LIBERACAO ANT:849 FREE_PROCESS:3 bytes:5545616 alloc_cont:322327 free_cont:321508 diff:819 menor:10 maior:22 media:15 bytes:14108 free: p1:158 p2:252 p3:567
 LIBERACAO ANT:819 FREE_PROCESS:3 bytes:5559908 alloc_cont:323160 free_cont:322327 diff:833 menor:10 maior:22 media:15 bytes:14292 free: p1:168 p2:256 p3:577
 LIBERACAO ANT:833 FREE_PROCESS:1 bytes:5574480 alloc_cont:324017 free_cont:323160 diff:857 menor:10 maior:22 media:15 bytes:14572 free: p1:185 p2:272 p3:585
 LIBERACAO ANT:857 FREE_PROCESS:3 bytes:5588556 alloc_cont:324837 free_cont:324017 diff:820 menor:10 maior:22 media:15 bytes:14076 free: p1:170 p2:241 p3:579
 LIBERACAO ANT:820 FREE_PROCESS:3 bytes:5602904 alloc_cont:325674 free_cont:324837 diff:837 menor:10 maior:22 media:15 bytes:14348 free: p1:170 p2:258 p3:579
 LIBERACAO ANT:837 FREE_PROCESS:3 bytes:5617128 alloc_cont:326500 free_cont:325674 diff:826 menor:10 maior:22 media:15 bytes:14224 free: p1:157 p2:260 p3:566
 LIBERACAO ANT:826 FREE_PROCESS:3 bytes:5631008 alloc_cont:327307 free_cont:326500 diff:807 menor:10 maior:22 media:15 bytes:13880 free: p1:167 p2:231 p3:576
 LIBERACAO ANT:807 FREE_PROCESS:1 bytes:5645588 alloc_cont:328164 free_cont:327307 diff:857 menor:10 maior:22 media:15 bytes:14580 free: p1:188 p2:264 p3:593
 LIBERACAO ANT:857 FREE_PROCESS:3 bytes:5659488 alloc_cont:328967 free_cont:328164 diff:803 menor:10 maior:22 media:15 bytes:13900 free: p1:146 p2:248 p3:555
 LIBERACAO ANT:803 FREE_PROCESS:3 bytes:5674056 alloc_cont:329822 free_cont:328967 diff:855 menor:10 maior:22 media:15 bytes:14568 free: p1:187 p2:259 p3:596
 LIBERACAO ANT:855]0;max@Ubuntu-Max: ~/NKE/NKE0.8a/Placa[01;32mmax@Ubuntu-Max[00m:[01;34m~/NKE/NKE0.8a/Placa[00m$ ^C
]0;max@Ubuntu-Max: ~/NKE/NKE0.8a/Placa[01;32mmax@Ubuntu-Max[00m:[01;34m~/NKE/NKE0.8a/Placa[00m$ exit
exit

Script done on Dom 03 Jun 2018 23:09:14 -03
