Script started on Dom 03 Jun 2018 23:53:45 -03
]0;max@Ubuntu-Max: ~/NKE/NKE0.8a/Placa[01;32mmax@Ubuntu-Max[00m:[01;34m~/NKE/NKE0.8a/Placa[00m$ exit../terminal64 

Serial terminal/uploader for Linux: Command line:
	terminal64 [-f] [serial_device] [tty_out] [b=baudrate] [file.hex]

PaNKE-Terminal Opened "/dev/ttyUSB0" @ 19200 baud
Ctrl-C to exit
Ctrl-R RESET remote device
2´>>>>> INICIALIZA >>>>>> FREE_PROCESS:3 bytes:12660 alloc_cont:766 free_cont:0 diff:766 menor:12 maior:20 media:17 bytes:12660 fragInt:2660 fragExt:0 free: p1:215 p2:235 p3:531
 LIBERACAO ANT:766 FREE_PROCESS:2 bytes:25144 alloc_cont:1532 free_cont:766 diff:766 menor:10 maior:20 media:16 bytes:12484 fragInt:2836 fragExt:0 free: p1:242 p2:225 p3:541
 LIBERACAO ANT:766 FREE_PROCESS:1 bytes:37692 alloc_cont:2298 free_cont:1532 diff:766 menor:10 maior:20 media:16 bytes:12548 fragInt:2772 fragExt:0 free: p1:229 p2:235 p3:531
 LIBERACAO ANT:766 FREE_PROCESS:2 bytes:50364 alloc_cont:3064 free_cont:2298 diff:766 menor:10 maior:20 media:16 bytes:12672 fragInt:2648 fragExt:0 free: p1:210 p2:242 p3:524
 LIBERACAO ANT:766 FREE_PROCESS:2 bytes:62896 alloc_cont:3830 free_cont:3064 diff:766 menor:10 maior:20 media:16 bytes:12532 fragInt:2788 fragExt:0 free: p1:231 p2:235 p3:531
 LIBERACAO ANT:766 FREE_PROCESS:1 bytes:75440 alloc_cont:4596 free_cont:3830 diff:766 menor:10 maior:20 media:16 bytes:12544 fragInt:2776 fragExt:0 free: p1:228 p2:238 p3:528
 LIBERACAO ANT:766 FREE_PROCESS:1 bytes:88036 alloc_cont:5362 free_cont:4596 diff:766 menor:10 maior:20 media:16 bytes:12596 fragInt:2724 fragExt:0 free: p1:221 p2:239 p3:527
 LIBERACAO ANT:766 FREE_PROCESS:1 bytes:100512 alloc_cont:6128 free_cont:5362 diff:766 menor:10 maior:20 media:16 bytes:12476 fragInt:2844 fragExt:0 free: p1:240 p2:231 p3:535
 LIBERACAO ANT:766 FREE_PROCESS:2 bytes:113044 alloc_cont:6894 free_cont:6128 diff:766 menor:10 maior:20 media:16 bytes:12532 fragInt:2788 fragExt:0 free: p1:232 p2:233 p3:533
 LIBERACAO ANT:766 FREE_PROCESS:3 bytes:125532 alloc_cont:7660 free_cont:6894 diff:766 menor:10 maior:20 media:16 bytes:12488 fragInt:2832 fragExt:0 free: p1:239 p2:230 p3:536
 LIBERACAO ANT:766 FREE_PROCESS:3 bytes:138164 alloc_cont:8426 free_cont:7660 diff:766 menor:10 maior:20 media:16 bytes:12632 fragInt:2688 fragExt:0 free: p1:227 p2:218 p3:548
 LIBERACAO ANT:766 FREE_PROCESS:3 bytes:150596 alloc_cont:9192 free_cont:8426 diff:766 menor:10 maior:20 media:16 bytes:12432 fragInt:2888 fragExt:0 free: p1:244 p2:234 p3:532
 LIBERACAO ANT:766 FREE_PROCESS:3 bytes:163220 alloc_cont:9958 free_cont:9192 diff:766 menor:10 maior:20 media:16 bytes:12624 fragInt:2696 fragExt:0 free: p1:218 p2:238 p3:528
 LIBERACAO ANT:766 FREE_PROCESS:2 bytes:175800 alloc_cont:10724 free_cont:9958 diff:766 menor:10 maior:20 media:16 bytes:12580 fragInt:2740 fragExt:0 free: p1:225 p2:235 p3:531
 LIBERACAO ANT:766 FREE_PROCESS:2 bytes:188360 alloc_cont:11490 free_cont:10724 diff:766 menor:10 maior:20 media:16 bytes:12560 fragInt:2760 fragExt:0 free: p1:228 p2:234 p3:532
 LIBERACAO ANT:766 FREE_PROCESS:3 bytes:200868 alloc_cont:12256 free_cont:11490 diff:766 menor:10 maior:20 media:16 bytes:12508 fragInt:2812 fragExt:0 free: p1:227 p2:249 p3:517
 LIBERACAO ANT:766 FREE_PROCESS:1 bytes:213352 alloc_cont:13022 free_cont:12256 diff:766 menor:10 maior:20 media:16 bytes:12484 fragInt:2836 fragExt:0 free: p1:240 p2:229 p3:537
 LIBERACAO ANT:766 FREE_PROCESS:1 bytes:225876 alloc_cont:13788 free_cont:13022 diff:766 menor:10 maior:20 media:16 bytes:12524 fragInt:2796 fragExt:0 free: p1:233 p2:233 p3:533
 LIBERACAO ANT:766 FREE_PROCESS:3 bytes:238380 alloc_cont:14554 free_cont:13788 diff:766 menor:10 maior:20 media:16 bytes:12504 fragInt:2816 fragExt:0 free: p1:225 p2:254 p3:512
 LIBERACAO ANT:766 FREE_PROCESS:1 bytes:250908 alloc_cont:15320 free_cont:14554 diff:766 menor:10 maior:20 media:16 bytes:12528 fragInt:2792 fragExt:0 free: p1:227 p2:244 p3:522
 LIBERACAO ANT:766 FREE_PROCESS:1 bytes:263524 alloc_cont:16086 free_cont:15320 diff:766 menor:10 maior:20 media:16 bytes:12616 fragInt:2704 fragExt:0 free: p1:233 p2:210 p3:556
 LIBERACAO ANT:766 FREE_PROCESS:1 bytes:276108 alloc_cont:16852 free_cont:16086 diff:766 menor:10 maior:20 media:16 bytes:12584 fragInt:2736 fragExt:0 free: p1:233 p2:218 p3:548
 LIBERACAO ANT:766 FREE_PROCESS:3 bytes:288844 alloc_cont:17618 free_cont:16852 diff:766 menor:10 maior:20 media:15 bytes:12736 fragInt:2584 fragExt:0 free: p1:204 p2:238 p3:528
 LIBERACAO ANT:766 FREE_PROCESS:3 bytes:301652 alloc_cont:18384 free_cont:17618 diff:766 menor:10 maior:20 media:15 bytes:12808 fragInt:2512 fragExt:0 free: p1:195 p2:238 p3:528
 LIBERACAO ANT:766 FREE_PROCESS:2 bytes:314160 alloc_cont:19150 free_cont:18384 diff:766 menor:10 maior:20 media:15 bytes:12508 fragInt:2812 fragExt:0 free: p1:243 p2:217 p3:549
 LIBERACAO ANT:766 FREE_PROCESS:3 bytes:326512 alloc_cont:19916 free_cont:19150 diff:766 menor:10 maior:20 media:15 bytes:12352 fragInt:2968 fragExt:0 free: p1:238 p2:266 p3:500
 LIBERACAO ANT:766 FREE_PROCESS:3 bytes:339092 alloc_cont:20682 free_cont:19916 diff:766 menor:10 maior:20 media:15 bytes:12580 fragInt:2740 fragExt:0 free: p1:228 p2:229 p3:537
 LIBERACAO ANT:766 FREE_PROCESS:1 bytes:351636 alloc_cont:21448 free_cont:20682 diff:766 menor:10 maior:20 media:15 bytes:12544 fragInt:2776 fragExt:0 free: p1:225 p2:244 p3:522
 LIBERACAO ANT:766 FREE_PROCESS:2 bytes:364048 alloc_cont:22214 free_cont:21448 diff:766 menor:10 maior:20 media:15 bytes:12412 fragInt:2908 fragExt:0 free: p1:253 p2:221 p3:545
 LIBERACAO ANT:766 FREE_PROCESS:3 bytes:376632 alloc_cont:22980 free_cont:22214 diff:766 menor:10 maior:20 media:15 bytes:12584 fragInt:2736 fragExt:0 free: p1:240 p2:204 p3:562
 LIBERACAO ANT:766 FREE_PROCESS:3 bytes:389272 alloc_cont:23746 free_cont:22980 diff:766 menor:10 maior:20 media:15 bytes:12640 fragInt:2680 fragExt:0 free: p1:214 p2:242 p3:524
 LIBERACAO ANT:766 FREE_PROCESS:2 bytes:401820 alloc_cont:24512 free_cont:23746 diff:766 menor:10 maior:20 media:15 bytes:12548 fragInt:2772 fragExt:0 free: p1:225 p2:243 p3:523
 LIBERACAO ANT:766 FREE_PROCESS:3 bytes:414512 alloc_cont:25278 free_cont:24512 diff:766 menor:10 maior:20 media:15 bytes:12692 fragInt:2628 fragExt:0 free: p1:211 p2:235 p3:531
 LIBERACAO ANT:766 FREE_PROCESS:2 bytes:427184 alloc_cont:26044 free_cont:25278 diff:766 menor:10 maior:20 media:15 bytes:12672 fragInt:2648 fragExt:0 free: p1:216 p2:230 p3:536
 LIBERACAO ANT:766 FREE_PROCESS:1 bytes:439680 alloc_cont:26810 free_cont:26044 diff:766 menor:10 maior:20 media:15 bytes:12496 fragInt:2824 fragExt:0 free: p1:224 p2:258 p3:508
 LIBERACAO ANT:766 FREE_PROCESS:1 bytes:452168 alloc_cont:27576 free_cont:26810 diff:766 menor:10 maior:20 media:15 bytes:12488 fragInt:2832 fragExt:0 free: p1:232 p2:244 p3:522
 LIBERACAO ANT:766 FREE_PROCESS:2 bytes:464844 alloc_cont:28342 free_cont:27576 diff:766 menor:10 maior:20 media:15 bytes:12676 fragInt:2644 fragExt:0 free: p1:207 p2:247 p3:519
 LIBERACAO ANT:766 FREE_PROCESS:3 bytes:477400 alloc_cont:29108 free_cont:28342 diff:766 menor:10 maior:20 media:15 bytes:12556 fragInt:2764 fragExt:0 free: p1:218 p2:255 p3:511
 LIBERACAO ANT:766 FREE_PROCESS:1 bytes:490068 alloc_cont:29874 free_cont:29108 diff:766 menor:10 maior:20 media:15 bytes:12668 fragInt:2652 fragExt:0 free: p1:206 p2:251 p3:515
 LIBERACAO ANT:766 FREE_PROCESS:3 bytes:502672 alloc_cont:30640 free_cont:29874 diff:766 menor:10 maior:20 media:15 bytes:12604 fragInt:2716 fragExt:0 free: p1:224 p2:231 p3:535
 LIBERACAO ANT:766 FREE_PROCESS:3 bytes:515252 alloc_cont:31406 free_cont:30640 diff:766 menor:10 maior:20 media:15 bytes:12580 fragInt:2740 fragExt:0 free: p1:230 p2:225 p3:541
 LIBERACAO ANT:766 FREE_PROCESS:2 bytes:527812 alloc_cont:32172 free_cont:31406 diff:766 menor:10 maior:20 media:15 bytes:12560 fragInt:2760 fragExt:0 free: p1:226 p2:238 p3:528
 LIBERACAO ANT:766 FREE_PROCESS:2 bytes:540444 alloc_cont:32938 free_cont:32172 diff:766 menor:10 maior:20 media:15 bytes:12632 fragInt:2688 fragExt:0 free: p1:202 p2:268 p3:498
 LIBERACAO ANT:766 FREE_PROCESS:1 bytes:552856 alloc_cont:33704 free_cont:32938 diff:766 menor:10 maior:20 media:15 bytes:12412 fragInt:2908 fragExt:0 free: p1:254 p2:219 p3:547
 LIBERACAO ANT:766 FREE_PROCESS:2 bytes:565420 alloc_cont:34470 free_cont:33704 diff:766 menor:10 maior:20 media:15 bytes:12564 fragInt:2756 fragExt:0 free: p1:227 p2:235 p3:531
 LIBERACAO ANT:766 FREE_PROCESS:3 bytes:577984 alloc_cont:35236 free_cont:34470 diff:766 menor:10 maior:20 media:15 bytes:12564 fragInt:2756 fragExt:0 free: p1:232 p2:225 p3:541
 LIBERACAO ANT:766 FREE_PROCESS:1 bytes:590548 alloc_cont:36002 free_cont:35236 diff:766 menor:10 maior:20 media:15 bytes:12564 fragInt:2756 fragExt:0 free: p1:240 p2:209 p3:557
 LIBERACAO ANT:766 FREE_PROCESS:2 bytes:603076 alloc_cont:36768 free_cont:36002 diff:766 menor:10 maior:20 media:15 bytes:12528 fragInt:2792 fragExt:0 free: p1:223 p2:252 p3:514
 LIBERACAO ANT:766 FREE_PROCESS:1 bytes:615784 alloc_cont:37534 free_cont:36768 diff:766 menor:10 maior:20 media:15 bytes:12708 fragInt:2612 fragExt:0 free: p1:212 p2:229 p3:537
 LIBERACAO ANT:766 FREE_PROCESS:3 bytes:628348 alloc_cont:38300 free_cont:37534 diff:766 menor:10 maior:20 media:15 bytes:12564 fragInt:2756 fragExt:0 free: p1:227 p2:235 p3:531
 LIBERACAO ANT:766 FREE_PROCESS:2 bytes:640908 alloc_cont:39066 free_cont:38300 diff:766 menor:10 maior:20 media:15 bytes:12560 fragInt:2760 fragExt:0 free: p1:242 p2:206 p3:560
 LIBERACAO ANT:766 FREE_PROCESS:3 bytes:653460 alloc_cont:39832 free_cont:39066 diff:766 menor:10 maior:20 media:15 bytes:12552 fragInt:2768 fragExt:0 free: p1:230 p2:232 p3:534
 LIBERACAO ANT:766 FREE_PROCESS:1 bytes:666064 alloc_cont:40598 free_cont:39832 diff:766 menor:10 maior:20 media:15 bytes:12604 fragInt:2716 fragExt:0 free: p1:208 p2:263 p3:503
 LIBERACAO ANT:766 FREE_PROCESS:2 bytes:678584 alloc_cont:41364 free_cont:40598 diff:766 menor:10 maior:20 media:15 bytes:12520 fragInt:2800 fragExt:0 free: p1:226 p2:248 p3:518
 LIBERACAO ANT:766 FREE_PROCESS:2 bytes:691100 alloc_cont:42130 free_cont:41364 diff:766 menor:10 maior:20 media:15 bytes:12516 fragInt:2804 fragExt:0 free: p1:235 p2:231 p3:535
 LIBERACAO ANT:766 FREE_PROCESS:2 bytes:703644 alloc_cont:42896 free_cont:42130 diff:766 menor:10 maior:20 media:15 bytes:12544 fragInt:2776 fragExt:0 free: p1:235 p2:224 p3:542
 LIBERACAO ANT:766 FREE_PROCESS:3 bytes:716052 alloc_cont:43662 free_cont:42896 diff:766 menor:10 maior:20 media:15 bytes:12408 fragInt:2912 fragExt:0 free: p1:245 p2:238 p3:528
 LIBERACAO ANT:766 FREE_PROCESS:3 bytes:728552 alloc_cont:44428 free_cont:43662 diff:766 menor:10 maior:20 media:15 bytes:12500 fragInt:2820 fragExt:0 free: p1:239 p2:227 p3:539
 LIBERACAO ANT:766 FREE_PROCESS:2 bytes:741060 alloc_cont:45194 free_cont:44428 diff:766 menor:10 maior:20 media:15 bytes:12508 fragInt:2812 fragExt:0 free: p1:228 p2:247 p3:519
 LIBERACAO ANT:766 FREE_PROCESS:2 bytes:753684 alloc_cont:45960 free_cont:45194 diff:766 menor:10 maior:20 media:15 bytes:12624 fragInt:2696 fragExt:0 free: p1:232 p2:210 p3:556
 LIBERACAO ANT:766 FREE_PROCESS:2 bytes:766224 alloc_cont:46726 free_cont:45960 diff:766 menor:10 maior:20 media:15 bytes:12540 fragInt:2780 fragExt:0 free: p1:232 p2:231 p3:535
 LIBERACAO ANT:766 FREE_PROCESS:2 bytes:778896 alloc_cont:47492 free_cont:46726 diff:766 menor:10 maior:20 media:15 bytes:12672 fragInt:2648 fragExt:0 free: p1:213 p2:236 p3:530
 LIBERACAO ANT:766 FREE_PROCESS:2 bytes:791428 alloc_cont:48258 free_cont:47492 diff:766 menor:10 maior:20 media:15 bytes:12532 fragInt:2788 fragExt:0 free: p1:237 p2:223 p3:543
 LIBERACAO ANT:766 FREE_PROCESS:2 bytes:803988 alloc_cont:49024 free_cont:48258 diff:766 menor:10 maior:20 media:15 bytes:12560 fragInt:2760 fragExt:0 free: p1:229 p2:232 p3:534
 LIBERACAO ANT:766 FREE_PROCESS:1 bytes:816412 alloc_cont:49790 free_cont:49024 diff:766 menor:10 maior:20 media:15 bytes:12424 fragInt:2896 fragExt:0 free: p1:240 p2:244 p3:522
 LIBERACAO ANT:766 FREE_PROCESS:2 bytes:829024 alloc_cont:50556 free_cont:49790 diff:766 menor:10 maior:20 media:15 bytes:12612 fragInt:2708 fragExt:0 free: p1:223 p2:231 p3:535
 LIBERACAO ANT:766 FREE_PROCESS:3 bytes:841564 alloc_cont:51322 free_cont:50556 diff:766 menor:10 maior:20 media:15 bytes:12540 fragInt:2780 fragExt:0 free: p1:238 p2:219 p3:547
 LIBERACAO ANT:766 FREE_PROCESS:3 bytes:854108 alloc_cont:52088 free_cont:51322 diff:766 menor:10 maior:20 media:15 bytes:12544 fragInt:2776 fragExt:0 free: p1:234 p2:226 p3:540
 LIBERACAO ANT:766 FREE_PROCESS:1 bytes:866784 alloc_cont:52854 free_cont:52088 diff:766 menor:10 maior:20 media:15 bytes:12676 fragInt:2644 fragExt:0 free: p1:216 p2:229 p3:537
 LIBERACAO ANT:766 FREE_PROCESS:2 bytes:879300 alloc_cont:53620 free_cont:52854 diff:766 menor:10 maior:20 media:15 bytes:12516 fragInt:2804 fragExt:0 free: p1:241 p2:219 p3:547
 LIBERACAO ANT:766 FREE_PROCESS:3 bytes:891952 alloc_cont:54386 free_cont:53620 diff:766 menor:10 maior:20 media:15 bytes:12652 fragInt:2668 fragExt:0 free: p1:210 p2:247 p3:519
 LIBERACAO ANT:766 FREE_PROCESS:1 bytes:904472 alloc_cont:55152 free_cont:54386 diff:766 menor:10 maior:20 media:15 bytes:12520 fragInt:2800 fragExt:0 free: p1:239 p2:222 p3:544
 LIBERACAO ANT:766 FREE_PROCESS:1 bytes:917052 alloc_cont:55918 free_cont:55152 diff:766 menor:10 maior:20 media:15 bytes:12580 fragInt:2740 fragExt:0 free: p1:233 p2:219 p3:547
 LIBERACAO ANT:766 FREE_PROCESS:2 bytes:929596 alloc_cont:56684 free_cont:55918 diff:766 menor:10 maior:20 media:15 bytes:12544 fragInt:2776 fragExt:0 free: p1:226 p2:242 p3:524
 LIBERACAO ANT:766 FREE_PROCESS:1 bytes:942212 alloc_cont:57450 free_cont:56684 diff:766 menor:10 maior:20 media:15 bytes:12616 fragInt:2704 fragExt:0 free: p1:231 p2:214 p3:552
 LIBERACAO ANT:766 FREE_PROCESS:2 bytes:954884 alloc_cont:58216 free_cont:57450 diff:766 menor:10 maior:20 media:15 bytes:12672 fragInt:2648 fragExt:0 free: p1:212 p2:238 p3:528
 LIBERACAO ANT:766 FREE_PROCESS:3 bytes:967416 alloc_cont:58982 free_cont:58216 diff:766 menor:10 maior:20 media:15 bytes:12532 fragInt:2788 fragExt:0 free: p1:231 p2:235 p3:531
 LIBERACAO ANT:766 FREE_PROCESS:3 bytes:980148 alloc_cont:59748 free_cont:58982 diff:766 menor:10 maior:20 media:15 bytes:12732 fragInt:2588 fragExt:0 free: p1:212 p2:223 p3:543
 LIBERACAO ANT:766 FREE_PROCESS:1 bytes:992700 alloc_cont:60514 free_cont:59748 diff:766 menor:10 maior:20 media:15 bytes:12552 fragInt:2768 fragExt:0 free: p1:228 p2:236 p3:530
 LIBERACAO ANT:766 FREE_PROCESS:3 bytes:1005196 alloc_cont:61280 free_cont:60514 diff:766 menor:10 maior:20 media:15 bytes:12496 fragInt:2824 fragExt:0 free: p1:241 p2:224 p3:542
 LIBERACAO ANT:766 FREE_PROCESS:2 bytes:1017888 alloc_cont:62046 free_cont:61280 diff:766 menor:10 maior:20 media:15 bytes:12692 fragInt:2628 fragExt:0 free: p1:213 p2:231 p3:535
 LIBERACAO ANT:766 FREE_PROCESS:2 bytes:1030420 alloc_cont:62812 free_cont:62046 diff:766 menor:10 maior:20 media:15 bytes:12532 fragInt:2788 fragExt:0 free: p1:235 p2:227 p3:539
 LIBERACAO ANT:766 FREE_PROCESS:2 bytes:1043048 alloc_cont:63578 free_cont:62812 diff:766 menor:10 maior:20 media:15 bytes:12628 fragInt:2692 fragExt:0 free: p1:221 p2:231 p3:535
 LIBERACAO ANT:766 FREE_PROCESS:3 bytes:1055576 alloc_cont:64344 free_cont:63578 diff:766 menor:10 maior:20 media:15 bytes:12528 fragInt:2792 fragExt:0 free: p1:241 p2:216 p3:550
 LIBERACAO ANT:766 FREE_PROCESS:2 bytes:1068040 alloc_cont:65110 free_cont:64344 diff:766 menor:10 maior:20 media:15 bytes:12464 fragInt:2856 fragExt:0 free: p1:233 p2:248 p3:518
 LIBERACAO ANT:766 FREE_PROCESS:1 bytes:1080464 alloc_cont:65876 free_cont:65110 diff:766 menor:10 maior:20 media:15 bytes:12424 fragInt:2896 fragExt:0 free: p1:244 p2:236 p3:530
 LIBERACAO ANT:766 FREE_PROCESS:2 bytes:1093008 alloc_cont:66642 free_cont:65876 diff:766 menor:10 maior:20 media:15 bytes:12544 fragInt:2776 fragExt:0 free: p1:235 p2:224 p3:542
 LIBERACAO ANT:766 FREE_PROCESS:3 bytes:1105524 alloc_cont:67408 free_cont:66642 diff:766 menor:10 maior:20 media:15 bytes:12516 fragInt:2804 fragExt:0 free: p1:237 p2:227 p3:539
 LIBERACAO ANT:766 FREE_PROCESS:2 bytes:1118076 alloc_cont:68174 free_cont:67408 diff:766 menor:10 maior:20 media:15 bytes:12552 fragInt:2768 fragExt:0 free: p1:234 p2:224 p3:542
 LIBERACAO ANT:766 FREE_PROCESS:1 bytes:1130672 alloc_cont:68940 free_cont:68174 diff:766 menor:10 maior:20 media:15 bytes:12596 fragInt:2724 fragExt:0 free: p1:228 p2:225 p3:541
 LIBERACAO ANT:766 FREE_PROCESS:2 bytes:1143476 alloc_cont:69706 free_cont:68940 diff:766 menor:10 maior:20 media:15 bytes:12804 fragInt:2516 fragExt:0 free: p1:203 p2:223 p3:543
 LIBERACAO ANT:766 FREE_PROCESS:2 bytes:1156080 alloc_cont:70472 free_cont:69706 diff:766 menor:10 maior:20 media:15 bytes:12604 fragInt:2716 fragExt:0 free: p1:232 p2:215 p3:551
 LIBERACAO ANT:766 FREE_PROCESS:1 bytes:1168636 alloc_cont:71238 free_cont:70472 diff:766 menor:10 maior:20 media:15 bytes:12556 fragInt:2764 fragExt:0 free: p1:229 p2:233 p3:533
 LIBERACAO ANT:766 FREE_PROCESS:3 bytes:1181176 alloc_cont:72004 free_cont:71238 diff:766 menor:10 maior:20 media:15 bytes:12540 fragInt:2780 fragExt:0 free: p1:234 p2:227 p3:539
 LIBERACAO ANT:766 FREE_PROCESS:3 bytes:1193764 alloc_cont:72770 free_cont:72004 diff:766 menor:10 maior:20 media:15 bytes:12588 fragInt:2732 fragExt:0 free: p1:225 p2:233 p3:533
 LIBERACAO ANT:766 FREE_PROCESS:2 bytes:1206132 alloc_cont:73536 free_cont:72770 diff:766 menor:10 maior:20 media:15 bytes:12368 fragInt:2952 fragExt:0 free: p1:265 p2:208 p3:558
 LIBERACAO ANT:766 FREE_PROCESS:1 bytes:1218624 alloc_cont:74302 free_cont:73536 diff:766 menor:10 maior:20 media:15 bytes:12492 fragInt:2828 fragExt:0 free: p1:237 p2:233 p3:533
 LIBERACAO ANT:766 FREE_PROCESS:3 bytes:1231100 alloc_cont:75068 free_cont:74302 diff:766 menor:10 maior:20 media:15 bytes:12476 fragInt:2844 fragExt:0 free: p1:229 p2:253 p3:513
 LIBERACAO ANT:766 FREE_PROCESS:3 bytes:1243556 alloc_cont:75834 free_cont:75068 diff:766 menor:10 maior:20 media:15 bytes:12456 fragInt:2864 fragExt:0 free: p1:240 p2:236 p3:530
 LIBERACAO ANT:766 FREE_PROCESS:2 bytes:1256080 alloc_cont:76600 free_cont:75834 diff:766 menor:10 maior:20 media:15 bytes:12524 fragInt:2796 fragExt:0 free: p1:228 p2:243 p3:523
 LIBERACAO ANT:766 FREE_PROCESS:2 bytes:1268564 alloc_cont:77366 free_cont:76600 diff:766 menor:10 maior:20 media:15 bytes:12484 fragInt:2836 fragExt:0 free: p1:239 p2:231 p3:535
 LIBERACAO ANT:766 FREE_PROCESS:3 bytes:1281052 alloc_cont:78132 free_cont:77366 diff:766 menor:10 maior:20 media:15 bytes:12488 fragInt:2832 fragExt:0 free: p1:233 p2:242 p3:524
 LIBERACAO ANT:766 FREE_PROCESS:1 bytes:1293708 alloc_cont:78898 free_cont:78132 diff:766 menor:10 maior:20 media:15 bytes:12656 fragInt:2664 fragExt:0 free: p1:232 p2:202 p3:564
 LIBERACAO ANT:766 FREE_PROCESS:2 bytes:1306244 alloc_cont:79664 free_cont:78898 diff:766 menor:10 maior:20 media:15 bytes:12536 fragInt:2784 fragExt:0 free: p1:246 p2:204 p3:562
 LIBERACAO ANT:766 FREE_PROCESS:3 bytes:1318796 alloc_cont:80430 free_cont:79664 diff:766 menor:10 maior:20 media:15 bytes:12552 fragInt:2768 fragExt:0 free: p1:230 p2:232 p3:534
 LIBERACAO ANT:766 FREE_PROCESS:1 bytes:1331408 alloc_cont:81196 free_cont:80430 diff:766 menor:10 maior:20 media:15 bytes:12612 fragInt:2708 fragExt:0 free: p1:226 p2:225 p3:541
 LIBERACAO ANT:766 FREE_PROCESS:3 bytes:1344136 alloc_cont:81962 free_cont:81196 diff:766 menor:10 maior:20 media:15 bytes:12728 fragInt:2592 fragExt:0 free: p1:219 p2:210 p3:556
 LIBERACAO ANT:766 FREE_PROCESS:1 bytes:1356616 alloc_cont:82728 free_cont:81962 diff:766 menor:10 maior:20 media:15 bytes:12480 fragInt:2840 fragExt:0 free: p1:232 p2:246 p3:520
 LIBERACAO ANT:766 FREE_PROCESS:3 bytes:1369300 alloc_cont:83494 free_cont:82728 diff:766 menor:10 maior:20 media:15 bytes:12684 fragInt:2636 fragExt:0 free: p1:218 p2:223 p3:543
 LIBERACAO ANT:766 FREE_PROCESS:1 bytes:1381924 alloc_cont:84260 free_cont:83494 diff:766 menor:10 maior:20 media:15 bytes:12624 fragInt:2696 fragExt:0 free: p1:214 p2:246 p3:520
 LIBERACAO ANT:766 FREE_PROCESS:3 bytes:1394352 alloc_cont:85026 free_cont:84260 diff:766 menor:10 maior:20 media:15 bytes:12428 fragInt:2892 fragExt:0 free: p1:252 p2:219 p3:547
 LIBERACAO ANT:766 FREE_PROCESS:3 bytes:1406816 alloc_cont:85792 free_cont:85026 diff:766 menor:10 maior:20 media:15 bytes:12464 fragInt:2856 fragExt:0 free: p1:250 p2:214 p3:552
 LIBERACAO ANT:766 FREE_PROCESS:2 bytes:1419420 alloc_cont:86558 free_cont:85792 diff:766 menor:10 maior:20 media:15 bytes:12604 fragInt:2716 fragExt:0 free: p1:223 p2:233 p3:533
 LIBERACAO ANT:766 FREE_PROCESS:3 bytes:1431920 alloc_cont:87324 free_cont:86558 diff:766 menor:10 maior:20 media:15 bytes:12500 fragInt:2820 fragExt:0 free: p1:221 p2:263 p3:503
 LIBERACAO ANT:766 FREE_PROCESS:1 bytes:1444428 alloc_cont:88090 free_cont:87324 diff:766 menor:10 maior:20 media:15 bytes:12508 fragInt:2812 fragExt:0 free: p1:241 p2:221 p3:545
 LIBERACAO ANT:766 FREE_PROCESS:3 bytes:1456980 alloc_cont:88856 free_cont:88090 diff:766 menor:10 maior:20 media:15 bytes:12552 fragInt:2768 fragExt:0 free: p1:234 p2:224 p3:542
 LIBERACAO ANT:766 FREE_PROCESS:3 bytes:1469592 alloc_cont:89622 free_cont:88856 diff:766 menor:10 maior:20 media:15 bytes:12612 fragInt:2708 fragExt:0 free: p1:234 p2:209 p3:557
 LIBERACAO ANT:766 FREE_PROCESS:2 bytes:1482156 alloc_cont:90388 free_cont:89622 diff:766 menor:10 maior:20 media:15 bytes:12564 fragInt:2756 fragExt:0 free: p1:234 p2:221 p3:545
 LIBERACAO ANT:766 FREE_PROCESS:3 bytes:1494752 alloc_cont:91154 free_cont:90388 diff:766 menor:10 maior:20 media:15 bytes:12596 fragInt:2724 fragExt:0 free: p1:228 p2:225 p3:541
 LIBERACAO ANT:766 FREE_PROCESS:1 bytes:1507376 alloc_cont:91920 free_cont:91154 diff:766 menor:10 maior:20 media:15 bytes:12624 fragInt:2696 fragExt:0 free: p1:224 p2:226 p3:540
 LIBERACAO ANT:766 FREE_PROCESS:3 bytes:1519992 alloc_cont:92686 free_cont:91920 diff:766 menor:10 maior:20 media:15 bytes:12616 fragInt:2704 fragExt:0 free: p1:227 p2:222 p3:544
 LIBERACAO ANT:766 FREE_PROCESS:1 bytes:1532720 alloc_cont:93452 free_cont:92686 diff:766 menor:10 maior:20 media:15 bytes:12728 fragInt:2592 fragExt:0 free: p1:219 p2:210 p3:556
 LIBERACAO ANT:766 FREE_PROCESS:1 bytes:1545268 alloc_cont:94218 free_cont:93452 diff:766 menor:10 maior:20 media:15 bytes:12548 fragInt:2772 fragExt:0 free: p1:240 p2:213 p3:553
 LIBERACAO ANT:766 FREE_PROCESS:1 bytes:1557796 alloc_cont:94984 free_cont:94218 diff:766 menor:10 maior:20 media:15 bytes:12528 fragInt:2792 fragExt:0 free: p1:224 p2:250 p3:516
 LIBERACAO ANT:766 FREE_PROCESS:3 bytes:1570316 alloc_cont:95750 free_cont:94984 diff:766 menor:10 maior:20 media:15 bytes:12520 fragInt:2800 fragExt:0 free: p1:227 p2:246 p3:520
 LIBERACAO ANT:766 FREE_PROCESS:1 bytes:1582960 alloc_cont:96516 free_cont:95750 diff:766 menor:10 maior:20 media:15 bytes:12644 fragInt:2676 fragExt:0 free: p1:215 p2:239 p3:527
 LIBERACAO ANT:766 FREE_PROCESS:3 bytes:1595528 alloc_cont:97282 free_cont:96516 diff:766 menor:10 maior:20 media:15 bytes:12568 fragInt:2752 fragExt:0 free: p1:230 p2:228 p3:538
 LIBERACAO ANT:766 FREE_PROCESS:3 bytes:1607964 alloc_cont:98048 free_cont:97282 diff:766 menor:10 maior:20 media:15 bytes:12436 fragInt:2884 fragExt:0 free: p1:248 p2:225 p3:541
 LIBERACAO ANT:766 FREE_PROCESS:3 bytes:1620672 alloc_cont:98814 free_cont:98048 diff:766 menor:10 maior:20 media:15 bytes:12708 fragInt:2612 fragExt:0 free: p1:223 p2:207 p3:559
 LIBERACAO ANT:766 FREE_PROCESS:3 bytes:1633184 alloc_cont:99580 free_cont:98814 diff:766 menor:10 maior:20 media:15 bytes:12512 fragInt:2808 fragExt:0 free: p1:225 p2:252 p3:514
 LIBERACAO ANT:766 FREE_PROCESS:2 bytes:1645728 alloc_cont:100346 free_cont:99580 diff:766 menor:10 maior:20 media:15 bytes:12544 fragInt:2776 fragExt:0 free: p1:217 p2:260 p3:506
 LIBERACAO ANT:766 FREE_PROCESS:1 bytes:1658208 alloc_cont:101112 free_cont:100346 diff:766 menor:10 maior:20 media:15 bytes:12480 fragInt:2840 fragExt:0 free: p1:236 p2:238 p3:528
 LIBERACAO ANT:766 FREE_PROCESS:3 bytes:1670824 alloc_cont:101878 free_cont:101112 diff:766 menor:10 maior:20 media:15 bytes:12616 fragInt:2704 fragExt:0 free: p1:218 p2:240 p3:526
 LIBERACAO ANT:766 FREE_PROCESS:3 bytes:1683412 alloc_cont:102644 free_cont:101878 diff:766 menor:10 maior:20 media:15 bytes:12588 fragInt:2732 fragExt:0 free: p1:224 p2:235 p3:531
 LIBERACAO ANT:766 FREE_PROCESS:2 bytes:1696080 alloc_cont:103410 free_cont:102644 diff:766 menor:10 maior:20 media:15 bytes:12668 fragInt:2652 fragExt:0 free: p1:225 p2:213 p3:553
 LIBERACAO ANT:766 FREE_PROCESS:1 bytes:1708844 alloc_cont:104176 free_cont:103410 diff:766 menor:10 maior:20 media:15 bytes:12764 fragInt:2556 fragExt:0 free: p1:197 p2:245 p3:521
 LIBERACAO ANT:766 FREE_PROCESS:3 bytes:1721352 alloc_cont:104942 free_cont:104176 diff:766 menor:10 maior:20 media:15 bytes:12508 fragInt:2812 fragExt:0 free: p1:233 p2:237 p3:529
 LIBERACAO ANT:766 FREE_PROCESS:3 bytes:1734072 alloc_cont:105708 free_cont:104942 diff:766 menor:10 maior:20 media:15 bytes:12720 fragInt:2600 fragExt:0 free: p1:221 p2:208 p3:558
 LIBERACAO ANT:766 FREE_PROCESS:2 bytes:1746676 alloc_cont:106474 free_cont:105708 diff:766 menor:10 maior:20 media:15 bytes:12604 fragInt:2716 fragExt:0 free: p1:225 p2:229 p3:537
 LIBERACAO ANT:766 FREE_PROCESS:3 bytes:1759260 alloc_cont:107240 free_cont:106474 diff:766 menor:10 maior:20 media:15 bytes:12584 fragInt:2736 fragExt:0 free: p1:222 p2:240 p3:526
 LIBERACAO ANT:766 FREE_PROCESS:1 bytes:1771740 alloc_cont:108006 free_cont:107240 diff:766 menor:10 maior:20 media:15 bytes:12480 fragInt:2840 fragExt:0 free: p1:234 p2:242 p3:524
 LIBERACAO ANT:766 FREE_PROCESS:3 bytes:1784312 alloc_cont:108772 free_cont:108006 diff:766 menor:10 maior:20 media:15 bytes:12572 fragInt:2748 fragExt:0 free: p1:228 p2:231 p3:535
 LIBERACAO ANT:766 FREE_PROCESS:2 bytes:1796848 alloc_cont:109538 free_cont:108772 diff:766 menor:10 maior:20 media:15 bytes:12536 fragInt:2784 fragExt:0 free: p1:241 p2:214 p3:552
 LIBERACAO ANT:766 FREE_PROCESS:2 bytes:1809384 alloc_cont:110304 free_cont:109538 diff:766 menor:10 maior:20 media:15 bytes:12536 fragInt:2784 fragExt:0 free: p1:227 p2:242 p3:524
 LIBERACAO ANT:766 FREE_PROCESS:2 bytes:1821868 alloc_cont:111070 free_cont:110304 diff:766 menor:10 maior:20 media:15 bytes:12484 fragInt:2836 fragExt:0 free: p1:242 p2:225 p3:541
 LIBERACAO ANT:766 FREE_PROCESS:3 bytes:1834420 alloc_cont:111836 free_cont:111070 diff:766 menor:10 maior:20 media:15 bytes:12552 fragInt:2768 fragExt:0 free: p1:226 p2:240 p3:526
 LIBERACAO ANT:766 FREE_PROCESS:3 bytes:1847004 alloc_cont:112602 free_cont:111836 diff:766 menor:10 maior:20 media:15 bytes:12584 fragInt:2736 fragExt:0 free: p1:218 p2:248 p3:518
 LIBERACAO ANT:766 FREE_PROCESS:3 bytes:1859460 alloc_cont:113368 free_cont:112602 diff:766 menor:10 maior:20 media:15 bytes:12456 fragInt:2864 fragExt:0 free: p1:243 p2:230 p3:536
 LIBERACAO ANT:766 FREE_PROCESS:3 bytes:1872168 alloc_cont:114134 free_cont:113368 diff:766 menor:10 maior:20 media:15 bytes:12708 fragInt:2612 fragExt:0 free: p1:214 p2:225 p3:541
 LIBERACAO ANT:766 FREE_PROCESS:3 bytes:1884600 alloc_cont:114900 free_cont:114134 diff:766 menor:10 maior:20 media:15 bytes:12432 fragInt:2888 fragExt:0 free: p1:260 p2:202 p3:564
 LIBERACAO ANT:766 FREE_PROCESS:1 bytes:1897224 alloc_cont:115666 free_cont:114900 diff:766 menor:10 maior:20 media:15 bytes:12624 fragInt:2696 fragExt:0 free: p1:222 p2:230 p3:536
 LIBERACAO ANT:766 FREE_PROCESS:2 bytes:1909812 alloc_cont:116432 free_cont:115666 diff:766 menor:10 maior:20 media:15 bytes:12588 fragInt:2732 fragExt:0 free: p1:224 p2:235 p3:531
 LIBERACAO ANT:766 FREE_PROCESS:3 bytes:1922376 alloc_cont:117198 free_cont:116432 diff:766 menor:10 maior:20 media:15 bytes:12564 fragInt:2756 fragExt:0 free: p1:221 p2:247 p3:519
 LIBERACAO ANT:766 FREE_PROCESS:3 bytes:1934988 alloc_cont:117964 free_cont:117198 diff:766 menor:10 maior:20 media:15 bytes:12612 fragInt:2708 fragExt:0 free: p1:208 p2:261 p3:505
 LIBERACAO ANT:766 FREE_PROCESS:3 bytes:1947508 alloc_cont:118730 free_cont:117964 diff:766 menor:10 maior:20 media:15 bytes:12520 fragInt:2800 fragExt:0 free: p1:224 p2:252 p3:514
 LIBERACAO ANT:766 FREE_PROCESS:2 bytes:1959920 alloc_cont:119496 free_cont:118730 diff:766 menor:10 maior:20 media:15 bytes:12412 fragInt:2908 fragExt:0 free: p1:250 p2:227 p3:539
 LIBERACAO ANT:766 FREE_PROCESS:3 bytes:1972508 alloc_cont:120262 free_cont:119496 diff:766 menor:10 maior:20 media:15 bytes:12588 fragInt:2732 fragExt:0 free: p1:221 p2:241 p3:525
 LIBERACAO ANT:766 FREE_PROCESS:2 bytes:1985204 alloc_cont:121028 free_cont:120262 diff:766 menor:10 maior:20 media:15 bytes:12696 fragInt:2624 fragExt:0 free: p1:220 p2:216 p3:550
 LIBERACAO ANT:766 FREE_PROCESS:2 bytes:1997756 alloc_cont:121794 free_cont:121028 diff:766 menor:10 maior:20 media:15 bytes:12552 fragInt:2768 fragExt:0 free: p1:237 p2:218 p3:548
 LIBERACAO ANT:766 FREE_PROCESS:2 bytes:2010292 alloc_cont:122560 free_cont:121794 diff:766 menor:10 maior:20 media:15 bytes:12536 fragInt:2784 fragExt:0 free: p1:242 p2:212 p3:554
 LIBERACAO ANT:766 FREE_PROCESS:2 bytes:2022780 alloc_cont:123326 free_cont:122560 diff:766 menor:10 maior:20 media:15 bytes:12488 fragInt:2832 fragExt:0 free: p1:232 p2:244 p3:522
 LIBERACAO ANT:766 FREE_PROCESS:3 bytes:2035496 alloc_cont:124092 free_cont:123326 diff:766 menor:10 maior:20 media:15 bytes:12716 fragInt:2604 fragExt:0 free: p1:222 p2:207 p3:559
 LIBERACAO ANT:766 FREE_PROCESS:3 bytes:2047936 alloc_cont:124858 free_cont:124092 diff:766 menor:10 maior:20 media:15 bytes:12440 fragInt:2880 fragExt:0 free: p1:242 p2:236 p3:530
 LIBERACAO ANT:766 FREE_PROCESS:2 bytes:2060512 alloc_cont:125624 free_cont:124858 diff:766 menor:10 maior:20 media:15 bytes:12576 fragInt:2744 fragExt:0 free: p1:232 p2:222 p3:544
 LIBERACAO ANT:766 FREE_PROCESS:2 bytes:2073076 alloc_cont:126390 free_cont:125624 diff:766 menor:10 maior:20 media:15 bytes:12564 fragInt:2756 fragExt:0 free: p1:235 p2:219 p3:547
 LIBERACAO ANT:766 FREE_PROCESS:1 bytes:2085648 alloc_cont:127156 free_cont:126390 diff:766 menor:10 maior:20 media:15 bytes:12572 fragInt:2748 fragExt:0 free: p1:226 p2:235 p3:531
 LIBERACAO ANT:766 FREE_PROCESS:2 bytes:2098332 alloc_cont:127922 free_cont:127156 diff:766 menor:10 maior:20 media:15 bytes:12684 fragInt:2636 fragExt:0 free: p1:206 p2:247 p3:519
 LIBERACAO ANT:766 FREE_PROCESS:3 bytes:2110888 alloc_cont:128688 free_cont:127922 diff:766 menor:10 maior:20 media:15 bytes:12556 fragInt:2764 fragExt:0 free: p1:216 p2:259 p3:507
 LIBERACAO ANT:766 FREE_PROCESS:1 bytes:2123540 alloc_cont:129454 free_cont:128688 diff:766 menor:10 maior:20 media:15 bytes:12652 fragInt:2668 fragExt:0 free: p1:211 p2:245 p3:521
 LIBERACAO ANT:766 FREE_PROCESS:3 bytes:2136104 alloc_cont:130220 free_cont:129454 diff:766 menor:10 maior:20 media:15 bytes:12564 fragInt:2756 fragExt:0 free: p1:232 p2:225 p3:541
 LIBERACAO ANT:766 FREE_PROCESS:1 bytes:2148676 alloc_cont:130986 free_cont:130220 diff:766 menor:10 maior:20 media:15 bytes:12572 fragInt:2748 fragExt:0 free: p1:222 p2:243 p3:523
 LIBERACAO ANT:766 FREE_PROCESS:3 bytes:2161224 alloc_cont:131752 free_cont:130986 diff:766 menor:10 maior:20 media:15 bytes:12548 fragInt:2772 fragExt:0 free: p1:231 p2:231 p3:535
 LIBERACAO ANT:766 FREE_PROCESS:2 bytes:2173704 alloc_cont:132518 free_cont:131752 diff:766 menor:10 maior:20 media:15 bytes:12480 fragInt:2840 fragExt:0 free: p1:244 p2:222 p3:544
 LIBERACAO ANT:766 FREE_PROCESS:2 bytes:2186192 alloc_cont:133284 free_cont:132518 diff:766 menor:10 maior:20 media:15 bytes:12488 fragInt:2832 fragExt:0 free: p1:248 p2:212 p3:554
 LIBERACAO ANT:766 FREE_PROCESS:2 bytes:2198916 alloc_cont:134050 free_cont:133284 diff:766 menor:10 maior:20 media:15 bytes:12724 fragInt:2596 fragExt:0 free: p1:210 p2:229 p3:537
 LIBERACAO ANT:766 FREE_PROCESS:3 bytes:2211404 alloc_cont:134816 free_cont:134050 diff:766 menor:10 maior:20 media:15 bytes:12488 fragInt:2832 fragExt:0 free: p1:237 p2:234 p3:532
 LIBERACAO ANT:766 FREE_PROCESS:1 bytes:2224032 alloc_cont:135582 free_cont:134816 diff:766 menor:10 maior:20 media:15 bytes:12628 fragInt:2692 fragExt:0 free: p1:231 p2:211 p3:555
 LIBERACAO ANT:766 FREE_PROCESS:2 bytes:2236576 alloc_cont:136348 free_cont:135582 diff:766 menor:10 maior:20 media:15 bytes:12544 fragInt:2776 fragExt:0 free: p1:242 p2:210 p3:556
 LIBERACAO ANT:766 FREE_PROCESS:3 bytes:2249256 alloc_cont:137114 free_cont:136348 diff:766 menor:10 maior:20 media:15 bytes:12680 fragInt:2640 fragExt:0 free: p1:220 p2:220 p3:546
 LIBERACAO ANT:766 FREE_PROCESS:1 bytes:2261680 alloc_cont:137880 free_cont:137114 diff:766 menor:10 maior:20 media:15 bytes:12424 fragInt:2896 fragExt:0 free: p1:245 p2:234 p3:532
 LIBERACAO ANT:766 FREE_PROCESS:1 bytes:2274072 alloc_cont:138646 free_cont:137880 diff:766 menor:10 maior:20 media:15 bytes:12392 fragInt:2928 fragExt:0 free: p1:241 p2:250 p3:516
 LIBERACAO ANT:766 FREE_PROCESS:1 bytes:2286816 alloc_cont:139412 free_cont:138646 diff:766 menor:10 maior:20 media:15 bytes:12744 fragInt:2576 fragExt:0 free: p1:202 p2:240 p3:526
 LIBERACAO ANT:766 FREE_PROCESS:3 bytes:2299356 alloc_cont:140178 free_cont:139412 diff:766 menor:10 maior:20 media:15 bytes:12540 fragInt:2780 fragExt:0 free: p1:231 p2:233 p3:533
 LIBERACAO ANT:766 FREE_PROCESS:2 bytes:2312036 alloc_cont:140944 free_cont:140178 diff:766 menor:10 maior:20 media:15 bytes:12680 fragInt:2640 fragExt:0 free: p1:212 p2:236 p3:530
 LIBERACAO ANT:766 FREE_PROCESS:2 bytes:2324584 alloc_cont:141710 free_cont:140944 diff:766 menor:10 maior:20 media:15 bytes:12548 fragInt:2772 fragExt:0 free: p1:231 p2:231 p3:535
 LIBERACAO ANT:766 FREE_PROCESS:3 bytes:2337064 alloc_cont:142476 free_cont:141710 diff:766 menor:10 maior:20 media:15 bytes:12480 fragInt:2840 fragExt:0 free: p1:233 p2:244 p3:522
 LIBERACAO ANT:766 FREE_PROCESS:1 bytes:2349612 alloc_cont:143242 free_cont:142476 diff:766 menor:10 maior:20 media:15 bytes:12548 fragInt:2772 fragExt:0 free: p1:228 p2:237 p3:529
 LIBERACAO ANT:766 FREE_PROCESS:2 bytes:2362252 alloc_cont:144008 free_cont:143242 diff:766 menor:10 maior:20 media:15 bytes:12640 fragInt:2680 fragExt:0 free: p1:228 p2:214 p3:552
 LIBERACAO ANT:766 FREE_PROCESS:2 bytes:2374776 alloc_cont:144774 free_cont:144008 diff:766 menor:10 maior:20 media:15 bytes:12524 fragInt:2796 fragExt:0 free: p1:237 p2:225 p3:541
 LIBERACAO ANT:766 FREE_PROCESS:1 bytes:2387312 alloc_cont:145540 free_cont:144774 diff:766 menor:10 maior:20 media:15 bytes:12536 fragInt:2784 fragExt:0 free: p1:226 p2:244 p3:522
 LIBERACAO ANT:766 FREE_PROCESS:3 bytes:2399968 alloc_cont:146306 free_cont:145540 diff:766 menor:10 maior:20 media:15 bytes:12656 fragInt:2664 fragExt:0 free: p1:221 p2:224 p3:542
 LIBERACAO ANT:766 FREE_PROCESS:1 bytes:2412388 alloc_cont:147072 free_cont:146306 diff:766 menor:10 maior:20 media:15 bytes:12420 fragInt:2900 fragExt:0 free: p1:244 p2:237 p3:529
 LIBERACAO ANT:766 FREE_PROCESS:2 bytes:2424948 alloc_cont:147838 free_cont:147072 diff:766 menor:10 maior:20 media:15 bytes:12560 fragInt:2760 fragExt:0 free: p1:231 p2:228 p3:538
 LIBERACAO ANT:766 FREE_PROCESS:2 bytes:2437436 alloc_cont:148604 free_cont:147838 diff:766 menor:10 maior:20 media:15 bytes:12488 fragInt:2832 fragExt:0 free: p1:239 p2:230 p3:536
 LIBERACAO ANT:766 FREE_PROCESS:1 bytes:2450100 alloc_cont:149370 free_cont:148604 diff:766 menor:10 maior:20 media:15 bytes:12664 fragInt:2656 fragExt:0 free: p1:222 p2:220 p3:546
 LIBERACAO ANT:766 FREE_PROCESS:3 bytes:2462788 alloc_cont:150136 free_cont:149370 diff:766 menor:10 maior:20 media:15 bytes:12688 fragInt:2632 fragExt:0 free: p1:217 p2:224 p3:542
 LIBERACAO ANT:766 FREE_PROCESS:3 bytes:2475380 alloc_cont:150902 free_cont:150136 diff:766 menor:10 maior:20 media:15 bytes:12592 fragInt:2728 fragExt:0 free: p1:223 p2:236 p3:530
 LIBERACAO ANT:766 FREE_PROCESS:2 bytes:2487940 alloc_cont:151668 free_cont:150902 diff:766 menor:10 maior:20 media:15 bytes:12560 fragInt:2760 fragExt:0 free: p1:224 p2:242 p3:524
 LIBERACAO ANT:766 FREE_PROCESS:2 bytes:2500568 alloc_cont:152434 free_cont:151668 diff:766 menor:10 maior:20 media:15 bytes:12628 fragInt:2692 fragExt:0 free: p1:221 p2:231 p3:535
 LIBERACAO ANT:766 FREE_PROCESS:2 bytes:2513208 alloc_cont:153200 free_cont:152434 diff:766 menor:10 maior:20 media:15 bytes:12640 fragInt:2680 fragExt:0 free: p1:223 p2:224 p3:542
 LIBERACAO ANT:766 FREE_PROCESS:1 bytes:2525820 alloc_cont:153966 free_cont:153200 diff:766 menor:10 maior:20 media:15 bytes:12612 fragInt:2708 fragExt:0 free: p1:215 p2:247 p3:519
 LIBERACAO ANT:766 FREE_PROCESS:3 bytes:2538364 alloc_cont:154732 free_cont:153966 diff:766 menor:10 maior:20 media:15 bytes:12544 fragInt:2776 fragExt:0 free: p1:235 p2:224 p3:542
 LIBERACAO ANT:766 FREE_PROCESS:1 bytes:2550836 alloc_cont:155498 free_cont:154732 diff:766 menor:10 maior:20 media:15 bytes:12472 fragInt:2848 fragExt:0 free: p1:247 p2:218 p3:548
 LIBERACAO ANT:766 FREE_PROCESS:3 bytes:2563360 alloc_cont:156264 free_cont:155498 diff:766 menor:10 maior:20 media:15 bytes:12524 fragInt:2796 fragExt:0 free: p1:251 p2:197 p3:569
 LIBERACAO ANT:766 FREE_PROCESS:1 bytes:2575984 alloc_cont:157030 free_cont:156264 diff:766 menor:10 maior:20 media:15 bytes:12624 fragInt:2696 fragExt:0 free: p1:227 p2:220 p3:546
 LIBERACAO ANT:766 FREE_PROCESS:1 bytes:2588592 alloc_cont:157796 free_cont:157030 diff:766 menor:10 maior:20 media:15 bytes:12608 fragInt:2712 fragExt:0 free: p1:223 p2:232 p3:534
 LIBERACAO ANT:766 FREE_PROCESS:2 bytes:2600964 alloc_cont:158562 free_cont:157796 diff:766 menor:10 maior:20 media:15 bytes:12372 fragInt:2948 fragExt:0 free: p1:252 p2:233 p3:533
 LIBERACAO ANT:766 FREE_PROCESS:2 bytes:2613588 alloc_cont:159328 free_cont:158562 diff:766 menor:10 maior:20 media:15 bytes:12624 fragInt:2696 fragExt:0 free: p1:225 p2:224 p3:542
 LIBERACAO ANT:766 FREE_PROCESS:2 bytes:2626208 alloc_cont:160094 free_cont:159328 diff:766 menor:10 maior:20 media:15 bytes:12620 fragInt:2700 fragExt:0 free: p1:232 p2:211 p3:555
 LIBERACAO ANT:766 FREE_PROCESS:3 bytes:2638804 alloc_cont:160860 free_cont:160094 diff:766 menor:10 maior:20 media:15 bytes:12596 fragInt:2724 fragExt:0 free: p1:232 p2:217 p3:549
 LIBERACAO ANT:766 FREE_PROCESS:3 bytes:2651364 alloc_cont:161626 free_cont:160860 diff:766 menor:10 maior:20 media:15 bytes:12560 fragInt:2760 fragExt:0 free: p1:230 p2:230 p3:536
 LIBERACAO ANT:766 FREE_PROCESS:3 bytes:2663952 alloc_cont:162392 free_cont:161626 diff:766 menor:10 maior:20 media:15 bytes:12588 fragInt:2732 fragExt:0 free: p1:219 p2:245 p3:521
 LIBERACAO ANT:766 FREE_PROCESS:3 bytes:2676416 alloc_cont:163158 free_cont:162392 diff:766 menor:10 maior:20 media:15 bytes:12464 fragInt:2856 fragExt:0 free: p1:233 p2:248 p3:518
 LIBERACAO ANT:766 FREE_PROCESS:3 bytes:2689084 alloc_cont:163924 free_cont:163158 diff:766 menor:10 maior:20 media:15 bytes:12668 fragInt:2652 fragExt:0 free: p1:216 p2:231 p3:535
 LIBERACAO ANT:766 FREE_PROCESS:2 bytes:2701688 alloc_cont:164690 free_cont:163924 diff:766 menor:10 maior:20 media:15 bytes:12604 fragInt:2716 fragExt:0 free: p1:228 p2:223 p3:543
 LIBERACAO ANT:766 FREE_PROCESS:1 bytes:2714204 alloc_cont:165456 free_cont:164690 diff:766 menor:10 maior:20 media:15 bytes:12516 fragInt:2804 fragExt:0 free: p1:240 p2:221 p3:545
 LIBERACAO ANT:766 FREE_PROCESS:3 bytes:2726664 alloc_cont:166222 free_cont:165456 diff:766 menor:10 maior:20 media:15 bytes:12460 fragInt:2860 fragExt:0 free: p1:251 p2:213 p3:553
 LIBERACAO ANT:766 FREE_PROCESS:3 bytes:2739396 alloc_cont:166988 free_cont:166222 diff:766 menor:10 maior:20 media:15 bytes:12732 fragInt:2588 fragExt:0 free: p1:207 p2:233 p3:533
 LIBERACAO ANT:766 FREE_PROCESS:2 bytes:2751920 alloc_cont:167754 free_cont:166988 diff:766 menor:10 maior:20 media:15 bytes:12524 fragInt:2796 fragExt:0 free: p1:226 p2:247 p3:519
 LIBERACAO ANT:766 FREE_PROCESS:2 bytes:2764416 alloc_cont:168520 free_cont:167754 diff:766 menor:10 maior:20 media:15 bytes:12496 fragInt:2824 fragExt:0 free: p1:226 p2:254 p3:512
 LIBERACAO ANT:766 FREE_PROCESS:3 bytes:2777052 alloc_cont:169286 free_cont:168520 diff:766 menor:10 maior:20 media:15 bytes:12636 fragInt:2684 fragExt:0 free: p1:221 p2:229 p3:537
 LIBERACAO ANT:766 FREE_PROCESS:2 bytes:2789456 alloc_cont:170052 free_cont:169286 diff:766 menor:10 maior:20 media:15 bytes:12404 fragInt:2916 fragExt:0 free: p1:257 p2:215 p3:551
 LIBERACAO ANT:766 FREE_PROCESS:3 bytes:2802060 alloc_cont:170818 free_cont:170052 diff:766 menor:10 maior:20 media:15 bytes:12604 fragInt:2716 fragExt:0 free: p1:217 p2:245 p3:521
 LIBERACAO ANT:766 FREE_PROCESS:3 bytes:2814676 alloc_cont:171584 free_cont:170818 diff:766 menor:10 maior:20 media:15 bytes:12616 fragInt:2704 fragExt:0 free: p1:218 p2:240 p3:526
 LIBERACAO ANT:766 FREE_PROCESS:2 bytes:2827128 alloc_cont:172350 free_cont:171584 diff:766 menor:10 maior:20 media:15 bytes:12452 fragInt:2868 fragExt:0 free: p1:237 p2:243 p3:523
 LIBERACAO ANT:766 FREE_PROCESS:1 bytes:2839728 alloc_cont:173116 free_cont:172350 diff:766 menor:10 maior:20 media:15 bytes:12600 fragInt:2720 fragExt:0 free: p1:210 p2:260 p3:506
 LIBERACAO ANT:766 FREE_PROCESS:2 bytes:2852452 alloc_cont:173882 free_cont:173116 diff:766 menor:10 maior:20 media:15 bytes:12724 fragInt:2596 fragExt:0 free: p1:219 p2:211 p3:555
 LIBERACAO ANT:766 FREE_PROCESS:2 bytes:2865088 alloc_cont:174648 free_cont:173882 diff:766 menor:10 maior:20 media:15 bytes:12636 fragInt:2684 fragExt:0 free: p1:216 p2:239 p3:527
 LIBERACAO ANT:766 FREE_PROCESS:3 bytes:2877680 alloc_cont:175414 free_cont:174648 diff:766 menor:10 maior:20 media:15 bytes:12592 fragInt:2728 fragExt:0 free: p1:230 p2:222 p3:544
 LIBERACAO ANT:766 FREE_PROCESS:2 bytes:2890352 alloc_cont:176180 free_cont:175414 diff:766 menor:10 maior:20 media:15 bytes:12672 fragInt:2648 fragExt:0 free: p1:212 p2:238 p3:528
 LIBERACAO ANT:766 FREE_PROCESS:3 bytes:2902756 alloc_cont:176946 free_cont:176180 diff:766 menor:10 maior:20 media:15 bytes:12404 fragInt:2916 fragExt:0 free: p1:252 p2:225 p3:541
 LIBERACAO ANT:766 FREE_PROCESS:2 bytes:2915332 alloc_cont:177712 free_cont:176946 diff:766 menor:10 maior:20 media:15 bytes:12576 fragInt:2744 fragExt:0 free: p1:214 p2:258 p3:508
 LIBERACAO ANT:766 FREE_PROCESS:1 bytes:2927840 alloc_cont:178478 free_cont:177712 diff:766 menor:10 maior:20 media:15 bytes:12508 fragInt:2812 fragExt:0 free: p1:225 p2:253 p3:513
 LIBERACAO ANT:766 FREE_PROCESS:2 bytes:2940384 alloc_cont:179244 free_cont:178478 diff:766 menor:10 maior:20 media:15 bytes:12544 fragInt:2776 fragExt:0 free: p1:236 p2:222 p3:544
 LIBERACAO ANT:766 FREE_PROCESS:1 bytes:2952868 alloc_cont:180010 free_cont:179244 diff:766 menor:10 maior:20 media:15 bytes:12484 fragInt:2836 fragExt:0 free: p1:225 p2:259 p3:507
 LIBERACAO ANT:766 FREE_PROCESS:1 bytes:2965572 alloc_cont:180776 free_cont:180010 diff:766 menor:10 maior:20 media:15 bytes:12704 fragInt:2616 fragExt:0 free: p1:213 p2:228 p3:538
 LIBERACAO ANT:766 FREE_PROCESS:2 bytes:2977956 alloc_cont:181542 free_cont:180776 diff:766 menor:10 maior:20 media:15 bytes:12384 fragInt:2936 fragExt:0 free: p1:257 p2:220 p3:546
 LIBERACAO ANT:766 FREE_PROCESS:2 bytes:2990532 alloc_cont:182308 free_cont:181542 diff:766 menor:10 maior:20 media:15 bytes:12576 fragInt:2744 fragExt:0 free: p1:233 p2:220 p3:546
 LIBERACAO ANT:766 FREE_PROCESS:3 bytes:3003100 alloc_cont:183074 free_cont:182308 diff:766 menor:10 maior:20 media:15 bytes:12568 fragInt:2752 fragExt:0 free: p1:239 p2:210 p3:556
 LIBERACAO ANT:766 FREE_PROCESS:2 bytes:3015656 alloc_cont:183840 free_cont:183074 diff:766 menor:10 maior:20 media:15 bytes:12556 fragInt:2764 fragExt:0 free: p1:228 p2:235 p3:531
 LIBERACAO ANT:766 FREE_PROCESS:3 bytes:3028208 alloc_cont:184606 free_cont:183840 diff:766 menor:10 maior:20 media:15 bytes:12552 fragInt:2768 fragExt:0 free: p1:233 p2:226 p3:540
 LIBERACAO ANT:766 FREE_PROCESS:3 bytes:3040616 alloc_cont:185372 free_cont:184606 diff:766 menor:10 maior:20 media:15 bytes:12408 fragInt:2912 fragExt:0 free: p1:242 p2:244 p3:522
 LIBERACAO ANT:766 FREE_PROCESS:3 bytes:3053184 alloc_cont:186138 free_cont:185372 diff:766 menor:10 maior:20 media:15 bytes:12568 fragInt:2752 fragExt:0 free: p1:224 p2:240 p3:526
 LIBERACAO ANT:766 FREE_PROCESS:1 bytes:3065496 alloc_cont:186904 free_cont:186138 diff:766 menor:10 maior:20 media:15 bytes:12312 fragInt:3008 fragExt:0 free: p1:258 p2:236 p3:530
 LIBERACAO ANT:766 FREE_PROCESS:3 bytes:3078148 alloc_cont:187670 free_cont:186904 diff:766 menor:10 maior:20 media:15 bytes:12652 fragInt:2668 fragExt:0 free: p1:218 p2:231 p3:535
 LIBERACAO ANT:766 FREE_PROCESS:1 bytes:3090648 alloc_cont:188436 free_cont:187670 diff:766 menor:10 maior:20 media:15 bytes:12500 fragInt:2820 fragExt:0 free: p1:239 p2:227 p3:539
 LIBERACAO ANT:766 FREE_PROCESS:1 bytes:3103280 alloc_cont:189202 free_cont:188436 diff:766 menor:10 maior:20 media:15 bytes:12632 fragInt:2688 fragExt:0 free: p1:223 p2:226 p3:540
 LIBERACAO ANT:766 FREE_PROCESS:1 bytes:3116004 alloc_cont:189968 free_cont:189202 diff:766 menor:10 maior:20 media:15 bytes:12724 fragInt:2596 fragExt:0 free: p1:204 p2:241 p3:525
 LIBERACAO ANT:766 FREE_PROCESS:3 bytes:3128592 alloc_cont:190734 free_cont:189968 diff:766 menor:10 maior:20 media:15 bytes:12588 fragInt:2732 fragExt:0 free: p1:222 p2:239 p3:527
 LIBERACAO ANT:766 FREE_PROCESS:3 bytes:3141236 alloc_cont:191500 free_cont:190734 diff:766 menor:10 maior:20 media:15 bytes:12644 fragInt:2676 fragExt:0 free: p1:223 p2:223 p3:543
 LIBERACAO ANT:766 FREE_PROCESS:1 bytes:3153924 alloc_cont:192266 free_cont:191500 diff:766 menor:10 maior:20 media:15 bytes:12688 fragInt:2632 fragExt:0 free: p1:210 p2:238 p3:528
 LIBERACAO ANT:766 FREE_PROCESS:1 bytes:3166516 alloc_cont:193032 free_cont:192266 diff:766 menor:10 maior:20 media:15 bytes:12592 fragInt:2728 fragExt:0 free: p1:226 p2:230 p3:536
 LIBERACAO ANT:766 FREE_PROCESS:2 bytes:3179232 alloc_cont:193798 free_cont:193032 diff:766 menor:10 maior:20 media:15 bytes:12716 fragInt:2604 fragExt:0 free: p1:219 p2:213 p3:553
 LIBERACAO ANT:766 FREE_PROCESS:3 bytes:3191892 alloc_cont:194564 free_cont:193798 diff:766 menor:10 maior:20 media:15 bytes:12660 fragInt:2660 fragExt:0 free: p1:217 p2:231 p3:535
 LIBERACAO ANT:766 FREE_PROCESS:1 bytes:3204460 alloc_cont:195330 free_cont:194564 diff:766 menor:10 maior:20 media:15 bytes:12568 fragInt:2752 fragExt:0 free: p1:233 p2:222 p3:544
 LIBERACAO ANT:766 FREE_PROCESS:2 bytes:3216980 alloc_cont:196096 free_cont:195330 diff:766 menor:10 maior:20 media:15 bytes:12520 fragInt:2800 fragExt:0 free: p1:228 p2:244 p3:522
 LIBERACAO ANT:766 FREE_PROCESS:3 bytes:3229568 alloc_cont:196862 free_cont:196096 diff:766 menor:10 maior:20 media:15 bytes:12588 fragInt:2732 fragExt:0 free: p1:217 p2:249 p3:517
 LIBERACAO ANT:766 FREE_PROCESS:2 bytes:3242120 alloc_cont:197628 free_cont:196862 diff:766 menor:10 maior:20 media:15 bytes:12552 fragInt:2768 fragExt:0 free: p1:238 p2:216 p3:550
 LIBERACAO ANT:766 FREE_PROCESS:3 bytes:3254648 alloc_cont:198394 free_cont:197628 diff:766 menor:10 maior:20 media:15 bytes:12528 fragInt:2792 fragExt:0 free: p1:231 p2:236 p3:530
 LIBERACAO ANT:766 FREE_PROCESS:1 bytes:3267232 alloc_cont:199160 free_cont:198394 diff:766 menor:10 maior:20 media:15 bytes:12584 fragInt:2736 fragExt:0 free: p1:228 p2:228 p3:538
 LIBERACAO ANT:766 FREE_PROCESS:1 bytes:3279740 alloc_cont:199926 free_cont:199160 diff:766 menor:10 maior:20 media:15 bytes:12508 fragInt:2812 fragExt:0 free: p1:245 p2:213 p3:553
 LIBERACAO ANT:766 FREE_PROCESS:3 bytes:3292216 alloc_cont:200692 free_cont:199926 diff:766 menor:10 maior:20 media:15 bytes:12476 fragInt:2844 fragExt:0 free: p1:246 p2:219 p3:547
 LIBERACAO ANT:766 FREE_PROCESS:3 bytes:3304748 alloc_cont:201458 free_cont:200692 diff:766 menor:10 maior:20 media:15 bytes:12532 fragInt:2788 fragExt:0 free: p1:230 p2:237 p3:529
 LIBERACAO ANT:766 FREE_PROCESS:1 bytes:3317400 alloc_cont:202224 free_cont:201458 diff:766 menor:10 maior:20 media:15 bytes:12652 fragInt:2668 fragExt:0 free: p1:224 p2:219 p3:547
 LIBERACAO ANT:766 FREE_PROCESS:2 bytes:3329856 alloc_cont:202990 free_cont:202224 diff:766 menor:10 maior:20 media:15 bytes:12456 fragInt:2864 fragExt:0 free: p1:241 p2:234 p3:532
 LIBERACAO ANT:766 FREE_PROCESS:3 bytes:3342380 alloc_cont:203756 free_cont:202990 diff:766 menor:10 maior:20 media:15 bytes:12524 fragInt:2796 fragExt:0 free: p1:231 p2:237 p3:529
 LIBERACAO ANT:766 FREE_PROCESS:3 bytes:3354876 alloc_cont:204522 free_cont:203756 diff:766 menor:10 maior:20 media:15 bytes:12496 fragInt:2824 fragExt:0 free: p1:245 p2:216 p3:550
 LIBERACAO ANT:766 FREE_PROCESS:2 bytes:3367468 alloc_cont:205288 free_cont:204522 diff:766 menor:10 maior:20 media:15 bytes:12592 fragInt:2728 fragExt:0 free: p1:238 p2:206 p3:560
 LIBERACAO ANT:766 FREE_PROCESS:3 bytes:3380236 alloc_cont:206054 free_cont:205288 diff:766 menor:10 maior:20 media:15 bytes:12768 fragInt:2552 fragExt:0 free: p1:202 p2:234 p3:532
 LIBERACAO ANT:766 FREE_PROCESS:3 bytes:3392976 alloc_cont:206820 free_cont:206054 diff:766 menor:10 maior:20 media:15 bytes:12740 fragInt:2580 fragExt:0 free: p1:208 p2:229 p3:537
 LIBERACAO ANT:766 FREE_PROCESS:2 bytes:3405416 alloc_cont:207586 free_cont:206820 diff:766 menor:10 maior:20 media:15 bytes:12440 fragInt:2880 fragExt:0 free: p1:244 p2:232 p3:534
 LIBERACAO ANT:766 FREE_PROCESS:1 bytes:3418024 alloc_cont:208352 free_cont:207586 diff:766 menor:10 maior:20 media:15 bytes:12608 fragInt:2712 fragExt:0 free: p1:219 p2:240 p3:526
 LIBERACAO ANT:766 FREE_PROCESS:1 bytes:3430608 alloc_cont:209118 free_cont:208352 diff:766 menor:10 maior:20 media:15 bytes:12584 fragInt:2736 fragExt:0 free: p1:221 p2:242 p3:524
 LIBERACAO ANT:766 FREE_PROCESS:2 bytes:3443332 alloc_cont:209884 free_cont:209118 diff:766 menor:10 maior:20 media:15 bytes:12724 fragInt:2596 fragExt:0 free: p1:204 p2:241 p3:525
 LIBERACAO ANT:766 FREE_PROCESS:2 bytes:3455940 alloc_cont:210650 free_cont:209884 diff:766 menor:10 maior:20 media:15 bytes:12608 fragInt:2712 fragExt:0 free: p1:215 p2:248 p3:518
 LIBERACAO ANT:766 FREE_PROCESS:3 bytes:3468576 alloc_cont:211416 free_cont:210650 diff:766 menor:10 maior:20 media:15 bytes:12636 fragInt:2684 fragExt:0 free: p1:219 p2:233 p3:533
 LIBERACAO ANT:766 FREE_PROCESS:1 bytes:3481032 alloc_cont:212182 free_cont:211416 diff:766 menor:10 maior:20 media:15 bytes:12456 fragInt:2864 fragExt:0 free: p1:234 p2:248 p3:518
 LIBERACAO ANT:766 FREE_PROCESS:2 bytes:3493660 alloc_cont:212948 free_cont:212182 diff:766 menor:10 maior:20 media:15 bytes:12628 fragInt:2692 fragExt:0 free: p1:218 p2:237 p3:529
 LIBERACAO ANT:766 FREE_PROCESS:1 bytes:3506264 alloc_cont:213714 free_cont:212948 diff:766 menor:10 maior:20 media:15 bytes:12604 fragInt:2716 fragExt:0 free: p1:222 p2:235 p3:531
 LIBERACAO ANT:766 FREE_PROCESS:2 bytes:3518708 alloc_cont:214480 free_cont:213714 diff:766 menor:10 maior:20 media:15 bytes:12444 fragInt:2876 fragExt:0 free: p1:240 p2:239 p3:527
 LIBERACAO ANT:766 FREE_PROCESS:3 bytes:3531400 alloc_cont:215246 free_cont:214480 diff:766 menor:10 maior:20 media:15 bytes:12692 fragInt:2628 fragExt:0 free: p1:222 p2:213 p3:553
 LIBERACAO ANT:766 FREE_PROCESS:2 bytes:3543988 alloc_cont:216012 free_cont:215246 diff:766 menor:10 maior:20 media:15 bytes:12588 fragInt:2732 fragExt:0 free: p1:229 p2:225 p3:541
 LIBERACAO ANT:766 FREE_PROCESS:1 bytes:3556688 alloc_cont:216778 free_cont:216012 diff:766 menor:10 maior:20 media:15 bytes:12700 fragInt:2620 fragExt:0 free: p1:209 p2:237 p3:529
 LIBERACAO ANT:766 FREE_PROCESS:2 bytes:3569188 alloc_cont:217544 free_cont:216778 diff:766 menor:10 maior:20 media:15 bytes:12500 fragInt:2820 fragExt:0 free: p1:242 p2:221 p3:545
 LIBERACAO ANT:766 FREE_PROCESS:3 bytes:3581680 alloc_cont:218310 free_cont:217544 diff:766 menor:10 maior:20 media:15 bytes:12492 fragInt:2828 fragExt:0 free: p1:237 p2:233 p3:533
 LIBERACAO ANT:766 FREE_PROCESS:1 bytes:3594228 alloc_cont:219076 free_cont:218310 diff:766 menor:10 maior:20 media:15 bytes:12548 fragInt:2772 fragExt:0 free: p1:233 p2:227 p3:539
 LIBERACAO ANT:766 FREE_PROCESS:3 bytes:3606832 alloc_cont:219842 free_cont:219076 diff:766 menor:10 maior:20 media:15 bytes:12604 fragInt:2716 fragExt:0 free: p1:230 p2:219 p3:547
 LIBERACAO ANT:766 FREE_PROCESS:2 bytes:3619448 alloc_cont:220608 free_cont:219842 diff:766 menor:10 maior:20 media:15 bytes:12616 fragInt:2704 fragExt:0 free: p1:215 p2:246 p3:520
 LIBERACAO ANT:766 FREE_PROCESS:3 bytes:3632012 alloc_cont:221374 free_cont:220608 diff:766 menor:10 maior:20 media:15 bytes:12564 fragInt:2756 fragExt:0 free: p1:229 p2:231 p3:535
 LIBERACAO ANT:766 FREE_PROCESS:3 bytes:3644500 alloc_cont:222140 free_cont:221374 diff:766 menor:10 maior:20 media:15 bytes:12488 fragInt:2832 fragExt:0 free: p1:234 p2:240 p3:526
 LIBERACAO ANT:766 FREE_PROCESS:1 bytes:3656916 alloc_cont:222906 free_cont:222140 diff:766 menor:10 maior:20 media:15 bytes:12416 fragInt:2904 fragExt:0 free: p1:236 p2:254 p3:512
 LIBERACAO ANT:766 FREE_PROCESS:3 bytes:3669524 alloc_cont:223672 free_cont:222906 diff:766 menor:10 maior:20 media:15 bytes:12608 fragInt:2712 fragExt:0 free: p1:221 p2:236 p3:530
 LIBERACAO ANT:766 FREE_PROCESS:3 bytes:3682180 alloc_cont:224438 free_cont:223672 diff:766 menor:10 maior:20 media:15 bytes:12656 fragInt:2664 fragExt:0 free: p1:221 p2:224 p3:542
 LIBERACAO ANT:766 FREE_PROCESS:3 bytes:3694600 alloc_cont:225204 free_cont:224438 diff:766 menor:10 maior:20 media:15 bytes:12420 fragInt:2900 fragExt:0 free: p1:246 p2:233 p3:533
 LIBERACAO ANT:766 FREE_PROCESS:3 bytes:3707184 alloc_cont:225970 free_cont:225204 diff:766 menor:10 maior:20 media:15 bytes:12584 fragInt:2736 fragExt:0 free: p1:228 p2:228 p3:538
 LIBERACAO ANT:766 FREE_PROCESS:1 bytes:3719876 alloc_cont:226736 free_cont:225970 diff:766 menor:10 maior:20 media:15 bytes:12692 fragInt:2628 fragExt:0 free: p1:216 p2:225 p3:541
 LIBERACAO ANT:766 FREE_PROCESS:2 bytes:3732228 alloc_cont:227502 free_cont:226736 diff:766 menor:10 maior:20 media:15 bytes:12352 fragInt:2968 fragExt:0 free: p1:257 p2:228 p3:538
 LIBERACAO ANT:766 FREE_PROCESS:1 bytes:3744880 alloc_cont:228268 free_cont:227502 diff:766 menor:10 maior:20 media:15 bytes:12652 fragInt:2668 fragExt:0 free: p1:222 p2:223 p3:543
 LIBERACAO ANT:766 FREE_PROCESS:2 bytes:3757388 alloc_cont:229034 free_cont:228268 diff:766 menor:10 maior:20 media:15 bytes:12508 fragInt:2812 fragExt:0 free: p1:227 p2:249 p3:517
 LIBERACAO ANT:766 FREE_PROCESS:3 bytes:3769992 alloc_cont:229800 free_cont:229034 diff:766 menor:10 maior:20 media:15 bytes:12604 fragInt:2716 fragExt:0 free: p1:245 p2:189 p3:577
 LIBERACAO ANT:766 FREE_PROCESS:3 bytes:3782548 alloc_cont:230566 free_cont:229800 diff:766 menor:10 maior:20 media:15 bytes:12556 fragInt:2764 fragExt:0 free: p1:245 p2:201 p3:565
 LIBERACAO ANT:766 FREE_PROCESS:2 bytes:3795184 alloc_cont:231332 free_cont:230566 diff:766 menor:10 maior:20 media:15 bytes:12636 fragInt:2684 fragExt:0 free: p1:233 p2:205 p3:561
 LIBERACAO ANT:766 FREE_PROCESS:3 bytes:3807824 alloc_cont:232098 free_cont:231332 diff:766 menor:10 maior:20 media:15 bytes:12640 fragInt:2680 fragExt:0 free: p1:222 p2:226 p3:540
 LIBERACAO ANT:766 FREE_PROCESS:3 bytes:3820516 alloc_cont:232864 free_cont:232098 diff:766 menor:10 maior:20 media:15 bytes:12692 fragInt:2628 fragExt:0 free: p1:209 p2:239 p3:527
 LIBERACAO ANT:766 FREE_PROCESS:2 bytes:3833072 alloc_cont:233630 free_cont:232864 diff:766 menor:10 maior:20 media:15 bytes:12556 fragInt:2764 fragExt:0 free: p1:229 p2:233 p3:533
 LIBERACAO ANT:766 FREE_PROCESS:2 bytes:3845416 alloc_cont:234396 free_cont:233630 diff:766 menor:10 maior:20 media:15 bytes:12344 fragInt:2976 fragExt:0 free: p1:243 p2:258 p3:508
 LIBERACAO ANT:766 FREE_PROCESS:3 bytes:3858168 alloc_cont:235162 free_cont:234396 diff:766 menor:10 maior:20 media:15 bytes:12752 fragInt:2568 fragExt:0 free: p1:214 p2:214 p3:552
 LIBERACAO ANT:766 FREE_PROCESS:1 bytes:3870716 alloc_cont:235928 free_cont:235162 diff:766 menor:10 maior:20 media:15 bytes:12548 fragInt:2772 fragExt:0 free: p1:223 p2:247 p3:519
 LIBERACAO ANT:766 FREE_PROCESS:3 bytes:3883220 alloc_cont:236694 free_cont:235928 diff:766 menor:10 maior:20 media:15 bytes:12504 fragInt:2816 fragExt:0 free: p1:239 p2:226 p3:540
 LIBERACAO ANT:766 FREE_PROCESS:1 bytes:3895896 alloc_cont:237460 free_cont:236694 diff:766 menor:10 maior:20 media:15 bytes:12676 fragInt:2644 fragExt:0 free: p1:217 p2:227 p3:539
 LIBERACAO ANT:766 FREE_PROCESS:3 bytes:3908312 alloc_cont:238226 free_cont:237460 diff:766 menor:10 maior:20 media:15 bytes:12416 fragInt:2904 fragExt:0 free: p1:248 p2:230 p3:536
 LIBERACAO ANT:766 FREE_PROCESS:3 bytes:3920812 alloc_cont:238992 free_cont:238226 diff:766 menor:10 maior:20 media:15 bytes:12500 fragInt:2820 fragExt:0 free: p1:243 p2:219 p3:547
 LIBERACAO ANT:766 FREE_PROCESS:1 bytes:3933416 alloc_cont:239758 free_cont:238992 diff:766 menor:10 maior:20 media:15 bytes:12604 fragInt:2716 fragExt:0 free: p1:222 p2:235 p3:531
 LIBERACAO ANT:766 FREE_PROCESS:2 bytes:3945912 alloc_cont:240524 free_cont:239758 diff:766 menor:10 maior:20 media:15 bytes:12496 fragInt:2824 fragExt:0 free: p1:242 p2:222 p3:544
 LIBERACAO ANT:766 FREE_PROCESS:3 bytes:3958336 alloc_cont:241290 free_cont:240524 diff:766 menor:10 maior:20 media:15 bytes:12424 fragInt:2896 fragExt:0 free: p1:242 p2:240 p3:526
 LIBERACAO ANT:766 FREE_PROCESS:3 bytes:3970928 alloc_cont:242056 free_cont:241290 diff:766 menor:10 maior:20 media:15 bytes:12592 fragInt:2728 fragExt:0 free: p1:224 p2:234 p3:532
 LIBERACAO ANT:766 FREE_PROCESS:2 bytes:3983324 alloc_cont:242822 free_cont:242056 diff:766 menor:10 maior:20 media:15 bytes:12396 fragInt:2924 fragExt:0 free: p1:255 p2:221 p3:545
 LIBERACAO ANT:766 FREE_PROCESS:3 bytes:3995960 alloc_cont:243588 free_cont:242822 diff:766 menor:10 maior:20 media:15 bytes:12636 fragInt:2684 fragExt:0 free: p1:223 p2:225 p3:541
 LIBERACAO ANT:766 FREE_PROCESS:1 bytes:4008480 alloc_cont:244354 free_cont:243588 diff:766 menor:10 maior:20 media:15 bytes:12520 fragInt:2800 fragExt:0 free: p1:236 p2:228 p3:538
 LIBERACAO ANT:766 FREE_PROCESS:2 bytes:4020948 alloc_cont:245120 free_cont:244354 diff:766 menor:10 maior:20 media:15 bytes:12468 fragInt:2852 fragExt:0 free: p1:239 p2:235 p3:531
 LIBERACAO ANT:766 FREE_PROCESS:3 bytes:4033364 alloc_cont:245886 free_cont:245120 diff:766 menor:10 maior:20 media:15 bytes:12416 fragInt:2904 fragExt:0 free: p1:243 p2:240 p3:526
 LIBERACAO ANT:766 FREE_PROCESS:2 bytes:4045736 alloc_cont:246652 free_cont:245886 diff:766 menor:10 maior:20 media:15 bytes:12372 fragInt:2948 fragExt:0 free: p1:255 p2:227 p3:539
 LIBERACAO ANT:766 FREE_PROCESS:3 bytes:4058164 alloc_cont:247418 free_cont:246652 diff:766 menor:10 maior:20 media:15 bytes:12428 fragInt:2892 fragExt:0 free: p1:246 p2:231 p3:535
 LIBERACAO ANT:766 FREE_PROCESS:2 bytes:4070688 alloc_cont:248184 free_cont:247418 diff:766 menor:10 maior:20 media:15 bytes:12524 fragInt:2796 fragExt:0 free: p1:233 p2:233 p3:533
 LIBERACAO ANT:766 FREE_PROCESS:2 bytes:4083216 alloc_cont:248950 free_cont:248184 diff:766 menor:10 maior:20 media:15 bytes:12528 fragInt:2792 fragExt:0 free: p1:232 p2:234 p3:532
 LIBERACAO ANT:766 FREE_PROCESS:3 bytes:4095888 alloc_cont:249716 free_cont:248950 diff:766 menor:10 maior:20 media:15 bytes:12672 fragInt:2648 fragExt:0 free: p1:212 p2:238 p3:528
 LIBERACAO ANT:766 FREE_PROCESS:1 bytes:4108568 alloc_cont:250482 free_cont:249716 diff:766 menor:10 maior:20 media:15 bytes:12680 fragInt:2640 fragExt:0 free: p1:226 p2:208 p3:558
 LIBERACAO ANT:766 FREE_PROCESS:1 bytes:4121156 alloc_cont:251248 free_cont:250482 diff:766 menor:10 maior:20 media:15 bytes:12588 fragInt:2732 fragExt:0 free: p1:229 p2:225 p3:541
 LIBERACAO ANT:766 FREE_PROCESS:2 bytes:4133724 alloc_cont:252014 free_cont:251248 diff:766 menor:10 maior:20 media:15 bytes:12568 fragInt:2752 fragExt:0 free: p1:226 p2:236 p3:530
 LIBERACAO ANT:766 FREE_PROCESS:3 bytes:4146220 alloc_cont:252780 free_cont:252014 diff:766 menor:10 maior:20 media:15 bytes:12496 fragInt:2824 fragExt:0 free: p1:233 p2:240 p3:526
 LIBERACAO ANT:766 FREE_PROCESS:3 bytes:4158676 alloc_cont:253546 free_cont:252780 diff:766 menor:10 maior:20 media:15 bytes:12456 fragInt:2864 fragExt:0 free: p1:243 p2:230 p3:536
 LIBERACAO ANT:766 FREE_PROCESS:2 bytes:4171232 alloc_cont:254312 free_cont:253546 diff:766 menor:10 maior:20 media:15 bytes:12556 fragInt:2764 fragExt:0 free: p1:230 p2:231 p3:535
 LIBERACAO ANT:766 FREE_PROCESS:3 bytes:4183756 alloc_cont:255078 free_cont:254312 diff:766 menor:10 maior:20 media:15 bytes:12524 fragInt:2796 fragExt:0 free: p1:234 p2:231 p3:535
 LIBERACAO ANT:766 FREE_PROCESS:1 bytes:4196260 alloc_cont:255844 free_cont:255078 diff:766 menor:10 maior:20 media:15 bytes:12504 fragInt:2816 fragExt:0 free: p1:240 p2:224 p3:542
 LIBERACAO ANT:766 FREE_PROCESS:3 bytes:4208704 alloc_cont:256610 free_cont:255844 diff:766 menor:10 maior:20 media:15 bytes:12444 fragInt:2876 fragExt:0 free: p1:240 p2:239 p3:527
 LIBERACAO ANT:766 FREE_PROCESS:2 bytes:4221228 alloc_cont:257376 free_cont:256610 diff:766 menor:10 maior:20 media:15 bytes:12524 fragInt:2796 fragExt:0 free: p1:231 p2:237 p3:529
 LIBERACAO ANT:766 FREE_PROCESS:1 bytes:4233760 alloc_cont:258142 free_cont:257376 diff:766 menor:10 maior:20 media:15 bytes:12532 fragInt:2788 fragExt:0 free: p1:229 p2:239 p3:527
 LIBERACAO ANT:766 FREE_PROCESS:3 bytes:4246184 alloc_cont:258908 free_cont:258142 diff:766 menor:10 maior:20 media:15 bytes:12424 fragInt:2896 fragExt:0 free: p1:254 p2:216 p3:550
 LIBERACAO ANT:766 FREE_PROCESS:2 bytes:4258584 alloc_cont:259674 free_cont:258908 diff:766 menor:10 maior:20 media:15 bytes:12400 fragInt:2920 fragExt:0 free: p1:245 p2:240 p3:526
 LIBERACAO ANT:766 FREE_PROCESS:1 bytes:4271116 alloc_cont:260440 free_cont:259674 diff:766 menor:10 maior:20 media:15 bytes:12532 fragInt:2788 fragExt:0 free: p1:231 p2:235 p3:531
 LIBERACAO ANT:766 FREE_PROCESS:3 bytes:4283748 alloc_cont:261206 free_cont:260440 diff:766 menor:10 maior:20 media:15 bytes:12632 fragInt:2688 fragExt:0 free: p1:216 p2:240 p3:526
 LIBERACAO ANT:766 FREE_PROCESS:3 bytes:4296432 alloc_cont:261972 free_cont:261206 diff:766 menor:10 maior:20 media:15 bytes:12]0;max@Ubuntu-Max: ~/NKE/NKE0.8a/Placa[01;32mmax@Ubuntu-Max[00m:[01;34m~/NKE/NKE0.8a/Placa[00m$ ^C
]0;max@Ubuntu-Max: ~/NKE/NKE0.8a/Placa[01;32mmax@Ubuntu-Max[00m:[01;34m~/NKE/NKE0.8a/Placa[00m$ exit
exit

Script done on Dom 03 Jun 2018 23:54:47 -03
