Script started on Dom 03 Jun 2018 23:38:27 -03
]0;max@Ubuntu-Max: ~/NKE/NKE0.8a/Placa[01;32mmax@Ubuntu-Max[00m:[01;34m~/NKE/NKE0.8a/Placa[00m$ exit../terminal64 

Serial terminal/uploader for Linux: Command line:
	terminal64 [-f] [serial_device] [tty_out] [b=baudrate] [file.hex]

PaNKE-Terminal Opened "/dev/ttyUSB0" @ 19200 baud
Ctrl-C to exit
Ctrl-R RESET remote device
0 ÿ>>>>> INICIALIZA >>>>>> FREE_PROCESS:1 bytes:14512 alloc_cont:878 free_cont:0 diff:878 menor:12 maior:26 media:19 bytes:14512 fragInt:832 fragExt:0 free: p1:243 p2:276 p3:602
 LIBERACAO ANT:878 FREE_PROCESS:3 bytes:28784 alloc_cont:1756 free_cont:878 diff:878 menor:12 maior:26 media:18 bytes:14272 fragInt:1072 fragExt:0 free: p1:288 p2:246 p3:632
 LIBERACAO ANT:878 FREE_PROCESS:2 bytes:43152 alloc_cont:2634 free_cont:1756 diff:878 menor:12 maior:26 media:18 bytes:14368 fragInt:976 fragExt:0 free: p1:257 p2:284 p3:594
 LIBERACAO ANT:878 FREE_PROCESS:2 bytes:57676 alloc_cont:3512 free_cont:2634 diff:878 menor:12 maior:26 media:18 bytes:14524 fragInt:820 fragExt:0 free: p1:246 p2:267 p3:611
 LIBERACAO ANT:878 FREE_PROCESS:1 bytes:72104 alloc_cont:4390 free_cont:3512 diff:878 menor:12 maior:26 media:17 bytes:14428 fragInt:916 fragExt:0 free: p1:259 p2:265 p3:613
 LIBERACAO ANT:878 FREE_PROCESS:2 bytes:86488 alloc_cont:5268 free_cont:4390 diff:878 menor:12 maior:26 media:17 bytes:14384 fragInt:960 fragExt:0 free: p1:256 p2:282 p3:596
 LIBERACAO ANT:878 FREE_PROCESS:2 bytes:100784 alloc_cont:6146 free_cont:5268 diff:878 menor:12 maior:26 media:17 bytes:14296 fragInt:1048 fragExt:0 free: p1:274 p2:268 p3:610
 LIBERACAO ANT:878 FREE_PROCESS:1 bytes:115148 alloc_cont:7024 free_cont:6146 diff:878 menor:12 maior:26 media:17 bytes:14364 fragInt:980 fragExt:0 free: p1:265 p2:269 p3:609
 LIBERACAO ANT:878 FREE_PROCESS:1 bytes:129540 alloc_cont:7902 free_cont:7024 diff:878 menor:12 maior:26 media:17 bytes:14392 fragInt:952 fragExt:0 free: p1:268 p2:256 p3:622
 LIBERACAO ANT:878 FREE_PROCESS:1 bytes:143932 alloc_cont:8780 free_cont:7902 diff:878 menor:12 maior:26 media:17 bytes:14392 fragInt:952 fragExt:0 free: p1:267 p2:258 p3:620
 LIBERACAO ANT:878 FREE_PROCESS:3 bytes:158272 alloc_cont:9658 free_cont:8780 diff:878 menor:12 maior:26 media:17 bytes:14340 fragInt:1004 fragExt:0 free: p1:265 p2:275 p3:603
 LIBERACAO ANT:878 FREE_PROCESS:1 bytes:172748 alloc_cont:10536 free_cont:9658 diff:878 menor:12 maior:26 media:17 bytes:14476 fragInt:868 fragExt:0 free: p1:254 p2:263 p3:615
 LIBERACAO ANT:878 FREE_PROCESS:1 bytes:187136 alloc_cont:11414 free_cont:10536 diff:878 menor:12 maior:26 media:17 bytes:14388 fragInt:956 fragExt:0 free: p1:262 p2:269 p3:609
 LIBERACAO ANT:878 FREE_PROCESS:1 bytes:201480 alloc_cont:12292 free_cont:11414 diff:878 menor:12 maior:26 media:17 bytes:14344 fragInt:1000 fragExt:0 free: p1:257 p2:290 p3:588
 LIBERACAO ANT:878 FREE_PROCESS:3 bytes:215772 alloc_cont:13170 free_cont:12292 diff:878 menor:12 maior:26 media:17 bytes:14292 fragInt:1052 fragExt:0 free: p1:276 p2:265 p3:613
 LIBERACAO ANT:878 FREE_PROCESS:3 bytes:230164 alloc_cont:14048 free_cont:13170 diff:878 menor:12 maior:26 media:17 bytes:14392 fragInt:952 fragExt:0 free: p1:257 p2:278 p3:600
 LIBERACAO ANT:878 FREE_PROCESS:1 bytes:244464 alloc_cont:14926 free_cont:14048 diff:878 menor:12 maior:26 media:17 bytes:14300 fragInt:1044 fragExt:0 free: p1:267 p2:281 p3:597
 LIBERACAO ANT:878 FREE_PROCESS:2 bytes:258788 alloc_cont:15804 free_cont:14926 diff:878 menor:12 maior:26 media:17 bytes:14324 fragInt:1020 fragExt:0 free: p1:278 p2:253 p3:625
 LIBERACAO ANT:878 FREE_PROCESS:3 bytes:273388 alloc_cont:16682 free_cont:15804 diff:878 menor:12 maior:26 media:17 bytes:14600 fragInt:744 fragExt:0 free: p1:248 p2:244 p3:634
 LIBERACAO ANT:878 FREE_PROCESS:1 bytes:287920 alloc_cont:17560 free_cont:16682 diff:878 menor:12 maior:26 media:17 bytes:14532 fragInt:812 fragExt:0 free: p1:242 p2:273 p3:605
 LIBERACAO ANT:878 FREE_PROCESS:3 bytes:302592 alloc_cont:18438 free_cont:17560 diff:878 menor:12 maior:26 media:17 bytes:14672 fragInt:672 fragExt:0 free: p1:224 p2:274 p3:604
 LIBERACAO ANT:878 FREE_PROCESS:2 bytes:316856 alloc_cont:19316 free_cont:18438 diff:878 menor:12 maior:26 media:17 bytes:14264 fragInt:1080 fragExt:0 free: p1:283 p2:258 p3:620
 LIBERACAO ANT:878 FREE_PROCESS:3 bytes:331100 alloc_cont:20194 free_cont:19316 diff:878 menor:12 maior:26 media:17 bytes:14244 fragInt:1100 fragExt:0 free: p1:272 p2:285 p3:593
 LIBERACAO ANT:878 FREE_PROCESS:3 bytes:345464 alloc_cont:21072 free_cont:20194 diff:878 menor:12 maior:26 media:17 bytes:14364 fragInt:980 fragExt:0 free: p1:257 p2:285 p3:593
 LIBERACAO ANT:878 FREE_PROCESS:3 bytes:359724 alloc_cont:21950 free_cont:21072 diff:878 menor:12 maior:26 media:17 bytes:14260 fragInt:1084 fragExt:0 free: p1:286 p2:253 p3:625
 LIBERACAO ANT:878 FREE_PROCESS:1 bytes:374136 alloc_cont:22828 free_cont:21950 diff:878 menor:12 maior:26 media:17 bytes:14412 fragInt:932 fragExt:0 free: p1:278 p2:231 p3:647
 LIBERACAO ANT:878 FREE_PROCESS:1 bytes:388684 alloc_cont:23706 free_cont:22828 diff:878 menor:12 maior:26 media:17 bytes:14548 fragInt:796 fragExt:0 free: p1:236 p2:281 p3:597
 LIBERACAO ANT:878 FREE_PROCESS:2 bytes:403060 alloc_cont:24584 free_cont:23706 diff:878 menor:12 maior:26 media:17 bytes:14376 fragInt:968 fragExt:0 free: p1:259 p2:278 p3:600
 LIBERACAO ANT:878 FREE_PROCESS:3 bytes:417600 alloc_cont:25462 free_cont:24584 diff:878 menor:12 maior:26 media:17 bytes:14540 fragInt:804 fragExt:0 free: p1:247 p2:261 p3:617
 LIBERACAO ANT:878 FREE_PROCESS:2 bytes:432040 alloc_cont:26340 free_cont:25462 diff:878 menor:12 maior:26 media:17 bytes:14440 fragInt:904 fragExt:0 free: p1:248 p2:284 p3:594
 LIBERACAO ANT:878 FREE_PROCESS:3 bytes:446304 alloc_cont:27218 free_cont:26340 diff:878 menor:12 maior:26 media:17 bytes:14264 fragInt:1080 fragExt:0 free: p1:273 p2:278 p3:600
 LIBERACAO ANT:878 FREE_PROCESS:2 bytes:460832 alloc_cont:28096 free_cont:27218 diff:878 menor:12 maior:26 media:17 bytes:14528 fragInt:816 fragExt:0 free: p1:233 p2:292 p3:586
 LIBERACAO ANT:878 FREE_PROCESS:2 bytes:475228 alloc_cont:28974 free_cont:28096 diff:878 menor:12 maior:26 media:17 bytes:14396 fragInt:948 fragExt:0 free: p1:249 p2:293 p3:585
 LIBERACAO ANT:878 FREE_PROCESS:3 bytes:489692 alloc_cont:29852 free_cont:28974 diff:878 menor:12 maior:26 media:17 bytes:14464 fragInt:880 fragExt:0 free: p1:246 p2:282 p3:596
 LIBERACAO ANT:878 FREE_PROCESS:3 bytes:504196 alloc_cont:30730 free_cont:29852 diff:878 menor:12 maior:26 media:17 bytes:14504 fragInt:840 fragExt:0 free: p1:255 p2:254 p3:624
 LIBERACAO ANT:878 FREE_PROCESS:2 bytes:518644 alloc_cont:31608 free_cont:30730 diff:878 menor:12 maior:26 media:17 bytes:14448 fragInt:896 fragExt:0 free: p1:252 p2:274 p3:604
 LIBERACAO ANT:878 FREE_PROCESS:1 bytes:533024 alloc_cont:32486 free_cont:31608 diff:878 menor:12 maior:26 media:17 bytes:14380 fragInt:964 fragExt:0 free: p1:254 p2:287 p3:591
 LIBERACAO ANT:878 FREE_PROCESS:1 bytes:547252 alloc_cont:33364 free_cont:32486 diff:878 menor:12 maior:26 media:17 bytes:14228 fragInt:1116 fragExt:0 free: p1:279 p2:275 p3:603
 LIBERACAO ANT:878 FREE_PROCESS:3 bytes:561576 alloc_cont:34242 free_cont:33364 diff:878 menor:12 maior:26 media:17 bytes:14324 fragInt:1020 fragExt:0 free: p1:271 p2:267 p3:611
 LIBERACAO ANT:878 FREE_PROCESS:1 bytes:576044 alloc_cont:35120 free_cont:34242 diff:878 menor:12 maior:26 media:17 bytes:14468 fragInt:876 fragExt:0 free: p1:256 p2:261 p3:617
 LIBERACAO ANT:878 FREE_PROCESS:3 bytes:590468 alloc_cont:35998 free_cont:35120 diff:878 menor:12 maior:26 media:17 bytes:14424 fragInt:920 fragExt:0 free: p1:271 p2:242 p3:636
 LIBERACAO ANT:878 FREE_PROCESS:2 bytes:604840 alloc_cont:36876 free_cont:35998 diff:878 menor:12 maior:26 media:17 bytes:14372 fragInt:972 fragExt:0 free: p1:255 p2:287 p3:591
 LIBERACAO ANT:878 FREE_PROCESS:2 bytes:619408 alloc_cont:37754 free_cont:36876 diff:878 menor:12 maior:26 media:17 bytes:14568 fragInt:776 fragExt:0 free: p1:245 p2:258 p3:620
 LIBERACAO ANT:878 FREE_PROCESS:2 bytes:633772 alloc_cont:38632 free_cont:37754 diff:878 menor:12 maior:26 media:17 bytes:14364 fragInt:980 fragExt:0 free: p1:271 p2:257 p3:621
 LIBERACAO ANT:878 FREE_PROCESS:2 bytes:648152 alloc_cont:39510 free_cont:38632 diff:878 menor:12 maior:26 media:17 bytes:14380 fragInt:964 fragExt:0 free: p1:271 p2:253 p3:625
 LIBERACAO ANT:878 FREE_PROCESS:2 bytes:662568 alloc_cont:40388 free_cont:39510 diff:878 menor:12 maior:26 media:17 bytes:14416 fragInt:928 fragExt:0 free: p1:248 p2:290 p3:588
 LIBERACAO ANT:878 FREE_PROCESS:1 bytes:676972 alloc_cont:41266 free_cont:40388 diff:878 menor:12 maior:26 media:17 bytes:14404 fragInt:940 fragExt:0 free: p1:257 p2:275 p3:603
 LIBERACAO ANT:878 FREE_PROCESS:2 bytes:691328 alloc_cont:42144 free_cont:41266 diff:878 menor:12 maior:26 media:17 bytes:14356 fragInt:988 fragExt:0 free: p1:263 p2:275 p3:603
 LIBERACAO ANT:878 FREE_PROCESS:1 bytes:705664 alloc_cont:43022 free_cont:42144 diff:878 menor:12 maior:26 media:17 bytes:14336 fragInt:1008 fragExt:0 free: p1:273 p2:260 p3:618
 LIBERACAO ANT:878 FREE_PROCESS:2 bytes:719920 alloc_cont:43900 free_cont:43022 diff:878 menor:12 maior:26 media:17 bytes:14256 fragInt:1088 fragExt:0 free: p1:275 p2:276 p3:602
 LIBERACAO ANT:878 FREE_PROCESS:1 bytes:734304 alloc_cont:44778 free_cont:43900 diff:878 menor:12 maior:26 media:17 bytes:14384 fragInt:960 fragExt:0 free: p1:264 p2:266 p3:612
 LIBERACAO ANT:878 FREE_PROCESS:3 bytes:748660 alloc_cont:45656 free_cont:44778 diff:878 menor:12 maior:26 media:17 bytes:14356 fragInt:988 fragExt:0 free: p1:277 p2:247 p3:631
 LIBERACAO ANT:878 FREE_PROCESS:3 bytes:763140 alloc_cont:46534 free_cont:45656 diff:878 menor:12 maior:26 media:17 bytes:14480 fragInt:864 fragExt:0 free: p1:254 p2:262 p3:616
 LIBERACAO ANT:878 FREE_PROCESS:2 bytes:777564 alloc_cont:47412 free_cont:46534 diff:878 menor:12 maior:26 media:17 bytes:14424 fragInt:920 fragExt:0 free: p1:255 p2:274 p3:604
 LIBERACAO ANT:878 FREE_PROCESS:1 bytes:791972 alloc_cont:48290 free_cont:47412 diff:878 menor:12 maior:26 media:17 bytes:14408 fragInt:936 fragExt:0 free: p1:265 p2:258 p3:620
 LIBERACAO ANT:878 FREE_PROCESS:1 bytes:806344 alloc_cont:49168 free_cont:48290 diff:878 menor:12 maior:26 media:17 bytes:14372 fragInt:972 fragExt:0 free: p1:263 p2:271 p3:607
 LIBERACAO ANT:878 FREE_PROCESS:3 bytes:820636 alloc_cont:50046 free_cont:49168 diff:878 menor:12 maior:26 media:17 bytes:14292 fragInt:1052 fragExt:0 free: p1:270 p2:277 p3:601
 LIBERACAO ANT:878 FREE_PROCESS:3 bytes:835072 alloc_cont:50924 free_cont:50046 diff:878 menor:12 maior:26 media:17 bytes:14436 fragInt:908 fragExt:0 free: p1:266 p2:249 p3:629
 LIBERACAO ANT:878 FREE_PROCESS:2 bytes:849368 alloc_cont:51802 free_cont:50924 diff:878 menor:12 maior:26 media:17 bytes:14296 fragInt:1048 fragExt:0 free: p1:276 p2:264 p3:614
 LIBERACAO ANT:878 FREE_PROCESS:1 bytes:863924 alloc_cont:52680 free_cont:51802 diff:878 menor:12 maior:26 media:17 bytes:14556 fragInt:788 fragExt:0 free: p1:245 p2:261 p3:617
 LIBERACAO ANT:878 FREE_PROCESS:3 bytes:878320 alloc_cont:53558 free_cont:52680 diff:878 menor:12 maior:26 media:17 bytes:14396 fragInt:948 fragExt:0 free: p1:265 p2:261 p3:617
 LIBERACAO ANT:878 FREE_PROCESS:3 bytes:892768 alloc_cont:54436 free_cont:53558 diff:878 menor:12 maior:26 media:17 bytes:14448 fragInt:896 fragExt:0 free: p1:251 p2:276 p3:602
 LIBERACAO ANT:878 FREE_PROCESS:2 bytes:907124 alloc_cont:55314 free_cont:54436 diff:878 menor:12 maior:26 media:17 bytes:14356 fragInt:988 fragExt:0 free: p1:273 p2:255 p3:623
 LIBERACAO ANT:878 FREE_PROCESS:2 bytes:921476 alloc_cont:56192 free_cont:55314 diff:878 menor:12 maior:26 media:17 bytes:14352 fragInt:992 fragExt:0 free: p1:277 p2:248 p3:630
 LIBERACAO ANT:878 FREE_PROCESS:1 bytes:935944 alloc_cont:57070 free_cont:56192 diff:878 menor:12 maior:26 media:17 bytes:14468 fragInt:876 fragExt:0 free: p1:250 p2:273 p3:605
 LIBERACAO ANT:878 FREE_PROCESS:1 bytes:950464 alloc_cont:57948 free_cont:57070 diff:878 menor:12 maior:26 media:17 bytes:14520 fragInt:824 fragExt:0 free: p1:253 p2:254 p3:624
 LIBERACAO ANT:878 FREE_PROCESS:3 bytes:964852 alloc_cont:58826 free_cont:57948 diff:878 menor:12 maior:26 media:17 bytes:14388 fragInt:956 fragExt:0 free: p1:255 p2:283 p3:595
 LIBERACAO ANT:878 FREE_PROCESS:2 bytes:979412 alloc_cont:59704 free_cont:58826 diff:878 menor:12 maior:26 media:17 bytes:14560 fragInt:784 fragExt:0 free: p1:248 p2:254 p3:624
 LIBERACAO ANT:878 FREE_PROCESS:2 bytes:993820 alloc_cont:60582 free_cont:59704 diff:878 menor:12 maior:26 media:17 bytes:14408 fragInt:936 fragExt:0 free: p1:260 p2:268 p3:610
 LIBERACAO ANT:878 FREE_PROCESS:3 bytes:1008120 alloc_cont:61460 free_cont:60582 diff:878 menor:12 maior:26 media:17 bytes:14300 fragInt:1044 fragExt:0 free: p1:284 p2:247 p3:631
 LIBERACAO ANT:878 FREE_PROCESS:1 bytes:1022732 alloc_cont:62338 free_cont:61460 diff:878 menor:12 maior:26 media:17 bytes:14612 fragInt:732 fragExt:0 free: p1:234 p2:269 p3:609
 LIBERACAO ANT:878 FREE_PROCESS:3 bytes:1037144 alloc_cont:63216 free_cont:62338 diff:878 menor:12 maior:26 media:17 bytes:14412 fragInt:932 fragExt:0 free: p1:265 p2:257 p3:621
 LIBERACAO ANT:878 FREE_PROCESS:3 bytes:1051544 alloc_cont:64094 free_cont:63216 diff:878 menor:12 maior:26 media:17 bytes:14400 fragInt:944 fragExt:0 free: p1:256 p2:278 p3:600
 LIBERACAO ANT:878 FREE_PROCESS:3 bytes:1065776 alloc_cont:64972 free_cont:64094 diff:878 menor:12 maior:26 media:17 bytes:14232 fragInt:1112 fragExt:0 free: p1:287 p2:258 p3:620
 LIBERACAO ANT:878 FREE_PROCESS:3 bytes:1080056 alloc_cont:65850 free_cont:64972 diff:878 menor:12 maior:26 media:17 bytes:14280 fragInt:1064 fragExt:0 free: p1:273 p2:274 p3:604
 LIBERACAO ANT:878 FREE_PROCESS:3 bytes:1094368 alloc_cont:66728 free_cont:65850 diff:878 menor:12 maior:26 media:17 bytes:14312 fragInt:1032 fragExt:0 free: p1:278 p2:256 p3:622
 LIBERACAO ANT:878 FREE_PROCESS:3 bytes:1108772 alloc_cont:67606 free_cont:66728 diff:878 menor:12 maior:26 media:17 bytes:14404 fragInt:940 fragExt:0 free: p1:259 p2:271 p3:607
 LIBERACAO ANT:878 FREE_PROCESS:2 bytes:1123196 alloc_cont:68484 free_cont:67606 diff:878 menor:12 maior:26 media:17 bytes:14424 fragInt:920 fragExt:0 free: p1:262 p2:260 p3:618
 LIBERACAO ANT:878 FREE_PROCESS:3 bytes:1137708 alloc_cont:69362 free_cont:68484 diff:878 menor:12 maior:26 media:17 bytes:14512 fragInt:832 fragExt:0 free: p1:258 p2:246 p3:632
 LIBERACAO ANT:878 FREE_PROCESS:3 bytes:1152292 alloc_cont:70240 free_cont:69362 diff:878 menor:12 maior:26 media:17 bytes:14584 fragInt:760 fragExt:0 free: p1:248 p2:248 p3:630
 LIBERACAO ANT:878 FREE_PROCESS:3 bytes:1166660 alloc_cont:71118 free_cont:70240 diff:878 menor:12 maior:26 media:17 bytes:14368 fragInt:976 fragExt:0 free: p1:265 p2:268 p3:610
 LIBERACAO ANT:878 FREE_PROCESS:2 bytes:1181024 alloc_cont:71996 free_cont:71118 diff:878 menor:12 maior:26 media:17 bytes:14364 fragInt:980 fragExt:0 free: p1:270 p2:259 p3:619
 LIBERACAO ANT:878 FREE_PROCESS:1 bytes:1195448 alloc_cont:72874 free_cont:71996 diff:878 menor:12 maior:26 media:17 bytes:14424 fragInt:920 fragExt:0 free: p1:260 p2:264 p3:614
 LIBERACAO ANT:878 FREE_PROCESS:2 bytes:1209712 alloc_cont:73752 free_cont:72874 diff:878 menor:12 maior:26 media:17 bytes:14264 fragInt:1080 fragExt:0 free: p1:294 p2:236 p3:642
 LIBERACAO ANT:878 FREE_PROCESS:3 bytes:1224008 alloc_cont:74630 free_cont:73752 diff:878 menor:12 maior:26 media:17 bytes:14296 fragInt:1048 fragExt:0 free: p1:266 p2:284 p3:594
 LIBERACAO ANT:878 FREE_PROCESS:1 bytes:1238236 alloc_cont:75508 free_cont:74630 diff:878 menor:12 maior:26 media:17 bytes:14228 fragInt:1116 fragExt:0 free: p1:283 p2:267 p3:611
 LIBERACAO ANT:878 FREE_PROCESS:3 bytes:1252564 alloc_cont:76386 free_cont:75508 diff:878 menor:12 maior:26 media:17 bytes:14328 fragInt:1016 fragExt:0 free: p1:261 p2:286 p3:592
 LIBERACAO ANT:878 FREE_PROCESS:3 bytes:1266884 alloc_cont:77264 free_cont:76386 diff:878 menor:12 maior:26 media:17 bytes:14320 fragInt:1024 fragExt:0 free: p1:269 p2:272 p3:606
 LIBERACAO ANT:878 FREE_PROCESS:2 bytes:1281192 alloc_cont:78142 free_cont:77264 diff:878 menor:12 maior:26 media:17 bytes:14308 fragInt:1036 fragExt:0 free: p1:270 p2:273 p3:605
 LIBERACAO ANT:878 FREE_PROCESS:3 bytes:1295696 alloc_cont:79020 free_cont:78142 diff:878 menor:12 maior:26 media:17 bytes:14504 fragInt:840 fragExt:0 free: p1:265 p2:234 p3:644
 LIBERACAO ANT:878 FREE_PROCESS:1 bytes:1310076 alloc_cont:79898 free_cont:79020 diff:878 menor:12 maior:26 media:17 bytes:14380 fragInt:964 fragExt:0 free: p1:280 p2:235 p3:643
 LIBERACAO ANT:878 FREE_PROCESS:1 bytes:1324468 alloc_cont:80776 free_cont:79898 diff:878 menor:12 maior:26 media:17 bytes:14392 fragInt:952 fragExt:0 free: p1:260 p2:272 p3:606
 LIBERACAO ANT:878 FREE_PROCESS:3 bytes:1338956 alloc_cont:81654 free_cont:80776 diff:878 menor:12 maior:26 media:17 bytes:14488 fragInt:856 fragExt:0 free: p1:262 p2:244 p3:634
 LIBERACAO ANT:878 FREE_PROCESS:3 bytes:1353432 alloc_cont:82532 free_cont:81654 diff:878 menor:12 maior:26 media:17 bytes:14476 fragInt:868 fragExt:0 free: p1:247 p2:277 p3:601
 LIBERACAO ANT:878 FREE_PROCESS:3 bytes:1367876 alloc_cont:83410 free_cont:82532 diff:878 menor:12 maior:26 media:17 bytes:14444 fragInt:900 fragExt:0 free: p1:258 p2:263 p3:615
 LIBERACAO ANT:878 FREE_PROCESS:1 bytes:1382360 alloc_cont:84288 free_cont:83410 diff:878 menor:12 maior:26 media:17 bytes:14484 fragInt:860 fragExt:0 free: p1:249 p2:271 p3:607
 LIBERACAO ANT:878 FREE_PROCESS:3 bytes:1396660 alloc_cont:85166 free_cont:84288 diff:878 menor:12 maior:26 media:17 bytes:14300 fragInt:1044 fragExt:0 free: p1:284 p2:247 p3:631
 LIBERACAO ANT:878 FREE_PROCESS:1 bytes:1410916 alloc_cont:86044 free_cont:85166 diff:878 menor:12 maior:26 media:17 bytes:14256 fragInt:1088 fragExt:0 free: p1:288 p2:250 p3:628
 LIBERACAO ANT:878 FREE_PROCESS:1 bytes:1425340 alloc_cont:86922 free_cont:86044 diff:878 menor:12 maior:26 media:17 bytes:14424 fragInt:920 fragExt:0 free: p1:254 p2:276 p3:602
 LIBERACAO ANT:878 FREE_PROCESS:1 bytes:1439720 alloc_cont:87800 free_cont:86922 diff:878 menor:12 maior:26 media:17 bytes:14380 fragInt:964 fragExt:0 free: p1:257 p2:281 p3:597
 LIBERACAO ANT:878 FREE_PROCESS:3 bytes:1454088 alloc_cont:88678 free_cont:87800 diff:878 menor:12 maior:26 media:17 bytes:14368 fragInt:976 fragExt:0 free: p1:266 p2:266 p3:612
 LIBERACAO ANT:878 FREE_PROCESS:3 bytes:1468512 alloc_cont:89556 free_cont:88678 diff:878 menor:12 maior:26 media:17 bytes:14424 fragInt:920 fragExt:0 free: p1:270 p2:244 p3:634
 LIBERACAO ANT:878 FREE_PROCESS:2 bytes:1482900 alloc_cont:90434 free_cont:89556 diff:878 menor:12 maior:26 media:17 bytes:14388 fragInt:956 fragExt:0 free: p1:274 p2:245 p3:633
 LIBERACAO ANT:878 FREE_PROCESS:1 bytes:1497320 alloc_cont:91312 free_cont:90434 diff:878 menor:12 maior:26 media:17 bytes:14420 fragInt:924 fragExt:0 free: p1:264 p2:257 p3:621
 LIBERACAO ANT:878 FREE_PROCESS:2 bytes:1511924 alloc_cont:92190 free_cont:91312 diff:878 menor:12 maior:26 media:17 bytes:14604 fragInt:740 fragExt:0 free: p1:240 p2:259 p3:619
 LIBERACAO ANT:878 FREE_PROCESS:3 bytes:1526336 alloc_cont:93068 free_cont:92190 diff:878 menor:12 maior:26 media:17 bytes:14412 fragInt:932 fragExt:0 free: p1:270 p2:247 p3:631
 LIBERACAO ANT:878 FREE_PROCESS:2 bytes:1540808 alloc_cont:93946 free_cont:93068 diff:878 menor:12 maior:26 media:17 bytes:14472 fragInt:872 fragExt:0 free: p1:272 p2:228 p3:650
 LIBERACAO ANT:878 FREE_PROCESS:1 bytes:1555200 alloc_cont:94824 free_cont:93946 diff:878 menor:12 maior:26 media:17 bytes:14392 fragInt:952 fragExt:0 free: p1:254 p2:284 p3:594
 LIBERACAO ANT:878 FREE_PROCESS:1 bytes:1569572 alloc_cont:95702 free_cont:94824 diff:878 menor:12 maior:26 media:17 bytes:14372 fragInt:972 fragExt:0 free: p1:254 p2:289 p3:589
 LIBERACAO ANT:878 FREE_PROCESS:1 bytes:1584008 alloc_cont:96580 free_cont:95702 diff:878 menor:12 maior:26 media:17 bytes:14436 fragInt:908 fragExt:0 free: p1:258 p2:265 p3:613
 LIBERACAO ANT:878 FREE_PROCESS:1 bytes:1598432 alloc_cont:97458 free_cont:96580 diff:878 menor:12 maior:26 media:17 bytes:14424 fragInt:920 fragExt:0 free: p1:258 p2:268 p3:610
 LIBERACAO ANT:878 FREE_PROCESS:2 bytes:1612692 alloc_cont:98336 free_cont:97458 diff:878 menor:12 maior:26 media:17 bytes:14260 fragInt:1084 fragExt:0 free: p1:291 p2:243 p3:635
 LIBERACAO ANT:878 FREE_PROCESS:1 bytes:1627180 alloc_cont:99214 free_cont:98336 diff:878 menor:12 maior:26 media:17 bytes:14488 fragInt:856 fragExt:0 free: p1:254 p2:260 p3:618
 LIBERACAO ANT:878 FREE_PROCESS:1 bytes:1641640 alloc_cont:100092 free_cont:99214 diff:878 menor:12 maior:26 media:17 bytes:14460 fragInt:884 fragExt:0 free: p1:239 p2:297 p3:581
 LIBERACAO ANT:878 FREE_PROCESS:1 bytes:1655928 alloc_cont:100970 free_cont:100092 diff:878 menor:12 maior:26 media:17 bytes:14288 fragInt:1056 fragExt:0 free: p1:265 p2:288 p3:590
 LIBERACAO ANT:878 FREE_PROCESS:3 bytes:1670356 alloc_cont:101848 free_cont:100970 diff:878 menor:12 maior:26 media:17 bytes:14428 fragInt:916 fragExt:0 free: p1:255 p2:273 p3:605
 LIBERACAO ANT:878 FREE_PROCESS:1 bytes:1684824 alloc_cont:102726 free_cont:101848 diff:878 menor:12 maior:26 media:17 bytes:14468 fragInt:876 fragExt:0 free: p1:254 p2:265 p3:613
 LIBERACAO ANT:878 FREE_PROCESS:3 bytes:1699388 alloc_cont:103604 free_cont:102726 diff:878 menor:12 maior:26 media:17 bytes:14564 fragInt:780 fragExt:0 free: p1:250 p2:249 p3:629
 LIBERACAO ANT:878 FREE_PROCESS:2 bytes:1713892 alloc_cont:104482 free_cont:103604 diff:878 menor:12 maior:26 media:17 bytes:14504 fragInt:840 fragExt:0 free: p1:241 p2:282 p3:596
 LIBERACAO ANT:878 FREE_PROCESS:3 bytes:1728368 alloc_cont:105360 free_cont:104482 diff:878 menor:12 maior:26 media:17 bytes:14476 fragInt:868 fragExt:0 free: p1:252 p2:267 p3:611
 LIBERACAO ANT:878 FREE_PROCESS:2 bytes:1742832 alloc_cont:106238 free_cont:105360 diff:878 menor:12 maior:26 media:17 bytes:14464 fragInt:880 fragExt:0 free: p1:268 p2:238 p3:640
 LIBERACAO ANT:878 FREE_PROCESS:2 bytes:1757248 alloc_cont:107116 free_cont:106238 diff:878 menor:12 maior:26 media:17 bytes:14416 fragInt:928 fragExt:0 free: p1:260 p2:266 p3:612
 LIBERACAO ANT:878 FREE_PROCESS:3 bytes:1771628 alloc_cont:107994 free_cont:107116 diff:878 menor:12 maior:26 media:17 bytes:14380 fragInt:964 fragExt:0 free: p1:252 p2:291 p3:587
 LIBERACAO ANT:878 FREE_PROCESS:3 bytes:1786016 alloc_cont:108872 free_cont:107994 diff:878 menor:12 maior:26 media:17 bytes:14388 fragInt:956 fragExt:0 free: p1:267 p2:259 p3:619
 LIBERACAO ANT:878 FREE_PROCESS:3 bytes:1800444 alloc_cont:109750 free_cont:108872 diff:878 menor:12 maior:26 media:17 bytes:14428 fragInt:916 fragExt:0 free: p1:262 p2:259 p3:619
 LIBERACAO ANT:878 FREE_PROCESS:1 bytes:1814748 alloc_cont:110628 free_cont:109750 diff:878 menor:12 maior:26 media:17 bytes:14304 fragInt:1040 fragExt:0 free: p1:272 p2:270 p3:608
 LIBERACAO ANT:878 FREE_PROCESS:3 bytes:1829064 alloc_cont:111506 free_cont:110628 diff:878 menor:12 maior:26 media:17 bytes:14316 fragInt:1028 fragExt:0 free: p1:275 p2:261 p3:617
 LIBERACAO ANT:878 FREE_PROCESS:1 bytes:1843564 alloc_cont:112384 free_cont:111506 diff:878 menor:12 maior:26 media:17 bytes:14500 fragInt:844 fragExt:0 free: p1:246 p2:273 p3:605
 LIBERACAO ANT:878 FREE_PROCESS:1 bytes:1857832 alloc_cont:113262 free_cont:112384 diff:878 menor:12 maior:26 media:17 bytes:14268 fragInt:1076 fragExt:0 free: p1:275 p2:273 p3:605
 LIBERACAO ANT:878 FREE_PROCESS:2 bytes:1872356 alloc_cont:114140 free_cont:113262 diff:878 menor:12 maior:26 media:17 bytes:14524 fragInt:820 fragExt:0 free: p1:247 p2:265 p3:613
 LIBERACAO ANT:878 FREE_PROCESS:1 bytes:1886660 alloc_cont:115018 free_cont:114140 diff:878 menor:12 maior:26 media:17 bytes:14304 fragInt:1040 fragExt:0 free: p1:294 p2:226 p3:652
 LIBERACAO ANT:878 FREE_PROCESS:2 bytes:1901104 alloc_cont:115896 free_cont:115018 diff:878 menor:12 maior:26 media:17 bytes:14444 fragInt:900 fragExt:0 free: p1:253 p2:273 p3:605
 LIBERACAO ANT:878 FREE_PROCESS:1 bytes:1915528 alloc_cont:116774 free_cont:115896 diff:878 menor:12 maior:26 media:17 bytes:14424 fragInt:920 fragExt:0 free: p1:252 p2:280 p3:598
 LIBERACAO ANT:878 FREE_PROCESS:3 bytes:1929996 alloc_cont:117652 free_cont:116774 diff:878 menor:12 maior:26 media:17 bytes:14468 fragInt:876 fragExt:0 free: p1:240 p2:293 p3:585
 LIBERACAO ANT:878 FREE_PROCESS:1 bytes:1944368 alloc_cont:118530 free_cont:117652 diff:878 menor:12 maior:26 media:17 bytes:14372 fragInt:972 fragExt:0 free: p1:258 p2:281 p3:597
 LIBERACAO ANT:878 FREE_PROCESS:1 bytes:1958616 alloc_cont:119408 free_cont:118530 diff:878 menor:12 maior:26 media:17 bytes:14248 fragInt:1096 fragExt:0 free: p1:283 p2:262 p3:616
 LIBERACAO ANT:878 FREE_PROCESS:1 bytes:1973060 alloc_cont:120286 free_cont:119408 diff:878 menor:12 maior:26 media:17 bytes:14444 fragInt:900 fragExt:0 free: p1:247 p2:285 p3:593
 LIBERACAO ANT:878 FREE_PROCESS:3 bytes:1987564 alloc_cont:121164 free_cont:120286 diff:878 menor:12 maior:26 media:17 bytes:14504 fragInt:840 fragExt:0 free: p1:258 p2:248 p3:630
 LIBERACAO ANT:878 FREE_PROCESS:1 bytes:2001960 alloc_cont:122042 free_cont:121164 diff:878 menor:12 maior:26 media:17 bytes:14396 fragInt:948 fragExt:0 free: p1:273 p2:245 p3:633
 LIBERACAO ANT:878 FREE_PROCESS:1 bytes:2016332 alloc_cont:122920 free_cont:122042 diff:878 menor:12 maior:26 media:17 bytes:14372 fragInt:972 fragExt:0 free: p1:269 p2:259 p3:619
 LIBERACAO ANT:878 FREE_PROCESS:1 bytes:2030664 alloc_cont:123798 free_cont:122920 diff:878 menor:12 maior:26 media:17 bytes:14332 fragInt:1012 fragExt:0 free: p1:273 p2:261 p3:617
 LIBERACAO ANT:878 FREE_PROCESS:3 bytes:2045064 alloc_cont:124676 free_cont:123798 diff:878 menor:12 maior:26 media:17 bytes:14400 fragInt:944 fragExt:0 free: p1:264 p2:262 p3:616
 LIBERACAO ANT:878 FREE_PROCESS:1 bytes:2059520 alloc_cont:125554 free_cont:124676 diff:878 menor:12 maior:26 media:17 bytes:14456 fragInt:888 fragExt:0 free: p1:260 p2:256 p3:622
 LIBERACAO ANT:878 FREE_PROCESS:2 bytes:2073920 alloc_cont:126432 free_cont:125554 diff:878 menor:12 maior:26 media:17 bytes:14400 fragInt:944 fragExt:0 free: p1:268 p2:254 p3:624
 LIBERACAO ANT:878 FREE_PROCESS:1 bytes:2088392 alloc_cont:127310 free_cont:126432 diff:878 menor:12 maior:26 media:17 bytes:14472 fragInt:872 fragExt:0 free: p1:254 p2:264 p3:614
 LIBERACAO ANT:878 FREE_PROCESS:3 bytes:2102892 alloc_cont:128188 free_cont:127310 diff:878 menor:12 maior:26 media:17 bytes:14500 fragInt:844 fragExt:0 free: p1:230 p2:305 p3:573
 LIBERACAO ANT:878 FREE_PROCESS:2 bytes:2117260 alloc_cont:129066 free_cont:128188 diff:878 menor:12 maior:26 media:17 bytes:14368 fragInt:976 fragExt:0 free: p1:254 p2:290 p3:588
 LIBERACAO ANT:878 FREE_PROCESS:3 bytes:2131672 alloc_cont:129944 free_cont:129066 diff:878 menor:12 maior:26 media:17 bytes:14412 fragInt:932 fragExt:0 free: p1:269 p2:249 p3:629
 LIBERACAO ANT:878 FREE_PROCESS:1 bytes:2146156 alloc_cont:130822 free_cont:129944 diff:878 menor:12 maior:26 media:17 bytes:14484 fragInt:860 fragExt:0 free: p1:245 p2:279 p3:599
 LIBERACAO ANT:878 FREE_PROCESS:2 bytes:2160500 alloc_cont:131700 free_cont:130822 diff:878 menor:12 maior:26 media:17 bytes:14344 fragInt:1000 fragExt:0 free: p1:268 p2:268 p3:610
 LIBERACAO ANT:878 FREE_PROCESS:3 bytes:2174808 alloc_cont:132578 free_cont:131700 diff:878 menor:12 maior:26 media:17 bytes:14308 fragInt:1036 fragExt:0 free: p1:279 p2:255 p3:623
 LIBERACAO ANT:878 FREE_PROCESS:3 bytes:2189184 alloc_cont:133456 free_cont:132578 diff:878 menor:12 maior:26 media:17 bytes:14376 fragInt:968 fragExt:0 free: p1:271 p2:254 p3:624
 LIBERACAO ANT:878 FREE_PROCESS:3 bytes:2203632 alloc_cont:134334 free_cont:133456 diff:878 menor:12 maior:26 media:17 bytes:14448 fragInt:896 fragExt:0 free: p1:263 p2:252 p3:626
 LIBERACAO ANT:878 FREE_PROCESS:2 bytes:2218088 alloc_cont:135212 free_cont:134334 diff:878 menor:12 maior:26 media:17 bytes:14456 fragInt:888 fragExt:0 free: p1:253 p2:270 p3:608
 LIBERACAO ANT:878 FREE_PROCESS:3 bytes:2232444 alloc_cont:136090 free_cont:135212 diff:878 menor:12 maior:26 media:17 bytes:14356 fragInt:988 fragExt:0 free: p1:289 p2:223 p3:655
 LIBERACAO ANT:878 FREE_PROCESS:2 bytes:2246912 alloc_cont:136968 free_cont:136090 diff:878 menor:12 maior:26 media:17 bytes:14468 fragInt:876 fragExt:0 free: p1:261 p2:251 p3:627
 LIBERACAO ANT:878 FREE_PROCESS:3 bytes:2261240 alloc_cont:137846 free_cont:136968 diff:878 menor:12 maior:26 media:17 bytes:14328 fragInt:1016 fragExt:0 free: p1:270 p2:268 p3:610
 LIBERACAO ANT:878 FREE_PROCESS:1 bytes:2275376 alloc_cont:138724 free_cont:137846 diff:878 menor:12 maior:26 media:17 bytes:14136 fragInt:1208 fragExt:0 free: p1:285 p2:286 p3:592
 LIBERACAO ANT:878 FREE_PROCESS:1 bytes:2290012 alloc_cont:139602 free_cont:138724 diff:878 menor:12 maior:26 media:17 bytes:14636 fragInt:708 fragExt:0 free: p1:226 p2:279 p3:599
 LIBERACAO ANT:878 FREE_PROCESS:3 bytes:2304424 alloc_cont:140480 free_cont:139602 diff:878 menor:12 maior:26 media:17 bytes:14412 fragInt:932 fragExt:0 free: p1:263 p2:261 p3:617
 LIBERACAO ANT:878 FREE_PROCESS:1 bytes:2318936 alloc_cont:141358 free_cont:140480 diff:878 menor:12 maior:26 media:17 bytes:14512 fragInt:832 fragExt:0 free: p1:244 p2:274 p3:604
 LIBERACAO ANT:878 FREE_PROCESS:3 bytes:2333316 alloc_cont:142236 free_cont:141358 diff:878 menor:12 maior:26 media:17 bytes:14380 fragInt:964 fragExt:0 free: p1:263 p2:269 p3:609
 LIBERACAO ANT:878 FREE_PROCESS:1 bytes:2347568 alloc_cont:143114 free_cont:142236 diff:878 menor:12 maior:26 media:17 bytes:14252 fragInt:1092 fragExt:0 free: p1:272 p2:283 p3:595
 LIBERACAO ANT:878 FREE_PROCESS:2 bytes:2362032 alloc_cont:143992 free_cont:143114 diff:878 menor:12 maior:26 media:17 bytes:14464 fragInt:880 fragExt:0 free: p1:263 p2:248 p3:630
 LIBERACAO ANT:878 FREE_PROCESS:3 bytes:2376392 alloc_cont:144870 free_cont:143992 diff:878 menor:12 maior:26 media:17 bytes:14360 fragInt:984 fragExt:0 free: p1:272 p2:256 p3:622
 LIBERACAO ANT:878 FREE_PROCESS:2 bytes:2390740 alloc_cont:145748 free_cont:144870 diff:878 menor:12 maior:26 media:17 bytes:14348 fragInt:996 fragExt:0 free: p1:257 p2:289 p3:589
 LIBERACAO ANT:878 FREE_PROCESS:1 bytes:2405212 alloc_cont:146626 free_cont:145748 diff:878 menor:12 maior:26 media:17 bytes:14472 fragInt:872 fragExt:0 free: p1:265 p2:242 p3:636
 LIBERACAO ANT:878 FREE_PROCESS:3 bytes:2419496 alloc_cont:147504 free_cont:146626 diff:878 menor:12 maior:26 media:17 bytes:14284 fragInt:1060 fragExt:0 free: p1:276 p2:267 p3:611
 LIBERACAO ANT:878 FREE_PROCESS:2 bytes:2433888 alloc_cont:148382 free_cont:147504 diff:878 menor:12 maior:26 media:17 bytes:14392 fragInt:952 fragExt:0 free: p1:260 p2:272 p3:606
 LIBERACAO ANT:878 FREE_PROCESS:3 bytes:2448272 alloc_cont:149260 free_cont:148382 diff:878 menor:12 maior:26 media:17 bytes:14384 fragInt:960 fragExt:0 free: p1:274 p2:246 p3:632
 LIBERACAO ANT:878 FREE_PROCESS:3 bytes:2462852 alloc_cont:150138 free_cont:149260 diff:878 menor:12 maior:26 media:17 bytes:14580 fragInt:764 fragExt:0 free: p1:240 p2:265 p3:613
 LIBERACAO ANT:878 FREE_PROCESS:2 bytes:2477280 alloc_cont:151016 free_cont:150138 diff:878 menor:12 maior:26 media:17 bytes:14428 fragInt:916 fragExt:0 free: p1:258 p2:267 p3:611
 LIBERACAO ANT:878 FREE_PROCESS:2 bytes:2491784 alloc_cont:151894 free_cont:151016 diff:878 menor:12 maior:26 media:17 bytes:14504 fragInt:840 fragExt:0 free: p1:242 p2:280 p3:598
 LIBERACAO ANT:878 FREE_PROCESS:1 bytes:2506232 alloc_cont:152772 free_cont:151894 diff:878 menor:12 maior:26 media:17 bytes:14448 fragInt:896 fragExt:0 free: p1:252 p2:274 p3:604
 LIBERACAO ANT:878 FREE_PROCESS:1 bytes:2520652 alloc_cont:153650 free_cont:152772 diff:878 menor:12 maior:26 media:17 bytes:14420 fragInt:924 fragExt:0 free: p1:263 p2:259 p3:619
 LIBERACAO ANT:878 FREE_PROCESS:3 bytes:2535140 alloc_cont:154528 free_cont:153650 diff:878 menor:12 maior:26 media:17 bytes:14488 fragInt:856 fragExt:0 free: p1:252 p2:264 p3:614
 LIBERACAO ANT:878 FREE_PROCESS:1 bytes:2549464 alloc_cont:155406 free_cont:154528 diff:878 menor:12 maior:26 media:17 bytes:14324 fragInt:1020 fragExt:0 free: p1:276 p2:257 p3:621
 LIBERACAO ANT:878 FREE_PROCESS:1 bytes:2563740 alloc_cont:156284 free_cont:155406 diff:878 menor:12 maior:26 media:17 bytes:14276 fragInt:1068 fragExt:0 free: p1:298 p2:225 p3:653
 LIBERACAO ANT:878 FREE_PROCESS:2 bytes:2578188 alloc_cont:157162 free_cont:156284 diff:878 menor:12 maior:26 media:17 bytes:14448 fragInt:896 fragExt:0 free: p1:265 p2:248 p3:630
 LIBERACAO ANT:878 FREE_PROCESS:3 bytes:2592632 alloc_cont:158040 free_cont:157162 diff:878 menor:12 maior:26 media:17 bytes:14444 fragInt:900 fragExt:0 free: p1:256 p2:267 p3:611
 LIBERACAO ANT:878 FREE_PROCESS:3 bytes:2606844 alloc_cont:158918 free_cont:158040 diff:878 menor:12 maior:26 media:17 bytes:14212 fragInt:1132 fragExt:0 free: p1:286 p2:265 p3:613
 LIBERACAO ANT:878 FREE_PROCESS:2 bytes:2621468 alloc_cont:159796 free_cont:158918 diff:878 menor:12 maior:26 media:17 bytes:14624 fragInt:720 fragExt:0 free: p1:248 p2:238 p3:640
 LIBERACAO ANT:878 FREE_PROCESS:2 bytes:2635812 alloc_cont:160674 free_cont:159796 diff:878 menor:12 maior:26 media:17 bytes:14344 fragInt:1000 fragExt:0 free: p1:274 p2:256 p3:622
 LIBERACAO ANT:878 FREE_PROCESS:1 bytes:2650264 alloc_cont:161552 free_cont:160674 diff:878 menor:12 maior:26 media:17 bytes:14452 fragInt:892 fragExt:0 free: p1:260 p2:257 p3:621
 LIBERACAO ANT:878 FREE_PROCESS:3 bytes:2664620 alloc_cont:162430 free_cont:161552 diff:878 menor:12 maior:26 media:17 bytes:14356 fragInt:988 fragExt:0 free: p1:260 p2:281 p3:597
 LIBERACAO ANT:878 FREE_PROCESS:1 bytes:2678976 alloc_cont:163308 free_cont:162430 diff:878 menor:12 maior:26 media:17 bytes:14356 fragInt:988 fragExt:0 free: p1:261 p2:279 p3:599
 LIBERACAO ANT:878 FREE_PROCESS:1 bytes:2693492 alloc_cont:164186 free_cont:163308 diff:878 menor:12 maior:26 media:17 bytes:14516 fragInt:828 fragExt:0 free: p1:244 p2:273 p3:605
 LIBERACAO ANT:878 FREE_PROCESS:3 bytes:2707980 alloc_cont:165064 free_cont:164186 diff:878 menor:12 maior:26 media:17 bytes:14488 fragInt:856 fragExt:0 free: p1:253 p2:262 p3:616
 LIBERACAO ANT:878 FREE_PROCESS:3 bytes:2722264 alloc_cont:165942 free_cont:165064 diff:878 menor:12 maior:26 media:17 bytes:14284 fragInt:1060 fragExt:0 free: p1:289 p2:241 p3:637
 LIBERACAO ANT:878 FREE_PROCESS:1 bytes:2736592 alloc_cont:166820 free_cont:165942 diff:878 menor:12 maior:26 media:17 bytes:14328 fragInt:1016 fragExt:0 free: p1:273 p2:262 p3:616
 LIBERACAO ANT:878 FREE_PROCESS:3 bytes:2751020 alloc_cont:167698 free_cont:166820 diff:878 menor:12 maior:26 media:17 bytes:14428 fragInt:916 fragExt:0 free: p1:259 p2:265 p3:613
 LIBERACAO ANT:878 FREE_PROCESS:2 bytes:2765408 alloc_cont:168576 free_cont:167698 diff:878 menor:12 maior:26 media:17 bytes:14388 fragInt:956 fragExt:0 free: p1:249 p2:295 p3:583
 LIBERACAO ANT:878 FREE_PROCESS:2 bytes:2779856 alloc_cont:169454 free_cont:168576 diff:878 menor:12 maior:26 media:17 bytes:14448 fragInt:896 fragExt:0 free: p1:259 p2:260 p3:618
 LIBERACAO ANT:878 FREE_PROCESS:2 bytes:2794128 alloc_cont:170332 free_cont:169454 diff:878 menor:12 maior:26 media:17 bytes:14272 fragInt:1072 fragExt:0 free: p1:285 p2:252 p3:626
 LIBERACAO ANT:878 FREE_PROCESS:1 bytes:2808608 alloc_cont:171210 free_cont:170332 diff:878 menor:12 maior:26 media:17 bytes:14480 fragInt:864 fragExt:0 free: p1:249 p2:272 p3:606
 LIBERACAO ANT:878 FREE_PROCESS:2 bytes:2823000 alloc_cont:172088 free_cont:171210 diff:878 menor:12 maior:26 media:17 bytes:14392 fragInt:952 fragExt:0 free: p1:260 p2:272 p3:606
 LIBERACAO ANT:878 FREE_PROCESS:2 bytes:2837380 alloc_cont:172966 free_cont:172088 diff:878 menor:12 maior:26 media:17 bytes:14380 fragInt:964 fragExt:0 free: p1:249 p2:297 p3:581
 LIBERACAO ANT:878 FREE_PROCESS:2 bytes:2851920 alloc_cont:173844 free_cont:172966 diff:878 menor:12 maior:26 media:17 bytes:14540 fragInt:804 fragExt:0 free: p1:252 p2:251 p3:627
 LIBERACAO ANT:878 FREE_PROCESS:1 bytes:2866384 alloc_cont:174722 free_cont:173844 diff:878 menor:12 maior:26 media:17 bytes:14464 fragInt:880 fragExt:0 free: p1:249 p2:276 p3:602
 LIBERACAO ANT:878 FREE_PROCESS:2 bytes:2880812 alloc_cont:175600 free_cont:174722 diff:878 menor:12 maior:26 media:17 bytes:14428 fragInt:916 fragExt:0 free: p1:265 p2:253 p3:625
 LIBERACAO ANT:878 FREE_PROCESS:1 bytes:2895280 alloc_cont:176478 free_cont:175600 diff:878 menor:12 maior:26 media:17 bytes:14468 fragInt:876 fragExt:0 free: p1:253 p2:267 p3:611
 LIBERACAO ANT:878 FREE_PROCESS:3 bytes:2909592 alloc_cont:177356 free_cont:176478 diff:878 menor:12 maior:26 media:17 bytes:14312 fragInt:1032 fragExt:0 free: p1:259 p2:294 p3:584
 LIBERACAO ANT:878 FREE_PROCESS:1 bytes:2923988 alloc_cont:178234 free_cont:177356 diff:878 menor:12 maior:26 media:17 bytes:14396 fragInt:948 fragExt:0 free: p1:252 p2:287 p3:591
 LIBERACAO ANT:878 FREE_PROCESS:3 bytes:2938308 alloc_cont:179112 free_cont:178234 diff:878 menor:12 maior:26 media:17 bytes:14320 fragInt:1024 fragExt:0 free: p1:272 p2:266 p3:612
 LIBERACAO ANT:878 FREE_PROCESS:3 bytes:2952608 alloc_cont:179990 free_cont:179112 diff:878 menor:12 maior:26 media:17 bytes:14300 fragInt:1044 fragExt:0 free: p1:262 p2:291 p3:587
 LIBERACAO ANT:878 FREE_PROCESS:2 bytes:2967144 alloc_cont:180868 free_cont:179990 diff:878 menor:12 maior:26 media:17 bytes:14536 fragInt:808 fragExt:0 free: p1:249 p2:258 p3:620
 LIBERACAO ANT:878 FREE_PROCESS:3 bytes:2981348 alloc_cont:181746 free_cont:180868 diff:878 menor:12 maior:26 media:17 bytes:14204 fragInt:1140 fragExt:0 free: p1:290 p2:259 p3:619
 LIBERACAO ANT:878 FREE_PROCESS:1 bytes:2995764 alloc_cont:182624 free_cont:181746 diff:878 menor:12 maior:26 media:17 bytes:14416 fragInt:928 fragExt:0 free: p1:272 p2:242 p3:636
 LIBERACAO ANT:878 FREE_PROCESS:3 bytes:3010268 alloc_cont:183502 free_cont:182624 diff:878 menor:12 maior:26 media:17 bytes:14504 fragInt:840 fragExt:0 free: p1:254 p2:256 p3:622
 LIBERACAO ANT:878 FREE_PROCESS:2 bytes:3024592 alloc_cont:184380 free_cont:183502 diff:878 menor:12 maior:26 media:17 bytes:14324 fragInt:1020 fragExt:0 free: p1:277 p2:255 p3:623
 LIBERACAO ANT:878 FREE_PROCESS:2 bytes:3038908 alloc_cont:185258 free_cont:184380 diff:878 menor:12 maior:26 media:17 bytes:14316 fragInt:1028 fragExt:0 free: p1:269 p2:273 p3:605
 LIBERACAO ANT:878 FREE_PROCESS:2 bytes:3053216 alloc_cont:186136 free_cont:185258 diff:878 menor:12 maior:26 media:17 bytes:14308 fragInt:1036 fragExt:0 free: p1:265 p2:283 p3:595
 LIBERACAO ANT:878 FREE_PROCESS:2 bytes:3067424 alloc_cont:187014 free_cont:186136 diff:878 menor:12 maior:26 media:17 bytes:14208 fragInt:1136 fragExt:0 free: p1:288 p2:262 p3:616
 LIBERACAO ANT:878 FREE_PROCESS:1 bytes:3081888 alloc_cont:187892 free_cont:187014 diff:878 menor:12 maior:26 media:17 bytes:14464 fragInt:880 fragExt:0 free: p1:252 p2:270 p3:608
 LIBERACAO ANT:878 FREE_PROCESS:2 bytes:3096184 alloc_cont:188770 free_cont:187892 diff:878 menor:12 maior:26 media:17 bytes:14296 fragInt:1048 fragExt:0 free: p1:285 p2:246 p3:632
 LIBERACAO ANT:878 FREE_PROCESS:2 bytes:3110844 alloc_cont:189648 free_cont:188770 diff:878 menor:12 maior:26 media:17 bytes:14660 fragInt:684 fragExt:0 free: p1:222 p2:281 p3:597
 LIBERACAO ANT:878 FREE_PROCESS:1 bytes:3125260 alloc_cont:190526 free_cont:189648 diff:878 menor:12 maior:26 media:17 bytes:14416 fragInt:928 fragExt:0 free: p1:259 p2:268 p3:610
 LIBERACAO ANT:878 FREE_PROCESS:1 bytes:3139704 alloc_cont:191404 free_cont:190526 diff:878 menor:12 maior:26 media:17 bytes:14444 fragInt:900 fragExt:0 free: p1:258 p2:263 p3:615
 LIBERACAO ANT:878 FREE_PROCESS:2 bytes:3154300 alloc_cont:192282 free_cont:191404 diff:878 menor:12 maior:26 media:17 bytes:14596 fragInt:748 fragExt:0 free: p1:235 p2:271 p3:607
 LIBERACAO ANT:878 FREE_PROCESS:2 bytes:3168772 alloc_cont:193160 free_cont:192282 diff:878 menor:12 maior:26 media:17 bytes:14472 fragInt:872 fragExt:0 free: p1:257 p2:258 p3:620
 LIBERACAO ANT:878 FREE_PROCESS:1 bytes:3183364 alloc_cont:194038 free_cont:193160 diff:878 menor:12 maior:26 media:17 bytes:14592 fragInt:752 fragExt:0 free: p1:244 p2:254 p3:624
 LIBERACAO ANT:878 FREE_PROCESS:3 bytes:3197788 alloc_cont:194916 free_cont:194038 diff:878 menor:12 maior:26 media:17 bytes:14424 fragInt:920 fragExt:0 free: p1:267 p2:250 p3:628
 LIBERACAO ANT:878 FREE_PROCESS:1 bytes:3212108 alloc_cont:195794 free_cont:194916 diff:878 menor:12 maior:26 media:17 bytes:14320 fragInt:1024 fragExt:0 free: p1:271 p2:268 p3:610
 LIBERACAO ANT:878 FREE_PROCESS:3 bytes:3226512 alloc_cont:196672 free_cont:195794 diff:878 menor:12 maior:26 media:17 bytes:14404 fragInt:940 fragExt:0 free: p1:249 p2:291 p3:587
 LIBERACAO ANT:878 FREE_PROCESS:2 bytes:3240920 alloc_cont:197550 free_cont:196672 diff:878 menor:12 maior:26 media:17 bytes:14408 fragInt:936 fragExt:0 free: p1:264 p2:260 p3:618
 LIBERACAO ANT:878 FREE_PROCESS:1 bytes:3255280 alloc_cont:198428 free_cont:197550 diff:878 menor:12 maior:26 media:17 bytes:14360 fragInt:984 fragExt:0 free: p1:267 p2:266 p3:612
 LIBERACAO ANT:878 FREE_PROCESS:3 bytes:3269704 alloc_cont:199306 free_cont:198428 diff:878 menor:12 maior:26 media:17 bytes:14424 fragInt:920 fragExt:0 free: p1:268 p2:248 p3:630
 LIBERACAO ANT:878 FREE_PROCESS:2 bytes:3284068 alloc_cont:200184 free_cont:199306 diff:878 menor:12 maior:26 media:17 bytes:14364 fragInt:980 fragExt:0 free: p1:271 p2:257 p3:621
 LIBERACAO ANT:878 FREE_PROCESS:3 bytes:3298384 alloc_cont:201062 free_cont:200184 diff:878 menor:12 maior:26 media:17 bytes:14316 fragInt:1028 fragExt:0 free: p1:283 p2:245 p3:633
 LIBERACAO ANT:878 FREE_PROCESS:1 bytes:3312844 alloc_cont:201940 free_cont:201062 diff:878 menor:12 maior:26 media:17 bytes:14460 fragInt:884 fragExt:0 free: p1:252 p2:271 p3:607
 LIBERACAO ANT:878 FREE_PROCESS:2 bytes:3327180 alloc_cont:202818 free_cont:201940 diff:878 menor:12 maior:26 media:17 bytes:14336 fragInt:1008 fragExt:0 free: p1:276 p2:254 p3:624
 LIBERACAO ANT:878 FREE_PROCESS:3 bytes:3341500 alloc_cont:203696 free_cont:202818 diff:878 menor:12 maior:26 media:17 bytes:14320 fragInt:1024 fragExt:0 free: p1:268 p2:274 p3:604
 LIBERACAO ANT:878 FREE_PROCESS:2 bytes:3355844 alloc_cont:204574 free_cont:203696 diff:878 menor:12 maior:26 media:17 bytes:14344 fragInt:1000 fragExt:0 free: p1:277 p2:250 p3:628
 LIBERACAO ANT:878 FREE_PROCESS:1 bytes:3370336 alloc_cont:205452 free_cont:204574 diff:878 menor:12 maior:26 media:17 bytes:14492 fragInt:852 fragExt:0 free: p1:264 p2:239 p3:639
 LIBERACAO ANT:878 FREE_PROCESS:3 bytes:3384912 alloc_cont:206330 free_cont:205452 diff:878 menor:12 maior:26 media:17 bytes:14576 fragInt:768 fragExt:0 free: p1:236 p2:274 p3:604
 LIBERACAO ANT:878 FREE_PROCESS:2 bytes:3399448 alloc_cont:207208 free_cont:206330 diff:878 menor:12 maior:26 media:17 bytes:14536 fragInt:808 fragExt:0 free: p1:246 p2:264 p3:614
 LIBERACAO ANT:878 FREE_PROCESS:3 bytes:3413784 alloc_cont:208086 free_cont:207208 diff:878 menor:12 maior:26 media:17 bytes:14336 fragInt:1008 fragExt:0 free: p1:270 p2:266 p3:612
 LIBERACAO ANT:878 FREE_PROCESS:3 bytes:3428204 alloc_cont:208964 free_cont:208086 diff:878 menor:12 maior:26 media:17 bytes:14420 fragInt:924 fragExt:0 free: p1:258 p2:269 p3:609
 LIBERACAO ANT:878 FREE_PROCESS:3 bytes:3442736 alloc_cont:209842 free_cont:208964 diff:878 menor:12 maior:26 media:17 bytes:14532 fragInt:812 fragExt:0 free: p1:239 p2:279 p3:599
 LIBERACAO ANT:878 FREE_PROCESS:2 bytes:3457204 alloc_cont:210720 free_cont:209842 diff:878 menor:12 maior:26 media:17 bytes:14468 fragInt:876 fragExt:0 free: p1:243 p2:287 p3:591
 LIBERACAO ANT:878 FREE_PROCESS:2 bytes:3471620 alloc_cont:211598 free_cont:210720 diff:878 menor:12 maior:26 media:17 bytes:14416 fragInt:928 fragExt:0 free: p1:257 p2:272 p3:606
 LIBERACAO ANT:878 FREE_PROCESS:1 bytes:3485960 alloc_cont:212476 free_cont:211598 diff:878 menor:12 maior:26 media:17 bytes:14340 fragInt:1004 fragExt:0 free: p1:267 p2:271 p3:607
 LIBERACAO ANT:878 FREE_PROCESS:3 bytes:3500452 alloc_cont:213354 free_cont:212476 diff:878 menor:12 maior:26 media:17 bytes:14492 fragInt:852 fragExt:0 free: p1:245 p2:277 p3:601
 LIBERACAO ANT:878 FREE_PROCESS:3 bytes:3514744 alloc_cont:214232 free_cont:213354 diff:878 menor:12 maior:26 media:17 bytes:14292 fragInt:1052 fragExt:0 free: p1:273 p2:271 p3:607
 LIBERACAO ANT:878 FREE_PROCESS:2 bytes:3529196 alloc_cont:215110 free_cont:214232 diff:878 menor:12 maior:26 media:17 bytes:14452 fragInt:892 fragExt:0 free: p1:261 p2:255 p3:623
 LIBERACAO ANT:878 FREE_PROCESS:3 bytes:3543656 alloc_cont:215988 free_cont:215110 diff:878 menor:12 maior:26 media:17 bytes:14460 fragInt:884 fragExt:0 free: p1:257 p2:261 p3:617
 LIBERACAO ANT:878 FREE_PROCESS:3 bytes:3558232 alloc_cont:216866 free_cont:215988 diff:878 menor:12 maior:26 media:17 bytes:14576 fragInt:768 fragExt:0 free: p1:240 p2:266 p3:612
 LIBERACAO ANT:878 FREE_PROCESS:3 bytes:3572588 alloc_cont:217744 free_cont:216866 diff:878 menor:12 maior:26 media:17 bytes:14356 fragInt:988 fragExt:0 free: p1:270 p2:261 p3:617
 LIBERACAO ANT:878 FREE_PROCESS:1 bytes:3586892 alloc_cont:218622 free_cont:217744 diff:878 menor:12 maior:26 media:17 bytes:14304 fragInt:1040 fragExt:0 free: p1:277 p2:260 p3:618
 LIBERACAO ANT:878 FREE_PROCESS:3 bytes:3601344 alloc_cont:219500 free_cont:218622 diff:878 menor:12 maior:26 media:17 bytes:14452 fragInt:892 fragExt:0 free: p1:268 p2:241 p3:637
 LIBERACAO ANT:878 FREE_PROCESS:3 bytes:3615804 alloc_cont:220378 free_cont:219500 diff:878 menor:12 maior:26 media:17 bytes:14460 fragInt:884 fragExt:0 free: p1:248 p2:279 p3:599
 LIBERACAO ANT:878 FREE_PROCESS:2 bytes:3630124 alloc_cont:221256 free_cont:220378 diff:878 menor:12 maior:26 media:17 bytes:14320 fragInt:1024 fragExt:0 free: p1:266 p2:278 p3:600
 LIBERACAO ANT:878 FREE_PROCESS:2 bytes:3644540 alloc_cont:222134 free_cont:221256 diff:878 menor:12 maior:26 media:17 bytes:14416 fragInt:928 fragExt:0 free: p1:258 p2:270 p3:608
 LIBERACAO ANT:878 FREE_PROCESS:1 bytes:3658752 alloc_cont:223012 free_cont:222134 diff:878 menor:12 maior:26 media:17 bytes:14212 fragInt:1132 fragExt:0 free: p1:276 p2:285 p3:593
 LIBERACAO ANT:878 FREE_PROCESS:1 bytes:3673164 alloc_cont:223890 free_cont:223012 diff:878 menor:12 maior:26 media:17 bytes:14412 fragInt:932 fragExt:0 free: p1:255 p2:277 p3:601
 LIBERACAO ANT:878 FREE_PROCESS:2 bytes:3687596 alloc_cont:224768 free_cont:223890 diff:878 menor:12 maior:26 media:17 bytes:14432 fragInt:912 fragExt:0 free: p1:267 p2:248 p3:630
 LIBERACAO ANT:878 FREE_PROCESS:2 bytes:3701964 alloc_cont:225646 free_cont:224768 diff:878 menor:12 maior:26 media:17 bytes:14368 fragInt:976 fragExt:0 free: p1:263 p2:272 p3:606
 LIBERACAO ANT:878 FREE_PROCESS:2 bytes:3716436 alloc_cont:226524 free_cont:225646 diff:878 menor:12 maior:26 media:17 bytes:14472 fragInt:872 fragExt:0 free: p1:263 p2:246 p3:632
 LIBERACAO ANT:878 FREE_PROCESS:2 bytes:3730728 alloc_cont:227402 free_cont:226524 diff:878 menor:12 maior:26 media:17 bytes:14292 fragInt:1052 fragExt:0 free: p1:274 p2:269 p3:609
 LIBERACAO ANT:878 FREE_PROCESS:3 bytes:3745164 alloc_cont:228280 free_cont:227402 diff:878 menor:12 maior:26 media:17 bytes:14436 fragInt:908 fragExt:0 free: p1:260 p2:261 p3:617
 LIBERACAO ANT:878 FREE_PROCESS:3 bytes:3759492 alloc_cont:229158 free_cont:228280 diff:878 menor:12 maior:26 media:17 bytes:14328 fragInt:1016 fragExt:0 free: p1:265 p2:278 p3:600
 LIBERACAO ANT:878 FREE_PROCESS:3 bytes:3773920 alloc_cont:230036 free_cont:229158 diff:878 menor:12 maior:26 media:17 bytes:14428 fragInt:916 fragExt:0 free: p1:283 p2:217 p3:661
 LIBERACAO ANT:878 FREE_PROCESS:3 bytes:3788420 alloc_cont:230914 free_cont:230036 diff:878 menor:12 maior:26 media:17 bytes:14500 fragInt:844 fragExt:0 free: p1:271 p2:223 p3:655
 LIBERACAO ANT:878 FREE_PROCESS:3 bytes:3802784 alloc_cont:231792 free_cont:230914 diff:878 menor:12 maior:26 media:17 bytes:14364 fragInt:980 fragExt:0 free: p1:271 p2:257 p3:621
 LIBERACAO ANT:878 FREE_PROCESS:3 bytes:3817348 alloc_cont:232670 free_cont:231792 diff:878 menor:12 maior:26 media:17 bytes:14564 fragInt:780 fragExt:0 free: p1:240 p2:269 p3:609
 LIBERACAO ANT:878 FREE_PROCESS:1 bytes:3831816 alloc_cont:233548 free_cont:232670 diff:878 menor:12 maior:26 media:17 bytes:14468 fragInt:876 fragExt:0 free: p1:253 p2:267 p3:611
 LIBERACAO ANT:878 FREE_PROCESS:3 bytes:3845996 alloc_cont:234426 free_cont:233548 diff:878 menor:12 maior:26 media:17 bytes:14180 fragInt:1164 fragExt:0 free: p1:278 p2:289 p3:589
 LIBERACAO ANT:878 FREE_PROCESS:1 bytes:3860564 alloc_cont:235304 free_cont:234426 diff:878 menor:12 maior:26 media:17 bytes:14568 fragInt:776 fragExt:0 free: p1:250 p2:248 p3:630
 LIBERACAO ANT:878 FREE_PROCESS:3 bytes:3874924 alloc_cont:236182 free_cont:235304 diff:878 menor:12 maior:26 media:17 bytes:14360 fragInt:984 fragExt:0 free: p1:256 p2:288 p3:590
 LIBERACAO ANT:878 FREE_PROCESS:3 bytes:3889288 alloc_cont:237060 free_cont:236182 diff:878 menor:12 maior:26 media:17 bytes:14364 fragInt:980 fragExt:0 free: p1:279 p2:241 p3:637
 LIBERACAO ANT:878 FREE_PROCESS:2 bytes:3903700 alloc_cont:237938 free_cont:237060 diff:878 menor:12 maior:26 media:17 bytes:14412 fragInt:932 fragExt:0 free: p1:254 p2:279 p3:599
 LIBERACAO ANT:878 FREE_PROCESS:3 bytes:3918028 alloc_cont:238816 free_cont:237938 diff:878 menor:12 maior:26 media:17 bytes:14328 fragInt:1016 fragExt:0 free: p1:285 p2:238 p3:640
 LIBERACAO ANT:878 FREE_PROCESS:2 bytes:3932408 alloc_cont:239694 free_cont:238816 diff:878 menor:12 maior:26 media:17 bytes:14380 fragInt:964 fragExt:0 free: p1:260 p2:275 p3:603
 LIBERACAO ANT:878 FREE_PROCESS:3 bytes:3946772 alloc_cont:240572 free_cont:239694 diff:878 menor:12 maior:26 media:17 bytes:14364 fragInt:980 fragExt:0 free: p1:271 p2:257 p3:621
 LIBERACAO ANT:878 FREE_PROCESS:2 bytes:3961060 alloc_cont:241450 free_cont:240572 diff:878 menor:12 maior:26 media:17 bytes:14288 fragInt:1056 fragExt:0 free: p1:271 p2:276 p3:602
 LIBERACAO ANT:878 FREE_PROCESS:3 bytes:3975432 alloc_cont:242328 free_cont:241450 diff:878 menor:12 maior:26 media:17 bytes:14372 fragInt:972 fragExt:0 free: p1:268 p2:261 p3:617
 LIBERACAO ANT:878 FREE_PROCESS:3 bytes:3989680 alloc_cont:243206 free_cont:242328 diff:878 menor:12 maior:26 media:17 bytes:14248 fragInt:1096 fragExt:0 free: p1:284 p2:260 p3:618
 LIBERACAO ANT:878 FREE_PROCESS:2 bytes:4004132 alloc_cont:244084 free_cont:243206 diff:878 menor:12 maior:26 media:17 bytes:14452 fragInt:892 fragExt:0 free: p1:255 p2:267 p3:611
 LIBERACAO ANT:878 FREE_PROCESS:3 bytes:4018432 alloc_cont:244962 free_cont:244084 diff:878 menor:12 maior:26 media:17 bytes:14300 fragInt:1044 fragExt:0 free: p1:279 p2:257 p3:621
 LIBERACAO ANT:878 FREE_PROCESS:3 bytes:4032660 alloc_cont:245840 free_cont:244962 diff:878 menor:12 maior:26 media:17 bytes:14228 fragInt:1116 fragExt:0 free: p1:282 p2:269 p3:609
 LIBERACAO ANT:878 FREE_PROCESS:3 bytes:4046888 alloc_cont:246718 free_cont:245840 diff:878 menor:12 maior:26 media:17 bytes:14228 fragInt:1116 fragExt:0 free: p1:284 p2:265 p3:613
 LIBERACAO ANT:878 FREE_PROCESS:3 bytes:4061196 alloc_cont:247596 free_cont:246718 diff:878 menor:12 maior:26 media:17 bytes:14308 fragInt:1036 fragExt:0 free: p1:272 p2:269 p3:609
 LIBERACAO ANT:878 FREE_PROCESS:2 bytes:4075504 alloc_cont:248474 free_cont:247596 diff:878 menor:12 maior:26 media:17 bytes:14308 fragInt:1036 fragExt:0 free: p1:269 p2:275 p3:603
 LIBERACAO ANT:878 FREE_PROCESS:3 bytes:4089908 alloc_cont:249352 free_cont:248474 diff:878 menor:12 maior:26 media:17 bytes:14404 fragInt:940 fragExt:0 free: p1:262 p2:265 p3:613
 LIBERACAO ANT:878 FREE_PROCESS:3 bytes:4104524 alloc_cont:250230 free_cont:249352 diff:878 menor:12 maior:26 media:17 bytes:14616 fragInt:728 fragExt:0 free: p1:246 p2:244 p3:634
 LIBERACAO ANT:878 FREE_PROCESS:3 bytes:4118880 alloc_cont:251108 free_cont:250230 diff:878 menor:12 maior:26 media:17 bytes:14356 fragInt:988 fragExt:0 free: p1:276 p2:249 p3:629
 LIBERACAO ANT:878 FREE_PROCESS:2 bytes:4133268 alloc_cont:251986 free_cont:251108 diff:878 menor:12 maior:26 media:17 bytes:14388 fragInt:956 fragExt:0 free: p1:259 p2:275 p3:603
 LIBERACAO ANT:878 FREE_PROCESS:3 bytes:4147656 alloc_cont:252864 free_cont:251986 diff:878 menor:12 maior:26 media:17 bytes:14388 fragInt:956 fragExt:0 free: p1:258 p2:277 p3:601
 LIBERACAO ANT:878 FREE_PROCESS:2 bytes:4161908 alloc_cont:253742 free_cont:252864 diff:878 menor:12 maior:26 media:17 bytes:14252 fragInt:1092 fragExt:0 free: p1:281 p2:265 p3:613
 LIBERACAO ANT:878 FREE_PROCESS:2 bytes:4176360 alloc_cont:254620 free_cont:253742 diff:878 menor:12 maior:26 media:17 bytes:14452 fragInt:892 fragExt:0 free: p1:253 p2:271 p3:607
 LIBERACAO ANT:878 FREE_PROCESS:2 bytes:4190712 alloc_cont:255498 free_cont:254620 diff:878 menor:12 maior:26 media:17 bytes:14352 fragInt:992 fragExt:0 free: p1:281 p2:240 p3:638
 LIBERACAO ANT:878 FREE_PROCESS:3 bytes:4204960 alloc_cont:256376 free_cont:255498 diff:878 menor:12 maior:26 media:17 bytes:14248 fragInt:1096 fragExt:0 free: p1:277 p2:274 p3:604
 LIBERACAO ANT:878 FREE_PROCESS:1 bytes:4219296 alloc_cont:257254 free_cont:256376 diff:878 menor:12 maior:26 media:17 bytes:14336 fragInt:1008 fragExt:0 free: p1:270 p2:266 p3:612
 LI]0;max@Ubuntu-Max: ~/NKE/NKE0.8a/Placa[01;32mmax@Ubuntu-Max[00m:[01;34m~/NKE/NKE0.8a/Placa[00m$ ^C
]0;max@Ubuntu-Max: ~/NKE/NKE0.8a/Placa[01;32mmax@Ubuntu-Max[00m:[01;34m~/NKE/NKE0.8a/Placa[00m$ exit
exit

Script done on Dom 03 Jun 2018 23:39:25 -03
