Script started on Seg 04 Jun 2018 00:02:04 -03
]0;max@Ubuntu-Max: ~/NKE/NKE0.8a/Placa[01;32mmax@Ubuntu-Max[00m:[01;34m~/NKE/NKE0.8a/Placa[00m$ exit../terminal64 

Serial terminal/uploader for Linux: Command line:
	terminal64 [-f] [serial_device] [tty_out] [b=baudrate] [file.hex]

PaNKE-Terminal Opened "/dev/ttyUSB0" @ 19200 baud
Ctrl-C to exit
Ctrl-R RESET remote device

 ì>>>>> INICIALIZA >>>>>> FREE_PROCESS:1 bytes:13292 alloc_cont:805 free_cont:0 diff:805 menor:12 maior:22 media:18 bytes:13292 fragInt:2040 fragExt:0 free: p1:226 p2:250 p3:555
 LIBERACAO ANT:805 FREE_PROCESS:2 bytes:26456 alloc_cont:1610 free_cont:805 diff:805 menor:12 maior:22 media:17 bytes:13164 fragInt:2168 fragExt:0 free: p1:250 p2:234 p3:571
 LIBERACAO ANT:805 FREE_PROCESS:2 bytes:39628 alloc_cont:2415 free_cont:1610 diff:805 menor:12 maior:22 media:17 bytes:13172 fragInt:2160 fragExt:0 free: p1:241 p2:250 p3:555
 LIBERACAO ANT:805 FREE_PROCESS:2 bytes:52916 alloc_cont:3220 free_cont:2415 diff:805 menor:12 maior:22 media:17 bytes:13288 fragInt:2044 fragExt:0 free: p1:226 p2:251 p3:554
 LIBERACAO ANT:805 FREE_PROCESS:2 bytes:66140 alloc_cont:4025 free_cont:3220 diff:805 menor:12 maior:22 media:17 bytes:13224 fragInt:2108 fragExt:0 free: p1:238 p2:243 p3:562
 LIBERACAO ANT:805 FREE_PROCESS:1 bytes:79272 alloc_cont:4830 free_cont:4025 diff:805 menor:12 maior:22 media:17 bytes:13132 fragInt:2200 fragExt:0 free: p1:243 p2:256 p3:549
 LIBERACAO ANT:805 FREE_PROCESS:3 bytes:92524 alloc_cont:5635 free_cont:4830 diff:805 menor:12 maior:22 media:17 bytes:13252 fragInt:2080 fragExt:0 free: p1:231 p2:250 p3:555
 LIBERACAO ANT:805 FREE_PROCESS:3 bytes:105592 alloc_cont:6440 free_cont:5635 diff:805 menor:12 maior:22 media:16 bytes:13068 fragInt:2264 fragExt:0 free: p1:265 p2:228 p3:577
 LIBERACAO ANT:805 FREE_PROCESS:1 bytes:118684 alloc_cont:7245 free_cont:6440 diff:805 menor:12 maior:22 media:16 bytes:13092 fragInt:2240 fragExt:0 free: p1:244 p2:264 p3:541
 LIBERACAO ANT:805 FREE_PROCESS:3 bytes:131932 alloc_cont:8050 free_cont:7245 diff:805 menor:12 maior:22 media:16 bytes:13248 fragInt:2084 fragExt:0 free: p1:241 p2:231 p3:574
 LIBERACAO ANT:805 FREE_PROCESS:3 bytes:145176 alloc_cont:8855 free_cont:8050 diff:805 menor:12 maior:22 media:16 bytes:13244 fragInt:2088 fragExt:0 free: p1:239 p2:236 p3:569
 LIBERACAO ANT:805 FREE_PROCESS:2 bytes:158304 alloc_cont:9660 free_cont:8855 diff:805 menor:12 maior:22 media:16 bytes:13128 fragInt:2204 fragExt:0 free: p1:246 p2:251 p3:554
 LIBERACAO ANT:805 FREE_PROCESS:3 bytes:171572 alloc_cont:10465 free_cont:9660 diff:805 menor:12 maior:22 media:16 bytes:13268 fragInt:2064 fragExt:0 free: p1:233 p2:242 p3:563
 LIBERACAO ANT:805 FREE_PROCESS:1 bytes:184828 alloc_cont:11270 free_cont:10465 diff:805 menor:12 maior:22 media:16 bytes:13256 fragInt:2076 fragExt:0 free: p1:229 p2:253 p3:552
 LIBERACAO ANT:805 FREE_PROCESS:3 bytes:197936 alloc_cont:12075 free_cont:11270 diff:805 menor:12 maior:22 media:16 bytes:13108 fragInt:2224 fragExt:0 free: p1:247 p2:254 p3:551
 LIBERACAO ANT:805 FREE_PROCESS:2 bytes:211096 alloc_cont:12880 free_cont:12075 diff:805 menor:12 maior:22 media:16 bytes:13160 fragInt:2172 fragExt:0 free: p1:242 p2:251 p3:554
 LIBERACAO ANT:805 FREE_PROCESS:3 bytes:224196 alloc_cont:13685 free_cont:12880 diff:805 menor:12 maior:22 media:16 bytes:13100 fragInt:2232 fragExt:0 free: p1:255 p2:240 p3:565
 LIBERACAO ANT:805 FREE_PROCESS:3 bytes:237356 alloc_cont:14490 free_cont:13685 diff:805 menor:12 maior:22 media:16 bytes:13160 fragInt:2172 fragExt:0 free: p1:233 p2:269 p3:536
 LIBERACAO ANT:805 FREE_PROCESS:3 bytes:250456 alloc_cont:15295 free_cont:14490 diff:805 menor:12 maior:22 media:16 bytes:13100 fragInt:2232 fragExt:0 free: p1:248 p2:254 p3:551
 LIBERACAO ANT:805 FREE_PROCESS:2 bytes:263752 alloc_cont:16100 free_cont:15295 diff:805 menor:12 maior:22 media:16 bytes:13296 fragInt:2036 fragExt:0 free: p1:240 p2:221 p3:584
 LIBERACAO ANT:805 FREE_PROCESS:2 bytes:276896 alloc_cont:16905 free_cont:16100 diff:805 menor:12 maior:22 media:16 bytes:13144 fragInt:2188 fragExt:0 free: p1:254 p2:231 p3:574
 LIBERACAO ANT:805 FREE_PROCESS:3 bytes:290368 alloc_cont:17710 free_cont:16905 diff:805 menor:12 maior:22 media:16 bytes:13472 fragInt:1860 fragExt:0 free: p1:206 p2:245 p3:560
 LIBERACAO ANT:805 FREE_PROCESS:2 bytes:303824 alloc_cont:18515 free_cont:17710 diff:805 menor:12 maior:22 media:16 bytes:13456 fragInt:1876 fragExt:0 free: p1:206 p2:249 p3:556
 LIBERACAO ANT:805 FREE_PROCESS:3 bytes:316872 alloc_cont:19320 free_cont:18515 diff:805 menor:12 maior:22 media:16 bytes:13048 fragInt:2284 fragExt:0 free: p1:263 p2:237 p3:568
 LIBERACAO ANT:805 FREE_PROCESS:3 bytes:329896 alloc_cont:20125 free_cont:19320 diff:805 menor:12 maior:22 media:16 bytes:13024 fragInt:2308 fragExt:0 free: p1:250 p2:269 p3:536
 LIBERACAO ANT:805 FREE_PROCESS:3 bytes:343124 alloc_cont:20930 free_cont:20125 diff:805 menor:12 maior:22 media:16 bytes:13228 fragInt:2104 fragExt:0 free: p1:234 p2:250 p3:555
 LIBERACAO ANT:805 FREE_PROCESS:2 bytes:356208 alloc_cont:21735 free_cont:20930 diff:805 menor:12 maior:22 media:16 bytes:13084 fragInt:2248 fragExt:0 free: p1:257 p2:240 p3:565
 LIBERACAO ANT:805 FREE_PROCESS:3 bytes:369332 alloc_cont:22540 free_cont:21735 diff:805 menor:12 maior:22 media:16 bytes:13124 fragInt:2208 fragExt:0 free: p1:259 p2:226 p3:579
 LIBERACAO ANT:805 FREE_PROCESS:3 bytes:382740 alloc_cont:23345 free_cont:22540 diff:805 menor:12 maior:22 media:16 bytes:13408 fragInt:1924 fragExt:0 free: p1:217 p2:239 p3:566
 LIBERACAO ANT:805 FREE_PROCESS:2 bytes:395936 alloc_cont:24150 free_cont:23345 diff:805 menor:12 maior:22 media:16 bytes:13196 fragInt:2136 fragExt:0 free: p1:239 p2:248 p3:557
 LIBERACAO ANT:805 FREE_PROCESS:3 bytes:409124 alloc_cont:24955 free_cont:24150 diff:805 menor:12 maior:22 media:16 bytes:13188 fragInt:2144 fragExt:0 free: p1:237 p2:254 p3:551
 LIBERACAO ANT:805 FREE_PROCESS:2 bytes:422448 alloc_cont:25760 free_cont:24955 diff:805 menor:12 maior:22 media:16 bytes:13324 fragInt:2008 fragExt:0 free: p1:224 p2:246 p3:559
 LIBERACAO ANT:805 FREE_PROCESS:1 bytes:435596 alloc_cont:26565 free_cont:25760 diff:805 menor:12 maior:22 media:16 bytes:13148 fragInt:2184 fragExt:0 free: p1:239 p2:260 p3:545
 LIBERACAO ANT:805 FREE_PROCESS:3 bytes:448700 alloc_cont:27370 free_cont:26565 diff:805 menor:12 maior:22 media:16 bytes:13104 fragInt:2228 fragExt:0 free: p1:247 p2:255 p3:550
 LIBERACAO ANT:805 FREE_PROCESS:1 bytes:462052 alloc_cont:28175 free_cont:27370 diff:805 menor:12 maior:22 media:16 bytes:13352 fragInt:1980 fragExt:0 free: p1:212 p2:263 p3:542
 LIBERACAO ANT:805 FREE_PROCESS:3 bytes:475236 alloc_cont:28980 free_cont:28175 diff:805 menor:12 maior:22 media:16 bytes:13184 fragInt:2148 fragExt:0 free: p1:229 p2:271 p3:534
 LIBERACAO ANT:805 FREE_PROCESS:1 bytes:488488 alloc_cont:29785 free_cont:28980 diff:805 menor:12 maior:22 media:16 bytes:13252 fragInt:2080 fragExt:0 free: p1:226 p2:260 p3:545
 LIBERACAO ANT:805 FREE_PROCESS:2 bytes:501800 alloc_cont:30590 free_cont:29785 diff:805 menor:12 maior:22 media:16 bytes:13312 fragInt:2020 fragExt:0 free: p1:228 p2:241 p3:564
 LIBERACAO ANT:805 FREE_PROCESS:2 bytes:515000 alloc_cont:31395 free_cont:30590 diff:805 menor:12 maior:22 media:16 bytes:13200 fragInt:2132 fragExt:0 free: p1:244 p2:237 p3:568
 LIBERACAO ANT:805 FREE_PROCESS:2 bytes:528208 alloc_cont:32200 free_cont:31395 diff:805 menor:12 maior:22 media:16 bytes:13208 fragInt:2124 fragExt:0 free: p1:237 p2:249 p3:556
 LIBERACAO ANT:805 FREE_PROCESS:2 bytes:541472 alloc_cont:33005 free_cont:32200 diff:805 menor:12 maior:22 media:16 bytes:13264 fragInt:2068 fragExt:0 free: p1:215 p2:279 p3:526
 LIBERACAO ANT:805 FREE_PROCESS:2 bytes:554520 alloc_cont:33810 free_cont:33005 diff:805 menor:12 maior:22 media:16 bytes:13048 fragInt:2284 fragExt:0 free: p1:266 p2:231 p3:574
 LIBERACAO ANT:805 FREE_PROCESS:3 bytes:567704 alloc_cont:34615 free_cont:33810 diff:805 menor:12 maior:22 media:16 bytes:13184 fragInt:2148 fragExt:0 free: p1:241 p2:247 p3:558
 LIBERACAO ANT:805 FREE_PROCESS:1 bytes:580920 alloc_cont:35420 free_cont:34615 diff:805 menor:12 maior:22 media:16 bytes:13216 fragInt:2116 fragExt:0 free: p1:247 p2:227 p3:578
 LIBERACAO ANT:805 FREE_PROCESS:1 bytes:594080 alloc_cont:36225 free_cont:35420 diff:805 menor:12 maior:22 media:16 bytes:13160 fragInt:2172 fragExt:0 free: p1:255 p2:225 p3:580
 LIBERACAO ANT:805 FREE_PROCESS:1 bytes:607364 alloc_cont:37030 free_cont:36225 diff:805 menor:12 maior:22 media:16 bytes:13284 fragInt:2048 fragExt:0 free: p1:213 p2:278 p3:527
 LIBERACAO ANT:805 FREE_PROCESS:2 bytes:620688 alloc_cont:37835 free_cont:37030 diff:805 menor:12 maior:22 media:16 bytes:13324 fragInt:2008 fragExt:0 free: p1:231 p2:232 p3:573
 LIBERACAO ANT:805 FREE_PROCESS:3 bytes:633864 alloc_cont:38640 free_cont:37835 diff:805 menor:12 maior:22 media:16 bytes:13176 fragInt:2156 fragExt:0 free: p1:250 p2:231 p3:574
 LIBERACAO ANT:805 FREE_PROCESS:2 bytes:647048 alloc_cont:39445 free_cont:38640 diff:805 menor:12 maior:22 media:16 bytes:13184 fragInt:2148 fragExt:0 free: p1:246 p2:237 p3:568
 LIBERACAO ANT:805 FREE_PROCESS:2 bytes:660276 alloc_cont:40250 free_cont:39445 diff:805 menor:12 maior:22 media:16 bytes:13228 fragInt:2104 fragExt:0 free: p1:231 p2:256 p3:549
 LIBERACAO ANT:805 FREE_PROCESS:2 bytes:673488 alloc_cont:41055 free_cont:40250 diff:805 menor:12 maior:22 media:16 bytes:13212 fragInt:2120 fragExt:0 free: p1:233 p2:256 p3:549
 LIBERACAO ANT:805 FREE_PROCESS:2 bytes:686668 alloc_cont:41860 free_cont:41055 diff:805 menor:12 maior:22 media:16 bytes:13180 fragInt:2152 fragExt:0 free: p1:235 p2:260 p3:545
 LIBERACAO ANT:805 FREE_PROCESS:1 bytes:699800 alloc_cont:42665 free_cont:41860 diff:805 menor:12 maior:22 media:16 bytes:13132 fragInt:2200 fragExt:0 free: p1:252 p2:238 p3:567
 LIBERACAO ANT:805 FREE_PROCESS:1 bytes:712840 alloc_cont:43470 free_cont:42665 diff:805 menor:12 maior:22 media:16 bytes:13040 fragInt:2292 fragExt:0 free: p1:263 p2:239 p3:566
 LIBERACAO ANT:805 FREE_PROCESS:2 bytes:726036 alloc_cont:44275 free_cont:43470 diff:805 menor:12 maior:22 media:16 bytes:13196 fragInt:2136 fragExt:0 free: p1:237 p2:252 p3:553
 LIBERACAO ANT:805 FREE_PROCESS:3 bytes:739200 alloc_cont:45080 free_cont:44275 diff:805 menor:12 maior:22 media:16 bytes:13164 fragInt:2168 fragExt:0 free: p1:242 p2:250 p3:555
 LIBERACAO ANT:805 FREE_PROCESS:1 bytes:752416 alloc_cont:45885 free_cont:45080 diff:805 menor:12 maior:22 media:16 bytes:13216 fragInt:2116 fragExt:0 free: p1:249 p2:223 p3:582
 LIBERACAO ANT:805 FREE_PROCESS:2 bytes:765564 alloc_cont:46690 free_cont:45885 diff:805 menor:12 maior:22 media:16 bytes:13148 fragInt:2184 fragExt:0 free: p1:248 p2:242 p3:563
 LIBERACAO ANT:805 FREE_PROCESS:3 bytes:778912 alloc_cont:47495 free_cont:46690 diff:805 menor:12 maior:22 media:16 bytes:13348 fragInt:1984 fragExt:0 free: p1:218 p2:252 p3:553
 LIBERACAO ANT:805 FREE_PROCESS:2 bytes:792080 alloc_cont:48300 free_cont:47495 diff:805 menor:12 maior:22 media:16 bytes:13168 fragInt:2164 fragExt:0 free: p1:250 p2:233 p3:572
 LIBERACAO ANT:805 FREE_PROCESS:2 bytes:805240 alloc_cont:49105 free_cont:48300 diff:805 menor:12 maior:22 media:16 bytes:13160 fragInt:2172 fragExt:0 free: p1:244 p2:247 p3:558
 LIBERACAO ANT:805 FREE_PROCESS:2 bytes:818344 alloc_cont:49910 free_cont:49105 diff:805 menor:12 maior:22 media:16 bytes:13104 fragInt:2228 fragExt:0 free: p1:248 p2:253 p3:552
 LIBERACAO ANT:805 FREE_PROCESS:2 bytes:831628 alloc_cont:50715 free_cont:49910 diff:805 menor:12 maior:22 media:16 bytes:13284 fragInt:2048 fragExt:0 free: p1:238 p2:228 p3:577
 LIBERACAO ANT:805 FREE_PROCESS:1 bytes:844700 alloc_cont:51520 free_cont:50715 diff:805 menor:12 maior:22 media:16 bytes:13072 fragInt:2260 fragExt:0 free: p1:254 p2:249 p3:556
 LIBERACAO ANT:805 FREE_PROCESS:3 bytes:857972 alloc_cont:52325 free_cont:51520 diff:805 menor:12 maior:22 media:16 bytes:13272 fragInt:2060 fragExt:0 free: p1:237 p2:233 p3:572
 LIBERACAO ANT:805 FREE_PROCESS:1 bytes:871304 alloc_cont:53130 free_cont:52325 diff:805 menor:12 maior:22 media:16 bytes:13332 fragInt:2000 fragExt:0 free: p1:221 p2:250 p3:555
 LIBERACAO ANT:805 FREE_PROCESS:1 bytes:884520 alloc_cont:53935 free_cont:53130 diff:805 menor:12 maior:22 media:16 bytes:13216 fragInt:2116 fragExt:0 free: p1:239 p2:243 p3:562
 LIBERACAO ANT:805 FREE_PROCESS:3 bytes:897676 alloc_cont:54740 free_cont:53935 diff:805 menor:12 maior:22 media:16 bytes:13156 fragInt:2176 fragExt:0 free: p1:249 p2:238 p3:567
 LIBERACAO ANT:805 FREE_PROCESS:2 bytes:910876 alloc_cont:55545 free_cont:54740 diff:805 menor:12 maior:22 media:16 bytes:13200 fragInt:2132 fragExt:0 free: p1:248 p2:229 p3:576
 LIBERACAO ANT:805 FREE_PROCESS:1 bytes:924100 alloc_cont:56350 free_cont:55545 diff:805 menor:12 maior:22 media:16 bytes:13224 fragInt:2108 fragExt:0 free: p1:234 p2:251 p3:554
 LIBERACAO ANT:805 FREE_PROCESS:1 bytes:937380 alloc_cont:57155 free_cont:56350 diff:805 menor:12 maior:22 media:16 bytes:13280 fragInt:2052 fragExt:0 free: p1:237 p2:231 p3:574
 LIBERACAO ANT:805 FREE_PROCESS:3 bytes:950668 alloc_cont:57960 free_cont:57155 diff:805 menor:12 maior:22 media:16 bytes:13288 fragInt:2044 fragExt:0 free: p1:233 p2:237 p3:568
 LIBERACAO ANT:805 FREE_PROCESS:2 bytes:963868 alloc_cont:58765 free_cont:57960 diff:805 menor:12 maior:22 media:16 bytes:13200 fragInt:2132 fragExt:0 free: p1:234 p2:257 p3:548
 LIBERACAO ANT:805 FREE_PROCESS:3 bytes:977176 alloc_cont:59570 free_cont:58765 diff:805 menor:12 maior:22 media:16 bytes:13308 fragInt:2024 fragExt:0 free: p1:233 p2:232 p3:573
 LIBERACAO ANT:805 FREE_PROCESS:1 bytes:990496 alloc_cont:60375 free_cont:59570 diff:805 menor:12 maior:22 media:16 bytes:13320 fragInt:2012 fragExt:0 free: p1:224 p2:247 p3:558
 LIBERACAO ANT:805 FREE_PROCESS:3 bytes:1003560 alloc_cont:61180 free_cont:60375 diff:805 menor:12 maior:22 media:16 bytes:13064 fragInt:2268 fragExt:0 free: p1:263 p2:233 p3:572
 LIBERACAO ANT:805 FREE_PROCESS:2 bytes:1016872 alloc_cont:61985 free_cont:61180 diff:805 menor:12 maior:22 media:16 bytes:13312 fragInt:2020 fragExt:0 free: p1:224 p2:249 p3:556
 LIBERACAO ANT:805 FREE_PROCESS:2 bytes:1030064 alloc_cont:62790 free_cont:61985 diff:805 menor:12 maior:22 media:16 bytes:13192 fragInt:2140 fragExt:0 free: p1:246 p2:235 p3:570
 LIBERACAO ANT:805 FREE_PROCESS:3 bytes:1043352 alloc_cont:63595 free_cont:62790 diff:805 menor:12 maior:22 media:16 bytes:13288 fragInt:2044 fragExt:0 free: p1:230 p2:243 p3:562
 LIBERACAO ANT:805 FREE_PROCESS:2 bytes:1056528 alloc_cont:64400 free_cont:63595 diff:805 menor:12 maior:22 media:16 bytes:13176 fragInt:2156 fragExt:0 free: p1:248 p2:235 p3:570
 LIBERACAO ANT:805 FREE_PROCESS:1 bytes:1069604 alloc_cont:65205 free_cont:64400 diff:805 menor:12 maior:22 media:16 bytes:13076 fragInt:2256 fragExt:0 free: p1:251 p2:254 p3:551
 LIBERACAO ANT:805 FREE_PROCESS:1 bytes:1082740 alloc_cont:66010 free_cont:65205 diff:805 menor:12 maior:22 media:16 bytes:13136 fragInt:2196 fragExt:0 free: p1:246 p2:249 p3:556
 LIBERACAO ANT:805 FREE_PROCESS:3 bytes:1095852 alloc_cont:66815 free_cont:66010 diff:805 menor:12 maior:22 media:16 bytes:13112 fragInt:2220 fragExt:0 free: p1:256 p2:235 p3:570
 LIBERACAO ANT:805 FREE_PROCESS:1 bytes:1109072 alloc_cont:67620 free_cont:66815 diff:805 menor:12 maior:22 media:16 bytes:13220 fragInt:2112 fragExt:0 free: p1:238 p2:244 p3:561
 LIBERACAO ANT:805 FREE_PROCESS:3 bytes:1122244 alloc_cont:68425 free_cont:67620 diff:805 menor:12 maior:22 media:16 bytes:13172 fragInt:2160 fragExt:0 free: p1:246 p2:240 p3:565
 LIBERACAO ANT:805 FREE_PROCESS:2 bytes:1135544 alloc_cont:69230 free_cont:68425 diff:805 menor:12 maior:22 media:16 bytes:13300 fragInt:2032 fragExt:0 free: p1:237 p2:226 p3:579
 LIBERACAO ANT:805 FREE_PROCESS:3 bytes:1148880 alloc_cont:70035 free_cont:69230 diff:805 menor:12 maior:22 media:16 bytes:13336 fragInt:1996 fragExt:0 free: p1:231 p2:229 p3:576
 LIBERACAO ANT:805 FREE_PROCESS:3 bytes:1162200 alloc_cont:70840 free_cont:70035 diff:805 menor:12 maior:22 media:16 bytes:13320 fragInt:2012 fragExt:0 free: p1:231 p2:233 p3:572
 LIBERACAO ANT:805 FREE_PROCESS:1 bytes:1175252 alloc_cont:71645 free_cont:70840 diff:805 menor:12 maior:22 media:16 bytes:13052 fragInt:2280 fragExt:0 free: p1:263 p2:236 p3:569
 LIBERACAO ANT:805 FREE_PROCESS:2 bytes:1188520 alloc_cont:72450 free_cont:71645 diff:805 menor:12 maior:22 media:16 bytes:13268 fragInt:2064 fragExt:0 free: p1:226 p2:256 p3:549
 LIBERACAO ANT:805 FREE_PROCESS:1 bytes:1201632 alloc_cont:73255 free_cont:72450 diff:805 menor:12 maior:22 media:16 bytes:13112 fragInt:2220 fragExt:0 free: p1:265 p2:217 p3:588
 LIBERACAO ANT:805 FREE_PROCESS:1 bytes:1214784 alloc_cont:74060 free_cont:73255 diff:805 menor:12 maior:22 media:16 bytes:13152 fragInt:2180 fragExt:0 free: p1:247 p2:243 p3:562
 LIBERACAO ANT:805 FREE_PROCESS:3 bytes:1227872 alloc_cont:74865 free_cont:74060 diff:805 menor:12 maior:22 media:16 bytes:13088 fragInt:2244 fragExt:0 free: p1:246 p2:261 p3:544
 LIBERACAO ANT:805 FREE_PROCESS:2 bytes:1240968 alloc_cont:75670 free_cont:74865 diff:805 menor:12 maior:22 media:16 bytes:13096 fragInt:2236 fragExt:0 free: p1:252 p2:247 p3:558
 LIBERACAO ANT:805 FREE_PROCESS:2 bytes:1254064 alloc_cont:76475 free_cont:75670 diff:805 menor:12 maior:22 media:16 bytes:13096 fragInt:2236 fragExt:0 free: p1:247 p2:257 p3:548
 LIBERACAO ANT:805 FREE_PROCESS:3 bytes:1267200 alloc_cont:77280 free_cont:76475 diff:805 menor:12 maior:22 media:16 bytes:13136 fragInt:2196 fragExt:0 free: p1:248 p2:245 p3:560
 LIBERACAO ANT:805 FREE_PROCESS:1 bytes:1280352 alloc_cont:78085 free_cont:77280 diff:805 menor:12 maior:22 media:16 bytes:13152 fragInt:2180 fragExt:0 free: p1:242 p2:253 p3:552
 LIBERACAO ANT:805 FREE_PROCESS:3 bytes:1293616 alloc_cont:78890 free_cont:78085 diff:805 menor:12 maior:22 media:16 bytes:13264 fragInt:2068 fragExt:0 free: p1:247 p2:215 p3:590
 LIBERACAO ANT:805 FREE_PROCESS:3 bytes:1306800 alloc_cont:79695 free_cont:78890 diff:805 menor:12 maior:22 media:16 bytes:13184 fragInt:2148 fragExt:0 free: p1:257 p2:215 p3:590
 LIBERACAO ANT:805 FREE_PROCESS:3 bytes:1319992 alloc_cont:80500 free_cont:79695 diff:805 menor:12 maior:22 media:16 bytes:13192 fragInt:2140 fragExt:0 free: p1:241 p2:245 p3:560
 LIBERACAO ANT:805 FREE_PROCESS:1 bytes:1333280 alloc_cont:81305 free_cont:80500 diff:805 menor:12 maior:22 media:16 bytes:13288 fragInt:2044 fragExt:0 free: p1:234 p2:235 p3:570
 LIBERACAO ANT:805 FREE_PROCESS:1 bytes:1346592 alloc_cont:82110 free_cont:81305 diff:805 menor:12 maior:22 media:16 bytes:13312 fragInt:2020 fragExt:0 free: p1:233 p2:231 p3:574
 LIBERACAO ANT:805 FREE_PROCESS:3 bytes:1359744 alloc_cont:82915 free_cont:82110 diff:805 menor:12 maior:22 media:16 bytes:13152 fragInt:2180 fragExt:0 free: p1:243 p2:251 p3:554
 LIBERACAO ANT:805 FREE_PROCESS:3 bytes:1373032 alloc_cont:83720 free_cont:82915 diff:805 menor:12 maior:22 media:16 bytes:13288 fragInt:2044 fragExt:0 free: p1:233 p2:237 p3:568
 LIBERACAO ANT:805 FREE_PROCESS:1 bytes:1386228 alloc_cont:84525 free_cont:83720 diff:805 menor:12 maior:22 media:16 bytes:13196 fragInt:2136 fragExt:0 free: p1:234 p2:258 p3:547
 LIBERACAO ANT:805 FREE_PROCESS:3 bytes:1399300 alloc_cont:85330 free_cont:84525 diff:805 menor:12 maior:22 media:16 bytes:13072 fragInt:2260 fragExt:0 free: p1:274 p2:209 p3:596
 LIBERACAO ANT:805 FREE_PROCESS:3 bytes:1412448 alloc_cont:86135 free_cont:85330 diff:805 menor:12 maior:22 media:16 bytes:13148 fragInt:2184 fragExt:0 free: p1:247 p2:244 p3:561
 LIBERACAO ANT:805 FREE_PROCESS:2 bytes:1425672 alloc_cont:86940 free_cont:86135 diff:805 menor:12 maior:22 media:16 bytes:13224 fragInt:2108 fragExt:0 free: p1:236 p2:247 p3:558
 LIBERACAO ANT:805 FREE_PROCESS:2 bytes:1438864 alloc_cont:87745 free_cont:86940 diff:805 menor:12 maior:22 media:16 bytes:13192 fragInt:2140 fragExt:0 free: p1:235 p2:257 p3:548
 LIBERACAO ANT:805 FREE_PROCESS:2 bytes:1452016 alloc_cont:88550 free_cont:87745 diff:805 menor:12 maior:22 media:16 bytes:13152 fragInt:2180 fragExt:0 free: p1:243 p2:251 p3:554
 LIBERACAO ANT:805 FREE_PROCESS:3 bytes:1465232 alloc_cont:89355 free_cont:88550 diff:805 menor:12 maior:22 media:16 bytes:13216 fragInt:2116 fragExt:0 free: p1:254 p2:213 p3:592
 LIBERACAO ANT:805 FREE_PROCESS:1 bytes:1478504 alloc_cont:90160 free_cont:89355 diff:805 menor:12 maior:22 media:16 bytes:13272 fragInt:2060 fragExt:0 free: p1:240 p2:227 p3:578
 LIBERACAO ANT:805 FREE_PROCESS:1 bytes:1491632 alloc_cont:90965 free_cont:90160 diff:805 menor:12 maior:22 media:16 bytes:13128 fragInt:2204 fragExt:0 free: p1:248 p2:247 p3:558
 LIBERACAO ANT:805 FREE_PROCESS:3 bytes:1504944 alloc_cont:91770 free_cont:90965 diff:805 menor:12 maior:22 media:16 bytes:13312 fragInt:2020 fragExt:0 free: p1:231 p2:235 p3:570
 LIBERACAO ANT:805 FREE_PROCESS:2 bytes:1518252 alloc_cont:92575 free_cont:91770 diff:805 menor:12 maior:22 media:16 bytes:13308 fragInt:2024 fragExt:0 free: p1:234 p2:230 p3:575
 LIBERACAO ANT:805 FREE_PROCESS:1 bytes:1531544 alloc_cont:93380 free_cont:92575 diff:805 menor:12 maior:22 media:16 bytes:13292 fragInt:2040 fragExt:0 free: p1:239 p2:224 p3:581
 LIBERACAO ANT:805 FREE_PROCESS:1 bytes:1544808 alloc_cont:94185 free_cont:93380 diff:805 menor:12 maior:22 media:16 bytes:13264 fragInt:2068 fragExt:0 free: p1:243 p2:223 p3:582
 LIBERACAO ANT:805 FREE_PROCESS:3 bytes:1557948 alloc_cont:94990 free_cont:94185 diff:805 menor:12 maior:22 media:16 bytes:13140 fragInt:2192 fragExt:0 free: p1:241 p2:258 p3:547
 LIBERACAO ANT:805 FREE_PROCESS:3 bytes:1571116 alloc_cont:95795 free_cont:94990 diff:805 menor:12 maior:22 media:16 bytes:13168 fragInt:2164 fragExt:0 free: p1:238 p2:257 p3:548
 LIBERACAO ANT:805 FREE_PROCESS:1 bytes:1584392 alloc_cont:96600 free_cont:95795 diff:805 menor:12 maior:22 media:16 bytes:13276 fragInt:2056 fragExt:0 free: p1:228 p2:250 p3:555
 LIBERACAO ANT:805 FREE_PROCESS:1 bytes:1597576 alloc_cont:97405 free_cont:96600 diff:805 menor:12 maior:22 media:16 bytes:13184 fragInt:2148 fragExt:0 free: p1:242 p2:245 p3:560
 LIBERACAO ANT:805 FREE_PROCESS:3 bytes:1610740 alloc_cont:98210 free_cont:97405 diff:805 menor:12 maior:22 media:16 bytes:13164 fragInt:2168 fragExt:0 free: p1:252 p2:230 p3:575
 LIBERACAO ANT:805 FREE_PROCESS:1 bytes:1624008 alloc_cont:99015 free_cont:98210 diff:805 menor:12 maior:22 media:16 bytes:13268 fragInt:2064 fragExt:0 free: p1:239 p2:230 p3:575
 LIBERACAO ANT:805 FREE_PROCESS:3 bytes:1637196 alloc_cont:99820 free_cont:99015 diff:805 menor:12 maior:22 media:16 bytes:13188 fragInt:2144 fragExt:0 free: p1:234 p2:260 p3:545
 LIBERACAO ANT:805 FREE_PROCESS:3 bytes:1650324 alloc_cont:100625 free_cont:99820 diff:805 menor:12 maior:22 media:16 bytes:13128 fragInt:2204 fragExt:0 free: p1:232 p2:279 p3:526
 LIBERACAO ANT:805 FREE_PROCESS:1 bytes:1663540 alloc_cont:101430 free_cont:100625 diff:805 menor:12 maior:22 media:16 bytes:13216 fragInt:2116 fragExt:0 free: p1:238 p2:245 p3:560
 LIBERACAO ANT:805 FREE_PROCESS:3 bytes:1676872 alloc_cont:102235 free_cont:101430 diff:805 menor:12 maior:22 media:16 bytes:13332 fragInt:2000 fragExt:0 free: p1:221 p2:250 p3:555
 LIBERACAO ANT:805 FREE_PROCESS:3 bytes:1690052 alloc_cont:103040 free_cont:102235 diff:805 menor:12 maior:22 media:16 bytes:13180 fragInt:2152 fragExt:0 free: p1:245 p2:240 p3:565
 LIBERACAO ANT:805 FREE_PROCESS:2 bytes:1703440 alloc_cont:103845 free_cont:103040 diff:805 menor:12 maior:22 media:16 bytes:13388 fragInt:1944 fragExt:0 free: p1:226 p2:226 p3:579
 LIBERACAO ANT:805 FREE_PROCESS:2 bytes:1716640 alloc_cont:104650 free_cont:103845 diff:805 menor:12 maior:22 media:16 bytes:13200 fragInt:2132 fragExt:0 free: p1:236 p2:253 p3:552
 LIBERACAO ANT:805 FREE_PROCESS:3 bytes:1729968 alloc_cont:105455 free_cont:104650 diff:805 menor:12 maior:22 media:16 bytes:13328 fragInt:2004 fragExt:0 free: p1:225 p2:243 p3:562
 LIBERACAO ANT:805 FREE_PROCESS:3 bytes:1743192 alloc_cont:106260 free_cont:105455 diff:805 menor:12 maior:22 media:16 bytes:13224 fragInt:2108 fragExt:0 free: p1:244 p2:231 p3:574
 LIBERACAO ANT:805 FREE_PROCESS:1 bytes:1756424 alloc_cont:107065 free_cont:106260 diff:805 menor:12 maior:22 media:16 bytes:13232 fragInt:2100 fragExt:0 free: p1:237 p2:243 p3:562
 LIBERACAO ANT:805 FREE_PROCESS:1 bytes:1769708 alloc_cont:107870 free_cont:107065 diff:805 menor:12 maior:22 media:16 bytes:13284 fragInt:2048 fragExt:0 free: p1:218 p2:268 p3:537
 LIBERACAO ANT:805 FREE_PROCESS:2 bytes:1782832 alloc_cont:108675 free_cont:107870 diff:805 menor:12 maior:22 media:16 bytes:13124 fragInt:2208 fragExt:0 free: p1:253 p2:238 p3:567
 LIBERACAO ANT:805 FREE_PROCESS:3 bytes:1795988 alloc_cont:109480 free_cont:108675 diff:805 menor:12 maior:22 media:16 bytes:13156 fragInt:2176 fragExt:0 free: p1:255 p2:226 p3:579
 LIBERACAO ANT:805 FREE_PROCESS:3 bytes:1809136 alloc_cont:110285 free_cont:109480 diff:805 menor:12 maior:22 media:16 bytes:13148 fragInt:2184 fragExt:0 free: p1:242 p2:254 p3:551
 LIBERACAO ANT:805 FREE_PROCESS:3 bytes:1822280 alloc_cont:111090 free_cont:110285 diff:805 menor:12 maior:22 media:16 bytes:13144 fragInt:2188 fragExt:0 free: p1:251 p2:237 p3:568
 LIBERACAO ANT:805 FREE_PROCESS:3 bytes:1835472 alloc_cont:111895 free_cont:111090 diff:805 menor:12 maior:22 media:16 bytes:13192 fragInt:2140 fragExt:0 free: p1:236 p2:255 p3:550
 LIBERACAO ANT:805 FREE_PROCESS:2 bytes:1848740 alloc_cont:112700 free_cont:111895 diff:805 menor:12 maior:22 media:16 bytes:13268 fragInt:2064 fragExt:0 free: p1:229 p2:250 p3:555
 LIBERACAO ANT:805 FREE_PROCESS:3 bytes:1861800 alloc_cont:113505 free_cont:112700 diff:805 menor:12 maior:22 media:16 bytes:13060 fragInt:2272 fragExt:0 free: p1:251 p2:258 p3:547
 LIBERACAO ANT:805 FREE_PROCESS:3 bytes:1875140 alloc_cont:114310 free_cont:113505 diff:805 menor:12 maior:22 media:16 bytes:13340 fragInt:1992 fragExt:0 free: p1:236 p2:218 p3:587
 LIBERACAO ANT:805 FREE_PROCESS:1 bytes:1888260 alloc_cont:115115 free_cont:114310 diff:805 menor:12 maior:22 media:16 bytes:13120 fragInt:2212 fragExt:0 free: p1:264 p2:217 p3:588
 LIBERACAO ANT:805 FREE_PROCESS:3 bytes:1901484 alloc_cont:115920 free_cont:115115 diff:805 menor:12 maior:22 media:16 bytes:13224 fragInt:2108 fragExt:0 free: p1:234 p2:251 p3:554
 LIBERACAO ANT:805 FREE_PROCESS:2 bytes:1914720 alloc_cont:116725 free_cont:115920 diff:805 menor:12 maior:22 media:16 bytes:13236 fragInt:2096 fragExt:0 free: p1:231 p2:254 p3:551
 LIBERACAO ANT:805 FREE_PROCESS:1 bytes:1927964 alloc_cont:117530 free_cont:116725 diff:805 menor:12 maior:22 media:16 bytes:13244 fragInt:2088 fragExt:0 free: p1:224 p2:266 p3:539
 LIBERACAO ANT:805 FREE_PROCESS:1 bytes:1941160 alloc_cont:118335 free_cont:117530 diff:805 menor:12 maior:22 media:16 bytes:13196 fragInt:2136 fragExt:0 free: p1:230 p2:266 p3:539
 LIBERACAO ANT:805 FREE_PROCESS:1 bytes:1954244 alloc_cont:119140 free_cont:118335 diff:805 menor:12 maior:22 media:16 bytes:13084 fragInt:2248 fragExt:0 free: p1:253 p2:248 p3:557
 LIBERACAO ANT:805 FREE_PROCESS:2 bytes:1967432 alloc_cont:119945 free_cont:119140 diff:805 menor:12 maior:22 media:16 bytes:13188 fragInt:2144 fragExt:0 free: p1:238 p2:252 p3:553
 LIBERACAO ANT:805 FREE_PROCESS:3 bytes:1980692 alloc_cont:120750 free_cont:119945 diff:805 menor:12 maior:22 media:16 bytes:13260 fragInt:2072 fragExt:0 free: p1:235 p2:240 p3:565
 LIBERACAO ANT:805 FREE_PROCESS:3 bytes:1993904 alloc_cont:121555 free_cont:120750 diff:805 menor:12 maior:22 media:16 bytes:13212 fragInt:2120 fragExt:0 free: p1:250 p2:222 p3:583
 LIBERACAO ANT:805 FREE_PROCESS:3 bytes:2007136 alloc_cont:122360 free_cont:121555 diff:805 menor:12 maior:22 media:16 bytes:13232 fragInt:2100 fragExt:0 free: p1:249 p2:219 p3:586
 LIBERACAO ANT:805 FREE_PROCESS:1 bytes:2020264 alloc_cont:123165 free_cont:122360 diff:805 menor:12 maior:22 media:16 bytes:13128 fragInt:2204 fragExt:0 free: p1:244 p2:255 p3:550
 LIBERACAO ANT:805 FREE_PROCESS:3 bytes:2033528 alloc_cont:123970 free_cont:123165 diff:805 menor:12 maior:22 media:16 bytes:13264 fragInt:2068 fragExt:0 free: p1:238 p2:233 p3:572
 LIBERACAO ANT:805 FREE_PROCESS:1 bytes:2046700 alloc_cont:124775 free_cont:123970 diff:805 menor:12 maior:22 media:16 bytes:13172 fragInt:2160 fragExt:0 free: p1:246 p2:240 p3:565
 LIBERACAO ANT:805 FREE_PROCESS:3 bytes:2059924 alloc_cont:125580 free_cont:124775 diff:805 menor:12 maior:22 media:16 bytes:13224 fragInt:2108 fragExt:0 free: p1:241 p2:237 p3:568
 LIBERACAO ANT:805 FREE_PROCESS:2 bytes:2073096 alloc_cont:126385 free_cont:125580 diff:805 menor:12 maior:22 media:16 bytes:13172 fragInt:2160 fragExt:0 free: p1:252 p2:228 p3:577
 LIBERACAO ANT:805 FREE_PROCESS:1 bytes:2086316 alloc_cont:127190 free_cont:126385 diff:805 menor:12 maior:22 media:16 bytes:13220 fragInt:2112 fragExt:0 free: p1:238 p2:244 p3:561
 LIBERACAO ANT:805 FREE_PROCESS:3 bytes:2099644 alloc_cont:127995 free_cont:127190 diff:805 menor:12 maior:22 media:16 bytes:13328 fragInt:2004 fragExt:0 free: p1:212 p2:269 p3:536
 LIBERACAO ANT:805 FREE_PROCESS:2 bytes:2112812 alloc_cont:128800 free_cont:127995 diff:805 menor:12 maior:22 media:16 bytes:13168 fragInt:2164 fragExt:0 free: p1:231 p2:271 p3:534
 LIBERACAO ANT:805 FREE_PROCESS:3 bytes:2126064 alloc_cont:129605 free_cont:128800 diff:805 menor:12 maior:22 media:16 bytes:13252 fragInt:2080 fragExt:0 free: p1:238 p2:236 p3:569
 LIBERACAO ANT:805 FREE_PROCESS:3 bytes:2139332 alloc_cont:130410 free_cont:129605 diff:805 menor:12 maior:22 media:16 bytes:13268 fragInt:2064 fragExt:0 free: p1:228 p2:252 p3:553
 LIBERACAO ANT:805 FREE_PROCESS:2 bytes:2152600 alloc_cont:131215 free_cont:130410 diff:805 menor:12 maior:22 media:16 bytes:13268 fragInt:2064 fragExt:0 free: p1:232 p2:244 p3:561
 LIBERACAO ANT:805 FREE_PROCESS:1 bytes:2165672 alloc_cont:132020 free_cont:131215 diff:805 menor:12 maior:22 media:16 bytes:13072 fragInt:2260 fragExt:0 free: p1:258 p2:241 p3:564
 LIBERACAO ANT:805 FREE_PROCESS:3 bytes:2178776 alloc_cont:132825 free_cont:132020 diff:805 menor:12 maior:22 media:16 bytes:13104 fragInt:2228 fragExt:0 free: p1:254 p2:241 p3:564
 LIBERACAO ANT:805 FREE_PROCESS:3 bytes:2192020 alloc_cont:133630 free_cont:132825 diff:805 menor:12 maior:22 media:16 bytes:13244 fragInt:2088 fragExt:0 free: p1:241 p2:232 p3:573
 LIBERACAO ANT:805 FREE_PROCESS:3 bytes:2205252 alloc_cont:134435 free_cont:133630 diff:805 menor:12 maior:22 media:16 bytes:13232 fragInt:2100 fragExt:0 free: p1:242 p2:233 p3:572
 LIBERACAO ANT:805 FREE_PROCESS:2 bytes:2218500 alloc_cont:135240 free_cont:134435 diff:805 menor:12 maior:22 media:16 bytes:13248 fragInt:2084 fragExt:0 free: p1:233 p2:247 p3:558
 LIBERACAO ANT:805 FREE_PROCESS:3 bytes:2231648 alloc_cont:136045 free_cont:135240 diff:805 menor:12 maior:22 media:16 bytes:13148 fragInt:2184 fragExt:0 free: p1:270 p2:198 p3:607
 LIBERACAO ANT:805 FREE_PROCESS:3 bytes:2244916 alloc_cont:136850 free_cont:136045 diff:805 menor:12 maior:22 media:16 bytes:13268 fragInt:2064 fragExt:0 free: p1:237 p2:234 p3:571
 LIBERACAO ANT:805 FREE_PROCESS:2 bytes:2258108 alloc_cont:137655 free_cont:136850 diff:805 menor:12 maior:22 media:16 bytes:13192 fragInt:2140 fragExt:0 free: p1:242 p2:243 p3:562
 LIBERACAO ANT:805 FREE_PROCESS:1 bytes:2271124 alloc_cont:138460 free_cont:137655 diff:805 menor:12 maior:22 media:16 bytes:13016 fragInt:2316 fragExt:0 free: p1:260 p2:251 p3:554
 LIBERACAO ANT:805 FREE_PROCESS:2 bytes:2284372 alloc_cont:139265 free_cont:138460 diff:805 menor:12 maior:22 media:16 bytes:13248 fragInt:2084 fragExt:0 free: p1:222 p2:269 p3:536
 LIBERACAO ANT:805 FREE_PROCESS:3 bytes:2297628 alloc_cont:140070 free_cont:139265 diff:805 menor:12 maior:22 media:16 bytes:13256 fragInt:2076 fragExt:0 free: p1:236 p2:239 p3:566
 LIBERACAO ANT:805 FREE_PROCESS:1 bytes:2310908 alloc_cont:140875 free_cont:140070 diff:805 menor:12 maior:22 media:16 bytes:13280 fragInt:2052 fragExt:0 free: p1:226 p2:253 p3:552
 LIBERACAO ANT:805 FREE_PROCESS:3 bytes:2324104 alloc_cont:141680 free_cont:140875 diff:805 menor:12 maior:22 media:16 bytes:13196 fragInt:2136 fragExt:0 free: p1:241 p2:244 p3:561
 LIBERACAO ANT:805 FREE_PROCESS:2 bytes:2337220 alloc_cont:142485 free_cont:141680 diff:805 menor:12 maior:22 media:16 bytes:13116 fragInt:2216 fragExt:0 free: p1:246 p2:254 p3:551
 LIBERACAO ANT:805 FREE_PROCESS:2 bytes:2350428 alloc_cont:143290 free_cont:142485 diff:805 menor:12 maior:22 media:16 bytes:13208 fragInt:2124 fragExt:0 free: p1:237 p2:249 p3:556
 LIBERACAO ANT:805 FREE_PROCESS:2 bytes:2363736 alloc_cont:144095 free_cont:143290 diff:805 menor:12 maior:22 media:16 bytes:13308 fragInt:2024 fragExt:0 free: p1:238 p2:222 p3:583
 LIBERACAO ANT:805 FREE_PROCESS:1 bytes:2376872 alloc_cont:144900 free_cont:144095 diff:805 menor:12 maior:22 media:16 bytes:13136 fragInt:2196 fragExt:0 free: p1:252 p2:237 p3:568
 LIBERACAO ANT:805 FREE_PROCESS:3 bytes:2390016 alloc_cont:145705 free_cont:144900 diff:805 menor:12 maior:22 media:16 bytes:13144 fragInt:2188 fragExt:0 free: p1:236 p2:267 p3:538
 LIBERACAO ANT:805 FREE_PROCESS:1 bytes:2403288 alloc_cont:146510 free_cont:145705 diff:805 menor:12 maior:22 media:16 bytes:13272 fragInt:2060 fragExt:0 free: p1:242 p2:223 p3:582
 LIBERACAO ANT:805 FREE_PROCESS:3 bytes:2416380 alloc_cont:147315 free_cont:146510 diff:805 menor:12 maior:22 media:16 bytes:13092 fragInt:2240 fragExt:0 free: p1:253 p2:246 p3:559
 LIBERACAO ANT:805 FREE_PROCESS:2 bytes:2429604 alloc_cont:148120 free_cont:147315 diff:805 menor:12 maior:22 media:16 bytes:13224 fragInt:2108 fragExt:0 free: p1:232 p2:255 p3:550
 LIBERACAO ANT:805 FREE_PROCESS:1 bytes:2442732 alloc_cont:148925 free_cont:148120 diff:805 menor:12 maior:22 media:16 bytes:13128 fragInt:2204 fragExt:0 free: p1:259 p2:225 p3:580
 LIBERACAO ANT:805 FREE_PROCESS:3 bytes:2456196 alloc_cont:149730 free_cont:148925 diff:805 menor:12 maior:22 media:16 bytes:13464 fragInt:1868 fragExt:0 free: p1:214 p2:231 p3:574
 LIBERACAO ANT:805 FREE_PROCESS:3 bytes:2469420 alloc_cont:150535 free_cont:149730 diff:805 menor:12 maior:22 media:16 bytes:13224 fragInt:2108 fragExt:0 free: p1:235 p2:249 p3:556
 LIBERACAO ANT:805 FREE_PROCESS:2 bytes:2482572 alloc_cont:151340 free_cont:150535 diff:805 menor:12 maior:22 media:16 bytes:13152 fragInt:2180 fragExt:0 free: p1:245 p2:247 p3:558
 LIBERACAO ANT:805 FREE_PROCESS:1 bytes:2495936 alloc_cont:152145 free_cont:151340 diff:805 menor:12 maior:22 media:16 bytes:13364 fragInt:1968 fragExt:0 free: p1:213 p2:258 p3:547
 LIBERACAO ANT:805 FREE_PROCESS:3 bytes:2509168 alloc_cont:152950 free_cont:152145 diff:805 menor:12 maior:22 media:16 bytes:13232 fragInt:2100 fragExt:0 free: p1:237 p2:243 p3:562
 LIBERACAO ANT:805 FREE_PROCESS:3 bytes:2522404 alloc_cont:153755 free_cont:152950 diff:805 menor:12 maior:22 media:16 bytes:13236 fragInt:2096 fragExt:0 free: p1:239 p2:238 p3:567
 LIBERACAO ANT:805 FREE_PROCESS:2 bytes:2535640 alloc_cont:154560 free_cont:153755 diff:805 menor:12 maior:22 media:16 bytes:13236 fragInt:2096 fragExt:0 free: p1:233 p2:250 p3:555
 LIBERACAO ANT:805 FREE_PROCESS:2 bytes:2548784 alloc_cont:155365 free_cont:154560 diff:805 menor:12 maior:22 media:16 bytes:13144 fragInt:2188 fragExt:0 free: p1:253 p2:233 p3:572
 LIBERACAO ANT:805 FREE_PROCESS:1 bytes:2561912 alloc_cont:156170 free_cont:155365 diff:805 menor:12 maior:22 media:16 bytes:13128 fragInt:2204 fragExt:0 free: p1:267 p2:209 p3:596
 LIBERACAO ANT:805 FREE_PROCESS:1 bytes:2575152 alloc_cont:156975 free_cont:156170 diff:805 menor:12 maior:22 media:16 bytes:13240 fragInt:2092 fragExt:0 free: p1:247 p2:221 p3:584
 LIBERACAO ANT:805 FREE_PROCESS:1 bytes:2588396 alloc_cont:157780 free_cont:156975 diff:805 menor:12 maior:22 media:16 bytes:13244 fragInt:2088 fragExt:0 free: p1:237 p2:240 p3:565
 LIBERACAO ANT:805 FREE_PROCESS:1 bytes:2601408 alloc_cont:158585 free_cont:157780 diff:805 menor:12 maior:22 media:16 bytes:13012 fragInt:2320 fragExt:0 free: p1:262 p2:248 p3:557
 LIBERACAO ANT:805 FREE_PROCESS:3 bytes:2614704 alloc_cont:159390 free_cont:158585 diff:805 menor:12 maior:22 media:16 bytes:13296 fragInt:2036 fragExt:0 free: p1:233 p2:235 p3:570
 LIBERACAO ANT:805 FREE_PROCESS:3 bytes:2627924 alloc_cont:160195 free_cont:159390 diff:805 menor:12 maior:22 media:16 bytes:13220 fragInt:2112 fragExt:0 free: p1:246 p2:228 p3:577
 LIBERACAO ANT:805 FREE_PROCESS:2 bytes:2641176 alloc_cont:161000 free_cont:160195 diff:805 menor:12 maior:22 media:16 bytes:13252 fragInt:2080 fragExt:0 free: p1:246 p2:220 p3:585
 LIBERACAO ANT:805 FREE_PROCESS:2 bytes:2654356 alloc_cont:161805 free_cont:161000 diff:805 menor:12 maior:22 media:16 bytes:13180 fragInt:2152 fragExt:0 free: p1:237 p2:256 p3:549
 LIBERACAO ANT:805 FREE_PROCESS:2 bytes:2667584 alloc_cont:162610 free_cont:161805 diff:805 menor:12 maior:22 media:16 bytes:13228 fragInt:2104 fragExt:0 free: p1:230 p2:258 p3:547
 LIBERACAO ANT:805 FREE_PROCESS:3 bytes:2680712 alloc_cont:163415 free_cont:162610 diff:805 menor:12 maior:22 media:16 bytes:13128 fragInt:2204 fragExt:0 free: p1:245 p2:253 p3:552
 LIBERACAO ANT:805 FREE_PROCESS:2 bytes:2694024 alloc_cont:164220 free_cont:163415 diff:805 menor:12 maior:22 media:16 bytes:13312 fragInt:2020 fragExt:0 free: p1:227 p2:243 p3:562
 LIBERACAO ANT:805 FREE_PROCESS:2 bytes:2707340 alloc_cont:165025 free_cont:164220 diff:805 menor:12 maior:22 media:16 bytes:13316 fragInt:2016 fragExt:0 free: p1:229 p2:238 p3:567
 LIBERACAO ANT:805 FREE_PROCESS:3 bytes:2720412 alloc_cont:165830 free_cont:165025 diff:805 menor:12 maior:22 media:16 bytes:13072 fragInt:2260 fragExt:0 free: p1:270 p2:217 p3:588
 LIBERACAO ANT:805 FREE_PROCESS:1 bytes:2733524 alloc_cont:166635 free_cont:165830 diff:805 menor:12 maior:22 media:16 bytes:13112 fragInt:2220 fragExt:0 free: p1:255 p2:237 p3:568
 LIBERACAO ANT:805 FREE_PROCESS:2 bytes:2746872 alloc_cont:167440 free_cont:166635 diff:805 menor:12 maior:22 media:16 bytes:13348 fragInt:1984 fragExt:0 free: p1:226 p2:236 p3:569
 LIBERACAO ANT:805 FREE_PROCESS:3 bytes:2760048 alloc_cont:168245 free_cont:167440 diff:805 menor:12 maior:22 media:16 bytes:13176 fragInt:2156 fragExt:0 free: p1:231 p2:269 p3:536
 LIBERACAO ANT:805 FREE_PROCESS:3 bytes:2773268 alloc_cont:169050 free_cont:168245 diff:805 menor:12 maior:22 media:16 bytes:13220 fragInt:2112 fragExt:0 free: p1:229 p2:262 p3:543
 LIBERACAO ANT:805 FREE_PROCESS:2 bytes:2786356 alloc_cont:169855 free_cont:169050 diff:805 menor:12 maior:22 media:16 bytes:13088 fragInt:2244 fragExt:0 free: p1:269 p2:215 p3:590
 LIBERACAO ANT:805 FREE_PROCESS:3 bytes:2799524 alloc_cont:170660 free_cont:169855 diff:805 menor:12 maior:22 media:16 bytes:13168 fragInt:2164 fragExt:0 free: p1:240 p2:253 p3:552
 LIBERACAO ANT:805 FREE_PROCESS:1 bytes:2812820 alloc_cont:171465 free_cont:170660 diff:805 menor:12 maior:22 media:16 bytes:13296 fragInt:2036 fragExt:0 free: p1:225 p2:251 p3:554
 LIBERACAO ANT:805 FREE_PROCESS:2 bytes:2825928 alloc_cont:172270 free_cont:171465 diff:805 menor:12 maior:22 media:16 bytes:13108 fragInt:2224 fragExt:0 free: p1:243 p2:262 p3:543
 LIBERACAO ANT:805 FREE_PROCESS:2 bytes:2839148 alloc_cont:173075 free_cont:172270 diff:805 menor:12 maior:22 media:16 bytes:13220 fragInt:2112 fragExt:0 free: p1:227 p2:266 p3:539
 LIBERACAO ANT:805 FREE_PROCESS:1 bytes:2852504 alloc_cont:173880 free_cont:173075 diff:805 menor:12 maior:22 media:16 bytes:13356 fragInt:1976 fragExt:0 free: p1:229 p2:228 p3:577
 LIBERACAO ANT:805 FREE_PROCESS:3 bytes:2865772 alloc_cont:174685 free_cont:173880 diff:805 menor:12 maior:22 media:16 bytes:13268 fragInt:2064 fragExt:0 free: p1:229 p2:250 p3:555
 LIBERACAO ANT:805 FREE_PROCESS:1 bytes:2878976 alloc_cont:175490 free_cont:174685 diff:805 menor:12 maior:22 media:16 bytes:13204 fragInt:2128 fragExt:0 free: p1:243 p2:238 p3:567
 LIBERACAO ANT:805 FREE_PROCESS:3 bytes:2892276 alloc_cont:176295 free_cont:175490 diff:805 menor:12 maior:22 media:16 bytes:13300 fragInt:2032 fragExt:0 free: p1:229 p2:242 p3:563
 LIBERACAO ANT:805 FREE_PROCESS:3 bytes:2905392 alloc_cont:177100 free_cont:176295 diff:805 menor:12 maior:22 media:16 bytes:13116 fragInt:2216 fragExt:0 free: p1:250 p2:246 p3:559
 LIBERACAO ANT:805 FREE_PROCESS:2 bytes:2918568 alloc_cont:177905 free_cont:177100 diff:805 menor:12 maior:22 media:16 bytes:13176 fragInt:2156 fragExt:0 free: p1:228 p2:275 p3:530
 LIBERACAO ANT:805 FREE_PROCESS:3 bytes:2931700 alloc_cont:178710 free_cont:177905 diff:805 menor:12 maior:22 media:16 bytes:13132 fragInt:2200 fragExt:0 free: p1:248 p2:246 p3:559
 LIBERACAO ANT:805 FREE_PROCESS:2 bytes:2944840 alloc_cont:179515 free_cont:178710 diff:805 menor:12 maior:22 media:16 bytes:13140 fragInt:2192 fragExt:0 free: p1:242 p2:256 p3:549
 LIBERACAO ANT:805 FREE_PROCESS:2 bytes:2958112 alloc_cont:180320 free_cont:179515 diff:805 menor:12 maior:22 media:16 bytes:13272 fragInt:2060 fragExt:0 free: p1:223 p2:261 p3:544
 LIBERACAO ANT:805 FREE_PROCESS:3 bytes:2971300 alloc_cont:181125 free_cont:180320 diff:805 menor:12 maior:22 media:16 bytes:13188 fragInt:2144 fragExt:0 free: p1:245 p2:238 p3:567
 LIBERACAO ANT:805 FREE_PROCESS:2 bytes:2984280 alloc_cont:181930 free_cont:181125 diff:805 menor:12 maior:22 media:16 bytes:12980 fragInt:2352 fragExt:0 free: p1:273 p2:234 p3:571
 LIBERACAO ANT:805 FREE_PROCESS:3 bytes:2997576 alloc_cont:182735 free_cont:181930 diff:805 menor:12 maior:22 media:16 bytes:13296 fragInt:2036 fragExt:0 free: p1:239 p2:223 p3:582
 LIBERACAO ANT:805 FREE_PROCESS:3 bytes:3010852 alloc_cont:183540 free_cont:182735 diff:805 menor:12 maior:22 media:16 bytes:13276 fragInt:2056 fragExt:0 free: p1:238 p2:230 p3:575
 LIBERACAO ANT:805 FREE_PROCESS:2 bytes:3023996 alloc_cont:184345 free_cont:183540 diff:805 menor:12 maior:22 media:16 bytes:13144 fragInt:2188 fragExt:0 free: p1:250 p2:239 p3:566
 LIBERACAO ANT:805 FREE_PROCESS:2 bytes:3037144 alloc_cont:185150 free_cont:184345 diff:805 menor:12 maior:22 media:16 bytes:13148 fragInt:2184 fragExt:0 free: p1:244 p2:250 p3:555
 LIBERACAO ANT:805 FREE_PROCESS:3 bytes:3050284 alloc_cont:185955 free_cont:185150 diff:805 menor:12 maior:22 media:16 bytes:13140 fragInt:2192 fragExt:0 free: p1:241 p2:258 p3:547
 LIBERACAO ANT:805 FREE_PROCESS:1 bytes:3063316 alloc_cont:186760 free_cont:185955 diff:805 menor:12 maior:22 media:16 bytes:13032 fragInt:2300 fragExt:0 free: p1:262 p2:243 p3:562
 LIBERACAO ANT:805 FREE_PROCESS:3 bytes:3076452 alloc_cont:187565 free_cont:186760 diff:805 menor:12 maior:22 media:16 bytes:13136 fragInt:2196 fragExt:0 free: p1:252 p2:237 p3:568
 LIBERACAO ANT:805 FREE_PROCESS:2 bytes:3089652 alloc_cont:188370 free_cont:187565 diff:805 menor:12 maior:22 media:16 bytes:13200 fragInt:2132 fragExt:0 free: p1:237 p2:251 p3:554
 LIBERACAO ANT:805 FREE_PROCESS:1 bytes:3102876 alloc_cont:189175 free_cont:188370 diff:805 menor:12 maior:22 media:16 bytes:13224 fragInt:2108 fragExt:0 free: p1:243 p2:233 p3:572
 LIBERACAO ANT:805 FREE_PROCESS:3 bytes:3116276 alloc_cont:189980 free_cont:189175 diff:805 menor:12 maior:22 media:16 bytes:13400 fragInt:1932 fragExt:0 free: p1:209 p2:257 p3:548
 LIBERACAO ANT:805 FREE_PROCESS:1 bytes:3129480 alloc_cont:190785 free_cont:189980 diff:805 menor:12 maior:22 media:16 bytes:13204 fragInt:2128 fragExt:0 free: p1:239 p2:246 p3:559
 LIBERACAO ANT:805 FREE_PROCESS:3 bytes:3142812 alloc_cont:191590 free_cont:190785 diff:805 menor:12 maior:22 media:16 bytes:13332 fragInt:2000 fragExt:0 free: p1:228 p2:236 p3:569
 LIBERACAO ANT:805 FREE_PROCESS:1 bytes:3156080 alloc_cont:192395 free_cont:191590 diff:805 menor:12 maior:22 media:16 bytes:13268 fragInt:2064 fragExt:0 free: p1:229 p2:250 p3:555
 LIBERACAO ANT:805 FREE_PROCESS:1 bytes:3169448 alloc_cont:193200 free_cont:192395 diff:805 menor:12 maior:22 media:16 bytes:13368 fragInt:1964 fragExt:0 free: p1:223 p2:237 p3:568
 LIBERACAO ANT:805 FREE_PROCESS:3 bytes:3182784 alloc_cont:194005 free_cont:193200 diff:805 menor:12 maior:22 media:16 bytes:13336 fragInt:1996 fragExt:0 free: p1:229 p2:233 p3:572
 LIBERACAO ANT:805 FREE_PROCESS:3 bytes:3196008 alloc_cont:194810 free_cont:194005 diff:805 menor:12 maior:22 media:16 bytes:13224 fragInt:2108 fragExt:0 free: p1:243 p2:233 p3:572
 LIBERACAO ANT:805 FREE_PROCESS:2 bytes:3209172 alloc_cont:195615 free_cont:194810 diff:805 menor:12 maior:22 media:16 bytes:13164 fragInt:2168 fragExt:0 free: p1:249 p2:236 p3:569
 LIBERACAO ANT:805 FREE_PROCESS:1 bytes:3222364 alloc_cont:196420 free_cont:195615 diff:805 menor:12 maior:22 media:16 bytes:13192 fragInt:2140 fragExt:0 free: p1:233 p2:261 p3:544
 LIBERACAO ANT:805 FREE_PROCESS:1 bytes:3235552 alloc_cont:197225 free_cont:196420 diff:805 menor:12 maior:22 media:16 bytes:13188 fragInt:2144 fragExt:0 free: p1:232 p2:264 p3:541
 LIBERACAO ANT:805 FREE_PROCESS:3 bytes:3248736 alloc_cont:198030 free_cont:197225 diff:805 menor:12 maior:22 media:16 bytes:13184 fragInt:2148 fragExt:0 free: p1:253 p2:223 p3:582
 LIBERACAO ANT:805 FREE_PROCESS:2 bytes:3261992 alloc_cont:198835 free_cont:198030 diff:805 menor:12 maior:22 media:16 bytes:13256 fragInt:2076 fragExt:0 free: p1:233 p2:245 p3:560
 LIBERACAO ANT:805 FREE_PROCESS:2 bytes:3275132 alloc_cont:199640 free_cont:198835 diff:805 menor:12 maior:22 media:16 bytes:13140 fragInt:2192 fragExt:0 free: p1:250 p2:240 p3:565
 LIBERACAO ANT:805 FREE_PROCESS:3 bytes:3288276 alloc_cont:200445 free_cont:199640 diff:805 menor:12 maior:22 media:16 bytes:13144 fragInt:2188 fragExt:0 free: p1:262 p2:215 p3:590
 LIBERACAO ANT:805 FREE_PROCESS:1 bytes:3301440 alloc_cont:201250 free_cont:200445 diff:805 menor:12 maior:22 media:16 bytes:13164 fragInt:2168 fragExt:0 free: p1:246 p2:242 p3:563
 LIBERACAO ANT:805 FREE_PROCESS:1 bytes:3314684 alloc_cont:202055 free_cont:201250 diff:805 menor:12 maior:22 media:16 bytes:13244 fragInt:2088 fragExt:0 free: p1:238 p2:238 p3:567
 LIBERACAO ANT:805 FREE_PROCESS:2 bytes:3327792 alloc_cont:202860 free_cont:202055 diff:805 menor:12 maior:22 media:16 bytes:13108 fragInt:2224 fragExt:0 free: p1:253 p2:242 p3:563
 LIBERACAO ANT:805 FREE_PROCESS:3 bytes:3340956 alloc_cont:203665 free_cont:202860 diff:805 menor:12 maior:22 media:16 bytes:13164 fragInt:2168 fragExt:0 free: p1:245 p2:244 p3:561
 LIBERACAO ANT:805 FREE_PROCESS:1 bytes:3354084 alloc_cont:204470 free_cont:203665 diff:805 menor:12 maior:22 media:16 bytes:13128 fragInt:2204 fragExt:0 free: p1:255 p2:233 p3:572
 LIBERACAO ANT:805 FREE_PROCESS:1 bytes:3367384 alloc_cont:205275 free_cont:204470 diff:805 menor:12 maior:22 media:16 bytes:13300 fragInt:2032 fragExt:0 free: p1:240 p2:220 p3:585
 LIBERACAO ANT:805 FREE_PROCESS:3 bytes:3380756 alloc_cont:206080 free_cont:205275 diff:805 menor:12 maior:22 media:16 bytes:13372 fragInt:1960 fragExt:0 free: p1:218 p2:246 p3:559
 LIBERACAO ANT:805 FREE_PROCESS:1 bytes:3394140 alloc_cont:206885 free_cont:206080 diff:805 menor:12 maior:22 media:16 bytes:13384 fragInt:1948 fragExt:0 free: p1:219 p2:241 p3:564
 LIBERACAO ANT:805 FREE_PROCESS:2 bytes:3407260 alloc_cont:207690 free_cont:206885 diff:805 menor:12 maior:22 media:16 bytes:13120 fragInt:2212 fragExt:0 free: p1:251 p2:243 p3:562
 LIBERACAO ANT:805 FREE_PROCESS:1 bytes:3420488 alloc_cont:208495 free_cont:207690 diff:805 menor:12 maior:22 media:16 bytes:13228 fragInt:2104 fragExt:0 free: p1:233 p2:252 p3:553
 LIBERACAO ANT:805 FREE_PROCESS:3 bytes:3433736 alloc_cont:209300 free_cont:208495 diff:805 menor:12 maior:22 media:16 bytes:13248 fragInt:2084 fragExt:0 free: p1:230 p2:253 p3:552
 LIBERACAO ANT:805 FREE_PROCESS:2 bytes:3447104 alloc_cont:210105 free_cont:209300 diff:805 menor:12 maior:22 media:16 bytes:13368 fragInt:1964 fragExt:0 free: p1:212 p2:259 p3:546
 LIBERACAO ANT:805 FREE_PROCESS:1 bytes:3460272 alloc_cont:210910 free_cont:210105 diff:805 menor:12 maior:22 media:16 bytes:13168 fragInt:2164 fragExt:0 free: p1:236 p2:261 p3:544
 LIBERACAO ANT:805 FREE_PROCESS:3 bytes:3473496 alloc_cont:211715 free_cont:210910 diff:805 menor:12 maior:22 media:16 bytes:13224 fragInt:2108 fragExt:0 free: p1:239 p2:241 p3:564
 LIBERACAO ANT:805 FREE_PROCESS:3 bytes:3486688 alloc_cont:212520 free_cont:211715 diff:805 menor:12 maior:22 media:16 bytes:13192 fragInt:2140 fragExt:0 free: p1:236 p2:255 p3:550
 LIBERACAO ANT:805 FREE_PROCESS:1 bytes:3499976 alloc_cont:213325 free_cont:212520 diff:805 menor:12 maior:22 media:16 bytes:13288 fragInt:2044 fragExt:0 free: p1:224 p2:255 p3:550
 LIBERACAO ANT:805 FREE_PROCESS:2 bytes:3513064 alloc_cont:214130 free_cont:213325 diff:805 menor:12 maior:22 media:16 bytes:13088 fragInt:2244 fragExt:0 free: p1:251 p2:251 p3:554
 LIBERACAO ANT:805 FREE_PROCESS:3 bytes:3526308 alloc_cont:214935 free_cont:214130 diff:805 menor:12 maior:22 media:16 bytes:13244 fragInt:2088 fragExt:0 free: p1:244 p2:226 p3:579
 LIBERACAO ANT:805 FREE_PROCESS:1 bytes:3539572 alloc_cont:215740 free_cont:214935 diff:805 menor:12 maior:22 media:16 bytes:13264 fragInt:2068 fragExt:0 free: p1:234 p2:241 p3:564
 LIBERACAO ANT:805 FREE_PROCESS:2 bytes:3552988 alloc_cont:216545 free_cont:215740 diff:805 menor:12 maior:22 media:16 bytes:13416 fragInt:1916 fragExt:0 free: p1:211 p2:249 p3:556
 LIBERACAO ANT:805 FREE_PROCESS:3 bytes:3566124 alloc_cont:217350 free_cont:216545 diff:805 menor:12 maior:22 media:16 bytes:13136 fragInt:2196 fragExt:0 free: p1:251 p2:239 p3:566
 LIBERACAO ANT:805 FREE_PROCESS:3 bytes:3579308 alloc_cont:218155 free_cont:217350 diff:805 menor:12 maior:22 media:16 bytes:13184 fragInt:2148 fragExt:0 free: p1:250 p2:229 p3:576
 LIBERACAO ANT:805 FREE_PROCESS:1 bytes:3592448 alloc_cont:218960 free_cont:218155 diff:805 menor:12 maior:22 media:16 bytes:13140 fragInt:2192 fragExt:0 free: p1:249 p2:242 p3:563
 LIBERACAO ANT:805 FREE_PROCESS:2 bytes:3605696 alloc_cont:219765 free_cont:218960 diff:805 menor:12 maior:22 media:16 bytes:13248 fragInt:2084 fragExt:0 free: p1:243 p2:227 p3:578
 LIBERACAO ANT:805 FREE_PROCESS:2 bytes:3618948 alloc_cont:220570 free_cont:219765 diff:805 menor:12 maior:22 media:16 bytes:13252 fragInt:2080 fragExt:0 free: p1:225 p2:262 p3:543
 LIBERACAO ANT:805 FREE_PROCESS:3 bytes:3632152 alloc_cont:221375 free_cont:220570 diff:805 menor:12 maior:22 media:16 bytes:13204 fragInt:2128 fragExt:0 free: p1:241 p2:242 p3:563
 LIBERACAO ANT:805 FREE_PROCESS:3 bytes:3645256 alloc_cont:222180 free_cont:221375 diff:805 menor:12 maior:22 media:16 bytes:13104 fragInt:2228 fragExt:0 free: p1:248 p2:253 p3:552
 LIBERACAO ANT:805 FREE_PROCESS:1 bytes:3658348 alloc_cont:222985 free_cont:222180 diff:805 menor:12 maior:22 media:16 bytes:13092 fragInt:2240 fragExt:0 free: p1:243 p2:266 p3:539
 LIBERACAO ANT:805 FREE_PROCESS:1 bytes:3671560 alloc_cont:223790 free_cont:222985 diff:805 menor:12 maior:22 media:16 bytes:13212 fragInt:2120 fragExt:0 free: p1:235 p2:252 p3:553
 LIBERACAO ANT:805 FREE_PROCESS:3 bytes:3684836 alloc_cont:224595 free_cont:223790 diff:805 menor:12 maior:22 media:16 bytes:13276 fragInt:2056 fragExt:0 free: p1:239 p2:228 p3:577
 LIBERACAO ANT:805 FREE_PROCESS:2 bytes:3697880 alloc_cont:225400 free_cont:224595 diff:805 menor:12 maior:22 media:16 bytes:13044 fragInt:2288 fragExt:0 free: p1:256 p2:252 p3:553
 LIBERACAO ANT:805 FREE_PROCESS:1 bytes:3711124 alloc_cont:226205 free_cont:225400 diff:805 menor:12 maior:22 media:16 bytes:13244 fragInt:2088 fragExt:0 free: p1:242 p2:230 p3:575
 LIBERACAO ANT:805 FREE_PROCESS:3 bytes:3724376 alloc_cont:227010 free_cont:226205 diff:805 menor:12 maior:22 media:16 bytes:13252 fragInt:2080 fragExt:0 free: p1:229 p2:254 p3:551
 LIBERACAO ANT:805 FREE_PROCESS:1 bytes:3737508 alloc_cont:227815 free_cont:227010 diff:805 menor:12 maior:22 media:16 bytes:13132 fragInt:2200 fragExt:0 free: p1:257 p2:228 p3:577
 LIBERACAO ANT:805 FREE_PROCESS:3 bytes:3750696 alloc_cont:228620 free_cont:227815 diff:805 menor:12 maior:22 media:16 bytes:13188 fragInt:2144 fragExt:0 free: p1:235 p2:258 p3:547
 LIBERACAO ANT:805 FREE_PROCESS:1 bytes:3763924 alloc_cont:229425 free_cont:228620 diff:805 menor:12 maior:22 media:16 bytes:13228 fragInt:2104 fragExt:0 free: p1:250 p2:218 p3:587
 LIBERACAO ANT:805 FREE_PROCESS:1 bytes:3777152 alloc_cont:230230 free_cont:229425 diff:805 menor:12 maior:22 media:16 bytes:13228 fragInt:2104 fragExt:0 free: p1:255 p2:208 p3:597
 LIBERACAO ANT:805 FREE_PROCESS:2 bytes:3790444 alloc_cont:231035 free_cont:230230 diff:805 menor:12 maior:22 media:16 bytes:13292 fragInt:2040 fragExt:0 free: p1:249 p2:204 p3:601
 LIBERACAO ANT:805 FREE_PROCESS:2 bytes:3803632 alloc_cont:231840 free_cont:231035 diff:805 menor:12 maior:22 media:16 bytes:13188 fragInt:2144 fragExt:0 free: p1:247 p2:234 p3:571
 LIBERACAO ANT:805 FREE_PROCESS:1 bytes:3816996 alloc_cont:232645 free_cont:231840 diff:805 menor:12 maior:22 media:16 bytes:13364 fragInt:1968 fragExt:0 free: p1:216 p2:252 p3:553
 LIBERACAO ANT:805 FREE_PROCESS:1 bytes:3830248 alloc_cont:233450 free_cont:232645 diff:805 menor:12 maior:22 media:16 bytes:13252 fragInt:2080 fragExt:0 free: p1:234 p2:244 p3:561
 LIBERACAO ANT:805 FREE_PROCESS:2 bytes:3843324 alloc_cont:234255 free_cont:233450 diff:805 menor:12 maior:22 media:16 bytes:13076 fragInt:2256 fragExt:0 free: p1:248 p2:260 p3:545
 LIBERACAO ANT:805 FREE_PROCESS:1 bytes:3856604 alloc_cont:235060 free_cont:234255 diff:805 menor:12 maior:22 media:16 bytes:13280 fragInt:2052 fragExt:0 free: p1:234 p2:237 p3:568
 LIBERACAO ANT:805 FREE_PROCESS:1 bytes:3869872 alloc_cont:235865 free_cont:235060 diff:805 menor:12 maior:22 media:16 bytes:13268 fragInt:2064 fragExt:0 free: p1:228 p2:252 p3:553
 LIBERACAO ANT:805 FREE_PROCESS:3 bytes:3882976 alloc_cont:236670 free_cont:235865 diff:805 menor:12 maior:22 media:16 bytes:13104 fragInt:2228 fragExt:0 free: p1:252 p2:245 p3:560
 LIBERACAO ANT:805 FREE_PROCESS:3 bytes:3896272 alloc_cont:237475 free_cont:236670 diff:805 menor:12 maior:22 media:16 bytes:13296 fragInt:2036 fragExt:0 free: p1:233 p2:235 p3:570
 LIBERACAO ANT:805 FREE_PROCESS:1 bytes:3909332 alloc_cont:238280 free_cont:237475 diff:805 menor:12 maior:22 media:16 bytes:13060 fragInt:2272 fragExt:0 free: p1:258 p2:244 p3:561
 LIBERACAO ANT:805 FREE_PROCESS:3 bytes:3922488 alloc_cont:239085 free_cont:238280 diff:805 menor:12 maior:22 media:16 bytes:13156 fragInt:2176 fragExt:0 free: p1:254 p2:228 p3:577
 LIBERACAO ANT:805 FREE_PROCESS:1 bytes:3935672 alloc_cont:239890 free_cont:239085 diff:805 menor:12 maior:22 media:16 bytes:13184 fragInt:2148 fragExt:0 free: p1:243 p2:243 p3:562
 LIBERACAO ANT:805 FREE_PROCESS:3 bytes:3948820 alloc_cont:240695 free_cont:239890 diff:805 menor:12 maior:22 media:16 bytes:13148 fragInt:2184 fragExt:0 free: p1:250 p2:238 p3:567
 LIBERACAO ANT:805 FREE_PROCESS:1 bytes:3961948 alloc_cont:241500 free_cont:240695 diff:805 menor:12 maior:22 media:16 bytes:13128 fragInt:2204 fragExt:0 free: p1:243 p2:257 p3:548
 LIBERACAO ANT:805 FREE_PROCESS:3 bytes:3975104 alloc_cont:242305 free_cont:241500 diff:805 menor:12 maior:22 media:16 bytes:13156 fragInt:2176 fragExt:0 free: p1:249 p2:238 p3:567
 LIBERACAO ANT:805 FREE_PROCESS:2 bytes:3988148 alloc_cont:243110 free_cont:242305 diff:805 menor:12 maior:22 media:16 bytes:13044 fragInt:2288 fragExt:0 free: p1:262 p2:240 p3:565
 LIBERACAO ANT:805 FREE_PROCESS:2 bytes:4001448 alloc_cont:243915 free_cont:243110 diff:805 menor:12 maior:22 media:16 bytes:13300 fragInt:2032 fragExt:0 free: p1:230 p2:240 p3:565
 LIBERACAO ANT:805 FREE_PROCESS:1 bytes:4014592 alloc_cont:244720 free_cont:243915 diff:805 menor:12 maior:22 media:16 bytes:13144 fragInt:2188 fragExt:0 free: p1:252 p2:235 p3:570
 LIBERACAO ANT:805 FREE_PROCESS:2 bytes:4027620 alloc_cont:245525 free_cont:244720 diff:805 menor:12 maior:22 media:16 bytes:13028 fragInt:2304 fragExt:0 free: p1:265 p2:238 p3:567
 LIBERACAO ANT:805 FREE_PROCESS:3 bytes:4040824 alloc_cont:246330 free_cont:245525 diff:805 menor:12 maior:22 media:16 bytes:13204 fragInt:2128 fragExt:0 free: p1:233 p2:258 p3:547
 LIBERACAO ANT:805 FREE_PROCESS:3 bytes:4053668 alloc_cont:247135 free_cont:246330 diff:805 menor:12 maior:22 media:16 bytes:12844 fragInt:2488 fragExt:0 free: p1:289 p2:236 p3:569
 LIBERACAO ANT:805 FREE_PROCESS:3 bytes:4066880 alloc_cont:247940 free_cont:247135 diff:805 menor:12 maior:22 media:16 bytes:13212 fragInt:2120 fragExt:0 free: p1:236 p2:250 p3:555
 LIBERACAO ANT:805 FREE_PROCESS:1 bytes:4079976 alloc_cont:248745 free_cont:247940 diff:805 menor:12 maior:22 media:16 bytes:13096 fragInt:2236 fragExt:0 free: p1:251 p2:249 p3:556
 LIBERACAO ANT:805 FREE_PROCESS:2 bytes:4093268 alloc_cont:249550 free_cont:248745 diff:805 menor:12 maior:22 media:16 bytes:13292 fragInt:2040 fragExt:0 free: p1:225 p2:252 p3:553
 LIBERACAO ANT:805 FREE_PROCESS:2 bytes:4106704 alloc_cont:250355 free_cont:249550 diff:805 menor:12 maior:22 media:16 bytes:13436 fragInt:1896 fragExt:0 free: p1:225 p2:216 p3:589
 LIBERACAO ANT:805 FREE_PROCESS:3 bytes:4119844 alloc_cont:251160 free_cont:250355 diff:805 menor:12 maior:22 media:16 bytes:13140 fragInt:2192 fragExt:0 free: p1:254 p2:232 p3:573
 LIBERACAO ANT:805 FREE_PROCESS:1 bytes:4133056 alloc_cont:251965 free_cont:251160 diff:805 menor:12 maior:22 media:16 bytes:13212 fragInt:2120 fragExt:0 free: p1:237 p2:248 p3:557
 LIBERACAO ANT:805 FREE_PROCESS:3 bytes:4146216 alloc_cont:252770 free_cont:251965 diff:805 menor:12 maior:22 media:16 bytes:13160 fragInt:2172 fragExt:0 free: p1:239 p2:257 p3:548
 LIBERACAO ANT:805 FREE_PROCESS:1 bytes:4159320 alloc_cont:253575 free_cont:252770 diff:805 menor:12 maior:22 media:16 bytes:13104 fragInt:2228 fragExt:0 free: p1:254 p2:241 p3:564
 LIBERACAO ANT:805 FREE_PROCESS:1 bytes:4172516 alloc_cont:254380 free_cont:253575 diff:805 menor:12 maior:22 media:16 bytes:13196 fragInt:2136 fragExt:0 free: p1:242 p2:242 p3:563
 LIBERACAO ANT:805 FREE_PROCESS:1 bytes:4185708 alloc_cont:255185 free_cont:254380 diff:805 menor:12 maior:22 media:16 bytes:13192 fragInt:2140 fragExt:0 free: p1:243 p2:241 p3:564
 LIBERACAO ANT:805 FREE_PROCESS:3 bytes:4198824 alloc_cont:255990 free_cont:255185 diff:805 menor:12 maior:22 media:16 bytes:13116 fragInt:2216 fragExt:0 free: p1:256 p2:234 p3:571
 LIBERACAO ANT:805 FREE_PROCESS:3 bytes:4211888 alloc_cont:256795 free_cont:255990 diff:805 menor:12 maior:22 media:16 bytes:13064 fragInt:2268 fragExt:0 free: p1:255 p2:249 p3:556
 LIBERACAO ANT:805 FREE_PROCESS:3 bytes:4225088 alloc_cont:257600 free_cont:256795 diff:805 menor:12 maior:22 media:16 bytes:13200 fragInt:2132 fragExt:0 free: p1:234 p2:257 p3:548
 LIBERACAO ANT:805 FREE_PROCESS:1 bytes:4238256 alloc_cont:258405 free_cont:257600 diff:805 menor:12 maior:22 media:16 bytes:13168 fragInt:2164 fragExt:0 free: p1:248 p2:237 p3:568
 LIBERACAO ANT:805 FREE_PROCESS:2 bytes:4251308 alloc_cont:259210 free_cont:258405 diff:805 menor:12 maior:22 media:16 bytes:13052 fragInt:2280 fragExt:0 free: p1:258 p2:246 p3:559
 LIBERACAO ANT:805 FREE_PROCESS:3 bytes:4264344 alloc_cont:260015 free_cont:259210 diff:805 menor:12 maior:22 media:16 bytes:13036 fragInt:2296 fragExt:0 free: p1:257 p2:252 p3:553
 LIBERACAO ANT:805 FREE_PROCESS:3 bytes:4277484 alloc_cont:260820 free_cont:260015 diff:805 menor:12 maior:22 media:16 bytes:13140 fragInt:2192 fragExt:0 free: p1:250 p2:240 p3:565
 LIBERACAO ANT:805 FREE_PROCESS:2 bytes:4290796 alloc_cont:261625 free_cont:260820 diff:805 menor:12 maior:22 media:16 bytes:13312 fragInt:2020 fragExt:0 free: p1:226 p2:245 p3:560
 LIBERACAO ANT:805 FREE_PROCESS:1 bytes:4304132 alloc_cont:262430 free_cont:261625 diff:805 menor:12 maior:22 media:16 bytes:13336 fragInt:1996 fragExt:0 free: p1:225 p2:241 p3:564
 LIBERACAO ANT:805 FREE_PROCESS:2 bytes:4317332 alloc_cont:263235 free_cont:262430 diff:805 menor:12 maior:22 media:16 bytes:13200 fragInt:2132 fragExt:0 free: p1:235 p2:255 p3:550
 LIBERACAO ANT:805 FREE_PROCESS:1 bytes:4330576 alloc_cont:264040 free_cont:263235 diff:805 menor:12 maior:22 media:16 bytes:13244 fragInt:2088 fragExt:0 free: p1:236 p2:242 p3:563
 LIBERACAO ANT:805 FREE_PROCESS:3 bytes:4343968 alloc_cont:264845 free_cont:264040 diff:805 menor:12 maior:22 media:16 bytes:13392 fragInt:1940 fragExt:0 free: p1:231 p2:215 p3:590
 LIBERACAO ANT:805 FREE_PROCESS:2 bytes:4357144 alloc_cont:265650 free_cont:264845 diff:805 menor:12 maior:22 media:16 bytes:13176 fragInt:2156 fragExt:0 free: p1:247 p2:237 p3:568
 LIBERACAO ANT:805 FREE_PROCESS:1 bytes:4370264 alloc_cont:266455 free_cont:265650 diff:805 menor:12 maior:22 media:16 bytes:13120 fragInt:2212 fragExt:0 free: p1:249 p2:247 p3:558
 LIBERACAO ANT:805 FREE_PROCESS:2 bytes:4383504 alloc_cont:267260 free_cont:266455 diff:805 menor:12 maior:22 media:16 bytes:13240 fragInt:2092 fragExt:0 free: p1:239 p2:237 p3:568
 LIBERACAO ANT:805 FREE_PROCESS:2 bytes:4396600 alloc_cont:268065 free_cont:267260 diff:805 menor:12 maior:22 media:16 bytes:13096 fragInt:2236 fragExt:0 free: p1:252 p2:247 p3:558
 LIBERACAO ANT:805 FREE_PROCESS:1 bytes:4409676 alloc_cont:268870 free_cont:268065 diff:805 menor:12 maior:22 media:16 bytes:13076 fragInt:2256 fragExt:0 free: p1:257 p2:242 p3:563
 LIBERACAO ANT:805 FREE_PROCESS:3 bytes:4422900 alloc_cont:269675 free_cont:268870 diff:805 menor:12 maior:22 media:16 bytes:13224 fragInt:2108 fragExt:0 free: p1:238 p2:243 p3:562
 LIBERACAO ANT:805 FREE_PROCESS:2 bytes:4436176 alloc_cont:270480 free_cont:269675 diff:805 menor:12 maior:22 media:16 bytes:13276 fragInt:2056 fragExt:0 free: p1:230 p2:246 p3:559
 LIBERACAO ANT:805 FREE_PROCESS:3 bytes:4449528 alloc_cont:271285 free_cont:270480 diff:805 menor:12 maior:22 media:16 bytes:13352 fragInt:1980 fragExt:0 free: p1:222 p2:243 p3:562
 LIBERACAO ANT:805 FREE_PROCESS:1 bytes:4462780 alloc_cont:272090 free_cont:271285 diff:805 menor:12 maior:22 media:16 bytes:13252 fragInt:2080 fragExt:0 free: p1:237 p2:238 p3:567
 LIBERACAO ANT:805 FREE_PROCESS:2 bytes:4475996 alloc_cont:272895 free_cont:272090 diff:805 menor:12 maior:22 media:16 bytes:13216 fragInt:2116 fragExt:0 free: p1:236 p2:249 p3:556
 LIBERACAO ANT:805 FREE_PROCESS:3 bytes:4489356 alloc_cont:273700 free_cont:272895 diff:805 menor:12 maior:22 media:16 bytes:13360 fragInt:1972 fragExt:0 free: p1:214 p2:257 p3:548
 LIBERACAO ANT:805 FREE_PROCESS:2 bytes:4502528 alloc_cont:274505 free_cont:273700 diff:805 menor:12 maior:22 media:16 bytes:13172 fragInt:2160 fragExt:0 free: p1:239 p2:254 p3:551
 LIBERACAO ANT:805 FREE_PROCESS:3 bytes:4515724 alloc_cont:275310 free_cont:274505 diff:805 menor:12 maior:22 media:16 bytes:13196 fragInt:2136 fragExt:0 free: p1:252 p2:222 p3:583
 LIBERACAO ANT:805 FREE_PROCESS:1 bytes:4528900 alloc_cont:276115 free_cont:275310 diff:805 menor:12 maior:22 media:16 bytes:13176 fragInt:2156 fragExt:0 free: p1:245 p2:241 p3:564
 LIBERACAO ANT:805 FREE_PROCESS:1 bytes:4542224 alloc_cont:276920 free_cont:276115 diff:805 menor:12 maior:22 media:16 bytes:13324 fragInt:2008 fragExt:0 free: p1:227 p2:240 p3:565
 LIBERACAO ANT:805 FREE_PROCESS:3 bytes:4555460 alloc_cont:277725 free_cont:276920 diff:805 menor:12 maior:22 media:16 bytes:13236 fragInt:2096 fragExt:0 free: p1:246 p2:224 p3:581
 LIBERACAO ANT:805 FREE_PROCESS:3 bytes:4568592 alloc_cont:278530 free_cont:277725 diff:805 menor:12 maior:22 media:16 bytes:13132 fragInt:2200 fragExt:0 free: p1:250 p2:242 p3:563
 LIBERACAO ANT:805 FREE_PROCESS:3 bytes:4581812 alloc_cont:279335 free_cont:278530 diff:805 menor:12 maior:22 media:16 bytes:13220 fragInt:2112 fragExt:0 free: p1:238 p2:244 p3:561
 LIBERACAO ANT:805 FREE_PROCESS:2 bytes:4595068 alloc_cont:280140 free_cont:279335 diff:805 menor:12 maior:22 media:16 bytes:13256 fragInt:2076 fragExt:0 free: p1:245 p2:221 p3:584
 LIBERACAO ANT:805 FREE_PROCESS:3 bytes:4608320 alloc_cont:280945 free_cont:280140 diff:805 menor:12 maior:22 media:16 bytes:13252 fragInt:2080 fragExt:0 free: p1:230 p2:252 p3:553
 LIBERACAO ANT:805 FREE_PROCESS:3 bytes:4621440 alloc_cont:281750 free_cont:280945 diff:805 menor:12 maior:22 media:16 bytes:13120 fragInt:2212 fragExt:0 free: p1:261 p2:223 p3:582
 LIBERACAO ANT:805 FREE_PROCESS:1 bytes]0;max@Ubuntu-Max: ~/NKE/NKE0.8a/Placa[01;32mmax@Ubuntu-Max[00m:[01;34m~/NKE/NKE0.8a/Placa[00m$ ^C
]0;max@Ubuntu-Max: ~/NKE/NKE0.8a/Placa[01;32mmax@Ubuntu-Max[00m:[01;34m~/NKE/NKE0.8a/Placa[00m$ exit
exit

Script done on Seg 04 Jun 2018 00:03:09 -03
